#CLI: Come get some app!m1(212, 86, 98, 26, 148)!
-76, 212, 86, 98, 26, 148,
#CLI: Come get some app!m2(212, 86, 98)!
-75, 212, 86, 98,
#APP: Ooh, I needed that app?m1(212, 86, 98, 26, 148)!
#APP: Ooh, I needed that app?m2(212, 86, 98)!
#APP: Come get some app!m3(212)!
-74, 212,
#CLI: Ooh, I needed that app?m3(212)!
#CLI: We meet again, Doctor Jones!
#CLI: Come get some app!m1(212, 86, 59, 89, 249)!
-76, 212, 86, 59, 89, 249,
#CLI: Come get some app!m2(212, 86, 59)!
-75, 212, 86, 59,
#APP: Ooh, I needed that app?m1(212, 86, 59, 89, 249)!
#APP: Ooh, I needed that app?m2(212, 86, 59)!
#APP: Come get some app!m3(212)!
-74, 212,
#CLI: Ooh, I needed that app?m3(212)!
#CLI: We meet again, Doctor Jones!
#CLI: Come get some app!m1(212, 86, 175, 16, 76)!
-76, 212, 86, 175, 16, 76,
#CLI: Come get some app!m2(212, 86, 175)!
-75, 212, 86, 175,
#APP: Ooh, I needed that app?m1(212, 86, 175, 16, 76)!
#APP: Ooh, I needed that app?m2(212, 86, 175)!
#APP: Come get some app!m3(212)!
-74, 212,
#CLI: Ooh, I needed that app?m3(212)!
#CLI: We meet again, Doctor Jones!
#CLI: Come get some app!m1(212, 86, 58, 10, 36)!
-76, 212, 86, 58, 10, 36,
#CLI: Come get some app!m2(212, 86, 58)!
-75, 212, 86, 58,
#APP: Ooh, I needed that app?m1(212, 86, 58, 10, 36)!
#APP: Ooh, I needed that app?m2(212, 86, 58)!
#APP: Come get some app!m3(212)!
-74, 212,
#CLI: Ooh, I needed that app?m3(212)!
#CLI: We meet again, Doctor Jones!
#CLI: Come get some app!m1(212, 86, 186, 100, 228)!
-76, 212, 86, 186, 100, 228,
#CLI: Come get some app!m2(212, 86, 186)!
-75, 212, 86, 186,
#APP: Ooh, I needed that app?m1(212, 86, 186, 100, 228)!
#APP: Ooh, I needed that app?m2(212, 86, 186)!
#APP: Come get some app!m3(212)!
-74, 212,
#CLI: Ooh, I needed that app?m3(212)!
#CLI: We meet again, Doctor Jones!
#CLI: Come get some app!m1(212, 86, 222, 19, 168)!
-76, 212, 86, 222, 19, 168,
#CLI: Come get some app!m2(212, 86, 222)!
-75, 212, 86, 222,
#APP: Ooh, I needed that app?m1(212, 86, 222, 19, 168)!
#APP: Ooh, I needed that app?m2(212, 86, 222)!
#APP: Come get some app!m3(212)!
-74, 212,
#CLI: Ooh, I needed that app?m3(212)!
#CLI: We meet again, Doctor Jones!
#CLI: Come get some app!m1(212, 86, 26, 116, 51)!
-76, 212, 86, 26, 116, 51,
#CLI: Come get some app!m2(212, 86, 26)!
-75, 212, 86, 26,
#APP: Ooh, I needed that app?m1(212, 86, 26, 116, 51)!
#APP: Ooh, I needed that app?m2(212, 86, 26)!
#APP: Come get some app!m3(212)!
-74, 212,
#CLI: Ooh, I needed that app?m3(212)!
#CLI: We meet again, Doctor Jones!
#CLI: Come get some app!m1(212, 86, 6, 33, 234)!
-76, 212, 86, 6, 33, 234,
#CLI: Come get some app!m2(212, 86, 6)!
-75, 212, 86, 6,
#APP: Ooh, I needed that app?m1(212, 86, 6, 33, 234)!
#APP: Ooh, I needed that app?m2(212, 86, 6)!
#APP: Come get some app!m3(212)!
-74, 212,
#CLI: Ooh, I needed that app?m3(212)!
#CLI: We meet again, Doctor Jones!
#CLI: Come get some app!m1(212, 86, 214, 218, 203)!
-76, 212, 86, 214, 218, 203,
#CLI: Come get some app!m2(212, 86, 214)!
-75, 212, 86, 214,
#APP: Ooh, I needed that app?m1(212, 86, 214, 218, 203)!
#APP: Ooh, I needed that app?m2(212, 86, 214)!
#APP: Come get some app!m3(212)!
-74, 212,
#CLI: Ooh, I needed that app?m3(212)!
#CLI: We meet again, Doctor Jones!
#CLI: Come get some app!m1(212, 86, 185, 224, 160)!
-76, 212, 86, 185, 224, 160,
#CLI: Come get some app!m2(212, 86, 185)!
-75, 212, 86, 185,
#APP: Ooh, I needed that app?m1(212, 86, 185, 224, 160)!
#APP: Ooh, I needed that app?m2(212, 86, 185)!
#APP: Come get some app!m3(212)!
-74, 212,
#CLI: Ooh, I needed that app?m3(212)!
#CLI: We meet again, Doctor Jones!
#CLI: Come get some app!m1(212, 86, 99, 242, 127)!
-76, 212, 86, 99, 242, 127,
#CLI: Come get some app!m2(212, 86, 99)!
-75, 212, 86, 99,
#APP: Ooh, I needed that app?m1(212, 86, 99, 242, 127)!
#APP: Ooh, I needed that app?m2(212, 86, 99)!
#APP: Come get some app!m3(212)!
-74, 212,
#CLI: Ooh, I needed that app?m3(212)!
#CLI: We meet again, Doctor Jones!
#CLI: Come get some app!m1(212, 86, 143, 44, 193)!
-76, 212, 86, 143, 44, 193,
#CLI: Come get some app!m2(212, 86, 143)!
-75, 212, 86, 143,
#APP: Ooh, I needed that app?m1(212, 86, 143, 44, 193)!
#APP: Ooh, I needed that app?m2(212, 86, 143)!
#APP: Come get some app!m3(212)!
-74, 212,
#CLI: Ooh, I needed that app?m3(212)!
#CLI: We meet again, Doctor Jones!
#CLI: Come get some app!m1(212, 86, 151, 172, 220)!
-76, 212, 86, 151, 172, 220,
#CLI: Come get some app!m2(212, 86, 151)!
-75, 212, 86, 151,
#APP: Ooh, I needed that app?m1(212, 86, 151, 172, 220)!
#APP: Ooh, I needed that app?m2(212, 86, 151)!
#APP: Come get some app!m3(212)!
-74, 212,
#CLI: Ooh, I needed that app?m3(212)!
#CLI: We meet again, Doctor Jones!
#CLI: Come get some app!m1(212, 86, 114, 132, 72)!
-76, 212, 86, 114, 132, 72,
#CLI: Come get some app!m2(212, 86, 114)!
-75, 212, 86, 114,
#APP: Ooh, I needed that app?m1(212, 86, 114, 132, 72)!
#APP: Ooh, I needed that app?m2(212, 86, 114)!
#APP: Come get some app!m3(212)!
-74, 212,
#CLI: Ooh, I needed that app?m3(212)!
#CLI: We meet again, Doctor Jones!
#CLI: Come get some app!m1(212, 86, 250, 159, 27)!
-76, 212, 86, 250, 159, 27,
#CLI: Come get some app!m2(212, 86, 250)!
-75, 212, 86, 250,
#APP: Ooh, I needed that app?m1(212, 86, 250, 159, 27)!
#APP: Ooh, I needed that app?m2(212, 86, 250)!
#APP: Come get some app!m3(212)!
-74, 212,
#CLI: Ooh, I needed that app?m3(212)!
#CLI: We meet again, Doctor Jones!
#CLI: Come get some app!m1(212, 86, 175, 146, 219)!
-76, 212, 86, 175, 146, 219,
#CLI: Come get some app!m2(212, 86, 175)!
-75, 212, 86, 175,
#APP: Ooh, I needed that app?m1(212, 86, 175, 146, 219)!
#APP: Ooh, I needed that app?m2(212, 86, 175)!
#APP: Come get some app!m3(212)!
-74, 212,
#CLI: Ooh, I needed that app?m3(212)!
#CLI: We meet again, Doctor Jones!
#CLI: Come get some app!m1(212, 86, 137, 141, 180)!
-76, 212, 86, 137, 141, 180,
#CLI: Come get some app!m2(212, 86, 137)!
-75, 212, 86, 137,
#APP: Ooh, I needed that app?m1(212, 86, 137, 141, 180)!
#APP: Ooh, I needed that app?m2(212, 86, 137)!
#APP: Come get some app!m3(212)!
-74, 212,
#CLI: Ooh, I needed that app?m3(212)!
#CLI: We meet again, Doctor Jones!
#CLI: Come get some app!m1(212, 86, 195, 147, 49)!
-76, 212, 86, 195, 147, 49,
#CLI: Come get some app!m2(212, 86, 195)!
-75, 212, 86, 195,
#APP: Ooh, I needed that app?m1(212, 86, 195, 147, 49)!
#APP: Ooh, I needed that app?m2(212, 86, 195)!
#APP: Come get some app!m3(212)!
-74, 212,
#CLI: Ooh, I needed that app?m3(212)!
#CLI: We meet again, Doctor Jones!
#CLI: Come get some app!m1(212, 86, 255, 180, 129)!
-76, 212, 86, 255, 180, 129,
#CLI: Come get some app!m2(212, 86, 255)!
-75, 212, 86, 255,
#APP: Ooh, I needed that app?m1(212, 86, 255, 180, 129)!
#APP: Ooh, I needed that app?m2(212, 86, 255)!
#APP: Come get some app!m3(212)!
-74, 212,
#CLI: Ooh, I needed that app?m3(212)!
#CLI: We meet again, Doctor Jones!
#CLI: Come get some app!m1(212, 86, 91, 164, 170)!
-76, 212, 86, 91, 164, 170,
#CLI: Come get some app!m2(212, 86, 91)!
-75, 212, 86, 91,
#APP: Ooh, I needed that app?m1(212, 86, 91, 164, 170)!
#APP: Ooh, I needed that app?m2(212, 86, 91)!
#APP: Come get some app!m3(212)!
-74, 212,
#CLI: Ooh, I needed that app?m3(212)!
#CLI: We meet again, Doctor Jones!
#CLI: Come get some app!m1(212, 86, 245, 82, 121)!
-76, 212, 86, 245, 82, 121,
#CLI: Come get some app!m2(212, 86, 245)!
-75, 212, 86, 245,
#APP: Ooh, I needed that app?m1(212, 86, 245, 82, 121)!
#APP: Ooh, I needed that app?m2(212, 86, 245)!
#APP: Come get some app!m3(212)!
-74, 212,
#CLI: Ooh, I needed that app?m3(212)!
#CLI: We meet again, Doctor Jones!
#CLI: Come get some app!m1(212, 86, 120, 70, 219)!
-76, 212, 86, 120, 70, 219,
#CLI: Come get some app!m2(212, 86, 120)!
-75, 212, 86, 120,
#APP: Ooh, I needed that app?m1(212, 86, 120, 70, 219)!
#APP: Ooh, I needed that app?m2(212, 86, 120)!
#APP: Come get some app!m3(212)!
-74, 212,
#CLI: Ooh, I needed that app?m3(212)!
#CLI: We meet again, Doctor Jones!
#CLI: Come get some app!m1(212, 86, 45, 253, 190)!
-76, 212, 86, 45, 253, 190,
#CLI: Come get some app!m2(212, 86, 45)!
-75, 212, 86, 45,
#APP: Ooh, I needed that app?m1(212, 86, 45, 253, 190)!
#APP: Ooh, I needed that app?m2(212, 86, 45)!
#APP: Come get some app!m3(212)!
-74, 212,
#CLI: Ooh, I needed that app?m3(212)!
#CLI: We meet again, Doctor Jones!
#CLI: Come get some app!m1(212, 86, 132, 66, 101)!
-76, 212, 86, 132, 66, 101,
#CLI: Come get some app!m2(212, 86, 132)!
-75, 212, 86, 132,
#APP: Ooh, I needed that app?m1(212, 86, 132, 66, 101)!
#APP: Ooh, I needed that app?m2(212, 86, 132)!
#APP: Come get some app!m3(212)!
-74, 212,
#CLI: Ooh, I needed that app?m3(212)!
#CLI: We meet again, Doctor Jones!
#CLI: Come get some app!m1(212, 86, 17, 65, 107)!
-76, 212, 86, 17, 65, 107,
#CLI: Come get some app!m2(212, 86, 17)!
-75, 212, 86, 17,
#APP: Ooh, I needed that app?m1(212, 86, 17, 65, 107)!
#APP: Ooh, I needed that app?m2(212, 86, 17)!
#APP: Come get some app!m3(212)!
-74, 212,
#CLI: Ooh, I needed that app?m3(212)!
#CLI: We meet again, Doctor Jones!
#CLI: Come get some app!m1(212, 86, 16, 121, 163)!
-76, 212, 86, 16, 121, 163,
#CLI: Come get some app!m2(212, 86, 16)!
-75, 212, 86, 16,
#APP: Ooh, I needed that app?m1(212, 86, 16, 121, 163)!
#APP: Ooh, I needed that app?m2(212, 86, 16)!
#APP: Come get some app!m3(212)!
-74, 212,
#CLI: Ooh, I needed that app?m3(212)!
#CLI: We meet again, Doctor Jones!
#CLI: Come get some app!m1(212, 86, 176, 242, 18)!
-76, 212, 86, 176, 242, 18,
#CLI: Come get some app!m2(212, 86, 176)!
-75, 212, 86, 176,
#APP: Ooh, I needed that app?m1(212, 86, 176, 242, 18)!
#APP: Ooh, I needed that app?m2(212, 86, 176)!
#APP: Come get some app!m3(212)!
-74, 212,
#CLI: Ooh, I needed that app?m3(212)!
#CLI: We meet again, Doctor Jones!
#CLI: Come get some app!m1(212, 86, 222, 227, 17)!
-76, 212, 86, 222, 227, 17,
#CLI: Come get some app!m2(212, 86, 222)!
-75, 212, 86, 222,
#APP: Ooh, I needed that app?m1(212, 86, 222, 227, 17)!
#APP: Ooh, I needed that app?m2(212, 86, 222)!
#APP: Come get some app!m3(212)!
-74, 212,
#CLI: Ooh, I needed that app?m3(212)!
#CLI: We meet again, Doctor Jones!
#CLI: Come get some app!m1(212, 86, 38, 11, 28)!
-76, 212, 86, 38, 11, 28,
#CLI: Come get some app!m2(212, 86, 38)!
-75, 212, 86, 38,
#APP: Ooh, I needed that app?m1(212, 86, 38, 11, 28)!
#APP: Ooh, I needed that app?m2(212, 86, 38)!
#APP: Come get some app!m3(212)!
-74, 212,
#CLI: Ooh, I needed that app?m3(212)!
#CLI: We meet again, Doctor Jones!
#CLI: Come get some app!m1(212, 86, 227, 112, 185)!
-76, 212, 86, 227, 112, 185,
#CLI: Come get some app!m2(212, 86, 227)!
-75, 212, 86, 227,
#APP: Ooh, I needed that app?m1(212, 86, 227, 112, 185)!
#APP: Ooh, I needed that app?m2(212, 86, 227)!
#APP: Come get some app!m3(212)!
-74, 212,
#CLI: Ooh, I needed that app?m3(212)!
#CLI: We meet again, Doctor Jones!
#CLI: Come get some app!m1(212, 86, 113, 77, 71)!
-76, 212, 86, 113, 77, 71,
#CLI: Come get some app!m2(212, 86, 113)!
-75, 212, 86, 113,
#APP: Ooh, I needed that app?m1(212, 86, 113, 77, 71)!
#APP: Ooh, I needed that app?m2(212, 86, 113)!
#APP: Come get some app!m3(212)!
-74, 212,
#CLI: Ooh, I needed that app?m3(212)!
#CLI: We meet again, Doctor Jones!
#CLI: Come get some app!m1(212, 86, 50, 242, 41)!
-76, 212, 86, 50, 242, 41,
#CLI: Come get some app!m2(212, 86, 50)!
-75, 212, 86, 50,
#APP: Ooh, I needed that app?m1(212, 86, 50, 242, 41)!
#APP: Ooh, I needed that app?m2(212, 86, 50)!
#APP: Come get some app!m3(212)!
-74, 212,
#CLI: Ooh, I needed that app?m3(212)!
#CLI: We meet again, Doctor Jones!
#CLI: Come get some app!m1(212, 86, 2, 27, 53)!
-76, 212, 86, 2, 27, 53,
#CLI: Come get some app!m2(212, 86, 2)!
-75, 212, 86, 2,
#APP: Ooh, I needed that app?m1(212, 86, 2, 27, 53)!
#APP: Ooh, I needed that app?m2(212, 86, 2)!
#APP: Come get some app!m3(212)!
-74, 212,
#CLI: Ooh, I needed that app?m3(212)!
#CLI: We meet again, Doctor Jones!
#CLI: Come get some app!m1(212, 86, 35, 116, 192)!
-76, 212, 86, 35, 116, 192,
#CLI: Come get some app!m2(212, 86, 35)!
-75, 212, 86, 35,
#APP: Ooh, I needed that app?m1(212, 86, 35, 116, 192)!
#APP: Ooh, I needed that app?m2(212, 86, 35)!
#APP: Come get some app!m3(212)!
-74, 212,
#CLI: Ooh, I needed that app?m3(212)!
#CLI: We meet again, Doctor Jones!
#CLI: Come get some app!m1(212, 86, 247, 45, 108)!
-76, 212, 86, 247, 45, 108,
#CLI: Come get some app!m2(212, 86, 247)!
-75, 212, 86, 247,
#APP: Ooh, I needed that app?m1(212, 86, 247, 45, 108)!
#APP: Ooh, I needed that app?m2(212, 86, 247)!
#APP: Come get some app!m3(212)!
-74, 212,
#CLI: Ooh, I needed that app?m3(212)!
#CLI: We meet again, Doctor Jones!
#CLI: Come get some app!m1(212, 86, 129, 63, 236)!
-76, 212, 86, 129, 63, 236,
#CLI: Come get some app!m2(212, 86, 129)!
-75, 212, 86, 129,
#APP: Ooh, I needed that app?m1(212, 86, 129, 63, 236)!
#APP: Ooh, I needed that app?m2(212, 86, 129)!
#APP: Come get some app!m3(212)!
-74, 212,
#CLI: Ooh, I needed that app?m3(212)!
#CLI: We meet again, Doctor Jones!
#CLI: Come get some app!m1(212, 86, 137, 165, 167)!
-76, 212, 86, 137, 165, 167,
#CLI: Come get some app!m2(212, 86, 137)!
-75, 212, 86, 137,
#APP: Ooh, I needed that app?m1(212, 86, 137, 165, 167)!
#APP: Ooh, I needed that app?m2(212, 86, 137)!
#APP: Come get some app!m3(212)!
-74, 212,
#CLI: Ooh, I needed that app?m3(212)!
#CLI: We meet again, Doctor Jones!
#CLI: Come get some app!m1(212, 86, 165, 19, 15)!
-76, 212, 86, 165, 19, 15,
#CLI: Come get some app!m2(212, 86, 165)!
-75, 212, 86, 165,
#APP: Ooh, I needed that app?m1(212, 86, 165, 19, 15)!
#APP: Ooh, I needed that app?m2(212, 86, 165)!
#APP: Come get some app!m3(212)!
-74, 212,
#CLI: Ooh, I needed that app?m3(212)!
#CLI: We meet again, Doctor Jones!
#CLI: Come get some app!m1(212, 86, 233, 26, 157)!
-76, 212, 86, 233, 26, 157,
#CLI: Come get some app!m2(212, 86, 233)!
-75, 212, 86, 233,
#APP: Ooh, I needed that app?m1(212, 86, 233, 26, 157)!
#APP: Ooh, I needed that app?m2(212, 86, 233)!
#APP: Come get some app!m3(212)!
-74, 212,
#CLI: Ooh, I needed that app?m3(212)!
#CLI: We meet again, Doctor Jones!
#CLI: Come get some app!m1(212, 86, 189, 209, 37)!
-76, 212, 86, 189, 209, 37,
#CLI: Come get some app!m2(212, 86, 189)!
-75, 212, 86, 189,
#APP: Ooh, I needed that app?m1(212, 86, 189, 209, 37)!
#APP: Ooh, I needed that app?m2(212, 86, 189)!
#APP: Come get some app!m3(212)!
-74, 212,
#CLI: Ooh, I needed that app?m3(212)!
#CLI: We meet again, Doctor Jones!
#CLI: Come get some app!m1(212, 86, 239, 147, 14)!
-76, 212, 86, 239, 147, 14,
#CLI: Come get some app!m2(212, 86, 239)!
-75, 212, 86, 239,
#APP: Ooh, I needed that app?m1(212, 86, 239, 147, 14)!
#APP: Ooh, I needed that app?m2(212, 86, 239)!
#APP: Come get some app!m3(212)!
-74, 212,
#CLI: Ooh, I needed that app?m3(212)!
#CLI: We meet again, Doctor Jones!
#CLI: Come get some app!m1(212, 86, 176, 5, 146)!
-76, 212, 86, 176, 5, 146,
#CLI: Come get some app!m2(212, 86, 176)!
-75, 212, 86, 176,
#APP: Ooh, I needed that app?m1(212, 86, 176, 5, 146)!
#APP: Ooh, I needed that app?m2(212, 86, 176)!
#APP: Come get some app!m3(212)!
-74, 212,
#CLI: Ooh, I needed that app?m3(212)!
#CLI: We meet again, Doctor Jones!
#CLI: Come get some app!m1(212, 86, 212, 110, 157)!
-76, 212, 86, 212, 110, 157,
#CLI: Come get some app!m2(212, 86, 212)!
-75, 212, 86, 212,
#APP: Ooh, I needed that app?m1(212, 86, 212, 110, 157)!
#APP: Ooh, I needed that app?m2(212, 86, 212)!
#APP: Come get some app!m3(212)!
-74, 212,
#CLI: Ooh, I needed that app?m3(212)!
#CLI: We meet again, Doctor Jones!
#CLI: Come get some app!m1(212, 86, 182, 132, 129)!
-76, 212, 86, 182, 132, 129,
#CLI: Come get some app!m2(212, 86, 182)!
-75, 212, 86, 182,
#APP: Ooh, I needed that app?m1(212, 86, 182, 132, 129)!
#APP: Ooh, I needed that app?m2(212, 86, 182)!
#APP: Come get some app!m3(212)!
-74, 212,
#CLI: Ooh, I needed that app?m3(212)!
#CLI: We meet again, Doctor Jones!
#CLI: Come get some app!m1(212, 86, 227, 232, 36)!
-76, 212, 86, 227, 232, 36,
#CLI: Come get some app!m2(212, 86, 227)!
-75, 212, 86, 227,
#APP: Ooh, I needed that app?m1(212, 86, 227, 232, 36)!
#APP: Ooh, I needed that app?m2(212, 86, 227)!
#APP: Come get some app!m3(212)!
-74, 212,
#CLI: Ooh, I needed that app?m3(212)!
#CLI: We meet again, Doctor Jones!
#CLI: Come get some app!m1(212, 86, 131, 183, 192)!
-76, 212, 86, 131, 183, 192,
#CLI: Come get some app!m2(212, 86, 131)!
-75, 212, 86, 131,
#APP: Ooh, I needed that app?m1(212, 86, 131, 183, 192)!
#APP: Ooh, I needed that app?m2(212, 86, 131)!
#APP: Come get some app!m3(212)!
-74, 212,
#CLI: Ooh, I needed that app?m3(212)!
#CLI: We meet again, Doctor Jones!
#CLI: Come get some app!m1(212, 86, 235, 52, 247)!
-76, 212, 86, 235, 52, 247,
#CLI: Come get some app!m2(212, 86, 235)!
-75, 212, 86, 235,
#APP: Ooh, I needed that app?m1(212, 86, 235, 52, 247)!
#APP: Ooh, I needed that app?m2(212, 86, 235)!
#APP: Come get some app!m3(212)!
-74, 212,
#CLI: Ooh, I needed that app?m3(212)!
#CLI: We meet again, Doctor Jones!
#CLI: Come get some app!m1(212, 86, 181, 103, 74)!
-76, 212, 86, 181, 103, 74,
#CLI: Come get some app!m2(212, 86, 181)!
-75, 212, 86, 181,
#APP: Ooh, I needed that app?m1(212, 86, 181, 103, 74)!
#APP: Ooh, I needed that app?m2(212, 86, 181)!
#APP: Come get some app!m3(212)!
-74, 212,
#CLI: Ooh, I needed that app?m3(212)!
#CLI: We meet again, Doctor Jones!
#CLI: Come get some app!m1(212, 86, 5, 195, 136)!
-76, 212, 86, 5, 195, 136,
#CLI: Come get some app!m2(212, 86, 5)!
-75, 212, 86, 5,
#APP: Ooh, I needed that app?m1(212, 86, 5, 195, 136)!
#APP: Ooh, I needed that app?m2(212, 86, 5)!
#APP: Come get some app!m3(212)!
-74, 212,
#CLI: Ooh, I needed that app?m3(212)!
#CLI: We meet again, Doctor Jones!
#CLI: Come get some app!m1(212, 86, 246, 210, 74)!
-76, 212, 86, 246, 210, 74,
#CLI: Come get some app!m2(212, 86, 246)!
-75, 212, 86, 246,
#APP: Ooh, I needed that app?m1(212, 86, 246, 210, 74)!
#APP: Ooh, I needed that app?m2(212, 86, 246)!
#APP: Come get some app!m3(212)!
-74, 212,
#CLI: Ooh, I needed that app?m3(212)!
#CLI: We meet again, Doctor Jones!
#CLI: Come get some app!m1(212, 86, 28, 4, 154)!
-76, 212, 86, 28, 4, 154,
#CLI: Come get some app!m2(212, 86, 28)!
-75, 212, 86, 28,
#APP: Ooh, I needed that app?m1(212, 86, 28, 4, 154)!
#APP: Ooh, I needed that app?m2(212, 86, 28)!
#APP: Come get some app!m3(212)!
-74, 212,
#CLI: Ooh, I needed that app?m3(212)!
#CLI: We meet again, Doctor Jones!
#CLI: Come get some app!m1(212, 86, 109, 121, 53)!
-76, 212, 86, 109, 121, 53,
#CLI: Come get some app!m2(212, 86, 109)!
-75, 212, 86, 109,
#APP: Ooh, I needed that app?m1(212, 86, 109, 121, 53)!
#APP: Ooh, I needed that app?m2(212, 86, 109)!
#APP: Come get some app!m3(212)!
-74, 212,
#CLI: Ooh, I needed that app?m3(212)!
#CLI: We meet again, Doctor Jones!
#CLI: Come get some app!m1(212, 86, 154, 78, 26)!
-76, 212, 86, 154, 78, 26,
#CLI: Come get some app!m2(212, 86, 154)!
-75, 212, 86, 154,
#APP: Ooh, I needed that app?m1(212, 86, 154, 78, 26)!
#APP: Ooh, I needed that app?m2(212, 86, 154)!
#APP: Come get some app!m3(212)!
-74, 212,
#CLI: Ooh, I needed that app?m3(212)!
#CLI: We meet again, Doctor Jones!
#CLI: Come get some app!m1(212, 86, 171, 217, 227)!
-76, 212, 86, 171, 217, 227,
#CLI: Come get some app!m2(212, 86, 171)!
-75, 212, 86, 171,
#APP: Ooh, I needed that app?m1(212, 86, 171, 217, 227)!
#APP: Ooh, I needed that app?m2(212, 86, 171)!
#APP: Come get some app!m3(212)!
-74, 212,
#CLI: Ooh, I needed that app?m3(212)!
#CLI: We meet again, Doctor Jones!
#CLI: Come get some app!m1(212, 86, 141, 54, 70)!
-76, 212, 86, 141, 54, 70,
#CLI: Come get some app!m2(212, 86, 141)!
-75, 212, 86, 141,
#APP: Ooh, I needed that app?m1(212, 86, 141, 54, 70)!
#APP: Ooh, I needed that app?m2(212, 86, 141)!
#APP: Come get some app!m3(212)!
-74, 212,
#CLI: Ooh, I needed that app?m3(212)!
#CLI: We meet again, Doctor Jones!
#CLI: Come get some app!m1(212, 86, 80, 61, 237)!
-76, 212, 86, 80, 61, 237,
#CLI: Come get some app!m2(212, 86, 80)!
-75, 212, 86, 80,
#APP: Ooh, I needed that app?m1(212, 86, 80, 61, 237)!
#APP: Ooh, I needed that app?m2(212, 86, 80)!
#APP: Come get some app!m3(212)!
-74, 212,
#CLI: Ooh, I needed that app?m3(212)!
#CLI: We meet again, Doctor Jones!
#CLI: Come get some app!m1(212, 86, 125, 139, 15)!
-76, 212, 86, 125, 139, 15,
#CLI: Come get some app!m2(212, 86, 125)!
-75, 212, 86, 125,
#APP: Ooh, I needed that app?m1(212, 86, 125, 139, 15)!
#APP: Ooh, I needed that app?m2(212, 86, 125)!
#APP: Come get some app!m3(212)!
-74, 212,
#CLI: Ooh, I needed that app?m3(212)!
#CLI: We meet again, Doctor Jones!
#CLI: Come get some app!m1(212, 86, 184, 29, 40)!
-76, 212, 86, 184, 29, 40,
#CLI: Come get some app!m2(212, 86, 184)!
-75, 212, 86, 184,
#APP: Ooh, I needed that app?m1(212, 86, 184, 29, 40)!
#APP: Ooh, I needed that app?m2(212, 86, 184)!
#APP: Come get some app!m3(212)!
-74, 212,
#CLI: Ooh, I needed that app?m3(212)!
#CLI: We meet again, Doctor Jones!
#CLI: Come get some app!m1(212, 86, 139, 251, 85)!
-76, 212, 86, 139, 251, 85,
#CLI: Come get some app!m2(212, 86, 139)!
-75, 212, 86, 139,
#APP: Ooh, I needed that app?m1(212, 86, 139, 251, 85)!
#APP: Ooh, I needed that app?m2(212, 86, 139)!
#APP: Come get some app!m3(212)!
-74, 212,
#CLI: Ooh, I needed that app?m3(212)!
#CLI: We meet again, Doctor Jones!
#CLI: Come get some app!m1(212, 86, 163, 239, 178)!
-76, 212, 86, 163, 239, 178,
#CLI: Come get some app!m2(212, 86, 163)!
-75, 212, 86, 163,
#APP: Ooh, I needed that app?m1(212, 86, 163, 239, 178)!
#APP: Ooh, I needed that app?m2(212, 86, 163)!
#APP: Come get some app!m3(212)!
-74, 212,
#CLI: Ooh, I needed that app?m3(212)!
#CLI: We meet again, Doctor Jones!
#CLI: Come get some app!m1(212, 86, 166, 41, 242)!
-76, 212, 86, 166, 41, 242,
#CLI: Come get some app!m2(212, 86, 166)!
-75, 212, 86, 166,
#APP: Ooh, I needed that app?m1(212, 86, 166, 41, 242)!
#APP: Ooh, I needed that app?m2(212, 86, 166)!
#APP: Come get some app!m3(212)!
-74, 212,
#CLI: Ooh, I needed that app?m3(212)!
#CLI: We meet again, Doctor Jones!
#CLI: Come get some app!m1(212, 86, 71, 244, 11)!
-76, 212, 86, 71, 244, 11,
#CLI: Come get some app!m2(212, 86, 71)!
-75, 212, 86, 71,
#APP: Ooh, I needed that app?m1(212, 86, 71, 244, 11)!
#APP: Ooh, I needed that app?m2(212, 86, 71)!
#APP: Come get some app!m3(212)!
-74, 212,
#CLI: Ooh, I needed that app?m3(212)!
#CLI: We meet again, Doctor Jones!
#CLI: Come get some app!m1(212, 86, 1, 41, 112)!
-76, 212, 86, 1, 41, 112,
#CLI: Come get some app!m2(212, 86, 1)!
-75, 212, 86, 1,
#APP: Ooh, I needed that app?m1(212, 86, 1, 41, 112)!
#APP: Ooh, I needed that app?m2(212, 86, 1)!
#APP: Come get some app!m3(212)!
-74, 212,
#CLI: Ooh, I needed that app?m3(212)!
#CLI: We meet again, Doctor Jones!
#CLI: Come get some app!m1(212, 86, 172, 91, 115)!
-76, 212, 86, 172, 91, 115,
#CLI: Come get some app!m2(212, 86, 172)!
-75, 212, 86, 172,
#APP: Ooh, I needed that app?m1(212, 86, 172, 91, 115)!
#APP: Ooh, I needed that app?m2(212, 86, 172)!
#APP: Come get some app!m3(212)!
-74, 212,
#CLI: Ooh, I needed that app?m3(212)!
#CLI: We meet again, Doctor Jones!
#CLI: Come get some app!m1(212, 86, 146, 220, 120)!
-76, 212, 86, 146, 220, 120,
#CLI: Come get some app!m2(212, 86, 146)!
-75, 212, 86, 146,
#APP: Ooh, I needed that app?m1(212, 86, 146, 220, 120)!
#APP: Ooh, I needed that app?m2(212, 86, 146)!
#APP: Come get some app!m3(212)!
-74, 212,
#CLI: Ooh, I needed that app?m3(212)!
#CLI: We meet again, Doctor Jones!
#CLI: Come get some app!m1(212, 86, 113, 171, 247)!
-76, 212, 86, 113, 171, 247,
#CLI: Come get some app!m2(212, 86, 113)!
-75, 212, 86, 113,
#APP: Ooh, I needed that app?m1(212, 86, 113, 171, 247)!
#APP: Ooh, I needed that app?m2(212, 86, 113)!
#APP: Come get some app!m3(212)!
-74, 212,
#CLI: Ooh, I needed that app?m3(212)!
#CLI: We meet again, Doctor Jones!
#CLI: Come get some app!m1(212, 86, 79, 89, 194)!
-76, 212, 86, 79, 89, 194,
#CLI: Come get some app!m2(212, 86, 79)!
-75, 212, 86, 79,
#APP: Ooh, I needed that app?m1(212, 86, 79, 89, 194)!
#APP: Ooh, I needed that app?m2(212, 86, 79)!
#APP: Come get some app!m3(212)!
-74, 212,
#CLI: Ooh, I needed that app?m3(212)!
#CLI: We meet again, Doctor Jones!
#CLI: Come get some app!m1(212, 86, 233, 40, 82)!
-76, 212, 86, 233, 40, 82,
#CLI: Come get some app!m2(212, 86, 233)!
-75, 212, 86, 233,
#APP: Ooh, I needed that app?m1(212, 86, 233, 40, 82)!
#APP: Ooh, I needed that app?m2(212, 86, 233)!
#APP: Come get some app!m3(212)!
-74, 212,
#CLI: Ooh, I needed that app?m3(212)!
#CLI: We meet again, Doctor Jones!
#CLI: Come get some app!m1(212, 86, 38, 46, 82)!
-76, 212, 86, 38, 46, 82,
#CLI: Come get some app!m2(212, 86, 38)!
-75, 212, 86, 38,
#APP: Ooh, I needed that app?m1(212, 86, 38, 46, 82)!
#APP: Ooh, I needed that app?m2(212, 86, 38)!
#APP: Come get some app!m3(212)!
-74, 212,
#CLI: Ooh, I needed that app?m3(212)!
#CLI: We meet again, Doctor Jones!
#CLI: Come get some app!m1(212, 86, 251, 249, 120)!
-76, 212, 86, 251, 249, 120,
#CLI: Come get some app!m2(212, 86, 251)!
-75, 212, 86, 251,
#APP: Ooh, I needed that app?m1(212, 86, 251, 249, 120)!
#APP: Ooh, I needed that app?m2(212, 86, 251)!
#APP: Come get some app!m3(212)!
-74, 212,
#CLI: Ooh, I needed that app?m3(212)!
#CLI: We meet again, Doctor Jones!
#CLI: Come get some app!m1(212, 86, 103, 127, 135)!
-76, 212, 86, 103, 127, 135,
#CLI: Come get some app!m2(212, 86, 103)!
-75, 212, 86, 103,
#APP: Ooh, I needed that app?m1(212, 86, 103, 127, 135)!
#APP: Ooh, I needed that app?m2(212, 86, 103)!
#APP: Come get some app!m3(212)!
-74, 212,
#CLI: Ooh, I needed that app?m3(212)!
#CLI: We meet again, Doctor Jones!
#CLI: Come get some app!m1(212, 86, 63, 7, 96)!
-76, 212, 86, 63, 7, 96,
#CLI: Come get some app!m2(212, 86, 63)!
-75, 212, 86, 63,
#APP: Ooh, I needed that app?m1(212, 86, 63, 7, 96)!
#APP: Ooh, I needed that app?m2(212, 86, 63)!
#APP: Come get some app!m3(212)!
-74, 212,
#CLI: Ooh, I needed that app?m3(212)!
#CLI: We meet again, Doctor Jones!
#CLI: Come get some app!m1(212, 86, 190, 19, 155)!
-76, 212, 86, 190, 19, 155,
#CLI: Come get some app!m2(212, 86, 190)!
-75, 212, 86, 190,
#APP: Ooh, I needed that app?m1(212, 86, 190, 19, 155)!
#APP: Ooh, I needed that app?m2(212, 86, 190)!
#APP: Come get some app!m3(212)!
-74, 212,
#CLI: Ooh, I needed that app?m3(212)!
#CLI: We meet again, Doctor Jones!
#CLI: Come get some app!m1(212, 86, 46, 62, 7)!
-76, 212, 86, 46, 62, 7,
#CLI: Come get some app!m2(212, 86, 46)!
-75, 212, 86, 46,
#APP: Ooh, I needed that app?m1(212, 86, 46, 62, 7)!
#APP: Ooh, I needed that app?m2(212, 86, 46)!
#APP: Come get some app!m3(212)!
-74, 212,
#CLI: Ooh, I needed that app?m3(212)!
#CLI: We meet again, Doctor Jones!
#CLI: Come get some app!m1(212, 86, 45, 145, 240)!
-76, 212, 86, 45, 145, 240,
#CLI: Come get some app!m2(212, 86, 45)!
-75, 212, 86, 45,
#APP: Ooh, I needed that app?m1(212, 86, 45, 145, 240)!
#APP: Ooh, I needed that app?m2(212, 86, 45)!
#APP: Come get some app!m3(212)!
-74, 212,
#CLI: Ooh, I needed that app?m3(212)!
#CLI: We meet again, Doctor Jones!
#CLI: Come get some app!m1(212, 86, 70, 36, 130)!
-76, 212, 86, 70, 36, 130,
#CLI: Come get some app!m2(212, 86, 70)!
-75, 212, 86, 70,
#APP: Ooh, I needed that app?m1(212, 86, 70, 36, 130)!
#APP: Ooh, I needed that app?m2(212, 86, 70)!
#APP: Come get some app!m3(212)!
-74, 212,
#CLI: Ooh, I needed that app?m3(212)!
#CLI: We meet again, Doctor Jones!
#CLI: Come get some app!m1(212, 86, 244, 254, 123)!
-76, 212, 86, 244, 254, 123,
#CLI: Come get some app!m2(212, 86, 244)!
-75, 212, 86, 244,
#APP: Ooh, I needed that app?m1(212, 86, 244, 254, 123)!
#APP: Ooh, I needed that app?m2(212, 86, 244)!
#APP: Come get some app!m3(212)!
-74, 212,
#CLI: Ooh, I needed that app?m3(212)!
#CLI: We meet again, Doctor Jones!
#CLI: Come get some app!m1(212, 86, 144, 203, 9)!
-76, 212, 86, 144, 203, 9,
#CLI: Come get some app!m2(212, 86, 144)!
-75, 212, 86, 144,
#APP: Ooh, I needed that app?m1(212, 86, 144, 203, 9)!
#APP: Ooh, I needed that app?m2(212, 86, 144)!
#APP: Come get some app!m3(212)!
-74, 212,
#CLI: Ooh, I needed that app?m3(212)!
#CLI: We meet again, Doctor Jones!
#CLI: Come get some app!m1(212, 86, 106, 22, 109)!
-76, 212, 86, 106, 22, 109,
#CLI: Come get some app!m2(212, 86, 106)!
-75, 212, 86, 106,
#APP: Ooh, I needed that app?m1(212, 86, 106, 22, 109)!
#APP: Ooh, I needed that app?m2(212, 86, 106)!
#APP: Come get some app!m3(212)!
-74, 212,
#CLI: Ooh, I needed that app?m3(212)!
#CLI: We meet again, Doctor Jones!
#CLI: Come get some app!m1(212, 86, 146, 213, 68)!
-76, 212, 86, 146, 213, 68,
#CLI: Come get some app!m2(212, 86, 146)!
-75, 212, 86, 146,
#APP: Ooh, I needed that app?m1(212, 86, 146, 213, 68)!
#APP: Ooh, I needed that app?m2(212, 86, 146)!
#APP: Come get some app!m3(212)!
-74, 212,
#CLI: Ooh, I needed that app?m3(212)!
#CLI: We meet again, Doctor Jones!
#CLI: Come get some app!m1(212, 86, 8, 193, 215)!
-76, 212, 86, 8, 193, 215,
#CLI: Come get some app!m2(212, 86, 8)!
-75, 212, 86, 8,
#APP: Ooh, I needed that app?m1(212, 86, 8, 193, 215)!
#APP: Ooh, I needed that app?m2(212, 86, 8)!
#APP: Come get some app!m3(212)!
-74, 212,
#CLI: Ooh, I needed that app?m3(212)!
#CLI: We meet again, Doctor Jones!
#CLI: Come get some app!m1(212, 86, 40, 41, 53)!
-76, 212, 86, 40, 41, 53,
#CLI: Come get some app!m2(212, 86, 40)!
-75, 212, 86, 40,
#APP: Ooh, I needed that app?m1(212, 86, 40, 41, 53)!
#APP: Ooh, I needed that app?m2(212, 86, 40)!
#APP: Come get some app!m3(212)!
-74, 212,
#CLI: Ooh, I needed that app?m3(212)!
#CLI: We meet again, Doctor Jones!
#CLI: Come get some app!m1(212, 86, 140, 255, 44)!
-76, 212, 86, 140, 255, 44,
#CLI: Come get some app!m2(212, 86, 140)!
-75, 212, 86, 140,
#APP: Ooh, I needed that app?m1(212, 86, 140, 255, 44)!
#APP: Ooh, I needed that app?m2(212, 86, 140)!
#APP: Come get some app!m3(212)!
-74, 212,
#CLI: Ooh, I needed that app?m3(212)!
#CLI: We meet again, Doctor Jones!
#CLI: Come get some app!m1(212, 86, 66, 67, 14)!
-76, 212, 86, 66, 67, 14,
#CLI: Come get some app!m2(212, 86, 66)!
-75, 212, 86, 66,
#APP: Ooh, I needed that app?m1(212, 86, 66, 67, 14)!
#APP: Ooh, I needed that app?m2(212, 86, 66)!
#APP: Come get some app!m3(212)!
-74, 212,
#CLI: Ooh, I needed that app?m3(212)!
#CLI: We meet again, Doctor Jones!
#CLI: Come get some app!m1(212, 86, 57, 20, 229)!
-76, 212, 86, 57, 20, 229,
#CLI: Come get some app!m2(212, 86, 57)!
-75, 212, 86, 57,
#APP: Ooh, I needed that app?m1(212, 86, 57, 20, 229)!
#APP: Ooh, I needed that app?m2(212, 86, 57)!
#APP: Come get some app!m3(212)!
-74, 212,
#CLI: Ooh, I needed that app?m3(212)!
#CLI: We meet again, Doctor Jones!
#CLI: Come get some app!m1(212, 86, 112, 40, 183)!
-76, 212, 86, 112, 40, 183,
#CLI: Come get some app!m2(212, 86, 112)!
-75, 212, 86, 112,
#APP: Ooh, I needed that app?m1(212, 86, 112, 40, 183)!
#APP: Ooh, I needed that app?m2(212, 86, 112)!
#APP: Come get some app!m3(212)!
-74, 212,
#CLI: Ooh, I needed that app?m3(212)!
#CLI: We meet again, Doctor Jones!
#CLI: Come get some app!m1(212, 86, 128, 15, 168)!
-76, 212, 86, 128, 15, 168,
#CLI: Come get some app!m2(212, 86, 128)!
-75, 212, 86, 128,
#APP: Ooh, I needed that app?m1(212, 86, 128, 15, 168)!
#APP: Ooh, I needed that app?m2(212, 86, 128)!
#APP: Come get some app!m3(212)!
-74, 212,
#CLI: Ooh, I needed that app?m3(212)!
#CLI: We meet again, Doctor Jones!
#CLI: Come get some app!m1(212, 86, 172, 75, 241)!
-76, 212, 86, 172, 75, 241,
#CLI: Come get some app!m2(212, 86, 172)!
-75, 212, 86, 172,
#APP: Ooh, I needed that app?m1(212, 86, 172, 75, 241)!
#APP: Ooh, I needed that app?m2(212, 86, 172)!
#APP: Come get some app!m3(212)!
-74, 212,
#CLI: Ooh, I needed that app?m3(212)!
#CLI: We meet again, Doctor Jones!
#CLI: Come get some app!m1(212, 86, 190, 191, 136)!
-76, 212, 86, 190, 191, 136,
#CLI: Come get some app!m2(212, 86, 190)!
-75, 212, 86, 190,
#APP: Ooh, I needed that app?m1(212, 86, 190, 191, 136)!
#APP: Ooh, I needed that app?m2(212, 86, 190)!
#APP: Come get some app!m3(212)!
-74, 212,
#CLI: Ooh, I needed that app?m3(212)!
#CLI: We meet again, Doctor Jones!
#CLI: Come get some app!m1(212, 86, 55, 79, 237)!
-76, 212, 86, 55, 79, 237,
#CLI: Come get some app!m2(212, 86, 55)!
-75, 212, 86, 55,
#APP: Ooh, I needed that app?m1(212, 86, 55, 79, 237)!
#APP: Ooh, I needed that app?m2(212, 86, 55)!
#APP: Come get some app!m3(212)!
-74, 212,
#CLI: Ooh, I needed that app?m3(212)!
#CLI: We meet again, Doctor Jones!
#CLI: Come get some app!m1(212, 86, 25, 35, 44)!
-76, 212, 86, 25, 35, 44,
#CLI: Come get some app!m2(212, 86, 25)!
-75, 212, 86, 25,
#APP: Ooh, I needed that app?m1(212, 86, 25, 35, 44)!
#APP: Ooh, I needed that app?m2(212, 86, 25)!
#APP: Come get some app!m3(212)!
-74, 212,
#CLI: Ooh, I needed that app?m3(212)!
#CLI: We meet again, Doctor Jones!
#CLI: Come get some app!m1(212, 86, 114, 121, 51)!
-76, 212, 86, 114, 121, 51,
#CLI: Come get some app!m2(212, 86, 114)!
-75, 212, 86, 114,
#APP: Ooh, I needed that app?m1(212, 86, 114, 121, 51)!
#APP: Ooh, I needed that app?m2(212, 86, 114)!
#APP: Come get some app!m3(212)!
-74, 212,
#CLI: Ooh, I needed that app?m3(212)!
#CLI: We meet again, Doctor Jones!
#CLI: Come get some app!m1(212, 86, 177, 66, 124)!
-76, 212, 86, 177, 66, 124,
#CLI: Come get some app!m2(212, 86, 177)!
-75, 212, 86, 177,
#APP: Ooh, I needed that app?m1(212, 86, 177, 66, 124)!
#APP: Ooh, I needed that app?m2(212, 86, 177)!
#APP: Come get some app!m3(212)!
-74, 212,
#CLI: Ooh, I needed that app?m3(212)!
#CLI: We meet again, Doctor Jones!
#CLI: Come get some app!m1(212, 86, 202, 121, 187)!
-76, 212, 86, 202, 121, 187,
#CLI: Come get some app!m2(212, 86, 202)!
-75, 212, 86, 202,
#APP: Ooh, I needed that app?m1(212, 86, 202, 121, 187)!
#APP: Ooh, I needed that app?m2(212, 86, 202)!
#APP: Come get some app!m3(212)!
-74, 212,
#CLI: Ooh, I needed that app?m3(212)!
#CLI: We meet again, Doctor Jones!
#CLI: Come get some app!m1(212, 86, 126, 234, 12)!
-76, 212, 86, 126, 234, 12,
#CLI: Come get some app!m2(212, 86, 126)!
-75, 212, 86, 126,
#APP: Ooh, I needed that app?m1(212, 86, 126, 234, 12)!
#APP: Ooh, I needed that app?m2(212, 86, 126)!
#APP: Come get some app!m3(212)!
-74, 212,
#CLI: Ooh, I needed that app?m3(212)!
#CLI: We meet again, Doctor Jones!
#CLI: Come get some app!m1(212, 86, 132, 32, 194)!
-76, 212, 86, 132, 32, 194,
#CLI: Come get some app!m2(212, 86, 132)!
-75, 212, 86, 132,
#APP: Ooh, I needed that app?m1(212, 86, 132, 32, 194)!
#APP: Ooh, I needed that app?m2(212, 86, 132)!
#APP: Come get some app!m3(212)!
-74, 212,
#CLI: Ooh, I needed that app?m3(212)!
#CLI: We meet again, Doctor Jones!
#CLI: Come get some app!m1(212, 86, 45, 89, 128)!
-76, 212, 86, 45, 89, 128,
#CLI: Come get some app!m2(212, 86, 45)!
-75, 212, 86, 45,
#APP: Ooh, I needed that app?m1(212, 86, 45, 89, 128)!
#APP: Ooh, I needed that app?m2(212, 86, 45)!
#APP: Come get some app!m3(212)!
-74, 212,
#CLI: Ooh, I needed that app?m3(212)!
#CLI: We meet again, Doctor Jones!
#CLI: Come get some app!m1(212, 86, 215, 245, 35)!
-76, 212, 86, 215, 245, 35,
#CLI: Come get some app!m2(212, 86, 215)!
-75, 212, 86, 215,
#APP: Ooh, I needed that app?m1(212, 86, 215, 245, 35)!
#APP: Ooh, I needed that app?m2(212, 86, 215)!
#APP: Come get some app!m3(212)!
-74, 212,
#CLI: Ooh, I needed that app?m3(212)!
#CLI: We meet again, Doctor Jones!
#CLI: Come get some app!m1(212, 86, 205, 243, 237)!
-76, 212, 86, 205, 243, 237,
#CLI: Come get some app!m2(212, 86, 205)!
-75, 212, 86, 205,
#APP: Ooh, I needed that app?m1(212, 86, 205, 243, 237)!
#APP: Ooh, I needed that app?m2(212, 86, 205)!
#APP: Come get some app!m3(212)!
-74, 212,
#CLI: Ooh, I needed that app?m3(212)!
#CLI: We meet again, Doctor Jones!
#CLI: Come get some app!m1(212, 86, 79, 117, 26)!
-76, 212, 86, 79, 117, 26,
#CLI: Come get some app!m2(212, 86, 79)!
-75, 212, 86, 79,
#CLI: What are you waitin for? Christmas?
#APP: Ooh, I needed that app?m1(212, 86, 79, 117, 26)!
#APP: Ooh, I needed that app?m2(212, 86, 79)!
#APP: Come get some app!m3(212)!
-74, 212,