#CLI: Come get some app!m1(106, 63, 161, 180, 163)!
-76, 106, 63, 161, 180, 163,
#CLI: Come get some app!m2(106, 63, 161)!
-75, 106, 63, 161,
#APP: Ooh, I needed that app?m1(106, 63, 161, 180, 163)!
#APP: Ooh, I needed that app?m2(106, 63, 161)!
#APP: Come get some app!m3(106)!
-74, 106,
#CLI: Ooh, I needed that app?m3(106)!
#CLI: We meet again, Doctor Jones!
#CLI: Come get some app!m1(106, 63, 120, 145, 125)!
-76, 106, 63, 120, 145, 125,
#CLI: Come get some app!m2(106, 63, 120)!
-75, 106, 63, 120,
#APP: Ooh, I needed that app?m1(106, 63, 120, 145, 125)!
#APP: Ooh, I needed that app?m2(106, 63, 120)!
#APP: Come get some app!m3(106)!
-74, 106,
#CLI: Ooh, I needed that app?m3(106)!
#CLI: We meet again, Doctor Jones!
#CLI: Come get some app!m1(106, 63, 200, 189, 61)!
-76, 106, 63, 200, 189, 61,
#CLI: Come get some app!m2(106, 63, 200)!
-75, 106, 63, 200,
#APP: Ooh, I needed that app?m1(106, 63, 200, 189, 61)!
#APP: Ooh, I needed that app?m2(106, 63, 200)!
#APP: Come get some app!m3(106)!
-74, 106,
#CLI: Ooh, I needed that app?m3(106)!
#CLI: We meet again, Doctor Jones!
#CLI: Come get some app!m1(106, 63, 132, 222, 76)!
-76, 106, 63, 132, 222, 76,
#CLI: Come get some app!m2(106, 63, 132)!
-75, 106, 63, 132,
#APP: Ooh, I needed that app?m1(106, 63, 132, 222, 76)!
#APP: Ooh, I needed that app?m2(106, 63, 132)!
#APP: Come get some app!m3(106)!
-74, 106,
#CLI: Ooh, I needed that app?m3(106)!
#CLI: We meet again, Doctor Jones!
#CLI: Come get some app!m1(106, 63, 53, 106, 157)!
-76, 106, 63, 53, 106, 157,
#CLI: Come get some app!m2(106, 63, 53)!
-75, 106, 63, 53,
#APP: Ooh, I needed that app?m1(106, 63, 53, 106, 157)!
#APP: Ooh, I needed that app?m2(106, 63, 53)!
#APP: Come get some app!m3(106)!
-74, 106,
#CLI: Ooh, I needed that app?m3(106)!
#CLI: We meet again, Doctor Jones!
#CLI: Come get some app!m1(106, 63, 220, 181, 97)!
-76, 106, 63, 220, 181, 97,
#CLI: Come get some app!m2(106, 63, 220)!
-75, 106, 63, 220,
#APP: Ooh, I needed that app?m1(106, 63, 220, 181, 97)!
#APP: Ooh, I needed that app?m2(106, 63, 220)!
#APP: Come get some app!m3(106)!
-74, 106,
#CLI: Ooh, I needed that app?m3(106)!
#CLI: We meet again, Doctor Jones!
#CLI: Come get some app!m1(106, 63, 179, 104, 111)!
-76, 106, 63, 179, 104, 111,
#CLI: Come get some app!m2(106, 63, 179)!
-75, 106, 63, 179,
#APP: Ooh, I needed that app?m1(106, 63, 179, 104, 111)!
#APP: Ooh, I needed that app?m2(106, 63, 179)!
#APP: Come get some app!m3(106)!
-74, 106,
#CLI: Ooh, I needed that app?m3(106)!
#CLI: We meet again, Doctor Jones!
#CLI: Come get some app!m1(106, 63, 210, 91, 253)!
-76, 106, 63, 210, 91, 253,
#CLI: Come get some app!m2(106, 63, 210)!
-75, 106, 63, 210,
#APP: Ooh, I needed that app?m1(106, 63, 210, 91, 253)!
#APP: Ooh, I needed that app?m2(106, 63, 210)!
#APP: Come get some app!m3(106)!
-74, 106,
#CLI: Ooh, I needed that app?m3(106)!
#CLI: We meet again, Doctor Jones!
#CLI: Come get some app!m1(106, 63, 36, 67, 27)!
-76, 106, 63, 36, 67, 27,
#CLI: Come get some app!m2(106, 63, 36)!
-75, 106, 63, 36,
#APP: Ooh, I needed that app?m1(106, 63, 36, 67, 27)!
#APP: Ooh, I needed that app?m2(106, 63, 36)!
#APP: Come get some app!m3(106)!
-74, 106,
#CLI: Ooh, I needed that app?m3(106)!
#CLI: We meet again, Doctor Jones!
#CLI: Come get some app!m1(106, 63, 202, 173, 136)!
-76, 106, 63, 202, 173, 136,
#CLI: Come get some app!m2(106, 63, 202)!
-75, 106, 63, 202,
#APP: Ooh, I needed that app?m1(106, 63, 202, 173, 136)!
#APP: Ooh, I needed that app?m2(106, 63, 202)!
#APP: Come get some app!m3(106)!
-74, 106,
#CLI: Ooh, I needed that app?m3(106)!
#CLI: We meet again, Doctor Jones!
#CLI: Come get some app!m1(106, 63, 142, 222, 5)!
-76, 106, 63, 142, 222, 5,
#CLI: Come get some app!m2(106, 63, 142)!
-75, 106, 63, 142,
#APP: Ooh, I needed that app?m1(106, 63, 142, 222, 5)!
#APP: Ooh, I needed that app?m2(106, 63, 142)!
#APP: Come get some app!m3(106)!
-74, 106,
#CLI: Ooh, I needed that app?m3(106)!
#CLI: We meet again, Doctor Jones!
#CLI: Come get some app!m1(106, 63, 214, 211, 187)!
-76, 106, 63, 214, 211, 187,
#CLI: Come get some app!m2(106, 63, 214)!
-75, 106, 63, 214,
#APP: Ooh, I needed that app?m1(106, 63, 214, 211, 187)!
#APP: Ooh, I needed that app?m2(106, 63, 214)!
#APP: Come get some app!m3(106)!
-74, 106,
#CLI: Ooh, I needed that app?m3(106)!
#CLI: We meet again, Doctor Jones!
#CLI: Come get some app!m1(106, 63, 41, 199, 225)!
-76, 106, 63, 41, 199, 225,
#CLI: Come get some app!m2(106, 63, 41)!
-75, 106, 63, 41,
#APP: Ooh, I needed that app?m1(106, 63, 41, 199, 225)!
#APP: Ooh, I needed that app?m2(106, 63, 41)!
#APP: Come get some app!m3(106)!
-74, 106,
#CLI: Ooh, I needed that app?m3(106)!
#CLI: We meet again, Doctor Jones!
#CLI: Come get some app!m1(106, 63, 149, 104, 49)!
-76, 106, 63, 149, 104, 49,
#CLI: Come get some app!m2(106, 63, 149)!
-75, 106, 63, 149,
#APP: Ooh, I needed that app?m1(106, 63, 149, 104, 49)!
#APP: Ooh, I needed that app?m2(106, 63, 149)!
#APP: Come get some app!m3(106)!
-74, 106,
#CLI: Ooh, I needed that app?m3(106)!
#CLI: We meet again, Doctor Jones!
#CLI: Come get some app!m1(106, 63, 5, 44, 203)!
-76, 106, 63, 5, 44, 203,
#CLI: Come get some app!m2(106, 63, 5)!
-75, 106, 63, 5,
#APP: Ooh, I needed that app?m1(106, 63, 5, 44, 203)!
#APP: Ooh, I needed that app?m2(106, 63, 5)!
#APP: Come get some app!m3(106)!
-74, 106,
#CLI: Ooh, I needed that app?m3(106)!
#CLI: We meet again, Doctor Jones!
#CLI: Come get some app!m1(106, 63, 148, 178, 105)!
-76, 106, 63, 148, 178, 105,
#CLI: Come get some app!m2(106, 63, 148)!
-75, 106, 63, 148,
#APP: Ooh, I needed that app?m1(106, 63, 148, 178, 105)!
#APP: Ooh, I needed that app?m2(106, 63, 148)!
#APP: Come get some app!m3(106)!
-74, 106,
#CLI: Ooh, I needed that app?m3(106)!
#CLI: We meet again, Doctor Jones!
#CLI: Come get some app!m1(106, 63, 6, 25, 91)!
-76, 106, 63, 6, 25, 91,
#CLI: Come get some app!m2(106, 63, 6)!
-75, 106, 63, 6,
#APP: Ooh, I needed that app?m1(106, 63, 6, 25, 91)!
#APP: Ooh, I needed that app?m2(106, 63, 6)!
#APP: Come get some app!m3(106)!
-74, 106,
#CLI: Ooh, I needed that app?m3(106)!
#CLI: We meet again, Doctor Jones!
#CLI: Come get some app!m1(106, 63, 193, 109, 22)!
-76, 106, 63, 193, 109, 22,
#CLI: Come get some app!m2(106, 63, 193)!
-75, 106, 63, 193,
#APP: Ooh, I needed that app?m1(106, 63, 193, 109, 22)!
#APP: Ooh, I needed that app?m2(106, 63, 193)!
#APP: Come get some app!m3(106)!
-74, 106,
#CLI: Ooh, I needed that app?m3(106)!
#CLI: We meet again, Doctor Jones!
#CLI: Come get some app!m1(106, 63, 95, 7, 104)!
-76, 106, 63, 95, 7, 104,
#CLI: Come get some app!m2(106, 63, 95)!
-75, 106, 63, 95,
#APP: Ooh, I needed that app?m1(106, 63, 95, 7, 104)!
#APP: Ooh, I needed that app?m2(106, 63, 95)!
#APP: Come get some app!m3(106)!
-74, 106,
#CLI: Ooh, I needed that app?m3(106)!
#CLI: We meet again, Doctor Jones!
#CLI: Come get some app!m1(106, 63, 94, 56, 153)!
-76, 106, 63, 94, 56, 153,
#CLI: Come get some app!m2(106, 63, 94)!
-75, 106, 63, 94,
#APP: Ooh, I needed that app?m1(106, 63, 94, 56, 153)!
#APP: Ooh, I needed that app?m2(106, 63, 94)!
#APP: Come get some app!m3(106)!
-74, 106,
#CLI: Ooh, I needed that app?m3(106)!
#CLI: We meet again, Doctor Jones!
#CLI: Come get some app!m1(106, 63, 71, 196, 2)!
-76, 106, 63, 71, 196, 2,
#CLI: Come get some app!m2(106, 63, 71)!
-75, 106, 63, 71,
#APP: Ooh, I needed that app?m1(106, 63, 71, 196, 2)!
#APP: Ooh, I needed that app?m2(106, 63, 71)!
#APP: Come get some app!m3(106)!
-74, 106,
#CLI: Ooh, I needed that app?m3(106)!
#CLI: We meet again, Doctor Jones!
#CLI: Come get some app!m1(106, 63, 185, 183, 214)!
-76, 106, 63, 185, 183, 214,
#CLI: Come get some app!m2(106, 63, 185)!
-75, 106, 63, 185,
#APP: Ooh, I needed that app?m1(106, 63, 185, 183, 214)!
#APP: Ooh, I needed that app?m2(106, 63, 185)!
#APP: Come get some app!m3(106)!
-74, 106,
#CLI: Ooh, I needed that app?m3(106)!
#CLI: We meet again, Doctor Jones!
#CLI: Come get some app!m1(106, 63, 88, 14, 182)!
-76, 106, 63, 88, 14, 182,
#CLI: Come get some app!m2(106, 63, 88)!
-75, 106, 63, 88,
#APP: Ooh, I needed that app?m1(106, 63, 88, 14, 182)!
#APP: Ooh, I needed that app?m2(106, 63, 88)!
#APP: Come get some app!m3(106)!
-74, 106,
#CLI: Ooh, I needed that app?m3(106)!
#CLI: We meet again, Doctor Jones!
#CLI: Come get some app!m1(106, 63, 35, 226, 28)!
-76, 106, 63, 35, 226, 28,
#CLI: Come get some app!m2(106, 63, 35)!
-75, 106, 63, 35,
#APP: Ooh, I needed that app?m1(106, 63, 35, 226, 28)!
#APP: Ooh, I needed that app?m2(106, 63, 35)!
#APP: Come get some app!m3(106)!
-74, 106,
#CLI: Ooh, I needed that app?m3(106)!
#CLI: We meet again, Doctor Jones!
#CLI: Come get some app!m1(106, 63, 248, 121, 105)!
-76, 106, 63, 248, 121, 105,
#CLI: Come get some app!m2(106, 63, 248)!
-75, 106, 63, 248,
#APP: Ooh, I needed that app?m1(106, 63, 248, 121, 105)!
#APP: Ooh, I needed that app?m2(106, 63, 248)!
#APP: Come get some app!m3(106)!
-74, 106,
#CLI: Ooh, I needed that app?m3(106)!
#CLI: We meet again, Doctor Jones!
#CLI: Come get some app!m1(106, 63, 52, 69, 35)!
-76, 106, 63, 52, 69, 35,
#CLI: Come get some app!m2(106, 63, 52)!
-75, 106, 63, 52,
#APP: Ooh, I needed that app?m1(106, 63, 52, 69, 35)!
#APP: Ooh, I needed that app?m2(106, 63, 52)!
#APP: Come get some app!m3(106)!
-74, 106,
#CLI: Ooh, I needed that app?m3(106)!
#CLI: We meet again, Doctor Jones!
#CLI: Come get some app!m1(106, 63, 168, 58, 212)!
-76, 106, 63, 168, 58, 212,
#CLI: Come get some app!m2(106, 63, 168)!
-75, 106, 63, 168,
#APP: Ooh, I needed that app?m1(106, 63, 168, 58, 212)!
#APP: Ooh, I needed that app?m2(106, 63, 168)!
#APP: Come get some app!m3(106)!
-74, 106,
#CLI: Ooh, I needed that app?m3(106)!
#CLI: We meet again, Doctor Jones!
#CLI: Come get some app!m1(106, 63, 47, 210, 96)!
-76, 106, 63, 47, 210, 96,
#CLI: Come get some app!m2(106, 63, 47)!
-75, 106, 63, 47,
#APP: Ooh, I needed that app?m1(106, 63, 47, 210, 96)!
#APP: Ooh, I needed that app?m2(106, 63, 47)!
#APP: Come get some app!m3(106)!
-74, 106,
#CLI: Ooh, I needed that app?m3(106)!
#CLI: We meet again, Doctor Jones!
#CLI: Come get some app!m1(106, 63, 249, 233, 171)!
-76, 106, 63, 249, 233, 171,
#CLI: Come get some app!m2(106, 63, 249)!
-75, 106, 63, 249,
#APP: Ooh, I needed that app?m1(106, 63, 249, 233, 171)!
#APP: Ooh, I needed that app?m2(106, 63, 249)!
#APP: Come get some app!m3(106)!
-74, 106,
#CLI: Ooh, I needed that app?m3(106)!
#CLI: We meet again, Doctor Jones!
#CLI: Come get some app!m1(106, 63, 124, 239, 125)!
-76, 106, 63, 124, 239, 125,
#CLI: Come get some app!m2(106, 63, 124)!
-75, 106, 63, 124,
#APP: Ooh, I needed that app?m1(106, 63, 124, 239, 125)!
#APP: Ooh, I needed that app?m2(106, 63, 124)!
#APP: Come get some app!m3(106)!
-74, 106,
#CLI: Ooh, I needed that app?m3(106)!
#CLI: We meet again, Doctor Jones!
#CLI: Come get some app!m1(106, 63, 6, 130, 105)!
-76, 106, 63, 6, 130, 105,
#CLI: Come get some app!m2(106, 63, 6)!
-75, 106, 63, 6,
#APP: Ooh, I needed that app?m1(106, 63, 6, 130, 105)!
#APP: Ooh, I needed that app?m2(106, 63, 6)!
#APP: Come get some app!m3(106)!
-74, 106,
#CLI: Ooh, I needed that app?m3(106)!
#CLI: We meet again, Doctor Jones!
#CLI: Come get some app!m1(106, 63, 112, 26, 6)!
-76, 106, 63, 112, 26, 6,
#CLI: Come get some app!m2(106, 63, 112)!
-75, 106, 63, 112,
#APP: Ooh, I needed that app?m1(106, 63, 112, 26, 6)!
#APP: Ooh, I needed that app?m2(106, 63, 112)!
#APP: Come get some app!m3(106)!
-74, 106,
#CLI: Ooh, I needed that app?m3(106)!
#CLI: We meet again, Doctor Jones!
#CLI: Come get some app!m1(106, 63, 48, 114, 195)!
-76, 106, 63, 48, 114, 195,
#CLI: Come get some app!m2(106, 63, 48)!
-75, 106, 63, 48,
#APP: Ooh, I needed that app?m1(106, 63, 48, 114, 195)!
#APP: Ooh, I needed that app?m2(106, 63, 48)!
#APP: Come get some app!m3(106)!
-74, 106,
#CLI: Ooh, I needed that app?m3(106)!
#CLI: We meet again, Doctor Jones!
#CLI: Come get some app!m1(106, 63, 228, 99, 8)!
-76, 106, 63, 228, 99, 8,
#CLI: Come get some app!m2(106, 63, 228)!
-75, 106, 63, 228,
#APP: Ooh, I needed that app?m1(106, 63, 228, 99, 8)!
#APP: Ooh, I needed that app?m2(106, 63, 228)!
#APP: Come get some app!m3(106)!
-74, 106,
#CLI: Ooh, I needed that app?m3(106)!
#CLI: We meet again, Doctor Jones!
#CLI: Come get some app!m1(106, 63, 38, 145, 162)!
-76, 106, 63, 38, 145, 162,
#CLI: Come get some app!m2(106, 63, 38)!
-75, 106, 63, 38,
#APP: Ooh, I needed that app?m1(106, 63, 38, 145, 162)!
#APP: Ooh, I needed that app?m2(106, 63, 38)!
#APP: Come get some app!m3(106)!
-74, 106,
#CLI: Ooh, I needed that app?m3(106)!
#CLI: We meet again, Doctor Jones!
#CLI: Come get some app!m1(106, 63, 249, 12, 98)!
-76, 106, 63, 249, 12, 98,
#CLI: Come get some app!m2(106, 63, 249)!
-75, 106, 63, 249,
#APP: Ooh, I needed that app?m1(106, 63, 249, 12, 98)!
#APP: Ooh, I needed that app?m2(106, 63, 249)!
#APP: Come get some app!m3(106)!
-74, 106,
#CLI: Ooh, I needed that app?m3(106)!
#CLI: We meet again, Doctor Jones!
#CLI: Come get some app!m1(106, 63, 254, 232, 129)!
-76, 106, 63, 254, 232, 129,
#CLI: Come get some app!m2(106, 63, 254)!
-75, 106, 63, 254,
#APP: Ooh, I needed that app?m1(106, 63, 254, 232, 129)!
#APP: Ooh, I needed that app?m2(106, 63, 254)!
#APP: Come get some app!m3(106)!
-74, 106,
#CLI: Ooh, I needed that app?m3(106)!
#CLI: We meet again, Doctor Jones!
#CLI: Come get some app!m1(106, 63, 156, 184, 162)!
-76, 106, 63, 156, 184, 162,
#CLI: Come get some app!m2(106, 63, 156)!
-75, 106, 63, 156,
#APP: Ooh, I needed that app?m1(106, 63, 156, 184, 162)!
#APP: Ooh, I needed that app?m2(106, 63, 156)!
#APP: Come get some app!m3(106)!
-74, 106,
#CLI: Ooh, I needed that app?m3(106)!
#CLI: We meet again, Doctor Jones!
#CLI: Come get some app!m1(106, 63, 45, 250, 128)!
-76, 106, 63, 45, 250, 128,
#CLI: Come get some app!m2(106, 63, 45)!
-75, 106, 63, 45,
#APP: Ooh, I needed that app?m1(106, 63, 45, 250, 128)!
#APP: Ooh, I needed that app?m2(106, 63, 45)!
#APP: Come get some app!m3(106)!
-74, 106,
#CLI: Ooh, I needed that app?m3(106)!
#CLI: We meet again, Doctor Jones!
#CLI: Come get some app!m1(106, 63, 35, 223, 86)!
-76, 106, 63, 35, 223, 86,
#CLI: Come get some app!m2(106, 63, 35)!
-75, 106, 63, 35,
#APP: Ooh, I needed that app?m1(106, 63, 35, 223, 86)!
#APP: Ooh, I needed that app?m2(106, 63, 35)!
#APP: Come get some app!m3(106)!
-74, 106,
#CLI: Ooh, I needed that app?m3(106)!
#CLI: We meet again, Doctor Jones!
#CLI: Come get some app!m1(106, 63, 167, 65, 242)!
-76, 106, 63, 167, 65, 242,
#CLI: Come get some app!m2(106, 63, 167)!
-75, 106, 63, 167,
#APP: Ooh, I needed that app?m1(106, 63, 167, 65, 242)!
#APP: Ooh, I needed that app?m2(106, 63, 167)!
#APP: Come get some app!m3(106)!
-74, 106,
#CLI: Ooh, I needed that app?m3(106)!
#CLI: We meet again, Doctor Jones!
#CLI: Come get some app!m1(106, 63, 37, 103, 255)!
-76, 106, 63, 37, 103, 255,
#CLI: Come get some app!m2(106, 63, 37)!
-75, 106, 63, 37,
#APP: Ooh, I needed that app?m1(106, 63, 37, 103, 255)!
#APP: Ooh, I needed that app?m2(106, 63, 37)!
#APP: Come get some app!m3(106)!
-74, 106,
#CLI: Ooh, I needed that app?m3(106)!
#CLI: We meet again, Doctor Jones!
#CLI: Come get some app!m1(106, 63, 89, 152, 141)!
-76, 106, 63, 89, 152, 141,
#CLI: Come get some app!m2(106, 63, 89)!
-75, 106, 63, 89,
#APP: Ooh, I needed that app?m1(106, 63, 89, 152, 141)!
#APP: Ooh, I needed that app?m2(106, 63, 89)!
#APP: Come get some app!m3(106)!
-74, 106,
#CLI: Ooh, I needed that app?m3(106)!
#CLI: We meet again, Doctor Jones!
#CLI: Come get some app!m1(106, 63, 12, 4, 88)!
-76, 106, 63, 12, 4, 88,
#CLI: Come get some app!m2(106, 63, 12)!
-75, 106, 63, 12,
#APP: Ooh, I needed that app?m1(106, 63, 12, 4, 88)!
#APP: Ooh, I needed that app?m2(106, 63, 12)!
#APP: Come get some app!m3(106)!
-74, 106,
#CLI: Ooh, I needed that app?m3(106)!
#CLI: We meet again, Doctor Jones!
#CLI: Come get some app!m1(106, 63, 108, 195, 153)!
-76, 106, 63, 108, 195, 153,
#CLI: Come get some app!m2(106, 63, 108)!
-75, 106, 63, 108,
#APP: Ooh, I needed that app?m1(106, 63, 108, 195, 153)!
#APP: Ooh, I needed that app?m2(106, 63, 108)!
#APP: Come get some app!m3(106)!
-74, 106,
#CLI: Ooh, I needed that app?m3(106)!
#CLI: We meet again, Doctor Jones!
#CLI: Come get some app!m1(106, 63, 164, 193, 232)!
-76, 106, 63, 164, 193, 232,
#CLI: Come get some app!m2(106, 63, 164)!
-75, 106, 63, 164,
#APP: Ooh, I needed that app?m1(106, 63, 164, 193, 232)!
#APP: Ooh, I needed that app?m2(106, 63, 164)!
#APP: Come get some app!m3(106)!
-74, 106,
#CLI: Ooh, I needed that app?m3(106)!
#CLI: We meet again, Doctor Jones!
#CLI: Come get some app!m1(106, 63, 75, 174, 172)!
-76, 106, 63, 75, 174, 172,
#CLI: Come get some app!m2(106, 63, 75)!
-75, 106, 63, 75,
#APP: Ooh, I needed that app?m1(106, 63, 75, 174, 172)!
#APP: Ooh, I needed that app?m2(106, 63, 75)!
#APP: Come get some app!m3(106)!
-74, 106,
#CLI: Ooh, I needed that app?m3(106)!
#CLI: We meet again, Doctor Jones!
#CLI: Come get some app!m1(106, 63, 161, 3, 117)!
-76, 106, 63, 161, 3, 117,
#CLI: Come get some app!m2(106, 63, 161)!
-75, 106, 63, 161,
#APP: Ooh, I needed that app?m1(106, 63, 161, 3, 117)!
#APP: Ooh, I needed that app?m2(106, 63, 161)!
#APP: Come get some app!m3(106)!
-74, 106,
#CLI: Ooh, I needed that app?m3(106)!
#CLI: We meet again, Doctor Jones!
#CLI: Come get some app!m1(106, 63, 163, 93, 110)!
-76, 106, 63, 163, 93, 110,
#CLI: Come get some app!m2(106, 63, 163)!
-75, 106, 63, 163,
#APP: Ooh, I needed that app?m1(106, 63, 163, 93, 110)!
#APP: Ooh, I needed that app?m2(106, 63, 163)!
#APP: Come get some app!m3(106)!
-74, 106,
#CLI: Ooh, I needed that app?m3(106)!
#CLI: We meet again, Doctor Jones!
#CLI: Come get some app!m1(106, 63, 185, 155, 201)!
-76, 106, 63, 185, 155, 201,
#CLI: Come get some app!m2(106, 63, 185)!
-75, 106, 63, 185,
#APP: Ooh, I needed that app?m1(106, 63, 185, 155, 201)!
#APP: Ooh, I needed that app?m2(106, 63, 185)!
#APP: Come get some app!m3(106)!
-74, 106,
#CLI: Ooh, I needed that app?m3(106)!
#CLI: We meet again, Doctor Jones!
#CLI: Come get some app!m1(106, 63, 142, 206, 165)!
-76, 106, 63, 142, 206, 165,
#CLI: Come get some app!m2(106, 63, 142)!
-75, 106, 63, 142,
#APP: Ooh, I needed that app?m1(106, 63, 142, 206, 165)!
#APP: Ooh, I needed that app?m2(106, 63, 142)!
#APP: Come get some app!m3(106)!
-74, 106,
#CLI: Ooh, I needed that app?m3(106)!
#CLI: We meet again, Doctor Jones!
#CLI: Come get some app!m1(106, 63, 80, 143, 208)!
-76, 106, 63, 80, 143, 208,
#CLI: Come get some app!m2(106, 63, 80)!
-75, 106, 63, 80,
#APP: Ooh, I needed that app?m1(106, 63, 80, 143, 208)!
#APP: Ooh, I needed that app?m2(106, 63, 80)!
#APP: Come get some app!m3(106)!
-74, 106,
#CLI: Ooh, I needed that app?m3(106)!
#CLI: We meet again, Doctor Jones!
#CLI: Come get some app!m1(106, 63, 53, 90, 27)!
-76, 106, 63, 53, 90, 27,
#CLI: Come get some app!m2(106, 63, 53)!
-75, 106, 63, 53,
#APP: Ooh, I needed that app?m1(106, 63, 53, 90, 27)!
#APP: Ooh, I needed that app?m2(106, 63, 53)!
#APP: Come get some app!m3(106)!
-74, 106,
#CLI: Ooh, I needed that app?m3(106)!
#CLI: We meet again, Doctor Jones!
#CLI: Come get some app!m1(106, 63, 101, 179, 69)!
-76, 106, 63, 101, 179, 69,
#CLI: Come get some app!m2(106, 63, 101)!
-75, 106, 63, 101,
#APP: Ooh, I needed that app?m1(106, 63, 101, 179, 69)!
#APP: Ooh, I needed that app?m2(106, 63, 101)!
#APP: Come get some app!m3(106)!
-74, 106,
#CLI: Ooh, I needed that app?m3(106)!
#CLI: We meet again, Doctor Jones!
#CLI: Come get some app!m1(106, 63, 102, 59, 127)!
-76, 106, 63, 102, 59, 127,
#CLI: Come get some app!m2(106, 63, 102)!
-75, 106, 63, 102,
#APP: Ooh, I needed that app?m1(106, 63, 102, 59, 127)!
#APP: Ooh, I needed that app?m2(106, 63, 102)!
#APP: Come get some app!m3(106)!
-74, 106,
#CLI: Ooh, I needed that app?m3(106)!
#CLI: We meet again, Doctor Jones!
#CLI: Come get some app!m1(106, 63, 197, 158, 241)!
-76, 106, 63, 197, 158, 241,
#CLI: Come get some app!m2(106, 63, 197)!
-75, 106, 63, 197,
#APP: Ooh, I needed that app?m1(106, 63, 197, 158, 241)!
#APP: Ooh, I needed that app?m2(106, 63, 197)!
#APP: Come get some app!m3(106)!
-74, 106,
#CLI: Ooh, I needed that app?m3(106)!
#CLI: We meet again, Doctor Jones!
#CLI: Come get some app!m1(106, 63, 5, 220, 129)!
-76, 106, 63, 5, 220, 129,
#CLI: Come get some app!m2(106, 63, 5)!
-75, 106, 63, 5,
#APP: Ooh, I needed that app?m1(106, 63, 5, 220, 129)!
#APP: Ooh, I needed that app?m2(106, 63, 5)!
#APP: Come get some app!m3(106)!
-74, 106,
#CLI: Ooh, I needed that app?m3(106)!
#CLI: We meet again, Doctor Jones!
#CLI: Come get some app!m1(106, 63, 243, 216, 241)!
-76, 106, 63, 243, 216, 241,
#CLI: Come get some app!m2(106, 63, 243)!
-75, 106, 63, 243,
#APP: Ooh, I needed that app?m1(106, 63, 243, 216, 241)!
#APP: Ooh, I needed that app?m2(106, 63, 243)!
#APP: Come get some app!m3(106)!
-74, 106,
#CLI: Ooh, I needed that app?m3(106)!
#CLI: We meet again, Doctor Jones!
#CLI: Come get some app!m1(106, 63, 105, 226, 20)!
-76, 106, 63, 105, 226, 20,
#CLI: Come get some app!m2(106, 63, 105)!
-75, 106, 63, 105,
#APP: Ooh, I needed that app?m1(106, 63, 105, 226, 20)!
#APP: Ooh, I needed that app?m2(106, 63, 105)!
#APP: Come get some app!m3(106)!
-74, 106,
#CLI: Ooh, I needed that app?m3(106)!
#CLI: We meet again, Doctor Jones!
#CLI: Come get some app!m1(106, 63, 88, 208, 165)!
-76, 106, 63, 88, 208, 165,
#CLI: Come get some app!m2(106, 63, 88)!
-75, 106, 63, 88,
#APP: Ooh, I needed that app?m1(106, 63, 88, 208, 165)!
#APP: Ooh, I needed that app?m2(106, 63, 88)!
#APP: Come get some app!m3(106)!
-74, 106,
#CLI: Ooh, I needed that app?m3(106)!
#CLI: We meet again, Doctor Jones!
#CLI: Come get some app!m1(106, 63, 8, 254, 178)!
-76, 106, 63, 8, 254, 178,
#CLI: Come get some app!m2(106, 63, 8)!
-75, 106, 63, 8,
#APP: Ooh, I needed that app?m1(106, 63, 8, 254, 178)!
#APP: Ooh, I needed that app?m2(106, 63, 8)!
#APP: Come get some app!m3(106)!
-74, 106,
#CLI: Ooh, I needed that app?m3(106)!
#CLI: We meet again, Doctor Jones!
#CLI: Come get some app!m1(106, 63, 202, 148, 6)!
-76, 106, 63, 202, 148, 6,
#CLI: Come get some app!m2(106, 63, 202)!
-75, 106, 63, 202,
#APP: Ooh, I needed that app?m1(106, 63, 202, 148, 6)!
#APP: Ooh, I needed that app?m2(106, 63, 202)!
#APP: Come get some app!m3(106)!
-74, 106,
#CLI: Ooh, I needed that app?m3(106)!
#CLI: We meet again, Doctor Jones!
#CLI: Come get some app!m1(106, 63, 55, 124, 165)!
-76, 106, 63, 55, 124, 165,
#CLI: Come get some app!m2(106, 63, 55)!
-75, 106, 63, 55,
#APP: Ooh, I needed that app?m1(106, 63, 55, 124, 165)!
#APP: Ooh, I needed that app?m2(106, 63, 55)!
#APP: Come get some app!m3(106)!
-74, 106,
#CLI: Ooh, I needed that app?m3(106)!
#CLI: We meet again, Doctor Jones!
#CLI: Come get some app!m1(106, 63, 6, 237, 198)!
-76, 106, 63, 6, 237, 198,
#CLI: Come get some app!m2(106, 63, 6)!
-75, 106, 63, 6,
#APP: Ooh, I needed that app?m1(106, 63, 6, 237, 198)!
#APP: Ooh, I needed that app?m2(106, 63, 6)!
#APP: Come get some app!m3(106)!
-74, 106,
#CLI: Ooh, I needed that app?m3(106)!
#CLI: We meet again, Doctor Jones!
#CLI: Come get some app!m1(106, 63, 227, 142, 74)!
-76, 106, 63, 227, 142, 74,
#CLI: Come get some app!m2(106, 63, 227)!
-75, 106, 63, 227,
#APP: Ooh, I needed that app?m1(106, 63, 227, 142, 74)!
#APP: Ooh, I needed that app?m2(106, 63, 227)!
#APP: Come get some app!m3(106)!
-74, 106,
#CLI: Ooh, I needed that app?m3(106)!
#CLI: We meet again, Doctor Jones!
#CLI: Come get some app!m1(106, 63, 145, 208, 101)!
-76, 106, 63, 145, 208, 101,
#CLI: Come get some app!m2(106, 63, 145)!
-75, 106, 63, 145,
#APP: Ooh, I needed that app?m1(106, 63, 145, 208, 101)!
#APP: Ooh, I needed that app?m2(106, 63, 145)!
#APP: Come get some app!m3(106)!
-74, 106,
#CLI: Ooh, I needed that app?m3(106)!
#CLI: We meet again, Doctor Jones!
#CLI: Come get some app!m1(106, 63, 238, 168, 220)!
-76, 106, 63, 238, 168, 220,
#CLI: Come get some app!m2(106, 63, 238)!
-75, 106, 63, 238,
#APP: Ooh, I needed that app?m1(106, 63, 238, 168, 220)!
#APP: Ooh, I needed that app?m2(106, 63, 238)!
#APP: Come get some app!m3(106)!
-74, 106,
#CLI: Ooh, I needed that app?m3(106)!
#CLI: We meet again, Doctor Jones!
#CLI: Come get some app!m1(106, 63, 84, 229, 147)!
-76, 106, 63, 84, 229, 147,
#CLI: Come get some app!m2(106, 63, 84)!
-75, 106, 63, 84,
#APP: Ooh, I needed that app?m1(106, 63, 84, 229, 147)!
#APP: Ooh, I needed that app?m2(106, 63, 84)!
#APP: Come get some app!m3(106)!
-74, 106,
#CLI: Ooh, I needed that app?m3(106)!
#CLI: We meet again, Doctor Jones!
#CLI: Come get some app!m1(106, 63, 121, 36, 222)!
-76, 106, 63, 121, 36, 222,
#CLI: Come get some app!m2(106, 63, 121)!
-75, 106, 63, 121,
#APP: Ooh, I needed that app?m1(106, 63, 121, 36, 222)!
#APP: Ooh, I needed that app?m2(106, 63, 121)!
#APP: Come get some app!m3(106)!
-74, 106,
#CLI: Ooh, I needed that app?m3(106)!
#CLI: We meet again, Doctor Jones!
#CLI: Come get some app!m1(106, 63, 139, 69, 224)!
-76, 106, 63, 139, 69, 224,
#CLI: Come get some app!m2(106, 63, 139)!
-75, 106, 63, 139,
#APP: Ooh, I needed that app?m1(106, 63, 139, 69, 224)!
#APP: Ooh, I needed that app?m2(106, 63, 139)!
#APP: Come get some app!m3(106)!
-74, 106,
#CLI: Ooh, I needed that app?m3(106)!
#CLI: We meet again, Doctor Jones!
#CLI: Come get some app!m1(106, 63, 81, 49, 179)!
-76, 106, 63, 81, 49, 179,
#CLI: Come get some app!m2(106, 63, 81)!
-75, 106, 63, 81,
#APP: Ooh, I needed that app?m1(106, 63, 81, 49, 179)!
#APP: Ooh, I needed that app?m2(106, 63, 81)!
#APP: Come get some app!m3(106)!
-74, 106,
#CLI: Ooh, I needed that app?m3(106)!
#CLI: We meet again, Doctor Jones!
#CLI: Come get some app!m1(106, 63, 177, 212, 28)!
-76, 106, 63, 177, 212, 28,
#CLI: Come get some app!m2(106, 63, 177)!
-75, 106, 63, 177,
#APP: Ooh, I needed that app?m1(106, 63, 177, 212, 28)!
#APP: Ooh, I needed that app?m2(106, 63, 177)!
#APP: Come get some app!m3(106)!
-74, 106,
#CLI: Ooh, I needed that app?m3(106)!
#CLI: We meet again, Doctor Jones!
#CLI: Come get some app!m1(106, 63, 84, 4, 242)!
-76, 106, 63, 84, 4, 242,
#CLI: Come get some app!m2(106, 63, 84)!
-75, 106, 63, 84,
#APP: Ooh, I needed that app?m1(106, 63, 84, 4, 242)!
#APP: Ooh, I needed that app?m2(106, 63, 84)!
#APP: Come get some app!m3(106)!
-74, 106,
#CLI: Ooh, I needed that app?m3(106)!
#CLI: We meet again, Doctor Jones!
#CLI: Come get some app!m1(106, 63, 232, 26, 235)!
-76, 106, 63, 232, 26, 235,
#CLI: Come get some app!m2(106, 63, 232)!
-75, 106, 63, 232,
#APP: Ooh, I needed that app?m1(106, 63, 232, 26, 235)!
#APP: Ooh, I needed that app?m2(106, 63, 232)!
#APP: Come get some app!m3(106)!
-74, 106,
#CLI: Ooh, I needed that app?m3(106)!
#CLI: We meet again, Doctor Jones!
#CLI: Come get some app!m1(106, 63, 40, 158, 174)!
-76, 106, 63, 40, 158, 174,
#CLI: Come get some app!m2(106, 63, 40)!
-75, 106, 63, 40,
#APP: Ooh, I needed that app?m1(106, 63, 40, 158, 174)!
#APP: Ooh, I needed that app?m2(106, 63, 40)!
#APP: Come get some app!m3(106)!
-74, 106,
#CLI: Ooh, I needed that app?m3(106)!
#CLI: We meet again, Doctor Jones!
#CLI: Come get some app!m1(106, 63, 174, 50, 242)!
-76, 106, 63, 174, 50, 242,
#CLI: Come get some app!m2(106, 63, 174)!
-75, 106, 63, 174,
#APP: Ooh, I needed that app?m1(106, 63, 174, 50, 242)!
#APP: Ooh, I needed that app?m2(106, 63, 174)!
#APP: Come get some app!m3(106)!
-74, 106,
#CLI: Ooh, I needed that app?m3(106)!
#CLI: We meet again, Doctor Jones!
#CLI: Come get some app!m1(106, 63, 105, 152, 219)!
-76, 106, 63, 105, 152, 219,
#CLI: Come get some app!m2(106, 63, 105)!
-75, 106, 63, 105,
#APP: Ooh, I needed that app?m1(106, 63, 105, 152, 219)!
#APP: Ooh, I needed that app?m2(106, 63, 105)!
#APP: Come get some app!m3(106)!
-74, 106,
#CLI: Ooh, I needed that app?m3(106)!
#CLI: We meet again, Doctor Jones!
#CLI: Come get some app!m1(106, 63, 245, 198, 79)!
-76, 106, 63, 245, 198, 79,
#CLI: Come get some app!m2(106, 63, 245)!
-75, 106, 63, 245,
#APP: Ooh, I needed that app?m1(106, 63, 245, 198, 79)!
#APP: Ooh, I needed that app?m2(106, 63, 245)!
#APP: Come get some app!m3(106)!
-74, 106,
#CLI: Ooh, I needed that app?m3(106)!
#CLI: We meet again, Doctor Jones!
#CLI: Come get some app!m1(106, 63, 208, 39, 94)!
-76, 106, 63, 208, 39, 94,
#CLI: Come get some app!m2(106, 63, 208)!
-75, 106, 63, 208,
#APP: Ooh, I needed that app?m1(106, 63, 208, 39, 94)!
#APP: Ooh, I needed that app?m2(106, 63, 208)!
#APP: Come get some app!m3(106)!
-74, 106,
#CLI: Ooh, I needed that app?m3(106)!
#CLI: We meet again, Doctor Jones!
#CLI: Come get some app!m1(106, 63, 162, 86, 174)!
-76, 106, 63, 162, 86, 174,
#CLI: Come get some app!m2(106, 63, 162)!
-75, 106, 63, 162,
#APP: Ooh, I needed that app?m1(106, 63, 162, 86, 174)!
#APP: Ooh, I needed that app?m2(106, 63, 162)!
#APP: Come get some app!m3(106)!
-74, 106,
#CLI: Ooh, I needed that app?m3(106)!
#CLI: We meet again, Doctor Jones!
#CLI: Come get some app!m1(106, 63, 89, 219, 27)!
-76, 106, 63, 89, 219, 27,
#CLI: Come get some app!m2(106, 63, 89)!
-75, 106, 63, 89,
#APP: Ooh, I needed that app?m1(106, 63, 89, 219, 27)!
#APP: Ooh, I needed that app?m2(106, 63, 89)!
#APP: Come get some app!m3(106)!
-74, 106,
#CLI: Ooh, I needed that app?m3(106)!
#CLI: We meet again, Doctor Jones!
#CLI: Come get some app!m1(106, 63, 16, 85, 49)!
-76, 106, 63, 16, 85, 49,
#CLI: Come get some app!m2(106, 63, 16)!
-75, 106, 63, 16,
#APP: Ooh, I needed that app?m1(106, 63, 16, 85, 49)!
#APP: Ooh, I needed that app?m2(106, 63, 16)!
#APP: Come get some app!m3(106)!
-74, 106,
#CLI: Ooh, I needed that app?m3(106)!
#CLI: We meet again, Doctor Jones!
#CLI: Come get some app!m1(106, 63, 140, 143, 31)!
-76, 106, 63, 140, 143, 31,
#CLI: Come get some app!m2(106, 63, 140)!
-75, 106, 63, 140,
#APP: Ooh, I needed that app?m1(106, 63, 140, 143, 31)!
#APP: Ooh, I needed that app?m2(106, 63, 140)!
#APP: Come get some app!m3(106)!
-74, 106,
#CLI: Ooh, I needed that app?m3(106)!
#CLI: We meet again, Doctor Jones!
#CLI: Come get some app!m1(106, 63, 22, 224, 82)!
-76, 106, 63, 22, 224, 82,
#CLI: Come get some app!m2(106, 63, 22)!
-75, 106, 63, 22,
#APP: Ooh, I needed that app?m1(106, 63, 22, 224, 82)!
#APP: Ooh, I needed that app?m2(106, 63, 22)!
#APP: Come get some app!m3(106)!
-74, 106,
#CLI: Ooh, I needed that app?m3(106)!
#CLI: We meet again, Doctor Jones!
#CLI: Come get some app!m1(106, 63, 236, 247, 32)!
-76, 106, 63, 236, 247, 32,
#CLI: Come get some app!m2(106, 63, 236)!
-75, 106, 63, 236,
#APP: Ooh, I needed that app?m1(106, 63, 236, 247, 32)!
#APP: Ooh, I needed that app?m2(106, 63, 236)!
#APP: Come get some app!m3(106)!
-74, 106,
#CLI: Ooh, I needed that app?m3(106)!
#CLI: We meet again, Doctor Jones!
#CLI: Come get some app!m1(106, 63, 198, 178, 153)!
-76, 106, 63, 198, 178, 153,
#CLI: Come get some app!m2(106, 63, 198)!
-75, 106, 63, 198,
#APP: Ooh, I needed that app?m1(106, 63, 198, 178, 153)!
#APP: Ooh, I needed that app?m2(106, 63, 198)!
#APP: Come get some app!m3(106)!
-74, 106,
#CLI: Ooh, I needed that app?m3(106)!
#CLI: We meet again, Doctor Jones!
#CLI: Come get some app!m1(106, 63, 4, 5, 136)!
-76, 106, 63, 4, 5, 136,
#CLI: Come get some app!m2(106, 63, 4)!
-75, 106, 63, 4,
#APP: Ooh, I needed that app?m1(106, 63, 4, 5, 136)!
#APP: Ooh, I needed that app?m2(106, 63, 4)!
#APP: Come get some app!m3(106)!
-74, 106,
#CLI: Ooh, I needed that app?m3(106)!
#CLI: We meet again, Doctor Jones!
#CLI: Come get some app!m1(106, 63, 231, 224, 96)!
-76, 106, 63, 231, 224, 96,
#CLI: Come get some app!m2(106, 63, 231)!
-75, 106, 63, 231,
#APP: Ooh, I needed that app?m1(106, 63, 231, 224, 96)!
#APP: Ooh, I needed that app?m2(106, 63, 231)!
#APP: Come get some app!m3(106)!
-74, 106,
#CLI: Ooh, I needed that app?m3(106)!
#CLI: We meet again, Doctor Jones!
#CLI: Come get some app!m1(106, 63, 235, 141, 163)!
-76, 106, 63, 235, 141, 163,
#CLI: Come get some app!m2(106, 63, 235)!
-75, 106, 63, 235,
#APP: Ooh, I needed that app?m1(106, 63, 235, 141, 163)!
#APP: Ooh, I needed that app?m2(106, 63, 235)!
#APP: Come get some app!m3(106)!
-74, 106,
#CLI: Ooh, I needed that app?m3(106)!
#CLI: We meet again, Doctor Jones!
#CLI: Come get some app!m1(106, 63, 25, 25, 141)!
-76, 106, 63, 25, 25, 141,
#CLI: Come get some app!m2(106, 63, 25)!
-75, 106, 63, 25,
#APP: Ooh, I needed that app?m1(106, 63, 25, 25, 141)!
#APP: Ooh, I needed that app?m2(106, 63, 25)!
#APP: Come get some app!m3(106)!
-74, 106,
#CLI: Ooh, I needed that app?m3(106)!
#CLI: We meet again, Doctor Jones!
#CLI: Come get some app!m1(106, 63, 231, 76, 188)!
-76, 106, 63, 231, 76, 188,
#CLI: Come get some app!m2(106, 63, 231)!
-75, 106, 63, 231,
#APP: Ooh, I needed that app?m1(106, 63, 231, 76, 188)!
#APP: Ooh, I needed that app?m2(106, 63, 231)!
#APP: Come get some app!m3(106)!
-74, 106,
#CLI: Ooh, I needed that app?m3(106)!
#CLI: We meet again, Doctor Jones!
#CLI: Come get some app!m1(106, 63, 178, 155, 254)!
-76, 106, 63, 178, 155, 254,
#CLI: Come get some app!m2(106, 63, 178)!
-75, 106, 63, 178,
#APP: Ooh, I needed that app?m1(106, 63, 178, 155, 254)!
#APP: Ooh, I needed that app?m2(106, 63, 178)!
#APP: Come get some app!m3(106)!
-74, 106,
#CLI: Ooh, I needed that app?m3(106)!
#CLI: We meet again, Doctor Jones!
#CLI: Come get some app!m1(106, 63, 145, 169, 8)!
-76, 106, 63, 145, 169, 8,
#CLI: Come get some app!m2(106, 63, 145)!
-75, 106, 63, 145,
#APP: Ooh, I needed that app?m1(106, 63, 145, 169, 8)!
#APP: Ooh, I needed that app?m2(106, 63, 145)!
#APP: Come get some app!m3(106)!
-74, 106,
#CLI: Ooh, I needed that app?m3(106)!
#CLI: We meet again, Doctor Jones!
#CLI: Come get some app!m1(106, 63, 255, 219, 126)!
-76, 106, 63, 255, 219, 126,
#CLI: Come get some app!m2(106, 63, 255)!
-75, 106, 63, 255,
#APP: Ooh, I needed that app?m1(106, 63, 255, 219, 126)!
#APP: Ooh, I needed that app?m2(106, 63, 255)!
#APP: Come get some app!m3(106)!
-74, 106,
#CLI: Ooh, I needed that app?m3(106)!
#CLI: We meet again, Doctor Jones!
#CLI: Come get some app!m1(106, 63, 109, 82, 214)!
-76, 106, 63, 109, 82, 214,
#CLI: Come get some app!m2(106, 63, 109)!
-75, 106, 63, 109,
#APP: Ooh, I needed that app?m1(106, 63, 109, 82, 214)!
#APP: Ooh, I needed that app?m2(106, 63, 109)!
#APP: Come get some app!m3(106)!
-74, 106,
#CLI: Ooh, I needed that app?m3(106)!
#CLI: We meet again, Doctor Jones!
#CLI: Come get some app!m1(106, 63, 118, 108, 62)!
-76, 106, 63, 118, 108, 62,
#CLI: Come get some app!m2(106, 63, 118)!
-75, 106, 63, 118,
#APP: Ooh, I needed that app?m1(106, 63, 118, 108, 62)!
#APP: Ooh, I needed that app?m2(106, 63, 118)!
#APP: Come get some app!m3(106)!
-74, 106,
#CLI: Ooh, I needed that app?m3(106)!
#CLI: We meet again, Doctor Jones!
#CLI: Come get some app!m1(106, 63, 151, 0, 210)!
-76, 106, 63, 151, 0, 210,
#CLI: Come get some app!m2(106, 63, 151)!
-75, 106, 63, 151,
#APP: Ooh, I needed that app?m1(106, 63, 151, 0, 210)!
#APP: Ooh, I needed that app?m2(106, 63, 151)!
#APP: Come get some app!m3(106)!
-74, 106,
#CLI: Ooh, I needed that app?m3(106)!
#CLI: We meet again, Doctor Jones!
#CLI: Come get some app!m1(106, 63, 224, 18, 28)!
-76, 106, 63, 224, 18, 28,
#CLI: Come get some app!m2(106, 63, 224)!
-75, 106, 63, 224,
#APP: Ooh, I needed that app?m1(106, 63, 224, 18, 28)!
#APP: Ooh, I needed that app?m2(106, 63, 224)!
#APP: Come get some app!m3(106)!
-74, 106,
#CLI: Ooh, I needed that app?m3(106)!
#CLI: We meet again, Doctor Jones!
#CLI: Come get some app!m1(106, 63, 234, 28, 104)!
-76, 106, 63, 234, 28, 104,
#CLI: Come get some app!m2(106, 63, 234)!
-75, 106, 63, 234,
#APP: Ooh, I needed that app?m1(106, 63, 234, 28, 104)!
#APP: Ooh, I needed that app?m2(106, 63, 234)!
#APP: Come get some app!m3(106)!
-74, 106,
#CLI: Ooh, I needed that app?m3(106)!
#CLI: We meet again, Doctor Jones!
#CLI: Come get some app!m1(106, 63, 125, 135, 228)!
-76, 106, 63, 125, 135, 228,
#CLI: Come get some app!m2(106, 63, 125)!
-75, 106, 63, 125,
#CLI: What are you waitin for? Christmas?
#APP: Ooh, I needed that app?m1(106, 63, 125, 135, 228)!
#APP: Ooh, I needed that app?m2(106, 63, 125)!
#APP: Come get some app!m3(106)!
-74, 106,