#CLI: Come get some app!m1(144, 34, 205, 82, 176)!
-76, 144, 34, 205, 82, 176,
#CLI: Come get some app!m2(144, 34, 205)!
-75, 144, 34, 205,
#APP: Ooh, I needed that app?m1(144, 34, 205, 82, 176)!
#APP: Ooh, I needed that app?m2(144, 34, 205)!
#APP: Come get some app!m3(144)!
-74, 144,
#CLI: Ooh, I needed that app?m3(144)!
#CLI: We meet again, Doctor Jones!
#CLI: Come get some app!m1(144, 34, 195, 98, 59)!
-76, 144, 34, 195, 98, 59,
#CLI: Come get some app!m2(144, 34, 195)!
-75, 144, 34, 195,
#APP: Ooh, I needed that app?m1(144, 34, 195, 98, 59)!
#APP: Ooh, I needed that app?m2(144, 34, 195)!
#APP: Come get some app!m3(144)!
-74, 144,
#CLI: Ooh, I needed that app?m3(144)!
#CLI: We meet again, Doctor Jones!
#CLI: Come get some app!m1(144, 34, 64, 224, 30)!
-76, 144, 34, 64, 224, 30,
#CLI: Come get some app!m2(144, 34, 64)!
-75, 144, 34, 64,
#APP: Ooh, I needed that app?m1(144, 34, 64, 224, 30)!
#APP: Ooh, I needed that app?m2(144, 34, 64)!
#APP: Come get some app!m3(144)!
-74, 144,
#CLI: Ooh, I needed that app?m3(144)!
#CLI: We meet again, Doctor Jones!
#CLI: Come get some app!m1(144, 34, 149, 105, 224)!
-76, 144, 34, 149, 105, 224,
#CLI: Come get some app!m2(144, 34, 149)!
-75, 144, 34, 149,
#APP: Ooh, I needed that app?m1(144, 34, 149, 105, 224)!
#APP: Ooh, I needed that app?m2(144, 34, 149)!
#APP: Come get some app!m3(144)!
-74, 144,
#CLI: Ooh, I needed that app?m3(144)!
#CLI: We meet again, Doctor Jones!
#CLI: Come get some app!m1(144, 34, 102, 226, 100)!
-76, 144, 34, 102, 226, 100,
#CLI: Come get some app!m2(144, 34, 102)!
-75, 144, 34, 102,
#APP: Ooh, I needed that app?m1(144, 34, 102, 226, 100)!
#APP: Ooh, I needed that app?m2(144, 34, 102)!
#APP: Come get some app!m3(144)!
-74, 144,
#CLI: Ooh, I needed that app?m3(144)!
#CLI: We meet again, Doctor Jones!
#CLI: Come get some app!m1(144, 34, 120, 11, 213)!
-76, 144, 34, 120, 11, 213,
#CLI: Come get some app!m2(144, 34, 120)!
-75, 144, 34, 120,
#APP: Ooh, I needed that app?m1(144, 34, 120, 11, 213)!
#APP: Ooh, I needed that app?m2(144, 34, 120)!
#APP: Come get some app!m3(144)!
-74, 144,
#CLI: Ooh, I needed that app?m3(144)!
#CLI: We meet again, Doctor Jones!
#CLI: Come get some app!m1(144, 34, 75, 35, 149)!
-76, 144, 34, 75, 35, 149,
#CLI: Come get some app!m2(144, 34, 75)!
-75, 144, 34, 75,
#APP: Ooh, I needed that app?m1(144, 34, 75, 35, 149)!
#APP: Ooh, I needed that app?m2(144, 34, 75)!
#APP: Come get some app!m3(144)!
-74, 144,
#CLI: Ooh, I needed that app?m3(144)!
#CLI: We meet again, Doctor Jones!
#CLI: Come get some app!m1(144, 34, 17, 221, 121)!
-76, 144, 34, 17, 221, 121,
#CLI: Come get some app!m2(144, 34, 17)!
-75, 144, 34, 17,
#APP: Ooh, I needed that app?m1(144, 34, 17, 221, 121)!
#APP: Ooh, I needed that app?m2(144, 34, 17)!
#APP: Come get some app!m3(144)!
-74, 144,
#CLI: Ooh, I needed that app?m3(144)!
#CLI: We meet again, Doctor Jones!
#CLI: Come get some app!m1(144, 34, 192, 73, 236)!
-76, 144, 34, 192, 73, 236,
#CLI: Come get some app!m2(144, 34, 192)!
-75, 144, 34, 192,
#APP: Ooh, I needed that app?m1(144, 34, 192, 73, 236)!
#APP: Ooh, I needed that app?m2(144, 34, 192)!
#APP: Come get some app!m3(144)!
-74, 144,
#CLI: Ooh, I needed that app?m3(144)!
#CLI: We meet again, Doctor Jones!
#CLI: Come get some app!m1(144, 34, 68, 171, 95)!
-76, 144, 34, 68, 171, 95,
#CLI: Come get some app!m2(144, 34, 68)!
-75, 144, 34, 68,
#APP: Ooh, I needed that app?m1(144, 34, 68, 171, 95)!
#APP: Ooh, I needed that app?m2(144, 34, 68)!
#APP: Come get some app!m3(144)!
-74, 144,
#CLI: Ooh, I needed that app?m3(144)!
#CLI: We meet again, Doctor Jones!
#CLI: Come get some app!m1(144, 34, 86, 212, 122)!
-76, 144, 34, 86, 212, 122,
#CLI: Come get some app!m2(144, 34, 86)!
-75, 144, 34, 86,
#APP: Ooh, I needed that app?m1(144, 34, 86, 212, 122)!
#APP: Ooh, I needed that app?m2(144, 34, 86)!
#APP: Come get some app!m3(144)!
-74, 144,
#CLI: Ooh, I needed that app?m3(144)!
#CLI: We meet again, Doctor Jones!
#CLI: Come get some app!m1(144, 34, 9, 213, 138)!
-76, 144, 34, 9, 213, 138,
#CLI: Come get some app!m2(144, 34, 9)!
-75, 144, 34, 9,
#APP: Ooh, I needed that app?m1(144, 34, 9, 213, 138)!
#APP: Ooh, I needed that app?m2(144, 34, 9)!
#APP: Come get some app!m3(144)!
-74, 144,
#CLI: Ooh, I needed that app?m3(144)!
#CLI: We meet again, Doctor Jones!
#CLI: Come get some app!m1(144, 34, 200, 49, 216)!
-76, 144, 34, 200, 49, 216,
#CLI: Come get some app!m2(144, 34, 200)!
-75, 144, 34, 200,
#APP: Ooh, I needed that app?m1(144, 34, 200, 49, 216)!
#APP: Ooh, I needed that app?m2(144, 34, 200)!
#APP: Come get some app!m3(144)!
-74, 144,
#CLI: Ooh, I needed that app?m3(144)!
#CLI: We meet again, Doctor Jones!
#CLI: Come get some app!m1(144, 34, 50, 59, 228)!
-76, 144, 34, 50, 59, 228,
#CLI: Come get some app!m2(144, 34, 50)!
-75, 144, 34, 50,
#APP: Ooh, I needed that app?m1(144, 34, 50, 59, 228)!
#APP: Ooh, I needed that app?m2(144, 34, 50)!
#APP: Come get some app!m3(144)!
-74, 144,
#CLI: Ooh, I needed that app?m3(144)!
#CLI: We meet again, Doctor Jones!
#CLI: Come get some app!m1(144, 34, 151, 40, 66)!
-76, 144, 34, 151, 40, 66,
#CLI: Come get some app!m2(144, 34, 151)!
-75, 144, 34, 151,
#APP: Ooh, I needed that app?m1(144, 34, 151, 40, 66)!
#APP: Ooh, I needed that app?m2(144, 34, 151)!
#APP: Come get some app!m3(144)!
-74, 144,
#CLI: Ooh, I needed that app?m3(144)!
#CLI: We meet again, Doctor Jones!
#CLI: Come get some app!m1(144, 34, 126, 106, 132)!
-76, 144, 34, 126, 106, 132,
#CLI: Come get some app!m2(144, 34, 126)!
-75, 144, 34, 126,
#APP: Ooh, I needed that app?m1(144, 34, 126, 106, 132)!
#APP: Ooh, I needed that app?m2(144, 34, 126)!
#APP: Come get some app!m3(144)!
-74, 144,
#CLI: Ooh, I needed that app?m3(144)!
#CLI: We meet again, Doctor Jones!
#CLI: Come get some app!m1(144, 34, 140, 226, 187)!
-76, 144, 34, 140, 226, 187,
#CLI: Come get some app!m2(144, 34, 140)!
-75, 144, 34, 140,
#APP: Ooh, I needed that app?m1(144, 34, 140, 226, 187)!
#APP: Ooh, I needed that app?m2(144, 34, 140)!
#APP: Come get some app!m3(144)!
-74, 144,
#CLI: Ooh, I needed that app?m3(144)!
#CLI: We meet again, Doctor Jones!
#CLI: Come get some app!m1(144, 34, 87, 243, 111)!
-76, 144, 34, 87, 243, 111,
#CLI: Come get some app!m2(144, 34, 87)!
-75, 144, 34, 87,
#APP: Ooh, I needed that app?m1(144, 34, 87, 243, 111)!
#APP: Ooh, I needed that app?m2(144, 34, 87)!
#APP: Come get some app!m3(144)!
-74, 144,
#CLI: Ooh, I needed that app?m3(144)!
#CLI: We meet again, Doctor Jones!
#CLI: Come get some app!m1(144, 34, 113, 132, 208)!
-76, 144, 34, 113, 132, 208,
#CLI: Come get some app!m2(144, 34, 113)!
-75, 144, 34, 113,
#APP: Ooh, I needed that app?m1(144, 34, 113, 132, 208)!
#APP: Ooh, I needed that app?m2(144, 34, 113)!
#APP: Come get some app!m3(144)!
-74, 144,
#CLI: Ooh, I needed that app?m3(144)!
#CLI: We meet again, Doctor Jones!
#CLI: Come get some app!m1(144, 34, 90, 178, 44)!
-76, 144, 34, 90, 178, 44,
#CLI: Come get some app!m2(144, 34, 90)!
-75, 144, 34, 90,
#APP: Ooh, I needed that app?m1(144, 34, 90, 178, 44)!
#APP: Ooh, I needed that app?m2(144, 34, 90)!
#APP: Come get some app!m3(144)!
-74, 144,
#CLI: Ooh, I needed that app?m3(144)!
#CLI: We meet again, Doctor Jones!
#CLI: Come get some app!m1(144, 34, 217, 31, 233)!
-76, 144, 34, 217, 31, 233,
#CLI: Come get some app!m2(144, 34, 217)!
-75, 144, 34, 217,
#APP: Ooh, I needed that app?m1(144, 34, 217, 31, 233)!
#APP: Ooh, I needed that app?m2(144, 34, 217)!
#APP: Come get some app!m3(144)!
-74, 144,
#CLI: Ooh, I needed that app?m3(144)!
#CLI: We meet again, Doctor Jones!
#CLI: Come get some app!m1(144, 34, 76, 178, 2)!
-76, 144, 34, 76, 178, 2,
#CLI: Come get some app!m2(144, 34, 76)!
-75, 144, 34, 76,
#APP: Ooh, I needed that app?m1(144, 34, 76, 178, 2)!
#APP: Ooh, I needed that app?m2(144, 34, 76)!
#APP: Come get some app!m3(144)!
-74, 144,
#CLI: Ooh, I needed that app?m3(144)!
#CLI: We meet again, Doctor Jones!
#CLI: Come get some app!m1(144, 34, 85, 100, 82)!
-76, 144, 34, 85, 100, 82,
#CLI: Come get some app!m2(144, 34, 85)!
-75, 144, 34, 85,
#APP: Ooh, I needed that app?m1(144, 34, 85, 100, 82)!
#APP: Ooh, I needed that app?m2(144, 34, 85)!
#APP: Come get some app!m3(144)!
-74, 144,
#CLI: Ooh, I needed that app?m3(144)!
#CLI: We meet again, Doctor Jones!
#CLI: Come get some app!m1(144, 34, 48, 161, 68)!
-76, 144, 34, 48, 161, 68,
#CLI: Come get some app!m2(144, 34, 48)!
-75, 144, 34, 48,
#APP: Ooh, I needed that app?m1(144, 34, 48, 161, 68)!
#APP: Ooh, I needed that app?m2(144, 34, 48)!
#APP: Come get some app!m3(144)!
-74, 144,
#CLI: Ooh, I needed that app?m3(144)!
#CLI: We meet again, Doctor Jones!
#CLI: Come get some app!m1(144, 34, 243, 191, 33)!
-76, 144, 34, 243, 191, 33,
#CLI: Come get some app!m2(144, 34, 243)!
-75, 144, 34, 243,
#APP: Ooh, I needed that app?m1(144, 34, 243, 191, 33)!
#APP: Ooh, I needed that app?m2(144, 34, 243)!
#APP: Come get some app!m3(144)!
-74, 144,
#CLI: Ooh, I needed that app?m3(144)!
#CLI: We meet again, Doctor Jones!
#CLI: Come get some app!m1(144, 34, 111, 199, 52)!
-76, 144, 34, 111, 199, 52,
#CLI: Come get some app!m2(144, 34, 111)!
-75, 144, 34, 111,
#APP: Ooh, I needed that app?m1(144, 34, 111, 199, 52)!
#APP: Ooh, I needed that app?m2(144, 34, 111)!
#APP: Come get some app!m3(144)!
-74, 144,
#CLI: Ooh, I needed that app?m3(144)!
#CLI: We meet again, Doctor Jones!
#CLI: Come get some app!m1(144, 34, 59, 213, 237)!
-76, 144, 34, 59, 213, 237,
#CLI: Come get some app!m2(144, 34, 59)!
-75, 144, 34, 59,
#APP: Ooh, I needed that app?m1(144, 34, 59, 213, 237)!
#APP: Ooh, I needed that app?m2(144, 34, 59)!
#APP: Come get some app!m3(144)!
-74, 144,
#CLI: Ooh, I needed that app?m3(144)!
#CLI: We meet again, Doctor Jones!
#CLI: Come get some app!m1(144, 34, 98, 230, 6)!
-76, 144, 34, 98, 230, 6,
#CLI: Come get some app!m2(144, 34, 98)!
-75, 144, 34, 98,
#APP: Ooh, I needed that app?m1(144, 34, 98, 230, 6)!
#APP: Ooh, I needed that app?m2(144, 34, 98)!
#APP: Come get some app!m3(144)!
-74, 144,
#CLI: Ooh, I needed that app?m3(144)!
#CLI: We meet again, Doctor Jones!
#CLI: Come get some app!m1(144, 34, 117, 160, 42)!
-76, 144, 34, 117, 160, 42,
#CLI: Come get some app!m2(144, 34, 117)!
-75, 144, 34, 117,
#APP: Ooh, I needed that app?m1(144, 34, 117, 160, 42)!
#APP: Ooh, I needed that app?m2(144, 34, 117)!
#APP: Come get some app!m3(144)!
-74, 144,
#CLI: Ooh, I needed that app?m3(144)!
#CLI: We meet again, Doctor Jones!
#CLI: Come get some app!m1(144, 34, 215, 58, 85)!
-76, 144, 34, 215, 58, 85,
#CLI: Come get some app!m2(144, 34, 215)!
-75, 144, 34, 215,
#APP: Ooh, I needed that app?m1(144, 34, 215, 58, 85)!
#APP: Ooh, I needed that app?m2(144, 34, 215)!
#APP: Come get some app!m3(144)!
-74, 144,
#CLI: Ooh, I needed that app?m3(144)!
#CLI: We meet again, Doctor Jones!
#CLI: Come get some app!m1(144, 34, 97, 218, 207)!
-76, 144, 34, 97, 218, 207,
#CLI: Come get some app!m2(144, 34, 97)!
-75, 144, 34, 97,
#APP: Ooh, I needed that app?m1(144, 34, 97, 218, 207)!
#APP: Ooh, I needed that app?m2(144, 34, 97)!
#APP: Come get some app!m3(144)!
-74, 144,
#CLI: Ooh, I needed that app?m3(144)!
#CLI: We meet again, Doctor Jones!
#CLI: Come get some app!m1(144, 34, 170, 187, 14)!
-76, 144, 34, 170, 187, 14,
#CLI: Come get some app!m2(144, 34, 170)!
-75, 144, 34, 170,
#APP: Ooh, I needed that app?m1(144, 34, 170, 187, 14)!
#APP: Ooh, I needed that app?m2(144, 34, 170)!
#APP: Come get some app!m3(144)!
-74, 144,
#CLI: Ooh, I needed that app?m3(144)!
#CLI: We meet again, Doctor Jones!
#CLI: Come get some app!m1(144, 34, 78, 157, 84)!
-76, 144, 34, 78, 157, 84,
#CLI: Come get some app!m2(144, 34, 78)!
-75, 144, 34, 78,
#APP: Ooh, I needed that app?m1(144, 34, 78, 157, 84)!
#APP: Ooh, I needed that app?m2(144, 34, 78)!
#APP: Come get some app!m3(144)!
-74, 144,
#CLI: Ooh, I needed that app?m3(144)!
#CLI: We meet again, Doctor Jones!
#CLI: Come get some app!m1(144, 34, 209, 211, 234)!
-76, 144, 34, 209, 211, 234,
#CLI: Come get some app!m2(144, 34, 209)!
-75, 144, 34, 209,
#APP: Ooh, I needed that app?m1(144, 34, 209, 211, 234)!
#APP: Ooh, I needed that app?m2(144, 34, 209)!
#APP: Come get some app!m3(144)!
-74, 144,
#CLI: Ooh, I needed that app?m3(144)!
#CLI: We meet again, Doctor Jones!
#CLI: Come get some app!m1(144, 34, 101, 14, 238)!
-76, 144, 34, 101, 14, 238,
#CLI: Come get some app!m2(144, 34, 101)!
-75, 144, 34, 101,
#APP: Ooh, I needed that app?m1(144, 34, 101, 14, 238)!
#APP: Ooh, I needed that app?m2(144, 34, 101)!
#APP: Come get some app!m3(144)!
-74, 144,
#CLI: Ooh, I needed that app?m3(144)!
#CLI: We meet again, Doctor Jones!
#CLI: Come get some app!m1(144, 34, 96, 30, 149)!
-76, 144, 34, 96, 30, 149,
#CLI: Come get some app!m2(144, 34, 96)!
-75, 144, 34, 96,
#APP: Ooh, I needed that app?m1(144, 34, 96, 30, 149)!
#APP: Ooh, I needed that app?m2(144, 34, 96)!
#APP: Come get some app!m3(144)!
-74, 144,
#CLI: Ooh, I needed that app?m3(144)!
#CLI: We meet again, Doctor Jones!
#CLI: Come get some app!m1(144, 34, 149, 96, 143)!
-76, 144, 34, 149, 96, 143,
#CLI: Come get some app!m2(144, 34, 149)!
-75, 144, 34, 149,
#APP: Ooh, I needed that app?m1(144, 34, 149, 96, 143)!
#APP: Ooh, I needed that app?m2(144, 34, 149)!
#APP: Come get some app!m3(144)!
-74, 144,
#CLI: Ooh, I needed that app?m3(144)!
#CLI: We meet again, Doctor Jones!
#CLI: Come get some app!m1(144, 34, 147, 184, 106)!
-76, 144, 34, 147, 184, 106,
#CLI: Come get some app!m2(144, 34, 147)!
-75, 144, 34, 147,
#APP: Ooh, I needed that app?m1(144, 34, 147, 184, 106)!
#APP: Ooh, I needed that app?m2(144, 34, 147)!
#APP: Come get some app!m3(144)!
-74, 144,
#CLI: Ooh, I needed that app?m3(144)!
#CLI: We meet again, Doctor Jones!
#CLI: Come get some app!m1(144, 34, 101, 213, 93)!
-76, 144, 34, 101, 213, 93,
#CLI: Come get some app!m2(144, 34, 101)!
-75, 144, 34, 101,
#APP: Ooh, I needed that app?m1(144, 34, 101, 213, 93)!
#APP: Ooh, I needed that app?m2(144, 34, 101)!
#APP: Come get some app!m3(144)!
-74, 144,
#CLI: Ooh, I needed that app?m3(144)!
#CLI: We meet again, Doctor Jones!
#CLI: Come get some app!m1(144, 34, 46, 70, 46)!
-76, 144, 34, 46, 70, 46,
#CLI: Come get some app!m2(144, 34, 46)!
-75, 144, 34, 46,
#APP: Ooh, I needed that app?m1(144, 34, 46, 70, 46)!
#APP: Ooh, I needed that app?m2(144, 34, 46)!
#APP: Come get some app!m3(144)!
-74, 144,
#CLI: Ooh, I needed that app?m3(144)!
#CLI: We meet again, Doctor Jones!
#CLI: Come get some app!m1(144, 34, 152, 79, 87)!
-76, 144, 34, 152, 79, 87,
#CLI: Come get some app!m2(144, 34, 152)!
-75, 144, 34, 152,
#APP: Ooh, I needed that app?m1(144, 34, 152, 79, 87)!
#APP: Ooh, I needed that app?m2(144, 34, 152)!
#APP: Come get some app!m3(144)!
-74, 144,
#CLI: Ooh, I needed that app?m3(144)!
#CLI: We meet again, Doctor Jones!
#CLI: Come get some app!m1(144, 34, 220, 9, 10)!
-76, 144, 34, 220, 9, 10,
#CLI: Come get some app!m2(144, 34, 220)!
-75, 144, 34, 220,
#APP: Ooh, I needed that app?m1(144, 34, 220, 9, 10)!
#APP: Ooh, I needed that app?m2(144, 34, 220)!
#APP: Come get some app!m3(144)!
-74, 144,
#CLI: Ooh, I needed that app?m3(144)!
#CLI: We meet again, Doctor Jones!
#CLI: Come get some app!m1(144, 34, 114, 166, 11)!
-76, 144, 34, 114, 166, 11,
#CLI: Come get some app!m2(144, 34, 114)!
-75, 144, 34, 114,
#APP: Ooh, I needed that app?m1(144, 34, 114, 166, 11)!
#APP: Ooh, I needed that app?m2(144, 34, 114)!
#APP: Come get some app!m3(144)!
-74, 144,
#CLI: Ooh, I needed that app?m3(144)!
#CLI: We meet again, Doctor Jones!
#CLI: Come get some app!m1(144, 34, 50, 169, 140)!
-76, 144, 34, 50, 169, 140,
#CLI: Come get some app!m2(144, 34, 50)!
-75, 144, 34, 50,
#APP: Ooh, I needed that app?m1(144, 34, 50, 169, 140)!
#APP: Ooh, I needed that app?m2(144, 34, 50)!
#APP: Come get some app!m3(144)!
-74, 144,
#CLI: Ooh, I needed that app?m3(144)!
#CLI: We meet again, Doctor Jones!
#CLI: Come get some app!m1(144, 34, 157, 68, 177)!
-76, 144, 34, 157, 68, 177,
#CLI: Come get some app!m2(144, 34, 157)!
-75, 144, 34, 157,
#APP: Ooh, I needed that app?m1(144, 34, 157, 68, 177)!
#APP: Ooh, I needed that app?m2(144, 34, 157)!
#APP: Come get some app!m3(144)!
-74, 144,
#CLI: Ooh, I needed that app?m3(144)!
#CLI: We meet again, Doctor Jones!
#CLI: Come get some app!m1(144, 34, 79, 158, 117)!
-76, 144, 34, 79, 158, 117,
#CLI: Come get some app!m2(144, 34, 79)!
-75, 144, 34, 79,
#APP: Ooh, I needed that app?m1(144, 34, 79, 158, 117)!
#APP: Ooh, I needed that app?m2(144, 34, 79)!
#APP: Come get some app!m3(144)!
-74, 144,
#CLI: Ooh, I needed that app?m3(144)!
#CLI: We meet again, Doctor Jones!
#CLI: Come get some app!m1(144, 34, 63, 148, 120)!
-76, 144, 34, 63, 148, 120,
#CLI: Come get some app!m2(144, 34, 63)!
-75, 144, 34, 63,
#APP: Ooh, I needed that app?m1(144, 34, 63, 148, 120)!
#APP: Ooh, I needed that app?m2(144, 34, 63)!
#APP: Come get some app!m3(144)!
-74, 144,
#CLI: Ooh, I needed that app?m3(144)!
#CLI: We meet again, Doctor Jones!
#CLI: Come get some app!m1(144, 34, 190, 46, 103)!
-76, 144, 34, 190, 46, 103,
#CLI: Come get some app!m2(144, 34, 190)!
-75, 144, 34, 190,
#APP: Ooh, I needed that app?m1(144, 34, 190, 46, 103)!
#APP: Ooh, I needed that app?m2(144, 34, 190)!
#APP: Come get some app!m3(144)!
-74, 144,
#CLI: Ooh, I needed that app?m3(144)!
#CLI: We meet again, Doctor Jones!
#CLI: Come get some app!m1(144, 34, 63, 54, 50)!
-76, 144, 34, 63, 54, 50,
#CLI: Come get some app!m2(144, 34, 63)!
-75, 144, 34, 63,
#APP: Ooh, I needed that app?m1(144, 34, 63, 54, 50)!
#APP: Ooh, I needed that app?m2(144, 34, 63)!
#APP: Come get some app!m3(144)!
-74, 144,
#CLI: Ooh, I needed that app?m3(144)!
#CLI: We meet again, Doctor Jones!
#CLI: Come get some app!m1(144, 34, 78, 143, 184)!
-76, 144, 34, 78, 143, 184,
#CLI: Come get some app!m2(144, 34, 78)!
-75, 144, 34, 78,
#APP: Ooh, I needed that app?m1(144, 34, 78, 143, 184)!
#APP: Ooh, I needed that app?m2(144, 34, 78)!
#APP: Come get some app!m3(144)!
-74, 144,
#CLI: Ooh, I needed that app?m3(144)!
#CLI: We meet again, Doctor Jones!
#CLI: Come get some app!m1(144, 34, 170, 240, 227)!
-76, 144, 34, 170, 240, 227,
#CLI: Come get some app!m2(144, 34, 170)!
-75, 144, 34, 170,
#APP: Ooh, I needed that app?m1(144, 34, 170, 240, 227)!
#APP: Ooh, I needed that app?m2(144, 34, 170)!
#APP: Come get some app!m3(144)!
-74, 144,
#CLI: Ooh, I needed that app?m3(144)!
#CLI: We meet again, Doctor Jones!
#CLI: Come get some app!m1(144, 34, 213, 90, 120)!
-76, 144, 34, 213, 90, 120,
#CLI: Come get some app!m2(144, 34, 213)!
-75, 144, 34, 213,
#APP: Ooh, I needed that app?m1(144, 34, 213, 90, 120)!
#APP: Ooh, I needed that app?m2(144, 34, 213)!
#APP: Come get some app!m3(144)!
-74, 144,
#CLI: Ooh, I needed that app?m3(144)!
#CLI: We meet again, Doctor Jones!
#CLI: Come get some app!m1(144, 34, 128, 247, 154)!
-76, 144, 34, 128, 247, 154,
#CLI: Come get some app!m2(144, 34, 128)!
-75, 144, 34, 128,
#APP: Ooh, I needed that app?m1(144, 34, 128, 247, 154)!
#APP: Ooh, I needed that app?m2(144, 34, 128)!
#APP: Come get some app!m3(144)!
-74, 144,
#CLI: Ooh, I needed that app?m3(144)!
#CLI: We meet again, Doctor Jones!
#CLI: Come get some app!m1(144, 34, 24, 142, 203)!
-76, 144, 34, 24, 142, 203,
#CLI: Come get some app!m2(144, 34, 24)!
-75, 144, 34, 24,
#APP: Ooh, I needed that app?m1(144, 34, 24, 142, 203)!
#APP: Ooh, I needed that app?m2(144, 34, 24)!
#APP: Come get some app!m3(144)!
-74, 144,
#CLI: Ooh, I needed that app?m3(144)!
#CLI: We meet again, Doctor Jones!
#CLI: Come get some app!m1(144, 34, 227, 106, 4)!
-76, 144, 34, 227, 106, 4,
#CLI: Come get some app!m2(144, 34, 227)!
-75, 144, 34, 227,
#APP: Ooh, I needed that app?m1(144, 34, 227, 106, 4)!
#APP: Ooh, I needed that app?m2(144, 34, 227)!
#APP: Come get some app!m3(144)!
-74, 144,
#CLI: Ooh, I needed that app?m3(144)!
#CLI: We meet again, Doctor Jones!
#CLI: Come get some app!m1(144, 34, 171, 243, 124)!
-76, 144, 34, 171, 243, 124,
#CLI: Come get some app!m2(144, 34, 171)!
-75, 144, 34, 171,
#APP: Ooh, I needed that app?m1(144, 34, 171, 243, 124)!
#APP: Ooh, I needed that app?m2(144, 34, 171)!
#APP: Come get some app!m3(144)!
-74, 144,
#CLI: Ooh, I needed that app?m3(144)!
#CLI: We meet again, Doctor Jones!
#CLI: Come get some app!m1(144, 34, 226, 203, 85)!
-76, 144, 34, 226, 203, 85,
#CLI: Come get some app!m2(144, 34, 226)!
-75, 144, 34, 226,
#APP: Ooh, I needed that app?m1(144, 34, 226, 203, 85)!
#APP: Ooh, I needed that app?m2(144, 34, 226)!
#APP: Come get some app!m3(144)!
-74, 144,
#CLI: Ooh, I needed that app?m3(144)!
#CLI: We meet again, Doctor Jones!
#CLI: Come get some app!m1(144, 34, 41, 6, 246)!
-76, 144, 34, 41, 6, 246,
#CLI: Come get some app!m2(144, 34, 41)!
-75, 144, 34, 41,
#APP: Ooh, I needed that app?m1(144, 34, 41, 6, 246)!
#APP: Ooh, I needed that app?m2(144, 34, 41)!
#APP: Come get some app!m3(144)!
-74, 144,
#CLI: Ooh, I needed that app?m3(144)!
#CLI: We meet again, Doctor Jones!
#CLI: Come get some app!m1(144, 34, 107, 209, 144)!
-76, 144, 34, 107, 209, 144,
#CLI: Come get some app!m2(144, 34, 107)!
-75, 144, 34, 107,
#APP: Ooh, I needed that app?m1(144, 34, 107, 209, 144)!
#APP: Ooh, I needed that app?m2(144, 34, 107)!
#APP: Come get some app!m3(144)!
-74, 144,
#CLI: Ooh, I needed that app?m3(144)!
#CLI: We meet again, Doctor Jones!
#CLI: Come get some app!m1(144, 34, 3, 172, 222)!
-76, 144, 34, 3, 172, 222,
#CLI: Come get some app!m2(144, 34, 3)!
-75, 144, 34, 3,
#APP: Ooh, I needed that app?m1(144, 34, 3, 172, 222)!
#APP: Ooh, I needed that app?m2(144, 34, 3)!
#APP: Come get some app!m3(144)!
-74, 144,
#CLI: Ooh, I needed that app?m3(144)!
#CLI: We meet again, Doctor Jones!
#CLI: Come get some app!m1(144, 34, 76, 172, 247)!
-76, 144, 34, 76, 172, 247,
#CLI: Come get some app!m2(144, 34, 76)!
-75, 144, 34, 76,
#APP: Ooh, I needed that app?m1(144, 34, 76, 172, 247)!
#APP: Ooh, I needed that app?m2(144, 34, 76)!
#APP: Come get some app!m3(144)!
-74, 144,
#CLI: Ooh, I needed that app?m3(144)!
#CLI: We meet again, Doctor Jones!
#CLI: Come get some app!m1(144, 34, 108, 138, 41)!
-76, 144, 34, 108, 138, 41,
#CLI: Come get some app!m2(144, 34, 108)!
-75, 144, 34, 108,
#APP: Ooh, I needed that app?m1(144, 34, 108, 138, 41)!
#APP: Ooh, I needed that app?m2(144, 34, 108)!
#APP: Come get some app!m3(144)!
-74, 144,
#CLI: Ooh, I needed that app?m3(144)!
#CLI: We meet again, Doctor Jones!
#CLI: Come get some app!m1(144, 34, 176, 92, 139)!
-76, 144, 34, 176, 92, 139,
#CLI: Come get some app!m2(144, 34, 176)!
-75, 144, 34, 176,
#APP: Ooh, I needed that app?m1(144, 34, 176, 92, 139)!
#APP: Ooh, I needed that app?m2(144, 34, 176)!
#APP: Come get some app!m3(144)!
-74, 144,
#CLI: Ooh, I needed that app?m3(144)!
#CLI: We meet again, Doctor Jones!
#CLI: Come get some app!m1(144, 34, 41, 11, 158)!
-76, 144, 34, 41, 11, 158,
#CLI: Come get some app!m2(144, 34, 41)!
-75, 144, 34, 41,
#APP: Ooh, I needed that app?m1(144, 34, 41, 11, 158)!
#APP: Ooh, I needed that app?m2(144, 34, 41)!
#APP: Come get some app!m3(144)!
-74, 144,
#CLI: Ooh, I needed that app?m3(144)!
#CLI: We meet again, Doctor Jones!
#CLI: Come get some app!m1(144, 34, 11, 125, 31)!
-76, 144, 34, 11, 125, 31,
#CLI: Come get some app!m2(144, 34, 11)!
-75, 144, 34, 11,
#APP: Ooh, I needed that app?m1(144, 34, 11, 125, 31)!
#APP: Ooh, I needed that app?m2(144, 34, 11)!
#APP: Come get some app!m3(144)!
-74, 144,
#CLI: Ooh, I needed that app?m3(144)!
#CLI: We meet again, Doctor Jones!
#CLI: Come get some app!m1(144, 34, 49, 147, 248)!
-76, 144, 34, 49, 147, 248,
#CLI: Come get some app!m2(144, 34, 49)!
-75, 144, 34, 49,
#APP: Ooh, I needed that app?m1(144, 34, 49, 147, 248)!
#APP: Ooh, I needed that app?m2(144, 34, 49)!
#APP: Come get some app!m3(144)!
-74, 144,
#CLI: Ooh, I needed that app?m3(144)!
#CLI: We meet again, Doctor Jones!
#CLI: Come get some app!m1(144, 34, 26, 89, 144)!
-76, 144, 34, 26, 89, 144,
#CLI: Come get some app!m2(144, 34, 26)!
-75, 144, 34, 26,
#APP: Ooh, I needed that app?m1(144, 34, 26, 89, 144)!
#APP: Ooh, I needed that app?m2(144, 34, 26)!
#APP: Come get some app!m3(144)!
-74, 144,
#CLI: Ooh, I needed that app?m3(144)!
#CLI: We meet again, Doctor Jones!
#CLI: Come get some app!m1(144, 34, 169, 207, 123)!
-76, 144, 34, 169, 207, 123,
#CLI: Come get some app!m2(144, 34, 169)!
-75, 144, 34, 169,
#APP: Ooh, I needed that app?m1(144, 34, 169, 207, 123)!
#APP: Ooh, I needed that app?m2(144, 34, 169)!
#APP: Come get some app!m3(144)!
-74, 144,
#CLI: Ooh, I needed that app?m3(144)!
#CLI: We meet again, Doctor Jones!
#CLI: Come get some app!m1(144, 34, 129, 101, 26)!
-76, 144, 34, 129, 101, 26,
#CLI: Come get some app!m2(144, 34, 129)!
-75, 144, 34, 129,
#APP: Ooh, I needed that app?m1(144, 34, 129, 101, 26)!
#APP: Ooh, I needed that app?m2(144, 34, 129)!
#APP: Come get some app!m3(144)!
-74, 144,
#CLI: Ooh, I needed that app?m3(144)!
#CLI: We meet again, Doctor Jones!
#CLI: Come get some app!m1(144, 34, 154, 101, 184)!
-76, 144, 34, 154, 101, 184,
#CLI: Come get some app!m2(144, 34, 154)!
-75, 144, 34, 154,
#APP: Ooh, I needed that app?m1(144, 34, 154, 101, 184)!
#APP: Ooh, I needed that app?m2(144, 34, 154)!
#APP: Come get some app!m3(144)!
-74, 144,
#CLI: Ooh, I needed that app?m3(144)!
#CLI: We meet again, Doctor Jones!
#CLI: Come get some app!m1(144, 34, 172, 169, 228)!
-76, 144, 34, 172, 169, 228,
#CLI: Come get some app!m2(144, 34, 172)!
-75, 144, 34, 172,
#APP: Ooh, I needed that app?m1(144, 34, 172, 169, 228)!
#APP: Ooh, I needed that app?m2(144, 34, 172)!
#APP: Come get some app!m3(144)!
-74, 144,
#CLI: Ooh, I needed that app?m3(144)!
#CLI: We meet again, Doctor Jones!
#CLI: Come get some app!m1(144, 34, 134, 113, 126)!
-76, 144, 34, 134, 113, 126,
#CLI: Come get some app!m2(144, 34, 134)!
-75, 144, 34, 134,
#APP: Ooh, I needed that app?m1(144, 34, 134, 113, 126)!
#APP: Ooh, I needed that app?m2(144, 34, 134)!
#APP: Come get some app!m3(144)!
-74, 144,
#CLI: Ooh, I needed that app?m3(144)!
#CLI: We meet again, Doctor Jones!
#CLI: Come get some app!m1(144, 34, 18, 14, 251)!
-76, 144, 34, 18, 14, 251,
#CLI: Come get some app!m2(144, 34, 18)!
-75, 144, 34, 18,
#APP: Ooh, I needed that app?m1(144, 34, 18, 14, 251)!
#APP: Ooh, I needed that app?m2(144, 34, 18)!
#APP: Come get some app!m3(144)!
-74, 144,
#CLI: Ooh, I needed that app?m3(144)!
#CLI: We meet again, Doctor Jones!
#CLI: Come get some app!m1(144, 34, 19, 205, 165)!
-76, 144, 34, 19, 205, 165,
#CLI: Come get some app!m2(144, 34, 19)!
-75, 144, 34, 19,
#APP: Ooh, I needed that app?m1(144, 34, 19, 205, 165)!
#APP: Ooh, I needed that app?m2(144, 34, 19)!
#APP: Come get some app!m3(144)!
-74, 144,
#CLI: Ooh, I needed that app?m3(144)!
#CLI: We meet again, Doctor Jones!
#CLI: Come get some app!m1(144, 34, 177, 79, 170)!
-76, 144, 34, 177, 79, 170,
#CLI: Come get some app!m2(144, 34, 177)!
-75, 144, 34, 177,
#APP: Ooh, I needed that app?m1(144, 34, 177, 79, 170)!
#APP: Ooh, I needed that app?m2(144, 34, 177)!
#APP: Come get some app!m3(144)!
-74, 144,
#CLI: Ooh, I needed that app?m3(144)!
#CLI: We meet again, Doctor Jones!
#CLI: Come get some app!m1(144, 34, 149, 93, 88)!
-76, 144, 34, 149, 93, 88,
#CLI: Come get some app!m2(144, 34, 149)!
-75, 144, 34, 149,
#APP: Ooh, I needed that app?m1(144, 34, 149, 93, 88)!
#APP: Ooh, I needed that app?m2(144, 34, 149)!
#APP: Come get some app!m3(144)!
-74, 144,
#CLI: Ooh, I needed that app?m3(144)!
#CLI: We meet again, Doctor Jones!
#CLI: Come get some app!m1(144, 34, 63, 186, 124)!
-76, 144, 34, 63, 186, 124,
#CLI: Come get some app!m2(144, 34, 63)!
-75, 144, 34, 63,
#APP: Ooh, I needed that app?m1(144, 34, 63, 186, 124)!
#APP: Ooh, I needed that app?m2(144, 34, 63)!
#APP: Come get some app!m3(144)!
-74, 144,
#CLI: Ooh, I needed that app?m3(144)!
#CLI: We meet again, Doctor Jones!
#CLI: Come get some app!m1(144, 34, 169, 126, 143)!
-76, 144, 34, 169, 126, 143,
#CLI: Come get some app!m2(144, 34, 169)!
-75, 144, 34, 169,
#APP: Ooh, I needed that app?m1(144, 34, 169, 126, 143)!
#APP: Ooh, I needed that app?m2(144, 34, 169)!
#APP: Come get some app!m3(144)!
-74, 144,
#CLI: Ooh, I needed that app?m3(144)!
#CLI: We meet again, Doctor Jones!
#CLI: Come get some app!m1(144, 34, 223, 100, 154)!
-76, 144, 34, 223, 100, 154,
#CLI: Come get some app!m2(144, 34, 223)!
-75, 144, 34, 223,
#APP: Ooh, I needed that app?m1(144, 34, 223, 100, 154)!
#APP: Ooh, I needed that app?m2(144, 34, 223)!
#APP: Come get some app!m3(144)!
-74, 144,
#CLI: Ooh, I needed that app?m3(144)!
#CLI: We meet again, Doctor Jones!
#CLI: Come get some app!m1(144, 34, 164, 34, 139)!
-76, 144, 34, 164, 34, 139,
#CLI: Come get some app!m2(144, 34, 164)!
-75, 144, 34, 164,
#APP: Ooh, I needed that app?m1(144, 34, 164, 34, 139)!
#APP: Ooh, I needed that app?m2(144, 34, 164)!
#APP: Come get some app!m3(144)!
-74, 144,
#CLI: Ooh, I needed that app?m3(144)!
#CLI: We meet again, Doctor Jones!
#CLI: Come get some app!m1(144, 34, 206, 97, 121)!
-76, 144, 34, 206, 97, 121,
#CLI: Come get some app!m2(144, 34, 206)!
-75, 144, 34, 206,
#APP: Ooh, I needed that app?m1(144, 34, 206, 97, 121)!
#APP: Ooh, I needed that app?m2(144, 34, 206)!
#APP: Come get some app!m3(144)!
-74, 144,
#CLI: Ooh, I needed that app?m3(144)!
#CLI: We meet again, Doctor Jones!
#CLI: Come get some app!m1(144, 34, 71, 81, 41)!
-76, 144, 34, 71, 81, 41,
#CLI: Come get some app!m2(144, 34, 71)!
-75, 144, 34, 71,
#APP: Ooh, I needed that app?m1(144, 34, 71, 81, 41)!
#APP: Ooh, I needed that app?m2(144, 34, 71)!
#APP: Come get some app!m3(144)!
-74, 144,
#CLI: Ooh, I needed that app?m3(144)!
#CLI: We meet again, Doctor Jones!
#CLI: Come get some app!m1(144, 34, 245, 206, 36)!
-76, 144, 34, 245, 206, 36,
#CLI: Come get some app!m2(144, 34, 245)!
-75, 144, 34, 245,
#APP: Ooh, I needed that app?m1(144, 34, 245, 206, 36)!
#APP: Ooh, I needed that app?m2(144, 34, 245)!
#APP: Come get some app!m3(144)!
-74, 144,
#CLI: Ooh, I needed that app?m3(144)!
#CLI: We meet again, Doctor Jones!
#CLI: Come get some app!m1(144, 34, 125, 176, 155)!
-76, 144, 34, 125, 176, 155,
#CLI: Come get some app!m2(144, 34, 125)!
-75, 144, 34, 125,
#APP: Ooh, I needed that app?m1(144, 34, 125, 176, 155)!
#APP: Ooh, I needed that app?m2(144, 34, 125)!
#APP: Come get some app!m3(144)!
-74, 144,
#CLI: Ooh, I needed that app?m3(144)!
#CLI: We meet again, Doctor Jones!
#CLI: Come get some app!m1(144, 34, 132, 189, 161)!
-76, 144, 34, 132, 189, 161,
#CLI: Come get some app!m2(144, 34, 132)!
-75, 144, 34, 132,
#APP: Ooh, I needed that app?m1(144, 34, 132, 189, 161)!
#APP: Ooh, I needed that app?m2(144, 34, 132)!
#APP: Come get some app!m3(144)!
-74, 144,
#CLI: Ooh, I needed that app?m3(144)!
#CLI: We meet again, Doctor Jones!
#CLI: Come get some app!m1(144, 34, 183, 31, 173)!
-76, 144, 34, 183, 31, 173,
#CLI: Come get some app!m2(144, 34, 183)!
-75, 144, 34, 183,
#APP: Ooh, I needed that app?m1(144, 34, 183, 31, 173)!
#APP: Ooh, I needed that app?m2(144, 34, 183)!
#APP: Come get some app!m3(144)!
-74, 144,
#CLI: Ooh, I needed that app?m3(144)!
#CLI: We meet again, Doctor Jones!
#CLI: Come get some app!m1(144, 34, 4, 4, 223)!
-76, 144, 34, 4, 4, 223,
#CLI: Come get some app!m2(144, 34, 4)!
-75, 144, 34, 4,
#APP: Ooh, I needed that app?m1(144, 34, 4, 4, 223)!
#APP: Ooh, I needed that app?m2(144, 34, 4)!
#APP: Come get some app!m3(144)!
-74, 144,
#CLI: Ooh, I needed that app?m3(144)!
#CLI: We meet again, Doctor Jones!
#CLI: Come get some app!m1(144, 34, 21, 94, 81)!
-76, 144, 34, 21, 94, 81,
#CLI: Come get some app!m2(144, 34, 21)!
-75, 144, 34, 21,
#APP: Ooh, I needed that app?m1(144, 34, 21, 94, 81)!
#APP: Ooh, I needed that app?m2(144, 34, 21)!
#APP: Come get some app!m3(144)!
-74, 144,
#CLI: Ooh, I needed that app?m3(144)!
#CLI: We meet again, Doctor Jones!
#CLI: Come get some app!m1(144, 34, 148, 35, 72)!
-76, 144, 34, 148, 35, 72,
#CLI: Come get some app!m2(144, 34, 148)!
-75, 144, 34, 148,
#APP: Ooh, I needed that app?m1(144, 34, 148, 35, 72)!
#APP: Ooh, I needed that app?m2(144, 34, 148)!
#APP: Come get some app!m3(144)!
-74, 144,
#CLI: Ooh, I needed that app?m3(144)!
#CLI: We meet again, Doctor Jones!
#CLI: Come get some app!m1(144, 34, 183, 37, 126)!
-76, 144, 34, 183, 37, 126,
#CLI: Come get some app!m2(144, 34, 183)!
-75, 144, 34, 183,
#APP: Ooh, I needed that app?m1(144, 34, 183, 37, 126)!
#APP: Ooh, I needed that app?m2(144, 34, 183)!
#APP: Come get some app!m3(144)!
-74, 144,
#CLI: Ooh, I needed that app?m3(144)!
#CLI: We meet again, Doctor Jones!
#CLI: Come get some app!m1(144, 34, 128, 170, 54)!
-76, 144, 34, 128, 170, 54,
#CLI: Come get some app!m2(144, 34, 128)!
-75, 144, 34, 128,
#APP: Ooh, I needed that app?m1(144, 34, 128, 170, 54)!
#APP: Ooh, I needed that app?m2(144, 34, 128)!
#APP: Come get some app!m3(144)!
-74, 144,
#CLI: Ooh, I needed that app?m3(144)!
#CLI: We meet again, Doctor Jones!
#CLI: Come get some app!m1(144, 34, 3, 38, 246)!
-76, 144, 34, 3, 38, 246,
#CLI: Come get some app!m2(144, 34, 3)!
-75, 144, 34, 3,
#APP: Ooh, I needed that app?m1(144, 34, 3, 38, 246)!
#APP: Ooh, I needed that app?m2(144, 34, 3)!
#APP: Come get some app!m3(144)!
-74, 144,
#CLI: Ooh, I needed that app?m3(144)!
#CLI: We meet again, Doctor Jones!
#CLI: Come get some app!m1(144, 34, 182, 212, 248)!
-76, 144, 34, 182, 212, 248,
#CLI: Come get some app!m2(144, 34, 182)!
-75, 144, 34, 182,
#APP: Ooh, I needed that app?m1(144, 34, 182, 212, 248)!
#APP: Ooh, I needed that app?m2(144, 34, 182)!
#APP: Come get some app!m3(144)!
-74, 144,
#CLI: Ooh, I needed that app?m3(144)!
#CLI: We meet again, Doctor Jones!
#CLI: Come get some app!m1(144, 34, 134, 243, 72)!
-76, 144, 34, 134, 243, 72,
#CLI: Come get some app!m2(144, 34, 134)!
-75, 144, 34, 134,
#APP: Ooh, I needed that app?m1(144, 34, 134, 243, 72)!
#APP: Ooh, I needed that app?m2(144, 34, 134)!
#APP: Come get some app!m3(144)!
-74, 144,
#CLI: Ooh, I needed that app?m3(144)!
#CLI: We meet again, Doctor Jones!
#CLI: Come get some app!m1(144, 34, 176, 128, 27)!
-76, 144, 34, 176, 128, 27,
#CLI: Come get some app!m2(144, 34, 176)!
-75, 144, 34, 176,
#APP: Ooh, I needed that app?m1(144, 34, 176, 128, 27)!
#APP: Ooh, I needed that app?m2(144, 34, 176)!
#APP: Come get some app!m3(144)!
-74, 144,
#CLI: Ooh, I needed that app?m3(144)!
#CLI: We meet again, Doctor Jones!
#CLI: Come get some app!m1(144, 34, 54, 248, 73)!
-76, 144, 34, 54, 248, 73,
#CLI: Come get some app!m2(144, 34, 54)!
-75, 144, 34, 54,
#APP: Ooh, I needed that app?m1(144, 34, 54, 248, 73)!
#APP: Ooh, I needed that app?m2(144, 34, 54)!
#APP: Come get some app!m3(144)!
-74, 144,
#CLI: Ooh, I needed that app?m3(144)!
#CLI: We meet again, Doctor Jones!
#CLI: Come get some app!m1(144, 34, 227, 177, 249)!
-76, 144, 34, 227, 177, 249,
#CLI: Come get some app!m2(144, 34, 227)!
-75, 144, 34, 227,
#APP: Ooh, I needed that app?m1(144, 34, 227, 177, 249)!
#APP: Ooh, I needed that app?m2(144, 34, 227)!
#APP: Come get some app!m3(144)!
-74, 144,
#CLI: Ooh, I needed that app?m3(144)!
#CLI: We meet again, Doctor Jones!
#CLI: Come get some app!m1(144, 34, 121, 244, 2)!
-76, 144, 34, 121, 244, 2,
#CLI: Come get some app!m2(144, 34, 121)!
-75, 144, 34, 121,
#APP: Ooh, I needed that app?m1(144, 34, 121, 244, 2)!
#APP: Ooh, I needed that app?m2(144, 34, 121)!
#APP: Come get some app!m3(144)!
-74, 144,
#CLI: Ooh, I needed that app?m3(144)!
#CLI: We meet again, Doctor Jones!
#CLI: Come get some app!m1(144, 34, 250, 47, 62)!
-76, 144, 34, 250, 47, 62,
#CLI: Come get some app!m2(144, 34, 250)!
-75, 144, 34, 250,
#APP: Ooh, I needed that app?m1(144, 34, 250, 47, 62)!
#APP: Ooh, I needed that app?m2(144, 34, 250)!
#APP: Come get some app!m3(144)!
-74, 144,
#CLI: Ooh, I needed that app?m3(144)!
#CLI: We meet again, Doctor Jones!
#CLI: Come get some app!m1(144, 34, 124, 76, 159)!
-76, 144, 34, 124, 76, 159,
#CLI: Come get some app!m2(144, 34, 124)!
-75, 144, 34, 124,
#CLI: What are you waitin for? Christmas?
#APP: Ooh, I needed that app?m1(144, 34, 124, 76, 159)!
#APP: Ooh, I needed that app?m2(144, 34, 124)!
#APP: Come get some app!m3(144)!
-74, 144,