#CLI: Come get some app!m1(19, 42, 53, 129, 153)!
-76, 19, 42, 53, 129, 153,
#CLI: Come get some app!m2(19, 42, 53)!
-75, 19, 42, 53,
#APP: Ooh, I needed that app?m1(19, 42, 53, 129, 153)!
#APP: Ooh, I needed that app?m2(19, 42, 53)!
#APP: Come get some app!m3(19)!
-74, 19,
#CLI: Ooh, I needed that app?m3(19)!
#CLI: We meet again, Doctor Jones!
#CLI: Come get some app!m1(19, 42, 65, 74, 187)!
-76, 19, 42, 65, 74, 187,
#CLI: Come get some app!m2(19, 42, 65)!
-75, 19, 42, 65,
#APP: Ooh, I needed that app?m1(19, 42, 65, 74, 187)!
#APP: Ooh, I needed that app?m2(19, 42, 65)!
#APP: Come get some app!m3(19)!
-74, 19,
#CLI: Ooh, I needed that app?m3(19)!
#CLI: We meet again, Doctor Jones!
#CLI: Come get some app!m1(19, 42, 233, 249, 55)!
-76, 19, 42, 233, 249, 55,
#CLI: Come get some app!m2(19, 42, 233)!
-75, 19, 42, 233,
#APP: Ooh, I needed that app?m1(19, 42, 233, 249, 55)!
#APP: Ooh, I needed that app?m2(19, 42, 233)!
#APP: Come get some app!m3(19)!
-74, 19,
#CLI: Ooh, I needed that app?m3(19)!
#CLI: We meet again, Doctor Jones!
#CLI: Come get some app!m1(19, 42, 209, 232, 221)!
-76, 19, 42, 209, 232, 221,
#CLI: Come get some app!m2(19, 42, 209)!
-75, 19, 42, 209,
#APP: Ooh, I needed that app?m1(19, 42, 209, 232, 221)!
#APP: Ooh, I needed that app?m2(19, 42, 209)!
#APP: Come get some app!m3(19)!
-74, 19,
#CLI: Ooh, I needed that app?m3(19)!
#CLI: We meet again, Doctor Jones!
#CLI: Come get some app!m1(19, 42, 158, 1, 228)!
-76, 19, 42, 158, 1, 228,
#CLI: Come get some app!m2(19, 42, 158)!
-75, 19, 42, 158,
#APP: Ooh, I needed that app?m1(19, 42, 158, 1, 228)!
#APP: Ooh, I needed that app?m2(19, 42, 158)!
#APP: Come get some app!m3(19)!
-74, 19,
#CLI: Ooh, I needed that app?m3(19)!
#CLI: We meet again, Doctor Jones!
#CLI: Come get some app!m1(19, 42, 149, 87, 169)!
-76, 19, 42, 149, 87, 169,
#CLI: Come get some app!m2(19, 42, 149)!
-75, 19, 42, 149,
#APP: Ooh, I needed that app?m1(19, 42, 149, 87, 169)!
#APP: Ooh, I needed that app?m2(19, 42, 149)!
#APP: Come get some app!m3(19)!
-74, 19,
#CLI: Ooh, I needed that app?m3(19)!
#CLI: We meet again, Doctor Jones!
#CLI: Come get some app!m1(19, 42, 233, 204, 85)!
-76, 19, 42, 233, 204, 85,
#CLI: Come get some app!m2(19, 42, 233)!
-75, 19, 42, 233,
#APP: Ooh, I needed that app?m1(19, 42, 233, 204, 85)!
#APP: Ooh, I needed that app?m2(19, 42, 233)!
#APP: Come get some app!m3(19)!
-74, 19,
#CLI: Ooh, I needed that app?m3(19)!
#CLI: We meet again, Doctor Jones!
#CLI: Come get some app!m1(19, 42, 95, 116, 55)!
-76, 19, 42, 95, 116, 55,
#CLI: Come get some app!m2(19, 42, 95)!
-75, 19, 42, 95,
#APP: Ooh, I needed that app?m1(19, 42, 95, 116, 55)!
#APP: Ooh, I needed that app?m2(19, 42, 95)!
#APP: Come get some app!m3(19)!
-74, 19,
#CLI: Ooh, I needed that app?m3(19)!
#CLI: We meet again, Doctor Jones!
#CLI: Come get some app!m1(19, 42, 161, 13, 0)!
-76, 19, 42, 161, 13, 0,
#CLI: Come get some app!m2(19, 42, 161)!
-75, 19, 42, 161,
#APP: Ooh, I needed that app?m1(19, 42, 161, 13, 0)!
#APP: Ooh, I needed that app?m2(19, 42, 161)!
#APP: Come get some app!m3(19)!
-74, 19,
#CLI: Ooh, I needed that app?m3(19)!
#CLI: We meet again, Doctor Jones!
#CLI: Come get some app!m1(19, 42, 122, 207, 95)!
-76, 19, 42, 122, 207, 95,
#CLI: Come get some app!m2(19, 42, 122)!
-75, 19, 42, 122,
#APP: Ooh, I needed that app?m1(19, 42, 122, 207, 95)!
#APP: Ooh, I needed that app?m2(19, 42, 122)!
#APP: Come get some app!m3(19)!
-74, 19,
#CLI: Ooh, I needed that app?m3(19)!
#CLI: We meet again, Doctor Jones!
#CLI: Come get some app!m1(19, 42, 99, 151, 241)!
-76, 19, 42, 99, 151, 241,
#CLI: Come get some app!m2(19, 42, 99)!
-75, 19, 42, 99,
#APP: Ooh, I needed that app?m1(19, 42, 99, 151, 241)!
#APP: Ooh, I needed that app?m2(19, 42, 99)!
#APP: Come get some app!m3(19)!
-74, 19,
#CLI: Ooh, I needed that app?m3(19)!
#CLI: We meet again, Doctor Jones!
#CLI: Come get some app!m1(19, 42, 133, 2, 226)!
-76, 19, 42, 133, 2, 226,
#CLI: Come get some app!m2(19, 42, 133)!
-75, 19, 42, 133,
#APP: Ooh, I needed that app?m1(19, 42, 133, 2, 226)!
#APP: Ooh, I needed that app?m2(19, 42, 133)!
#APP: Come get some app!m3(19)!
-74, 19,
#CLI: Ooh, I needed that app?m3(19)!
#CLI: We meet again, Doctor Jones!
#CLI: Come get some app!m1(19, 42, 254, 42, 129)!
-76, 19, 42, 254, 42, 129,
#CLI: Come get some app!m2(19, 42, 254)!
-75, 19, 42, 254,
#APP: Ooh, I needed that app?m1(19, 42, 254, 42, 129)!
#APP: Ooh, I needed that app?m2(19, 42, 254)!
#APP: Come get some app!m3(19)!
-74, 19,
#CLI: Ooh, I needed that app?m3(19)!
#CLI: We meet again, Doctor Jones!
#CLI: Come get some app!m1(19, 42, 156, 211, 59)!
-76, 19, 42, 156, 211, 59,
#CLI: Come get some app!m2(19, 42, 156)!
-75, 19, 42, 156,
#APP: Ooh, I needed that app?m1(19, 42, 156, 211, 59)!
#APP: Ooh, I needed that app?m2(19, 42, 156)!
#APP: Come get some app!m3(19)!
-74, 19,
#CLI: Ooh, I needed that app?m3(19)!
#CLI: We meet again, Doctor Jones!
#CLI: Come get some app!m1(19, 42, 61, 32, 171)!
-76, 19, 42, 61, 32, 171,
#CLI: Come get some app!m2(19, 42, 61)!
-75, 19, 42, 61,
#APP: Ooh, I needed that app?m1(19, 42, 61, 32, 171)!
#APP: Ooh, I needed that app?m2(19, 42, 61)!
#APP: Come get some app!m3(19)!
-74, 19,
#CLI: Ooh, I needed that app?m3(19)!
#CLI: We meet again, Doctor Jones!
#CLI: Come get some app!m1(19, 42, 40, 84, 22)!
-76, 19, 42, 40, 84, 22,
#CLI: Come get some app!m2(19, 42, 40)!
-75, 19, 42, 40,
#APP: Ooh, I needed that app?m1(19, 42, 40, 84, 22)!
#APP: Ooh, I needed that app?m2(19, 42, 40)!
#APP: Come get some app!m3(19)!
-74, 19,
#CLI: Ooh, I needed that app?m3(19)!
#CLI: We meet again, Doctor Jones!
#CLI: Come get some app!m1(19, 42, 170, 81, 181)!
-76, 19, 42, 170, 81, 181,
#CLI: Come get some app!m2(19, 42, 170)!
-75, 19, 42, 170,
#APP: Ooh, I needed that app?m1(19, 42, 170, 81, 181)!
#APP: Ooh, I needed that app?m2(19, 42, 170)!
#APP: Come get some app!m3(19)!
-74, 19,
#CLI: Ooh, I needed that app?m3(19)!
#CLI: We meet again, Doctor Jones!
#CLI: Come get some app!m1(19, 42, 22, 184, 33)!
-76, 19, 42, 22, 184, 33,
#CLI: Come get some app!m2(19, 42, 22)!
-75, 19, 42, 22,
#APP: Ooh, I needed that app?m1(19, 42, 22, 184, 33)!
#APP: Ooh, I needed that app?m2(19, 42, 22)!
#APP: Come get some app!m3(19)!
-74, 19,
#CLI: Ooh, I needed that app?m3(19)!
#CLI: We meet again, Doctor Jones!
#CLI: Come get some app!m1(19, 42, 0, 63, 128)!
-76, 19, 42, 0, 63, 128,
#CLI: Come get some app!m2(19, 42, 0)!
-75, 19, 42, 0,
#APP: Ooh, I needed that app?m1(19, 42, 0, 63, 128)!
#APP: Ooh, I needed that app?m2(19, 42, 0)!
#APP: Come get some app!m3(19)!
-74, 19,
#CLI: Ooh, I needed that app?m3(19)!
#CLI: We meet again, Doctor Jones!
#CLI: Come get some app!m1(19, 42, 134, 192, 95)!
-76, 19, 42, 134, 192, 95,
#CLI: Come get some app!m2(19, 42, 134)!
-75, 19, 42, 134,
#APP: Ooh, I needed that app?m1(19, 42, 134, 192, 95)!
#APP: Ooh, I needed that app?m2(19, 42, 134)!
#APP: Come get some app!m3(19)!
-74, 19,
#CLI: Ooh, I needed that app?m3(19)!
#CLI: We meet again, Doctor Jones!
#CLI: Come get some app!m1(19, 42, 248, 178, 234)!
-76, 19, 42, 248, 178, 234,
#CLI: Come get some app!m2(19, 42, 248)!
-75, 19, 42, 248,
#APP: Ooh, I needed that app?m1(19, 42, 248, 178, 234)!
#APP: Ooh, I needed that app?m2(19, 42, 248)!
#APP: Come get some app!m3(19)!
-74, 19,
#CLI: Ooh, I needed that app?m3(19)!
#CLI: We meet again, Doctor Jones!
#CLI: Come get some app!m1(19, 42, 198, 81, 191)!
-76, 19, 42, 198, 81, 191,
#CLI: Come get some app!m2(19, 42, 198)!
-75, 19, 42, 198,
#APP: Ooh, I needed that app?m1(19, 42, 198, 81, 191)!
#APP: Ooh, I needed that app?m2(19, 42, 198)!
#APP: Come get some app!m3(19)!
-74, 19,
#CLI: Ooh, I needed that app?m3(19)!
#CLI: We meet again, Doctor Jones!
#CLI: Come get some app!m1(19, 42, 87, 6, 81)!
-76, 19, 42, 87, 6, 81,
#CLI: Come get some app!m2(19, 42, 87)!
-75, 19, 42, 87,
#APP: Ooh, I needed that app?m1(19, 42, 87, 6, 81)!
#APP: Ooh, I needed that app?m2(19, 42, 87)!
#APP: Come get some app!m3(19)!
-74, 19,
#CLI: Ooh, I needed that app?m3(19)!
#CLI: We meet again, Doctor Jones!
#CLI: Come get some app!m1(19, 42, 68, 139, 156)!
-76, 19, 42, 68, 139, 156,
#CLI: Come get some app!m2(19, 42, 68)!
-75, 19, 42, 68,
#APP: Ooh, I needed that app?m1(19, 42, 68, 139, 156)!
#APP: Ooh, I needed that app?m2(19, 42, 68)!
#APP: Come get some app!m3(19)!
-74, 19,
#CLI: Ooh, I needed that app?m3(19)!
#CLI: We meet again, Doctor Jones!
#CLI: Come get some app!m1(19, 42, 254, 132, 52)!
-76, 19, 42, 254, 132, 52,
#CLI: Come get some app!m2(19, 42, 254)!
-75, 19, 42, 254,
#APP: Ooh, I needed that app?m1(19, 42, 254, 132, 52)!
#APP: Ooh, I needed that app?m2(19, 42, 254)!
#APP: Come get some app!m3(19)!
-74, 19,
#CLI: Ooh, I needed that app?m3(19)!
#CLI: We meet again, Doctor Jones!
#CLI: Come get some app!m1(19, 42, 191, 202, 151)!
-76, 19, 42, 191, 202, 151,
#CLI: Come get some app!m2(19, 42, 191)!
-75, 19, 42, 191,
#APP: Ooh, I needed that app?m1(19, 42, 191, 202, 151)!
#APP: Ooh, I needed that app?m2(19, 42, 191)!
#APP: Come get some app!m3(19)!
-74, 19,
#CLI: Ooh, I needed that app?m3(19)!
#CLI: We meet again, Doctor Jones!
#CLI: Come get some app!m1(19, 42, 63, 223, 170)!
-76, 19, 42, 63, 223, 170,
#CLI: Come get some app!m2(19, 42, 63)!
-75, 19, 42, 63,
#APP: Ooh, I needed that app?m1(19, 42, 63, 223, 170)!
#APP: Ooh, I needed that app?m2(19, 42, 63)!
#APP: Come get some app!m3(19)!
-74, 19,
#CLI: Ooh, I needed that app?m3(19)!
#CLI: We meet again, Doctor Jones!
#CLI: Come get some app!m1(19, 42, 2, 200, 162)!
-76, 19, 42, 2, 200, 162,
#CLI: Come get some app!m2(19, 42, 2)!
-75, 19, 42, 2,
#APP: Ooh, I needed that app?m1(19, 42, 2, 200, 162)!
#APP: Ooh, I needed that app?m2(19, 42, 2)!
#APP: Come get some app!m3(19)!
-74, 19,
#CLI: Ooh, I needed that app?m3(19)!
#CLI: We meet again, Doctor Jones!
#CLI: Come get some app!m1(19, 42, 154, 155, 177)!
-76, 19, 42, 154, 155, 177,
#CLI: Come get some app!m2(19, 42, 154)!
-75, 19, 42, 154,
#APP: Ooh, I needed that app?m1(19, 42, 154, 155, 177)!
#APP: Ooh, I needed that app?m2(19, 42, 154)!
#APP: Come get some app!m3(19)!
-74, 19,
#CLI: Ooh, I needed that app?m3(19)!
#CLI: We meet again, Doctor Jones!
#CLI: Come get some app!m1(19, 42, 232, 156, 20)!
-76, 19, 42, 232, 156, 20,
#CLI: Come get some app!m2(19, 42, 232)!
-75, 19, 42, 232,
#APP: Ooh, I needed that app?m1(19, 42, 232, 156, 20)!
#APP: Ooh, I needed that app?m2(19, 42, 232)!
#APP: Come get some app!m3(19)!
-74, 19,
#CLI: Ooh, I needed that app?m3(19)!
#CLI: We meet again, Doctor Jones!
#CLI: Come get some app!m1(19, 42, 100, 53, 72)!
-76, 19, 42, 100, 53, 72,
#CLI: Come get some app!m2(19, 42, 100)!
-75, 19, 42, 100,
#APP: Ooh, I needed that app?m1(19, 42, 100, 53, 72)!
#APP: Ooh, I needed that app?m2(19, 42, 100)!
#APP: Come get some app!m3(19)!
-74, 19,
#CLI: Ooh, I needed that app?m3(19)!
#CLI: We meet again, Doctor Jones!
#CLI: Come get some app!m1(19, 42, 28, 220, 96)!
-76, 19, 42, 28, 220, 96,
#CLI: Come get some app!m2(19, 42, 28)!
-75, 19, 42, 28,
#APP: Ooh, I needed that app?m1(19, 42, 28, 220, 96)!
#APP: Ooh, I needed that app?m2(19, 42, 28)!
#APP: Come get some app!m3(19)!
-74, 19,
#CLI: Ooh, I needed that app?m3(19)!
#CLI: We meet again, Doctor Jones!
#CLI: Come get some app!m1(19, 42, 82, 171, 169)!
-76, 19, 42, 82, 171, 169,
#CLI: Come get some app!m2(19, 42, 82)!
-75, 19, 42, 82,
#APP: Ooh, I needed that app?m1(19, 42, 82, 171, 169)!
#APP: Ooh, I needed that app?m2(19, 42, 82)!
#APP: Come get some app!m3(19)!
-74, 19,
#CLI: Ooh, I needed that app?m3(19)!
#CLI: We meet again, Doctor Jones!
#CLI: Come get some app!m1(19, 42, 187, 186, 11)!
-76, 19, 42, 187, 186, 11,
#CLI: Come get some app!m2(19, 42, 187)!
-75, 19, 42, 187,
#APP: Ooh, I needed that app?m1(19, 42, 187, 186, 11)!
#APP: Ooh, I needed that app?m2(19, 42, 187)!
#APP: Come get some app!m3(19)!
-74, 19,
#CLI: Ooh, I needed that app?m3(19)!
#CLI: We meet again, Doctor Jones!
#CLI: Come get some app!m1(19, 42, 255, 85, 123)!
-76, 19, 42, 255, 85, 123,
#CLI: Come get some app!m2(19, 42, 255)!
-75, 19, 42, 255,
#APP: Ooh, I needed that app?m1(19, 42, 255, 85, 123)!
#APP: Ooh, I needed that app?m2(19, 42, 255)!
#APP: Come get some app!m3(19)!
-74, 19,
#CLI: Ooh, I needed that app?m3(19)!
#CLI: We meet again, Doctor Jones!
#CLI: Come get some app!m1(19, 42, 178, 193, 143)!
-76, 19, 42, 178, 193, 143,
#CLI: Come get some app!m2(19, 42, 178)!
-75, 19, 42, 178,
#APP: Ooh, I needed that app?m1(19, 42, 178, 193, 143)!
#APP: Ooh, I needed that app?m2(19, 42, 178)!
#APP: Come get some app!m3(19)!
-74, 19,
#CLI: Ooh, I needed that app?m3(19)!
#CLI: We meet again, Doctor Jones!
#CLI: Come get some app!m1(19, 42, 253, 212, 59)!
-76, 19, 42, 253, 212, 59,
#CLI: Come get some app!m2(19, 42, 253)!
-75, 19, 42, 253,
#APP: Ooh, I needed that app?m1(19, 42, 253, 212, 59)!
#APP: Ooh, I needed that app?m2(19, 42, 253)!
#APP: Come get some app!m3(19)!
-74, 19,
#CLI: Ooh, I needed that app?m3(19)!
#CLI: We meet again, Doctor Jones!
#CLI: Come get some app!m1(19, 42, 46, 97, 38)!
-76, 19, 42, 46, 97, 38,
#CLI: Come get some app!m2(19, 42, 46)!
-75, 19, 42, 46,
#APP: Ooh, I needed that app?m1(19, 42, 46, 97, 38)!
#APP: Ooh, I needed that app?m2(19, 42, 46)!
#APP: Come get some app!m3(19)!
-74, 19,
#CLI: Ooh, I needed that app?m3(19)!
#CLI: We meet again, Doctor Jones!
#CLI: Come get some app!m1(19, 42, 186, 173, 208)!
-76, 19, 42, 186, 173, 208,
#CLI: Come get some app!m2(19, 42, 186)!
-75, 19, 42, 186,
#APP: Ooh, I needed that app?m1(19, 42, 186, 173, 208)!
#APP: Ooh, I needed that app?m2(19, 42, 186)!
#APP: Come get some app!m3(19)!
-74, 19,
#CLI: Ooh, I needed that app?m3(19)!
#CLI: We meet again, Doctor Jones!
#CLI: Come get some app!m1(19, 42, 247, 166, 164)!
-76, 19, 42, 247, 166, 164,
#CLI: Come get some app!m2(19, 42, 247)!
-75, 19, 42, 247,
#APP: Ooh, I needed that app?m1(19, 42, 247, 166, 164)!
#APP: Ooh, I needed that app?m2(19, 42, 247)!
#APP: Come get some app!m3(19)!
-74, 19,
#CLI: Ooh, I needed that app?m3(19)!
#CLI: We meet again, Doctor Jones!
#CLI: Come get some app!m1(19, 42, 148, 184, 16)!
-76, 19, 42, 148, 184, 16,
#CLI: Come get some app!m2(19, 42, 148)!
-75, 19, 42, 148,
#APP: Ooh, I needed that app?m1(19, 42, 148, 184, 16)!
#APP: Ooh, I needed that app?m2(19, 42, 148)!
#APP: Come get some app!m3(19)!
-74, 19,
#CLI: Ooh, I needed that app?m3(19)!
#CLI: We meet again, Doctor Jones!
#CLI: Come get some app!m1(19, 42, 74, 108, 169)!
-76, 19, 42, 74, 108, 169,
#CLI: Come get some app!m2(19, 42, 74)!
-75, 19, 42, 74,
#APP: Ooh, I needed that app?m1(19, 42, 74, 108, 169)!
#APP: Ooh, I needed that app?m2(19, 42, 74)!
#APP: Come get some app!m3(19)!
-74, 19,
#CLI: Ooh, I needed that app?m3(19)!
#CLI: We meet again, Doctor Jones!
#CLI: Come get some app!m1(19, 42, 136, 122, 19)!
-76, 19, 42, 136, 122, 19,
#CLI: Come get some app!m2(19, 42, 136)!
-75, 19, 42, 136,
#APP: Ooh, I needed that app?m1(19, 42, 136, 122, 19)!
#APP: Ooh, I needed that app?m2(19, 42, 136)!
#APP: Come get some app!m3(19)!
-74, 19,
#CLI: Ooh, I needed that app?m3(19)!
#CLI: We meet again, Doctor Jones!
#CLI: Come get some app!m1(19, 42, 248, 45, 58)!
-76, 19, 42, 248, 45, 58,
#CLI: Come get some app!m2(19, 42, 248)!
-75, 19, 42, 248,
#APP: Ooh, I needed that app?m1(19, 42, 248, 45, 58)!
#APP: Ooh, I needed that app?m2(19, 42, 248)!
#APP: Come get some app!m3(19)!
-74, 19,
#CLI: Ooh, I needed that app?m3(19)!
#CLI: We meet again, Doctor Jones!
#CLI: Come get some app!m1(19, 42, 143, 144, 61)!
-76, 19, 42, 143, 144, 61,
#CLI: Come get some app!m2(19, 42, 143)!
-75, 19, 42, 143,
#APP: Ooh, I needed that app?m1(19, 42, 143, 144, 61)!
#APP: Ooh, I needed that app?m2(19, 42, 143)!
#APP: Come get some app!m3(19)!
-74, 19,
#CLI: Ooh, I needed that app?m3(19)!
#CLI: We meet again, Doctor Jones!
#CLI: Come get some app!m1(19, 42, 211, 145, 89)!
-76, 19, 42, 211, 145, 89,
#CLI: Come get some app!m2(19, 42, 211)!
-75, 19, 42, 211,
#APP: Ooh, I needed that app?m1(19, 42, 211, 145, 89)!
#APP: Ooh, I needed that app?m2(19, 42, 211)!
#APP: Come get some app!m3(19)!
-74, 19,
#CLI: Ooh, I needed that app?m3(19)!
#CLI: We meet again, Doctor Jones!
#CLI: Come get some app!m1(19, 42, 226, 78, 193)!
-76, 19, 42, 226, 78, 193,
#CLI: Come get some app!m2(19, 42, 226)!
-75, 19, 42, 226,
#APP: Ooh, I needed that app?m1(19, 42, 226, 78, 193)!
#APP: Ooh, I needed that app?m2(19, 42, 226)!
#APP: Come get some app!m3(19)!
-74, 19,
#CLI: Ooh, I needed that app?m3(19)!
#CLI: We meet again, Doctor Jones!
#CLI: Come get some app!m1(19, 42, 87, 7, 175)!
-76, 19, 42, 87, 7, 175,
#CLI: Come get some app!m2(19, 42, 87)!
-75, 19, 42, 87,
#APP: Ooh, I needed that app?m1(19, 42, 87, 7, 175)!
#APP: Ooh, I needed that app?m2(19, 42, 87)!
#APP: Come get some app!m3(19)!
-74, 19,
#CLI: Ooh, I needed that app?m3(19)!
#CLI: We meet again, Doctor Jones!
#CLI: Come get some app!m1(19, 42, 36, 32, 41)!
-76, 19, 42, 36, 32, 41,
#CLI: Come get some app!m2(19, 42, 36)!
-75, 19, 42, 36,
#APP: Ooh, I needed that app?m1(19, 42, 36, 32, 41)!
#APP: Ooh, I needed that app?m2(19, 42, 36)!
#APP: Come get some app!m3(19)!
-74, 19,
#CLI: Ooh, I needed that app?m3(19)!
#CLI: We meet again, Doctor Jones!
#CLI: Come get some app!m1(19, 42, 235, 110, 24)!
-76, 19, 42, 235, 110, 24,
#CLI: Come get some app!m2(19, 42, 235)!
-75, 19, 42, 235,
#APP: Ooh, I needed that app?m1(19, 42, 235, 110, 24)!
#APP: Ooh, I needed that app?m2(19, 42, 235)!
#APP: Come get some app!m3(19)!
-74, 19,
#CLI: Ooh, I needed that app?m3(19)!
#CLI: We meet again, Doctor Jones!
#CLI: Come get some app!m1(19, 42, 206, 223, 49)!
-76, 19, 42, 206, 223, 49,
#CLI: Come get some app!m2(19, 42, 206)!
-75, 19, 42, 206,
#APP: Ooh, I needed that app?m1(19, 42, 206, 223, 49)!
#APP: Ooh, I needed that app?m2(19, 42, 206)!
#APP: Come get some app!m3(19)!
-74, 19,
#CLI: Ooh, I needed that app?m3(19)!
#CLI: We meet again, Doctor Jones!
#CLI: Come get some app!m1(19, 42, 210, 118, 197)!
-76, 19, 42, 210, 118, 197,
#CLI: Come get some app!m2(19, 42, 210)!
-75, 19, 42, 210,
#APP: Ooh, I needed that app?m1(19, 42, 210, 118, 197)!
#APP: Ooh, I needed that app?m2(19, 42, 210)!
#APP: Come get some app!m3(19)!
-74, 19,
#CLI: Ooh, I needed that app?m3(19)!
#CLI: We meet again, Doctor Jones!
#CLI: Come get some app!m1(19, 42, 78, 247, 36)!
-76, 19, 42, 78, 247, 36,
#CLI: Come get some app!m2(19, 42, 78)!
-75, 19, 42, 78,
#APP: Ooh, I needed that app?m1(19, 42, 78, 247, 36)!
#APP: Ooh, I needed that app?m2(19, 42, 78)!
#APP: Come get some app!m3(19)!
-74, 19,
#CLI: Ooh, I needed that app?m3(19)!
#CLI: We meet again, Doctor Jones!
#CLI: Come get some app!m1(19, 42, 155, 17, 171)!
-76, 19, 42, 155, 17, 171,
#CLI: Come get some app!m2(19, 42, 155)!
-75, 19, 42, 155,
#APP: Ooh, I needed that app?m1(19, 42, 155, 17, 171)!
#APP: Ooh, I needed that app?m2(19, 42, 155)!
#APP: Come get some app!m3(19)!
-74, 19,
#CLI: Ooh, I needed that app?m3(19)!
#CLI: We meet again, Doctor Jones!
#CLI: Come get some app!m1(19, 42, 31, 192, 135)!
-76, 19, 42, 31, 192, 135,
#CLI: Come get some app!m2(19, 42, 31)!
-75, 19, 42, 31,
#APP: Ooh, I needed that app?m1(19, 42, 31, 192, 135)!
#APP: Ooh, I needed that app?m2(19, 42, 31)!
#APP: Come get some app!m3(19)!
-74, 19,
#CLI: Ooh, I needed that app?m3(19)!
#CLI: We meet again, Doctor Jones!
#CLI: Come get some app!m1(19, 42, 99, 224, 130)!
-76, 19, 42, 99, 224, 130,
#CLI: Come get some app!m2(19, 42, 99)!
-75, 19, 42, 99,
#APP: Ooh, I needed that app?m1(19, 42, 99, 224, 130)!
#APP: Ooh, I needed that app?m2(19, 42, 99)!
#APP: Come get some app!m3(19)!
-74, 19,
#CLI: Ooh, I needed that app?m3(19)!
#CLI: We meet again, Doctor Jones!
#CLI: Come get some app!m1(19, 42, 161, 81, 204)!
-76, 19, 42, 161, 81, 204,
#CLI: Come get some app!m2(19, 42, 161)!
-75, 19, 42, 161,
#APP: Ooh, I needed that app?m1(19, 42, 161, 81, 204)!
#APP: Ooh, I needed that app?m2(19, 42, 161)!
#APP: Come get some app!m3(19)!
-74, 19,
#CLI: Ooh, I needed that app?m3(19)!
#CLI: We meet again, Doctor Jones!
#CLI: Come get some app!m1(19, 42, 18, 201, 76)!
-76, 19, 42, 18, 201, 76,
#CLI: Come get some app!m2(19, 42, 18)!
-75, 19, 42, 18,
#APP: Ooh, I needed that app?m1(19, 42, 18, 201, 76)!
#APP: Ooh, I needed that app?m2(19, 42, 18)!
#APP: Come get some app!m3(19)!
-74, 19,
#CLI: Ooh, I needed that app?m3(19)!
#CLI: We meet again, Doctor Jones!
#CLI: Come get some app!m1(19, 42, 125, 93, 154)!
-76, 19, 42, 125, 93, 154,
#CLI: Come get some app!m2(19, 42, 125)!
-75, 19, 42, 125,
#APP: Ooh, I needed that app?m1(19, 42, 125, 93, 154)!
#APP: Ooh, I needed that app?m2(19, 42, 125)!
#APP: Come get some app!m3(19)!
-74, 19,
#CLI: Ooh, I needed that app?m3(19)!
#CLI: We meet again, Doctor Jones!
#CLI: Come get some app!m1(19, 42, 198, 166, 41)!
-76, 19, 42, 198, 166, 41,
#CLI: Come get some app!m2(19, 42, 198)!
-75, 19, 42, 198,
#APP: Ooh, I needed that app?m1(19, 42, 198, 166, 41)!
#APP: Ooh, I needed that app?m2(19, 42, 198)!
#APP: Come get some app!m3(19)!
-74, 19,
#CLI: Ooh, I needed that app?m3(19)!
#CLI: We meet again, Doctor Jones!
#CLI: Come get some app!m1(19, 42, 78, 132, 237)!
-76, 19, 42, 78, 132, 237,
#CLI: Come get some app!m2(19, 42, 78)!
-75, 19, 42, 78,
#APP: Ooh, I needed that app?m1(19, 42, 78, 132, 237)!
#APP: Ooh, I needed that app?m2(19, 42, 78)!
#APP: Come get some app!m3(19)!
-74, 19,
#CLI: Ooh, I needed that app?m3(19)!
#CLI: We meet again, Doctor Jones!
#CLI: Come get some app!m1(19, 42, 58, 242, 96)!
-76, 19, 42, 58, 242, 96,
#CLI: Come get some app!m2(19, 42, 58)!
-75, 19, 42, 58,
#APP: Ooh, I needed that app?m1(19, 42, 58, 242, 96)!
#APP: Ooh, I needed that app?m2(19, 42, 58)!
#APP: Come get some app!m3(19)!
-74, 19,
#CLI: Ooh, I needed that app?m3(19)!
#CLI: We meet again, Doctor Jones!
#CLI: Come get some app!m1(19, 42, 79, 5, 252)!
-76, 19, 42, 79, 5, 252,
#CLI: Come get some app!m2(19, 42, 79)!
-75, 19, 42, 79,
#APP: Ooh, I needed that app?m1(19, 42, 79, 5, 252)!
#APP: Ooh, I needed that app?m2(19, 42, 79)!
#APP: Come get some app!m3(19)!
-74, 19,
#CLI: Ooh, I needed that app?m3(19)!
#CLI: We meet again, Doctor Jones!
#CLI: Come get some app!m1(19, 42, 140, 241, 80)!
-76, 19, 42, 140, 241, 80,
#CLI: Come get some app!m2(19, 42, 140)!
-75, 19, 42, 140,
#APP: Ooh, I needed that app?m1(19, 42, 140, 241, 80)!
#APP: Ooh, I needed that app?m2(19, 42, 140)!
#APP: Come get some app!m3(19)!
-74, 19,
#CLI: Ooh, I needed that app?m3(19)!
#CLI: We meet again, Doctor Jones!
#CLI: Come get some app!m1(19, 42, 132, 106, 62)!
-76, 19, 42, 132, 106, 62,
#CLI: Come get some app!m2(19, 42, 132)!
-75, 19, 42, 132,
#APP: Ooh, I needed that app?m1(19, 42, 132, 106, 62)!
#APP: Ooh, I needed that app?m2(19, 42, 132)!
#APP: Come get some app!m3(19)!
-74, 19,
#CLI: Ooh, I needed that app?m3(19)!
#CLI: We meet again, Doctor Jones!
#CLI: Come get some app!m1(19, 42, 112, 253, 168)!
-76, 19, 42, 112, 253, 168,
#CLI: Come get some app!m2(19, 42, 112)!
-75, 19, 42, 112,
#APP: Ooh, I needed that app?m1(19, 42, 112, 253, 168)!
#APP: Ooh, I needed that app?m2(19, 42, 112)!
#APP: Come get some app!m3(19)!
-74, 19,
#CLI: Ooh, I needed that app?m3(19)!
#CLI: We meet again, Doctor Jones!
#CLI: Come get some app!m1(19, 42, 106, 172, 177)!
-76, 19, 42, 106, 172, 177,
#CLI: Come get some app!m2(19, 42, 106)!
-75, 19, 42, 106,
#APP: Ooh, I needed that app?m1(19, 42, 106, 172, 177)!
#APP: Ooh, I needed that app?m2(19, 42, 106)!
#APP: Come get some app!m3(19)!
-74, 19,
#CLI: Ooh, I needed that app?m3(19)!
#CLI: We meet again, Doctor Jones!
#CLI: Come get some app!m1(19, 42, 195, 108, 143)!
-76, 19, 42, 195, 108, 143,
#CLI: Come get some app!m2(19, 42, 195)!
-75, 19, 42, 195,
#APP: Ooh, I needed that app?m1(19, 42, 195, 108, 143)!
#APP: Ooh, I needed that app?m2(19, 42, 195)!
#APP: Come get some app!m3(19)!
-74, 19,
#CLI: Ooh, I needed that app?m3(19)!
#CLI: We meet again, Doctor Jones!
#CLI: Come get some app!m1(19, 42, 141, 198, 225)!
-76, 19, 42, 141, 198, 225,
#CLI: Come get some app!m2(19, 42, 141)!
-75, 19, 42, 141,
#APP: Ooh, I needed that app?m1(19, 42, 141, 198, 225)!
#APP: Ooh, I needed that app?m2(19, 42, 141)!
#APP: Come get some app!m3(19)!
-74, 19,
#CLI: Ooh, I needed that app?m3(19)!
#CLI: We meet again, Doctor Jones!
#CLI: Come get some app!m1(19, 42, 99, 175, 171)!
-76, 19, 42, 99, 175, 171,
#CLI: Come get some app!m2(19, 42, 99)!
-75, 19, 42, 99,
#APP: Ooh, I needed that app?m1(19, 42, 99, 175, 171)!
#APP: Ooh, I needed that app?m2(19, 42, 99)!
#APP: Come get some app!m3(19)!
-74, 19,
#CLI: Ooh, I needed that app?m3(19)!
#CLI: We meet again, Doctor Jones!
#CLI: Come get some app!m1(19, 42, 192, 24, 157)!
-76, 19, 42, 192, 24, 157,
#CLI: Come get some app!m2(19, 42, 192)!
-75, 19, 42, 192,
#APP: Ooh, I needed that app?m1(19, 42, 192, 24, 157)!
#APP: Ooh, I needed that app?m2(19, 42, 192)!
#APP: Come get some app!m3(19)!
-74, 19,
#CLI: Ooh, I needed that app?m3(19)!
#CLI: We meet again, Doctor Jones!
#CLI: Come get some app!m1(19, 42, 123, 162, 37)!
-76, 19, 42, 123, 162, 37,
#CLI: Come get some app!m2(19, 42, 123)!
-75, 19, 42, 123,
#APP: Ooh, I needed that app?m1(19, 42, 123, 162, 37)!
#APP: Ooh, I needed that app?m2(19, 42, 123)!
#APP: Come get some app!m3(19)!
-74, 19,
#CLI: Ooh, I needed that app?m3(19)!
#CLI: We meet again, Doctor Jones!
#CLI: Come get some app!m1(19, 42, 5, 241, 66)!
-76, 19, 42, 5, 241, 66,
#CLI: Come get some app!m2(19, 42, 5)!
-75, 19, 42, 5,
#APP: Ooh, I needed that app?m1(19, 42, 5, 241, 66)!
#APP: Ooh, I needed that app?m2(19, 42, 5)!
#APP: Come get some app!m3(19)!
-74, 19,
#CLI: Ooh, I needed that app?m3(19)!
#CLI: We meet again, Doctor Jones!
#CLI: Come get some app!m1(19, 42, 46, 161, 249)!
-76, 19, 42, 46, 161, 249,
#CLI: Come get some app!m2(19, 42, 46)!
-75, 19, 42, 46,
#APP: Ooh, I needed that app?m1(19, 42, 46, 161, 249)!
#APP: Ooh, I needed that app?m2(19, 42, 46)!
#APP: Come get some app!m3(19)!
-74, 19,
#CLI: Ooh, I needed that app?m3(19)!
#CLI: We meet again, Doctor Jones!
#CLI: Come get some app!m1(19, 42, 19, 55, 245)!
-76, 19, 42, 19, 55, 245,
#CLI: Come get some app!m2(19, 42, 19)!
-75, 19, 42, 19,
#APP: Ooh, I needed that app?m1(19, 42, 19, 55, 245)!
#APP: Ooh, I needed that app?m2(19, 42, 19)!
#APP: Come get some app!m3(19)!
-74, 19,
#CLI: Ooh, I needed that app?m3(19)!
#CLI: We meet again, Doctor Jones!
#CLI: Come get some app!m1(19, 42, 100, 150, 214)!
-76, 19, 42, 100, 150, 214,
#CLI: Come get some app!m2(19, 42, 100)!
-75, 19, 42, 100,
#APP: Ooh, I needed that app?m1(19, 42, 100, 150, 214)!
#APP: Ooh, I needed that app?m2(19, 42, 100)!
#APP: Come get some app!m3(19)!
-74, 19,
#CLI: Ooh, I needed that app?m3(19)!
#CLI: We meet again, Doctor Jones!
#CLI: Come get some app!m1(19, 42, 71, 152, 70)!
-76, 19, 42, 71, 152, 70,
#CLI: Come get some app!m2(19, 42, 71)!
-75, 19, 42, 71,
#APP: Ooh, I needed that app?m1(19, 42, 71, 152, 70)!
#APP: Ooh, I needed that app?m2(19, 42, 71)!
#APP: Come get some app!m3(19)!
-74, 19,
#CLI: Ooh, I needed that app?m3(19)!
#CLI: We meet again, Doctor Jones!
#CLI: Come get some app!m1(19, 42, 213, 122, 8)!
-76, 19, 42, 213, 122, 8,
#CLI: Come get some app!m2(19, 42, 213)!
-75, 19, 42, 213,
#APP: Ooh, I needed that app?m1(19, 42, 213, 122, 8)!
#APP: Ooh, I needed that app?m2(19, 42, 213)!
#APP: Come get some app!m3(19)!
-74, 19,
#CLI: Ooh, I needed that app?m3(19)!
#CLI: We meet again, Doctor Jones!
#CLI: Come get some app!m1(19, 42, 21, 58, 124)!
-76, 19, 42, 21, 58, 124,
#CLI: Come get some app!m2(19, 42, 21)!
-75, 19, 42, 21,
#APP: Ooh, I needed that app?m1(19, 42, 21, 58, 124)!
#APP: Ooh, I needed that app?m2(19, 42, 21)!
#APP: Come get some app!m3(19)!
-74, 19,
#CLI: Ooh, I needed that app?m3(19)!
#CLI: We meet again, Doctor Jones!
#CLI: Come get some app!m1(19, 42, 232, 47, 21)!
-76, 19, 42, 232, 47, 21,
#CLI: Come get some app!m2(19, 42, 232)!
-75, 19, 42, 232,
#APP: Ooh, I needed that app?m1(19, 42, 232, 47, 21)!
#APP: Ooh, I needed that app?m2(19, 42, 232)!
#APP: Come get some app!m3(19)!
-74, 19,
#CLI: Ooh, I needed that app?m3(19)!
#CLI: We meet again, Doctor Jones!
#CLI: Come get some app!m1(19, 42, 126, 186, 26)!
-76, 19, 42, 126, 186, 26,
#CLI: Come get some app!m2(19, 42, 126)!
-75, 19, 42, 126,
#APP: Ooh, I needed that app?m1(19, 42, 126, 186, 26)!
#APP: Ooh, I needed that app?m2(19, 42, 126)!
#APP: Come get some app!m3(19)!
-74, 19,
#CLI: Ooh, I needed that app?m3(19)!
#CLI: We meet again, Doctor Jones!
#CLI: Come get some app!m1(19, 42, 227, 177, 152)!
-76, 19, 42, 227, 177, 152,
#CLI: Come get some app!m2(19, 42, 227)!
-75, 19, 42, 227,
#APP: Ooh, I needed that app?m1(19, 42, 227, 177, 152)!
#APP: Ooh, I needed that app?m2(19, 42, 227)!
#APP: Come get some app!m3(19)!
-74, 19,
#CLI: Ooh, I needed that app?m3(19)!
#CLI: We meet again, Doctor Jones!
#CLI: Come get some app!m1(19, 42, 18, 221, 228)!
-76, 19, 42, 18, 221, 228,
#CLI: Come get some app!m2(19, 42, 18)!
-75, 19, 42, 18,
#APP: Ooh, I needed that app?m1(19, 42, 18, 221, 228)!
#APP: Ooh, I needed that app?m2(19, 42, 18)!
#APP: Come get some app!m3(19)!
-74, 19,
#CLI: Ooh, I needed that app?m3(19)!
#CLI: We meet again, Doctor Jones!
#CLI: Come get some app!m1(19, 42, 46, 143, 110)!
-76, 19, 42, 46, 143, 110,
#CLI: Come get some app!m2(19, 42, 46)!
-75, 19, 42, 46,
#APP: Ooh, I needed that app?m1(19, 42, 46, 143, 110)!
#APP: Ooh, I needed that app?m2(19, 42, 46)!
#APP: Come get some app!m3(19)!
-74, 19,
#CLI: Ooh, I needed that app?m3(19)!
#CLI: We meet again, Doctor Jones!
#CLI: Come get some app!m1(19, 42, 66, 152, 18)!
-76, 19, 42, 66, 152, 18,
#CLI: Come get some app!m2(19, 42, 66)!
-75, 19, 42, 66,
#APP: Ooh, I needed that app?m1(19, 42, 66, 152, 18)!
#APP: Ooh, I needed that app?m2(19, 42, 66)!
#APP: Come get some app!m3(19)!
-74, 19,
#CLI: Ooh, I needed that app?m3(19)!
#CLI: We meet again, Doctor Jones!
#CLI: Come get some app!m1(19, 42, 170, 203, 72)!
-76, 19, 42, 170, 203, 72,
#CLI: Come get some app!m2(19, 42, 170)!
-75, 19, 42, 170,
#APP: Ooh, I needed that app?m1(19, 42, 170, 203, 72)!
#APP: Ooh, I needed that app?m2(19, 42, 170)!
#APP: Come get some app!m3(19)!
-74, 19,
#CLI: Ooh, I needed that app?m3(19)!
#CLI: We meet again, Doctor Jones!
#CLI: Come get some app!m1(19, 42, 152, 152, 200)!
-76, 19, 42, 152, 152, 200,
#CLI: Come get some app!m2(19, 42, 152)!
-75, 19, 42, 152,
#APP: Ooh, I needed that app?m1(19, 42, 152, 152, 200)!
#APP: Ooh, I needed that app?m2(19, 42, 152)!
#APP: Come get some app!m3(19)!
-74, 19,
#CLI: Ooh, I needed that app?m3(19)!
#CLI: We meet again, Doctor Jones!
#CLI: Come get some app!m1(19, 42, 86, 96, 12)!
-76, 19, 42, 86, 96, 12,
#CLI: Come get some app!m2(19, 42, 86)!
-75, 19, 42, 86,
#APP: Ooh, I needed that app?m1(19, 42, 86, 96, 12)!
#APP: Ooh, I needed that app?m2(19, 42, 86)!
#APP: Come get some app!m3(19)!
-74, 19,
#CLI: Ooh, I needed that app?m3(19)!
#CLI: We meet again, Doctor Jones!
#CLI: Come get some app!m1(19, 42, 159, 40, 213)!
-76, 19, 42, 159, 40, 213,
#CLI: Come get some app!m2(19, 42, 159)!
-75, 19, 42, 159,
#APP: Ooh, I needed that app?m1(19, 42, 159, 40, 213)!
#APP: Ooh, I needed that app?m2(19, 42, 159)!
#APP: Come get some app!m3(19)!
-74, 19,
#CLI: Ooh, I needed that app?m3(19)!
#CLI: We meet again, Doctor Jones!
#CLI: Come get some app!m1(19, 42, 160, 89, 164)!
-76, 19, 42, 160, 89, 164,
#CLI: Come get some app!m2(19, 42, 160)!
-75, 19, 42, 160,
#APP: Ooh, I needed that app?m1(19, 42, 160, 89, 164)!
#APP: Ooh, I needed that app?m2(19, 42, 160)!
#APP: Come get some app!m3(19)!
-74, 19,
#CLI: Ooh, I needed that app?m3(19)!
#CLI: We meet again, Doctor Jones!
#CLI: Come get some app!m1(19, 42, 167, 40, 203)!
-76, 19, 42, 167, 40, 203,
#CLI: Come get some app!m2(19, 42, 167)!
-75, 19, 42, 167,
#APP: Ooh, I needed that app?m1(19, 42, 167, 40, 203)!
#APP: Ooh, I needed that app?m2(19, 42, 167)!
#APP: Come get some app!m3(19)!
-74, 19,
#CLI: Ooh, I needed that app?m3(19)!
#CLI: We meet again, Doctor Jones!
#CLI: Come get some app!m1(19, 42, 106, 177, 79)!
-76, 19, 42, 106, 177, 79,
#CLI: Come get some app!m2(19, 42, 106)!
-75, 19, 42, 106,
#APP: Ooh, I needed that app?m1(19, 42, 106, 177, 79)!
#APP: Ooh, I needed that app?m2(19, 42, 106)!
#APP: Come get some app!m3(19)!
-74, 19,
#CLI: Ooh, I needed that app?m3(19)!
#CLI: We meet again, Doctor Jones!
#CLI: Come get some app!m1(19, 42, 124, 22, 105)!
-76, 19, 42, 124, 22, 105,
#CLI: Come get some app!m2(19, 42, 124)!
-75, 19, 42, 124,
#APP: Ooh, I needed that app?m1(19, 42, 124, 22, 105)!
#APP: Ooh, I needed that app?m2(19, 42, 124)!
#APP: Come get some app!m3(19)!
-74, 19,
#CLI: Ooh, I needed that app?m3(19)!
#CLI: We meet again, Doctor Jones!
#CLI: Come get some app!m1(19, 42, 147, 47, 6)!
-76, 19, 42, 147, 47, 6,
#CLI: Come get some app!m2(19, 42, 147)!
-75, 19, 42, 147,
#APP: Ooh, I needed that app?m1(19, 42, 147, 47, 6)!
#APP: Ooh, I needed that app?m2(19, 42, 147)!
#APP: Come get some app!m3(19)!
-74, 19,
#CLI: Ooh, I needed that app?m3(19)!
#CLI: We meet again, Doctor Jones!
#CLI: Come get some app!m1(19, 42, 9, 235, 143)!
-76, 19, 42, 9, 235, 143,
#CLI: Come get some app!m2(19, 42, 9)!
-75, 19, 42, 9,
#APP: Ooh, I needed that app?m1(19, 42, 9, 235, 143)!
#APP: Ooh, I needed that app?m2(19, 42, 9)!
#APP: Come get some app!m3(19)!
-74, 19,
#CLI: Ooh, I needed that app?m3(19)!
#CLI: We meet again, Doctor Jones!
#CLI: Come get some app!m1(19, 42, 197, 82, 192)!
-76, 19, 42, 197, 82, 192,
#CLI: Come get some app!m2(19, 42, 197)!
-75, 19, 42, 197,
#APP: Ooh, I needed that app?m1(19, 42, 197, 82, 192)!
#APP: Ooh, I needed that app?m2(19, 42, 197)!
#APP: Come get some app!m3(19)!
-74, 19,
#CLI: Ooh, I needed that app?m3(19)!
#CLI: We meet again, Doctor Jones!
#CLI: Come get some app!m1(19, 42, 133, 251, 46)!
-76, 19, 42, 133, 251, 46,
#CLI: Come get some app!m2(19, 42, 133)!
-75, 19, 42, 133,
#APP: Ooh, I needed that app?m1(19, 42, 133, 251, 46)!
#APP: Ooh, I needed that app?m2(19, 42, 133)!
#APP: Come get some app!m3(19)!
-74, 19,
#CLI: Ooh, I needed that app?m3(19)!
#CLI: We meet again, Doctor Jones!
#CLI: Come get some app!m1(19, 42, 15, 118, 158)!
-76, 19, 42, 15, 118, 158,
#CLI: Come get some app!m2(19, 42, 15)!
-75, 19, 42, 15,
#APP: Ooh, I needed that app?m1(19, 42, 15, 118, 158)!
#APP: Ooh, I needed that app?m2(19, 42, 15)!
#APP: Come get some app!m3(19)!
-74, 19,
#CLI: Ooh, I needed that app?m3(19)!
#CLI: We meet again, Doctor Jones!
#CLI: Come get some app!m1(19, 42, 89, 178, 35)!
-76, 19, 42, 89, 178, 35,
#CLI: Come get some app!m2(19, 42, 89)!
-75, 19, 42, 89,
#APP: Ooh, I needed that app?m1(19, 42, 89, 178, 35)!
#APP: Ooh, I needed that app?m2(19, 42, 89)!
#APP: Come get some app!m3(19)!
-74, 19,
#CLI: Ooh, I needed that app?m3(19)!
#CLI: We meet again, Doctor Jones!
#CLI: Come get some app!m1(19, 42, 120, 214, 109)!
-76, 19, 42, 120, 214, 109,
#CLI: Come get some app!m2(19, 42, 120)!
-75, 19, 42, 120,
#CLI: What are you waitin for? Christmas?
#APP: Ooh, I needed that app?m1(19, 42, 120, 214, 109)!
#APP: Ooh, I needed that app?m2(19, 42, 120)!
#APP: Come get some app!m3(19)!
-74, 19,