#CLI: Come get some app!m1(144, 160, 33, 181, 155)!
-67, 155, 188, 144, 167, 247, 193, 246,
-59, 157, 24, 49, 146, 66,
-58, 148, 237, 108, 58, 53, 63, 33,
-63, 105, 121, 123, 181, 165,
-62, 216, 30, 160, 194, 146,
#CLI: Come get some app!m2(144, 160, 33)!
-65, 45, 228, 134, 119, 192, 90,
-64, 141, 14, 99, 100, 207,
-61, 59, 242, 254, 20, 185,
-55, 175, 100, 178, 105, 160, 33,
-54, 90, 109, 53, 144, 204,
#APP: Ooh, I needed that app?m1(144, 160, 33, 181, 155)!
#APP: Ooh, I needed that app?m2(144, 160, 33)!
#APP: Come get some app!m3(144)!
-71, 87, 144, 62, 88, 46,
-70, 94, 26, 181, 245, 95,
-69, 1, 216, 252, 131, 77,
-57, 212, 160, 24, 176, 5,
-56, 162, 107, 155, 32, 68,
#CLI: Ooh, I needed that app?m3(144)!
#CLI: We meet again, Doctor Jones!
#CLI: Come get some app!m1(144, 160, 227, 192, 200)!
-67, 200, 149, 144, 54, 12, 239, 246,
-59, 44, 78, 199, 117, 181,
-58, 110, 98, 247, 15, 100, 169, 227,
-63, 85, 10, 238, 192, 94,
-62, 19, 103, 160, 60, 57,
#CLI: Come get some app!m2(144, 160, 227)!
-65, 46, 78, 78, 198, 25, 177,
-64, 91, 135, 156, 72, 149,
-61, 181, 113, 181, 212, 112,
-55, 188, 81, 252, 233, 160, 227,
-54, 135, 200, 212, 144, 157,
#APP: Ooh, I needed that app?m1(144, 160, 227, 192, 200)!
#APP: Ooh, I needed that app?m2(144, 160, 227)!
#APP: Come get some app!m3(144)!
-71, 215, 144, 106, 87, 223,
-70, 170, 200, 125, 26, 201,
-69, 68, 245, 110, 170, 18,
-57, 87, 186, 136, 213, 109,
-56, 87, 128, 226, 192, 121,
#CLI: Ooh, I needed that app?m3(144)!
#CLI: We meet again, Doctor Jones!
#CLI: Come get some app!m1(144, 160, 30, 184, 73)!
-67, 73, 92, 144, 146, 107, 161, 28,
-59, 164, 187, 157, 44, 251,
-58, 135, 20, 187, 24, 104, 24, 30,
-63, 245, 202, 150, 184, 166,
-62, 200, 115, 160, 225, 246,
#CLI: Come get some app!m2(144, 160, 30)!
-65, 149, 159, 78, 161, 246, 14,
-64, 194, 101, 53, 40, 108,
-61, 196, 196, 149, 58, 187,
-55, 76, 166, 42, 44, 160, 30,
-54, 211, 78, 54, 144, 171,
#APP: Ooh, I needed that app?m1(144, 160, 30, 184, 73)!
#APP: Ooh, I needed that app?m2(144, 160, 30)!
#APP: Come get some app!m3(144)!
-71, 76, 144, 134, 53, 119,
-70, 86, 103, 17, 255, 103,
-69, 48, 131, 182, 146, 134,
-57, 145, 223, 88, 159, 120,
-56, 66, 123, 197, 34, 34,
#CLI: Ooh, I needed that app?m3(144)!
#CLI: We meet again, Doctor Jones!
#CLI: Come get some app!m1(144, 160, 2, 65, 200)!
-67, 200, 87, 144, 157, 170, 186, 103,
-59, 12, 137, 91, 73, 141,
-58, 92, 227, 100, 235, 239, 83, 2,
-63, 245, 171, 173, 65, 142,
-62, 244, 63, 160, 28, 133,
#CLI: Come get some app!m2(144, 160, 2)!
-65, 64, 190, 124, 72, 117, 145,
-64, 27, 116, 121, 159, 254,
-61, 220, 135, 244, 16, 220,
-55, 179, 16, 224, 43, 160, 2,
-54, 233, 156, 143, 144, 163,
#APP: Ooh, I needed that app?m1(144, 160, 2, 65, 200)!
#APP: Ooh, I needed that app?m2(144, 160, 2)!
#APP: Come get some app!m3(144)!
-71, 197, 144, 101, 160, 205,
-70, 221, 158, 141, 115, 209,
-69, 161, 60, 140, 7, 121,
-57, 185, 88, 144, 14, 181,
-56, 85, 214, 184, 200, 137,
#CLI: Ooh, I needed that app?m3(144)!
#CLI: We meet again, Doctor Jones!
#CLI: Come get some app!m1(144, 160, 116, 12, 207)!
-67, 207, 79, 144, 185, 231, 182, 235,
-59, 85, 236, 202, 229, 48,
-58, 165, 51, 62, 65, 203, 128, 116,
-63, 123, 231, 52, 12, 177,
-62, 80, 209, 160, 137, 243,
#CLI: Come get some app!m2(144, 160, 116)!
-65, 167, 23, 192, 22, 207, 163,
-64, 139, 33, 23, 129, 108,
-61, 149, 45, 185, 101, 119,
-55, 248, 198, 80, 244, 160, 116,
-54, 253, 32, 200, 144, 7,
#APP: Ooh, I needed that app?m1(144, 160, 116, 12, 207)!
#APP: Ooh, I needed that app?m2(144, 160, 116)!
#APP: Come get some app!m3(144)!
-71, 36, 144, 203, 71, 234,
-70, 33, 146, 65, 0, 170,
-69, 110, 25, 169, 38, 81,
-57, 40, 87, 140, 86, 152,
-56, 165, 13, 208, 11, 160,
#CLI: Ooh, I needed that app?m3(144)!
#CLI: We meet again, Doctor Jones!
#CLI: Come get some app!m1(144, 160, 2, 12, 164)!
-67, 164, 43, 144, 221, 3, 58, 203,
-59, 191, 164, 144, 161, 82,
-58, 73, 166, 229, 251, 123, 162, 2,
-63, 169, 83, 60, 12, 178,
-62, 130, 83, 160, 96, 114,
#CLI: Come get some app!m2(144, 160, 2)!
-65, 238, 182, 63, 238, 87, 140,
-64, 57, 237, 133, 183, 223,
-61, 170, 30, 126, 11, 36,
-55, 239, 251, 99, 80, 160, 2,
-54, 112, 230, 5, 144, 243,
#APP: Ooh, I needed that app?m1(144, 160, 2, 12, 164)!
#APP: Ooh, I needed that app?m2(144, 160, 2)!
#APP: Come get some app!m3(144)!
-71, 149, 144, 12, 0, 113,
-70, 92, 215, 181, 48, 54,
-69, 152, 95, 169, 208, 195,
-57, 10, 247, 237, 250, 84,
-56, 99, 210, 161, 148, 131,
#CLI: Ooh, I needed that app?m3(144)!
#CLI: We meet again, Doctor Jones!
#CLI: Come get some app!m1(144, 160, 69, 82, 18)!
-67, 18, 78, 144, 59, 154, 131, 8,
-59, 241, 21, 194, 173, 198,
-58, 212, 107, 45, 208, 69, 15, 69,
-63, 46, 88, 61, 82, 14,
-62, 97, 225, 160, 35, 195,
#CLI: Come get some app!m2(144, 160, 69)!
-65, 161, 172, 180, 149, 112, 91,
-64, 93, 82, 129, 185, 190,
-61, 154, 125, 5, 66, 1,
-55, 88, 88, 113, 210, 160, 69,
-54, 140, 53, 28, 144, 37,
#APP: Ooh, I needed that app?m1(144, 160, 69, 82, 18)!
#APP: Ooh, I needed that app?m2(144, 160, 69)!
#APP: Come get some app!m3(144)!
-71, 190, 144, 5, 45, 248,
-70, 8, 152, 154, 107, 211,
-69, 161, 102, 200, 48, 88,
-57, 130, 100, 13, 157, 59,
-56, 77, 35, 133, 161, 19,
#CLI: Ooh, I needed that app?m3(144)!
#CLI: We meet again, Doctor Jones!
#CLI: Come get some app!m1(144, 160, 82, 99, 213)!
-67, 213, 185, 144, 171, 215, 167, 51,
-59, 95, 109, 171, 17, 52,
-58, 59, 144, 76, 191, 227, 193, 82,
-63, 131, 103, 229, 99, 100,
-62, 140, 65, 160, 227, 224,
#CLI: Come get some app!m2(144, 160, 82)!
-65, 196, 219, 196, 173, 201, 2,
-64, 101, 224, 220, 131, 95,
-61, 126, 12, 62, 159, 210,
-55, 228, 152, 80, 240, 160, 82,
-54, 246, 177, 206, 144, 227,
#APP: Ooh, I needed that app?m1(144, 160, 82, 99, 213)!
#APP: Ooh, I needed that app?m2(144, 160, 82)!
#APP: Come get some app!m3(144)!
-71, 92, 144, 204, 66, 29,
-70, 204, 93, 241, 37, 246,
-69, 191, 198, 154, 138, 72,
-57, 100, 129, 144, 146, 170,
-56, 197, 81, 15, 19, 171,
#CLI: Ooh, I needed that app?m3(144)!
#CLI: We meet again, Doctor Jones!
#CLI: Come get some app!m1(144, 160, 128, 203, 150)!
-67, 150, 10, 144, 19, 29, 89, 117,
-59, 19, 108, 24, 222, 143,
-58, 28, 205, 12, 29, 187, 14, 128,
-63, 121, 223, 4, 203, 1,
-62, 69, 116, 160, 112, 77,
#CLI: Come get some app!m2(144, 160, 128)!
-65, 100, 71, 202, 84, 12, 245,
-64, 232, 17, 252, 81, 29,
-61, 61, 112, 209, 180, 161,
-55, 104, 22, 61, 120, 160, 128,
-54, 52, 179, 50, 144, 228,
#APP: Ooh, I needed that app?m1(144, 160, 128, 203, 150)!
#APP: Ooh, I needed that app?m2(144, 160, 128)!
#APP: Come get some app!m3(144)!
-71, 62, 144, 100, 54, 201,
-70, 42, 113, 62, 29, 178,
-69, 107, 104, 219, 24, 98,
-57, 37, 160, 156, 4, 140,
-56, 15, 194, 247, 69, 28,
#CLI: Ooh, I needed that app?m3(144)!
#CLI: We meet again, Doctor Jones!
#CLI: Come get some app!m1(144, 160, 70, 225, 180)!
-67, 180, 106, 144, 121, 13, 105, 1,
-59, 154, 170, 179, 232, 176,
-58, 253, 235, 85, 204, 132, 101, 70,
-63, 24, 34, 224, 225, 2,
-62, 77, 184, 160, 165, 178,
#CLI: Come get some app!m2(144, 160, 70)!
-65, 20, 232, 234, 161, 159, 0,
-64, 99, 101, 31, 181, 89,
-61, 130, 173, 114, 97, 58,
-55, 72, 88, 203, 53, 160, 70,
-54, 233, 60, 121, 144, 120,
#APP: Ooh, I needed that app?m1(144, 160, 70, 225, 180)!
#APP: Ooh, I needed that app?m2(144, 160, 70)!
#APP: Come get some app!m3(144)!
-71, 196, 144, 72, 189, 24,
-70, 11, 49, 80, 99, 114,
-69, 63, 217, 46, 37, 13,
-57, 164, 249, 100, 96, 10,
-56, 211, 177, 245, 93, 224,
#CLI: Ooh, I needed that app?m3(144)!
#CLI: We meet again, Doctor Jones!
#CLI: Come get some app!m1(144, 160, 28, 25, 175)!
-67, 175, 71, 144, 211, 34, 139, 166,
-59, 218, 186, 233, 227, 19,
-58, 159, 95, 129, 115, 91, 252, 28,
-63, 113, 145, 26, 25, 178,
-62, 236, 181, 160, 102, 138,
#CLI: Come get some app!m2(144, 160, 28)!
-65, 22, 83, 233, 214, 37, 5,
-64, 187, 103, 55, 52, 149,
-61, 237, 149, 78, 116, 172,
-55, 220, 39, 213, 233, 160, 28,
-54, 159, 85, 42, 144, 136,
#APP: Ooh, I needed that app?m1(144, 160, 28, 25, 175)!
#APP: Ooh, I needed that app?m2(144, 160, 28)!
#APP: Come get some app!m3(144)!
-71, 194, 144, 65, 100, 115,
-70, 149, 134, 248, 230, 20,
-69, 50, 253, 106, 165, 19,
-57, 60, 155, 216, 123, 218,
-56, 203, 26, 131, 158, 161,
#CLI: Ooh, I needed that app?m3(144)!
#CLI: We meet again, Doctor Jones!
#CLI: Come get some app!m1(144, 160, 118, 138, 127)!
-67, 127, 170, 144, 170, 64, 26, 127,
-59, 47, 189, 192, 208, 116,
-58, 178, 35, 129, 207, 177, 164, 118,
-63, 224, 141, 95, 138, 72,
-62, 75, 165, 160, 176, 194,
#CLI: Come get some app!m2(144, 160, 118)!
-65, 200, 247, 173, 58, 200, 213,
-64, 143, 77, 27, 189, 110,
-61, 120, 235, 5, 126, 136,
-55, 132, 239, 202, 231, 160, 118,
-54, 251, 175, 176, 144, 165,
#APP: Ooh, I needed that app?m1(144, 160, 118, 138, 127)!
#APP: Ooh, I needed that app?m2(144, 160, 118)!
#APP: Come get some app!m3(144)!
-71, 198, 144, 16, 119, 245,
-70, 129, 222, 157, 177, 60,
-69, 219, 100, 103, 199, 228,
-57, 188, 103, 218, 132, 212,
-56, 213, 111, 196, 36, 127,
#CLI: Ooh, I needed that app?m3(144)!
#CLI: We meet again, Doctor Jones!
#CLI: Come get some app!m1(144, 160, 235, 60, 143)!
-67, 143, 130, 144, 254, 43, 234, 12,
-59, 178, 176, 203, 181, 148,
-58, 181, 142, 202, 57, 179, 28, 235,
-63, 242, 255, 225, 60, 133,
-62, 161, 207, 160, 98, 141,
#CLI: Come get some app!m2(144, 160, 235)!
-65, 65, 8, 161, 189, 190, 20,
-64, 159, 226, 116, 183, 160,
-61, 148, 158, 202, 231, 10,
-55, 40, 239, 154, 226, 160, 235,
-54, 3, 226, 141, 144, 5,
#APP: Ooh, I needed that app?m1(144, 160, 235, 60, 143)!
#APP: Ooh, I needed that app?m2(144, 160, 235)!
#APP: Come get some app!m3(144)!
-71, 126, 144, 208, 193, 245,
-70, 84, 24, 58, 57, 241,
-69, 120, 246, 77, 48, 204,
-57, 88, 159, 139, 244, 205,
-56, 30, 126, 138, 122, 23,
#CLI: Ooh, I needed that app?m3(144)!
#CLI: We meet again, Doctor Jones!
#CLI: Come get some app!m1(144, 160, 8, 157, 64)!
-67, 64, 195, 144, 208, 214, 204, 211,
-59, 53, 66, 163, 41, 188,
-58, 76, 226, 165, 36, 74, 225, 8,
-63, 137, 121, 188, 157, 10,
-62, 38, 142, 160, 25, 16,
#CLI: Come get some app!m2(144, 160, 8)!
-65, 225, 68, 18, 83, 48, 41,
-64, 29, 132, 51, 157, 189,
-61, 70, 200, 170, 197, 195,
-55, 33, 44, 197, 199, 160, 8,
-54, 223, 4, 202, 144, 102,
#APP: Ooh, I needed that app?m1(144, 160, 8, 157, 64)!
#APP: Ooh, I needed that app?m2(144, 160, 8)!
#APP: Come get some app!m3(144)!
-71, 94, 144, 207, 84, 34,
-70, 192, 163, 196, 3, 27,
-69, 248, 88, 78, 85, 193,
-57, 88, 249, 59, 224, 10,
-56, 98, 208, 59, 58, 31,
#CLI: Ooh, I needed that app?m3(144)!
#CLI: We meet again, Doctor Jones!
#CLI: Come get some app!m1(144, 160, 210, 21, 25)!
-67, 25, 197, 144, 41, 107, 69, 204,
-59, 158, 162, 168, 242, 187,
-58, 196, 171, 84, 242, 31, 8, 210,
-63, 214, 157, 49, 21, 177,
-62, 170, 7, 160, 22, 91,
#CLI: Come get some app!m2(144, 160, 210)!
-65, 175, 41, 57, 27, 110, 69,
-64, 215, 168, 33, 169, 117,
-61, 143, 202, 25, 224, 253,
-55, 172, 130, 1, 26, 160, 210,
-54, 78, 67, 120, 144, 150,
#APP: Ooh, I needed that app?m1(144, 160, 210, 21, 25)!
#APP: Ooh, I needed that app?m2(144, 160, 210)!
#APP: Come get some app!m3(144)!
-71, 169, 144, 120, 2, 17,
-70, 56, 175, 174, 103, 112,
-69, 162, 81, 106, 254, 7,
-57, 238, 232, 208, 32, 14,
-56, 141, 240, 14, 27, 157,
#CLI: Ooh, I needed that app?m3(144)!
#CLI: We meet again, Doctor Jones!
#CLI: Come get some app!m1(144, 160, 40, 188, 129)!
-67, 129, 106, 144, 144, 179, 128, 116,
-59, 55, 23, 218, 27, 7,
-58, 1, 251, 54, 56, 21, 184, 40,
-63, 156, 22, 38, 188, 110,
-62, 126, 59, 160, 113, 217,
#CLI: Come get some app!m2(144, 160, 40)!
-65, 252, 180, 192, 109, 136, 177,
-64, 120, 2, 12, 50, 125,
-61, 97, 73, 74, 231, 51,
-55, 108, 41, 40, 27, 160, 40,
-54, 56, 111, 25, 144, 254,
#APP: Ooh, I needed that app?m1(144, 160, 40, 188, 129)!
#APP: Ooh, I needed that app?m2(144, 160, 40)!
#APP: Come get some app!m3(144)!
-71, 75, 144, 216, 48, 32,
-70, 140, 208, 23, 181, 154,
-69, 58, 15, 122, 122, 234,
-57, 241, 150, 111, 77, 30,
-56, 29, 89, 156, 49, 115,
#CLI: Ooh, I needed that app?m3(144)!
#CLI: We meet again, Doctor Jones!
#CLI: Come get some app!m1(144, 160, 107, 14, 241)!
-67, 241, 113, 144, 146, 138, 201, 142,
-59, 170, 90, 134, 34, 56,
-58, 221, 69, 58, 148, 142, 114, 107,
-63, 51, 16, 209, 14, 109,
-62, 63, 84, 160, 185, 216,
#CLI: Come get some app!m2(144, 160, 107)!
-65, 193, 19, 243, 45, 103, 57,
-64, 9, 232, 216, 236, 227,
-61, 151, 68, 181, 41, 205,
-55, 5, 208, 76, 188, 160, 107,
-54, 84, 15, 79, 144, 236,
#APP: Ooh, I needed that app?m1(144, 160, 107, 14, 241)!
#APP: Ooh, I needed that app?m2(144, 160, 107)!
#APP: Come get some app!m3(144)!
-71, 186, 144, 89, 136, 41,
-70, 9, 202, 228, 87, 169,
-69, 229, 191, 82, 7, 58,
-57, 92, 255, 248, 45, 12,
-56, 30, 76, 201, 148, 228,
#CLI: Ooh, I needed that app?m3(144)!
#CLI: We meet again, Doctor Jones!
#CLI: Come get some app!m1(144, 160, 108, 129, 250)!
-67, 250, 51, 144, 4, 169, 47, 160,
-59, 104, 230, 200, 184, 19,
-58, 129, 135, 157, 69, 236, 34, 108,
-63, 144, 232, 226, 129, 178,
-62, 65, 74, 160, 177, 59,
#CLI: Come get some app!m2(144, 160, 108)!
-65, 12, 193, 222, 41, 47, 193,
-64, 187, 77, 21, 122, 23,
-61, 41, 23, 26, 176, 30,
-55, 39, 96, 223, 169, 160, 108,
-54, 69, 34, 58, 144, 104,
#APP: Ooh, I needed that app?m1(144, 160, 108, 129, 250)!
#APP: Ooh, I needed that app?m2(144, 160, 108)!
#APP: Come get some app!m3(144)!
-71, 214, 144, 36, 58, 158,
-70, 115, 227, 116, 217, 24,
-69, 222, 45, 29, 79, 151,
-57, 254, 109, 45, 139, 93,
-56, 183, 239, 192, 77, 48,
#CLI: Ooh, I needed that app?m3(144)!
#CLI: We meet again, Doctor Jones!
#CLI: Come get some app!m1(144, 160, 13, 63, 132)!
-67, 132, 220, 144, 254, 110, 156, 163,
-59, 233, 216, 116, 4, 96,
-58, 190, 51, 0, 73, 33, 121, 13,
-63, 45, 84, 6, 63, 146,
-62, 242, 4, 160, 7, 249,
#CLI: Come get some app!m2(144, 160, 13)!
-65, 180, 111, 97, 208, 228, 206,
-64, 175, 123, 195, 97, 146,
-61, 245, 208, 95, 91, 137,
-55, 13, 108, 10, 101, 160, 13,
-54, 213, 222, 202, 144, 220,
#APP: Ooh, I needed that app?m1(144, 160, 13, 63, 132)!
#APP: Ooh, I needed that app?m2(144, 160, 13)!
#APP: Come get some app!m3(144)!
-71, 150, 144, 150, 172, 21,
-70, 24, 104, 225, 171, 179,
-69, 55, 194, 132, 240, 154,
-57, 123, 183, 149, 79, 86,
-56, 162, 234, 65, 196, 195,
#CLI: Ooh, I needed that app?m3(144)!
#CLI: We meet again, Doctor Jones!
#CLI: Come get some app!m1(144, 160, 114, 251, 4)!
-67, 4, 212, 144, 248, 150, 52, 188,
-59, 96, 66, 169, 190, 102,
-58, 246, 196, 40, 70, 70, 227, 114,
-63, 18, 45, 88, 251, 55,
-62, 90, 19, 160, 128, 199,
#CLI: Come get some app!m2(144, 160, 114)!
-65, 105, 16, 167, 66, 224, 109,
-64, 197, 19, 39, 159, 149,
-61, 39, 182, 120, 61, 208,
-55, 46, 111, 19, 170, 160, 114,
-54, 229, 216, 179, 144, 53,
#APP: Ooh, I needed that app?m1(144, 160, 114, 251, 4)!
#APP: Ooh, I needed that app?m2(144, 160, 114)!
#APP: Come get some app!m3(144)!
-71, 223, 144, 52, 10, 56,
-70, 45, 202, 23, 231, 160,
-69, 200, 103, 6, 152, 64,
-57, 85, 115, 159, 12, 220,
-56, 75, 108, 49, 249, 93,
#CLI: Ooh, I needed that app?m3(144)!
#CLI: We meet again, Doctor Jones!
#CLI: Come get some app!m1(144, 160, 247, 233, 136)!
-67, 136, 197, 144, 4, 4, 81, 39,
-59, 134, 158, 239, 74, 116,
-58, 65, 150, 71, 214, 184, 232, 247,
-63, 5, 74, 70, 233, 145,
-62, 6, 115, 160, 72, 14,
#CLI: Come get some app!m2(144, 160, 247)!
-65, 2, 189, 233, 143, 50, 102,
-64, 115, 62, 110, 83, 83,
-61, 23, 86, 52, 240, 40,
-55, 8, 160, 56, 191, 160, 247,
-54, 219, 17, 0, 144, 157,
#APP: Ooh, I needed that app?m1(144, 160, 247, 233, 136)!
#APP: Ooh, I needed that app?m2(144, 160, 247)!
#APP: Come get some app!m3(144)!
-71, 238, 144, 252, 111, 19,
-70, 172, 14, 120, 90, 178,
-69, 116, 215, 140, 11, 147,
-57, 240, 93, 229, 244, 131,
-56, 150, 159, 103, 0, 88,
#CLI: Ooh, I needed that app?m3(144)!
#CLI: We meet again, Doctor Jones!
#CLI: Come get some app!m1(144, 160, 153, 17, 165)!
-67, 165, 27, 144, 50, 96, 236, 51,
-59, 168, 94, 37, 81, 114,
-58, 113, 9, 189, 33, 10, 99, 153,
-63, 29, 62, 166, 17, 250,
-62, 77, 63, 160, 8, 41,
#CLI: Come get some app!m2(144, 160, 153)!
-65, 84, 150, 176, 0, 225, 186,
-64, 212, 255, 155, 75, 147,
-61, 65, 216, 201, 94, 254,
-55, 82, 11, 54, 131, 160, 153,
-54, 241, 48, 79, 144, 61,
#APP: Ooh, I needed that app?m1(144, 160, 153, 17, 165)!
#APP: Ooh, I needed that app?m2(144, 160, 153)!
#APP: Come get some app!m3(144)!
-71, 227, 144, 147, 23, 133,
-70, 57, 191, 153, 36, 158,
-69, 26, 60, 132, 165, 216,
-57, 0, 209, 248, 231, 43,
-56, 32, 94, 150, 244, 186,
#CLI: Ooh, I needed that app?m3(144)!
#CLI: We meet again, Doctor Jones!
#CLI: Come get some app!m1(144, 160, 103, 58, 154)!
-67, 154, 246, 144, 113, 243, 25, 118,
-59, 221, 106, 101, 63, 245,
-58, 184, 58, 72, 23, 166, 94, 103,
-63, 173, 2, 110, 58, 53,
-62, 212, 34, 160, 112, 25,
#CLI: Come get some app!m2(144, 160, 103)!
-65, 242, 20, 175, 88, 191, 168,
-64, 16, 166, 191, 204, 182,
-61, 125, 225, 86, 48, 132,
-55, 59, 17, 177, 247, 160, 103,
-54, 108, 60, 172, 144, 19,
#APP: Ooh, I needed that app?m1(144, 160, 103, 58, 154)!
#APP: Ooh, I needed that app?m2(144, 160, 103)!
#APP: Come get some app!m3(144)!
-71, 226, 144, 103, 99, 128,
-70, 205, 213, 23, 5, 95,
-69, 74, 34, 166, 0, 51,
-57, 163, 95, 98, 49, 4,
-56, 69, 126, 159, 113, 110,
#CLI: Ooh, I needed that app?m3(144)!
#CLI: We meet again, Doctor Jones!
#CLI: Come get some app!m1(144, 160, 230, 227, 58)!
-67, 58, 203, 144, 177, 116, 59, 201,
-59, 204, 1, 118, 156, 140,
-58, 21, 170, 23, 47, 59, 208, 230,
-63, 14, 158, 241, 227, 62,
-62, 11, 24, 160, 86, 212,
#CLI: Come get some app!m2(144, 160, 230)!
-65, 50, 183, 6, 217, 98, 29,
-64, 182, 175, 28, 170, 95,
-61, 164, 119, 157, 106, 128,
-55, 106, 166, 140, 149, 160, 230,
-54, 7, 227, 130, 144, 104,
#APP: Ooh, I needed that app?m1(144, 160, 230, 227, 58)!
#APP: Ooh, I needed that app?m2(144, 160, 230)!
#APP: Come get some app!m3(144)!
-71, 157, 144, 193, 144, 27,
-70, 90, 164, 45, 161, 166,
-69, 214, 49, 135, 212, 185,
-57, 136, 218, 133, 221, 54,
-56, 52, 134, 92, 5, 234,
#CLI: Ooh, I needed that app?m3(144)!
#CLI: We meet again, Doctor Jones!
#CLI: Come get some app!m1(144, 160, 61, 20, 158)!
-67, 158, 56, 144, 167, 139, 150, 80,
-59, 10, 164, 1, 195, 193,
-58, 247, 191, 133, 97, 190, 214, 61,
-63, 81, 33, 113, 20, 71,
-62, 24, 181, 160, 97, 161,
#CLI: Come get some app!m2(144, 160, 61)!
-65, 149, 241, 192, 46, 221, 202,
-64, 67, 74, 94, 220, 173,
-61, 153, 89, 211, 144, 193,
-55, 171, 34, 51, 66, 160, 61,
-54, 66, 132, 104, 144, 221,
#APP: Ooh, I needed that app?m1(144, 160, 61, 20, 158)!
#APP: Ooh, I needed that app?m2(144, 160, 61)!
#APP: Come get some app!m3(144)!
-71, 120, 144, 1, 27, 2,
-70, 108, 201, 17, 163, 228,
-69, 22, 139, 23, 131, 215,
-57, 4, 85, 24, 198, 126,
-56, 16, 34, 193, 133, 144,
#CLI: Ooh, I needed that app?m3(144)!
#CLI: We meet again, Doctor Jones!
#CLI: Come get some app!m1(144, 160, 48, 53, 59)!
-67, 59, 236, 144, 207, 127, 154, 241,
-59, 193, 112, 159, 221, 151,
-58, 40, 17, 112, 188, 27, 211, 48,
-63, 33, 190, 4, 53, 38,
-62, 197, 8, 160, 107, 43,
#CLI: Come get some app!m2(144, 160, 48)!
-65, 100, 12, 148, 223, 36, 81,
-64, 151, 58, 232, 63, 54,
-61, 253, 201, 165, 232, 65,
-55, 15, 204, 209, 214, 160, 48,
-54, 211, 73, 245, 144, 100,
#APP: Ooh, I needed that app?m1(144, 160, 48, 53, 59)!
#APP: Ooh, I needed that app?m2(144, 160, 48)!
#APP: Come get some app!m3(144)!
-71, 143, 144, 178, 221, 148,
-70, 139, 120, 60, 0, 41,
-69, 227, 174, 231, 14, 51,
-57, 69, 159, 29, 119, 193,
-56, 164, 243, 77, 29, 241,
#CLI: Ooh, I needed that app?m3(144)!
#CLI: We meet again, Doctor Jones!
#CLI: Come get some app!m1(144, 160, 0, 154, 126)!
-67, 126, 168, 144, 217, 188, 17, 230,
-59, 105, 255, 248, 107, 71,
-58, 40, 168, 247, 150, 82, 98, 0,
-63, 213, 59, 145, 154, 197,
-62, 220, 205, 160, 17, 149,
#CLI: Come get some app!m2(144, 160, 0)!
-65, 39, 62, 178, 46, 97, 137,
-64, 154, 7, 206, 32, 164,
-61, 161, 138, 212, 77, 2,
-55, 4, 3, 88, 249, 160, 0,
-54, 16, 124, 112, 144, 255,
#APP: Ooh, I needed that app?m1(144, 160, 0, 154, 126)!
#APP: Ooh, I needed that app?m2(144, 160, 0)!
#APP: Come get some app!m3(144)!
-71, 118, 144, 207, 198, 139,
-70, 137, 79, 241, 230, 112,
-69, 180, 216, 103, 202, 152,
-57, 78, 140, 115, 1, 129,
-56, 242, 195, 148, 23, 249,
#CLI: Ooh, I needed that app?m3(144)!
#CLI: We meet again, Doctor Jones!
#CLI: Come get some app!m1(144, 160, 169, 105, 84)!
-67, 84, 118, 144, 245, 98, 177, 184,
-59, 158, 63, 31, 227, 236,
-58, 104, 125, 233, 225, 160, 41, 169,
-63, 243, 50, 16, 105, 75,
-62, 65, 153, 160, 79, 8,
#CLI: Come get some app!m2(144, 160, 169)!
-65, 170, 234, 53, 191, 235, 126,
-64, 27, 248, 201, 207, 72,
-61, 205, 165, 160, 54, 211,
-55, 164, 126, 120, 17, 160, 169,
-54, 205, 171, 182, 144, 73,
#APP: Ooh, I needed that app?m1(144, 160, 169, 105, 84)!
#APP: Ooh, I needed that app?m2(144, 160, 169)!
#APP: Come get some app!m3(144)!
-71, 95, 144, 218, 222, 15,
-70, 93, 124, 253, 75, 4,
-69, 124, 86, 13, 180, 199,
-57, 155, 186, 215, 217, 69,
-56, 34, 215, 225, 74, 164,
#CLI: Ooh, I needed that app?m3(144)!
#CLI: We meet again, Doctor Jones!
#CLI: Come get some app!m1(144, 160, 190, 243, 45)!
-67, 45, 0, 144, 88, 161, 163, 253,
-59, 221, 251, 244, 110, 72,
-58, 46, 60, 156, 44, 106, 209, 190,
-63, 68, 237, 241, 243, 200,
-62, 88, 89, 160, 41, 29,
#CLI: Come get some app!m2(144, 160, 190)!
-65, 65, 136, 168, 91, 208, 15,
-64, 1, 209, 84, 24, 243,
-61, 38, 31, 53, 5, 27,
-55, 230, 221, 44, 24, 160, 190,
-54, 242, 76, 121, 144, 26,
#APP: Ooh, I needed that app?m1(144, 160, 190, 243, 45)!
#APP: Ooh, I needed that app?m2(144, 160, 190)!
#APP: Come get some app!m3(144)!
-71, 95, 144, 135, 57, 56,
-70, 218, 34, 205, 63, 178,
-69, 241, 190, 204, 42, 61,
-57, 191, 153, 137, 175, 191,
-56, 10, 48, 36, 239, 183,
#CLI: Ooh, I needed that app?m3(144)!
#CLI: We meet again, Doctor Jones!
#CLI: Come get some app!m1(144, 160, 101, 137, 46)!
-67, 46, 117, 144, 34, 142, 126, 43,
-59, 187, 189, 189, 54, 47,
-58, 3, 103, 96, 97, 99, 48, 101,
-63, 79, 239, 156, 137, 190,
-62, 192, 161, 160, 107, 76,
#CLI: Come get some app!m2(144, 160, 101)!
-65, 90, 22, 120, 30, 233, 91,
-64, 212, 63, 39, 75, 104,
-61, 107, 51, 113, 124, 176,
-55, 118, 228, 204, 62, 160, 101,
-54, 156, 135, 192, 144, 227,
#APP: Ooh, I needed that app?m1(144, 160, 101, 137, 46)!
#APP: Ooh, I needed that app?m2(144, 160, 101)!
#APP: Come get some app!m3(144)!
-71, 56, 144, 149, 171, 143,
-70, 235, 253, 206, 166, 6,
-69, 167, 136, 231, 137, 159,
-57, 166, 253, 248, 108, 150,
-56, 170, 246, 95, 174, 132,
#CLI: Ooh, I needed that app?m3(144)!
#CLI: We meet again, Doctor Jones!
#CLI: Come get some app!m1(144, 160, 116, 133, 12)!
-67, 12, 119, 144, 98, 150, 84, 113,
-59, 245, 59, 89, 138, 31,
-58, 206, 132, 45, 202, 135, 5, 116,
-63, 206, 41, 244, 133, 166,
-62, 61, 175, 160, 101, 183,
#CLI: Come get some app!m2(144, 160, 116)!
-65, 45, 25, 152, 4, 15, 204,
-64, 120, 100, 94, 180, 151,
-61, 61, 21, 13, 246, 104,
-55, 41, 121, 39, 74, 160, 116,
-54, 169, 5, 229, 144, 181,
#APP: Ooh, I needed that app?m1(144, 160, 116, 133, 12)!
#APP: Ooh, I needed that app?m2(144, 160, 116)!
#APP: Come get some app!m3(144)!
-71, 9, 144, 224, 28, 160,
-70, 236, 77, 121, 182, 145,
-69, 235, 158, 111, 117, 131,
-57, 45, 181, 223, 140, 134,
-56, 9, 43, 123, 3, 93,
#CLI: Ooh, I needed that app?m3(144)!
#CLI: We meet again, Doctor Jones!
#CLI: Come get some app!m1(144, 160, 94, 87, 241)!
-67, 241, 167, 144, 51, 62, 219, 250,
-59, 55, 21, 250, 167, 23,
-58, 124, 105, 168, 236, 106, 241, 94,
-63, 154, 159, 59, 87, 162,
-62, 18, 59, 160, 240, 51,
#CLI: Come get some app!m2(144, 160, 94)!
-65, 61, 79, 60, 164, 134, 40,
-64, 235, 130, 8, 254, 239,
-61, 206, 33, 167, 124, 110,
-55, 253, 9, 166, 97, 160, 94,
-54, 164, 229, 161, 144, 118,
#APP: Ooh, I needed that app?m1(144, 160, 94, 87, 241)!
#APP: Ooh, I needed that app?m2(144, 160, 94)!
#APP: Come get some app!m3(144)!
-71, 28, 144, 162, 145, 124,
-70, 159, 72, 124, 126, 66,
-69, 185, 153, 44, 140, 25,
-57, 4, 229, 227, 46, 104,
-56, 115, 135, 89, 165, 60,
#CLI: Ooh, I needed that app?m3(144)!
#CLI: We meet again, Doctor Jones!
#CLI: Come get some app!m1(144, 160, 237, 58, 54)!
-67, 54, 15, 144, 223, 176, 232, 118,
-59, 206, 59, 65, 253, 26,
-58, 175, 220, 190, 161, 25, 137, 237,
-63, 167, 245, 87, 58, 199,
-62, 60, 162, 160, 238, 94,
#CLI: Come get some app!m2(144, 160, 237)!
-65, 102, 136, 63, 190, 121, 94,
-64, 5, 37, 57, 161, 116,
-61, 186, 249, 205, 237, 150,
-55, 58, 189, 47, 134, 160, 237,
-54, 136, 19, 224, 144, 113,
#APP: Ooh, I needed that app?m1(144, 160, 237, 58, 54)!
#APP: Ooh, I needed that app?m2(144, 160, 237)!
#APP: Come get some app!m3(144)!
-71, 35, 144, 109, 229, 154,
-70, 95, 249, 179, 197, 253,
-69, 10, 38, 21, 207, 172,
-57, 42, 136, 137, 201, 118,
-56, 229, 131, 189, 95, 93,
#CLI: Ooh, I needed that app?m3(144)!
#CLI: We meet again, Doctor Jones!
#CLI: Come get some app!m1(144, 160, 39, 170, 61)!
-67, 61, 125, 144, 148, 114, 55, 132,
-59, 224, 42, 58, 213, 19,
-58, 200, 25, 181, 60, 55, 98, 39,
-63, 254, 227, 225, 170, 243,
-62, 93, 194, 160, 93, 222,
#CLI: Come get some app!m2(144, 160, 39)!
-65, 8, 164, 110, 210, 38, 39,
-64, 68, 235, 142, 196, 91,
-61, 81, 41, 175, 38, 59,
-55, 186, 124, 214, 56, 160, 39,
-54, 41, 37, 8, 144, 90,
#APP: Ooh, I needed that app?m1(144, 160, 39, 170, 61)!
#APP: Ooh, I needed that app?m2(144, 160, 39)!
#APP: Come get some app!m3(144)!
-71, 126, 144, 10, 152, 102,
-70, 124, 125, 195, 85, 214,
-69, 180, 48, 72, 24, 57,
-57, 187, 220, 187, 214, 83,
-56, 93, 200, 195, 162, 64,
#CLI: Ooh, I needed that app?m3(144)!
#CLI: We meet again, Doctor Jones!
#CLI: Come get some app!m1(144, 160, 112, 183, 176)!
-67, 176, 167, 144, 239, 123, 86, 169,
-59, 122, 28, 2, 217, 152,
-58, 185, 194, 24, 114, 85, 30, 112,
-63, 153, 30, 70, 183, 154,
-62, 154, 68, 160, 5, 94,
#CLI: Come get some app!m2(144, 160, 112)!
-65, 139, 245, 116, 186, 144, 197,
-64, 193, 47, 92, 64, 136,
-61, 167, 142, 173, 98, 134,
-55, 217, 65, 10, 26, 160, 112,
-54, 6, 165, 5, 144, 46,
#APP: Ooh, I needed that app?m1(144, 160, 112, 183, 176)!
#APP: Ooh, I needed that app?m2(144, 160, 112)!
#APP: Come get some app!m3(144)!
-71, 100, 144, 206, 244, 42,
-70, 177, 71, 217, 3, 183,
-69, 13, 165, 16, 19, 108,
-57, 107, 200, 139, 62, 232,
-56, 196, 64, 218, 213, 213,
#CLI: Ooh, I needed that app?m3(144)!
#CLI: We meet again, Doctor Jones!
#CLI: Come get some app!m1(144, 160, 62, 4, 124)!
-67, 124, 18, 144, 66, 65, 218, 218,
-59, 182, 50, 133, 175, 180,
-58, 191, 36, 238, 43, 209, 140, 62,
-63, 106, 254, 246, 4, 46,
-62, 64, 85, 160, 228, 203,
#CLI: Come get some app!m2(144, 160, 62)!
-65, 194, 139, 176, 42, 194, 148,
-64, 214, 11, 62, 1, 42,
-61, 89, 202, 156, 140, 230,
-55, 66, 136, 63, 132, 160, 62,
-54, 175, 70, 46, 144, 227,
#APP: Ooh, I needed that app?m1(144, 160, 62, 4, 124)!
#APP: Ooh, I needed that app?m2(144, 160, 62)!
#APP: Come get some app!m3(144)!
-71, 68, 144, 134, 228, 22,
-70, 110, 17, 20, 186, 174,
-69, 31, 126, 229, 1, 225,
-57, 243, 101, 151, 116, 58,
-56, 194, 246, 230, 149, 61,
#CLI: Ooh, I needed that app?m3(144)!
#CLI: We meet again, Doctor Jones!
#CLI: Come get some app!m1(144, 160, 124, 96, 161)!
-67, 161, 138, 144, 87, 22, 82, 104,
-59, 226, 108, 48, 168, 21,
-58, 71, 118, 177, 56, 25, 182, 124,
-63, 110, 91, 78, 96, 235,
-62, 97, 17, 160, 217, 203,
#CLI: Come get some app!m2(144, 160, 124)!
-65, 243, 99, 112, 243, 114, 134,
-64, 209, 66, 53, 167, 140,
-61, 183, 172, 213, 137, 87,
-55, 105, 220, 15, 232, 160, 124,
-54, 24, 142, 7, 144, 106,
#APP: Ooh, I needed that app?m1(144, 160, 124, 96, 161)!
#APP: Ooh, I needed that app?m2(144, 160, 124)!
#APP: Come get some app!m3(144)!
-71, 56, 144, 235, 203, 43,
-70, 86, 211, 154, 119, 132,
-69, 31, 120, 7, 9, 2,
-57, 56, 104, 213, 150, 191,
-56, 23, 121, 206, 120, 180,
#CLI: Ooh, I needed that app?m3(144)!
#CLI: We meet again, Doctor Jones!
#CLI: Come get some app!m1(144, 160, 212, 140, 156)!
-67, 156, 186, 144, 226, 9, 193, 135,
-59, 163, 176, 68, 187, 80,
-58, 100, 145, 206, 63, 58, 246, 212,
-63, 139, 212, 72, 140, 53,
-62, 248, 137, 160, 29, 139,
#CLI: Come get some app!m2(144, 160, 212)!
-65, 101, 244, 86, 161, 39, 162,
-64, 19, 187, 166, 170, 189,
-61, 166, 127, 221, 196, 124,
-55, 134, 29, 127, 117, 160, 212,
-54, 19, 101, 77, 144, 111,
#APP: Ooh, I needed that app?m1(144, 160, 212, 140, 156)!
#APP: Ooh, I needed that app?m2(144, 160, 212)!
#APP: Come get some app!m3(144)!
-71, 189, 144, 117, 176, 69,
-70, 184, 82, 133, 103, 32,
-69, 147, 108, 45, 94, 126,
-57, 74, 40, 57, 13, 35,
-56, 0, 187, 67, 199, 97,
#CLI: Ooh, I needed that app?m3(144)!
#CLI: We meet again, Doctor Jones!
#CLI: Come get some app!m1(144, 160, 58, 7, 84)!
-67, 84, 109, 144, 213, 227, 238, 99,
-59, 145, 115, 203, 214, 49,
-58, 82, 28, 203, 188, 233, 137, 58,
-63, 10, 87, 169, 7, 155,
-62, 47, 201, 160, 32, 6,
#CLI: Come get some app!m2(144, 160, 58)!
-65, 5, 18, 57, 1, 21, 155,
-64, 28, 105, 5, 25, 104,
-61, 163, 114, 231, 63, 246,
-55, 84, 101, 16, 16, 160, 58,
-54, 197, 101, 253, 144, 76,
#APP: Ooh, I needed that app?m1(144, 160, 58, 7, 84)!
#APP: Ooh, I needed that app?m2(144, 160, 58)!
#APP: Come get some app!m3(144)!
-71, 248, 144, 232, 199, 237,
-70, 46, 38, 199, 115, 56,
-69, 37, 53, 8, 213, 79,
-57, 174, 207, 186, 56, 182,
-56, 245, 172, 111, 108, 204,
#CLI: Ooh, I needed that app?m3(144)!
#CLI: We meet again, Doctor Jones!
#CLI: Come get some app!m1(144, 160, 164, 16, 42)!
-67, 42, 52, 144, 158, 172, 115, 121,
-59, 121, 57, 113, 173, 197,
-58, 6, 201, 132, 139, 16, 118, 164,
-63, 199, 210, 13, 16, 80,
-62, 47, 187, 160, 245, 21,
#CLI: Come get some app!m2(144, 160, 164)!
-65, 212, 129, 42, 196, 49, 33,
-64, 86, 13, 87, 174, 195,
-61, 214, 63, 198, 190, 70,
-55, 2, 149, 143, 120, 160, 164,
-54, 22, 101, 136, 144, 172,
#APP: Ooh, I needed that app?m1(144, 160, 164, 16, 42)!
#APP: Ooh, I needed that app?m2(144, 160, 164)!
#APP: Come get some app!m3(144)!
-71, 183, 144, 97, 118, 159,
-70, 75, 72, 30, 179, 80,
-69, 65, 31, 230, 167, 56,
-57, 170, 25, 187, 44, 108,
-56, 8, 50, 191, 157, 85,
#CLI: Ooh, I needed that app?m3(144)!
#CLI: We meet again, Doctor Jones!
#CLI: Come get some app!m1(144, 160, 124, 180, 233)!
-67, 233, 36, 144, 129, 15, 160, 184,
-59, 144, 180, 113, 129, 245,
-58, 160, 60, 118, 71, 245, 36, 124,
-63, 33, 164, 137, 180, 123,
-62, 51, 90, 160, 92, 198,
#CLI: Come get some app!m2(144, 160, 124)!
-65, 187, 247, 163, 184, 221, 181,
-64, 24, 170, 208, 50, 125,
-61, 189, 172, 124, 100, 85,
-55, 186, 163, 149, 57, 160, 124,
-54, 232, 57, 17, 144, 39,
#APP: Ooh, I needed that app?m1(144, 160, 124, 180, 233)!
#APP: Ooh, I needed that app?m2(144, 160, 124)!
#APP: Come get some app!m3(144)!
-71, 149, 144, 207, 174, 229,
-70, 213, 93, 29, 91, 202,
-69, 93, 23, 178, 190, 186,
-57, 83, 215, 215, 165, 22,
-56, 43, 127, 76, 136, 134,
#CLI: Ooh, I needed that app?m3(144)!
#CLI: We meet again, Doctor Jones!
#CLI: Come get some app!m1(144, 160, 196, 128, 199)!
-67, 199, 165, 144, 96, 217, 146, 35,
-59, 0, 228, 144, 211, 244,
-58, 73, 161, 27, 140, 101, 107, 196,
-63, 109, 204, 235, 128, 181,
-62, 148, 169, 160, 206, 83,
#CLI: Come get some app!m2(144, 160, 196)!
-65, 106, 226, 28, 101, 47, 201,
-64, 169, 99, 232, 196, 186,
-61, 43, 201, 73, 21, 150,
-55, 38, 118, 30, 19, 160, 196,
-54, 18, 9, 73, 144, 210,
#APP: Ooh, I needed that app?m1(144, 160, 196, 128, 199)!
#APP: Ooh, I needed that app?m2(144, 160, 196)!
#APP: Come get some app!m3(144)!
-71, 169, 144, 107, 0, 247,
-70, 134, 223, 192, 150, 147,
-69, 252, 76, 62, 134, 151,
-57, 10, 97, 157, 231, 107,
-56, 172, 136, 136, 131, 82,
#CLI: Ooh, I needed that app?m3(144)!
#CLI: We meet again, Doctor Jones!
#CLI: Come get some app!m1(144, 160, 24, 75, 155)!
-67, 155, 193, 144, 174, 203, 145, 44,
-59, 111, 84, 185, 161, 135,
-58, 75, 49, 140, 168, 23, 57, 24,
-63, 34, 237, 190, 75, 50,
-62, 206, 28, 160, 8, 227,
#CLI: Come get some app!m2(144, 160, 24)!
-65, 199, 37, 165, 139, 119, 167,
-64, 110, 197, 74, 255, 63,
-61, 147, 35, 162, 234, 179,
-55, 79, 164, 127, 90, 160, 24,
-54, 1, 169, 142, 144, 48,
#APP: Ooh, I needed that app?m1(144, 160, 24, 75, 155)!
#APP: Ooh, I needed that app?m2(144, 160, 24)!
#APP: Come get some app!m3(144)!
-71, 113, 144, 28, 198, 180,
-70, 153, 99, 235, 57, 72,
-69, 149, 240, 206, 129, 30,
-57, 41, 14, 190, 49, 112,
-56, 193, 187, 4, 55, 67,
#CLI: Ooh, I needed that app?m3(144)!
#CLI: We meet again, Doctor Jones!
#CLI: Come get some app!m1(144, 160, 81, 180, 80)!
-67, 80, 33, 144, 71, 129, 192, 38,
-59, 198, 68, 117, 93, 226,
-58, 183, 87, 235, 146, 22, 82, 81,
-63, 19, 134, 15, 180, 224,
-62, 172, 56, 160, 7, 229,
#CLI: Come get some app!m2(144, 160, 81)!
-65, 67, 10, 255, 242, 83, 196,
-64, 171, 229, 26, 47, 204,
-61, 27, 147, 89, 18, 247,
-55, 215, 225, 141, 2, 160, 81,
-54, 44, 137, 140, 144, 165,
#APP: Ooh, I needed that app?m1(144, 160, 81, 180, 80)!
#APP: Ooh, I needed that app?m2(144, 160, 81)!
#APP: Come get some app!m3(144)!
-71, 248, 144, 222, 140, 63,
-70, 32, 12, 9, 4, 184,
-69, 137, 250, 233, 19, 239,
-57, 118, 154, 106, 71, 78,
-56, 192, 232, 28, 246, 192,
#CLI: Ooh, I needed that app?m3(144)!
#CLI: We meet again, Doctor Jones!
#CLI: Come get some app!m1(144, 160, 87, 65, 34)!
-67, 34, 118, 144, 107, 240, 217, 91,
-59, 74, 83, 124, 63, 236,
-58, 242, 242, 154, 190, 69, 144, 87,
-63, 110, 79, 228, 65, 57,
-62, 81, 96, 160, 176, 100,
#CLI: Come get some app!m2(144, 160, 87)!
-65, 217, 111, 123, 74, 210, 30,
-64, 55, 222, 58, 79, 5,
-61, 39, 146, 164, 55, 185,
-55, 84, 158, 32, 238, 160, 87,
-54, 218, 210, 214, 144, 5,
#APP: Ooh, I needed that app?m1(144, 160, 87, 65, 34)!
#APP: Ooh, I needed that app?m2(144, 160, 87)!
#APP: Come get some app!m3(144)!
-71, 60, 144, 124, 79, 116,
-70, 179, 0, 126, 157, 66,
-69, 234, 108, 240, 162, 49,
-57, 149, 21, 107, 145, 253,
-56, 107, 211, 219, 109, 1,
#CLI: Ooh, I needed that app?m3(144)!
#CLI: We meet again, Doctor Jones!
#CLI: Come get some app!m1(144, 160, 81, 9, 151)!
-67, 151, 250, 144, 12, 168, 32, 207,
-59, 222, 243, 148, 67, 171,
-58, 0, 231, 44, 31, 50, 78, 81,
-63, 126, 147, 61, 9, 207,
-62, 110, 130, 160, 42, 186,
#CLI: Come get some app!m2(144, 160, 81)!
-65, 251, 111, 133, 233, 150, 136,
-64, 97, 54, 232, 235, 108,
-61, 184, 87, 233, 99, 129,
-55, 18, 93, 42, 157, 160, 81,
-54, 8, 248, 119, 144, 30,
#APP: Ooh, I needed that app?m1(144, 160, 81, 9, 151)!
#APP: Ooh, I needed that app?m2(144, 160, 81)!
#APP: Come get some app!m3(144)!
-71, 191, 144, 222, 165, 20,
-70, 147, 57, 16, 231, 66,
-69, 6, 24, 73, 251, 85,
-57, 163, 238, 128, 185, 103,
-56, 63, 255, 118, 57, 182,
#CLI: Ooh, I needed that app?m3(144)!
#CLI: We meet again, Doctor Jones!
#CLI: Come get some app!m1(144, 160, 119, 163, 52)!
-67, 52, 91, 144, 180, 63, 154, 199,
-59, 186, 150, 143, 140, 35,
-58, 125, 51, 103, 46, 181, 31, 119,
-63, 151, 243, 111, 163, 233,
-62, 121, 117, 160, 105, 197,
#CLI: Come get some app!m2(144, 160, 119)!
-65, 149, 115, 8, 243, 163, 123,
-64, 81, 98, 114, 65, 165,
-61, 66, 81, 185, 149, 212,
-55, 26, 191, 194, 174, 160, 119,
-54, 11, 197, 206, 144, 100,
#APP: Ooh, I needed that app?m1(144, 160, 119, 163, 52)!
#APP: Ooh, I needed that app?m2(144, 160, 119)!
#APP: Come get some app!m3(144)!
-71, 3, 144, 34, 48, 163,
-70, 0, 118, 44, 233, 42,
-69, 238, 141, 181, 235, 157,
-57, 126, 71, 91, 1, 1,
-56, 234, 196, 114, 6, 65,
#CLI: Ooh, I needed that app?m3(144)!
#CLI: We meet again, Doctor Jones!
#CLI: Come get some app!m1(144, 160, 138, 229, 118)!
-67, 118, 195, 144, 184, 133, 93, 79,
-59, 57, 243, 212, 233, 195,
-58, 69, 6, 76, 198, 34, 116, 138,
-63, 71, 185, 153, 229, 110,
-62, 89, 177, 160, 228, 184,
#CLI: Come get some app!m2(144, 160, 138)!
-65, 74, 193, 118, 243, 181, 204,
-64, 34, 255, 230, 255, 250,
-61, 91, 178, 108, 148, 129,
-55, 22, 152, 254, 127, 160, 138,
-54, 15, 84, 10, 144, 248,
#APP: Ooh, I needed that app?m1(144, 160, 138, 229, 118)!
#APP: Ooh, I needed that app?m2(144, 160, 138)!
#APP: Come get some app!m3(144)!
-71, 157, 144, 5, 50, 49,
-70, 96, 68, 133, 23, 131,
-69, 105, 165, 100, 209, 119,
-57, 69, 7, 95, 241, 31,
-56, 145, 254, 186, 42, 184,
#CLI: Ooh, I needed that app?m3(144)!
#CLI: We meet again, Doctor Jones!
#CLI: Come get some app!m1(144, 160, 188, 66, 87)!
-67, 87, 110, 144, 237, 229, 161, 141,
-59, 128, 217, 65, 155, 80,
-58, 242, 25, 236, 123, 43, 229, 188,
-63, 77, 197, 84, 66, 121,
-62, 216, 77, 160, 127, 245,
#CLI: Come get some app!m2(144, 160, 188)!
-65, 146, 187, 86, 253, 155, 49,
-64, 52, 33, 64, 150, 218,
-61, 36, 222, 31, 18, 69,
-55, 12, 254, 42, 132, 160, 188,
-54, 255, 6, 223, 144, 151,
#APP: Ooh, I needed that app?m1(144, 160, 188, 66, 87)!
#APP: Ooh, I needed that app?m2(144, 160, 188)!
#APP: Come get some app!m3(144)!
-71, 250, 144, 109, 27, 170,
-70, 82, 109, 179, 207, 225,
-69, 196, 233, 114, 2, 112,
-57, 69, 79, 99, 186, 135,
-56, 35, 41, 156, 3, 166,
#CLI: Ooh, I needed that app?m3(144)!
#CLI: We meet again, Doctor Jones!
#CLI: Come get some app!m1(144, 160, 43, 130, 139)!
-67, 139, 232, 144, 209, 98, 37, 20,
-59, 155, 30, 124, 27, 105,
-58, 61, 125, 231, 168, 17, 235, 43,
-63, 221, 241, 73, 130, 231,
-62, 50, 76, 160, 90, 186,
#CLI: Come get some app!m2(144, 160, 43)!
-65, 90, 236, 164, 209, 124, 251,
-64, 214, 218, 203, 33, 18,
-61, 100, 222, 122, 146, 213,
-55, 239, 255, 142, 10, 160, 43,
-54, 194, 91, 83, 144, 127,
#APP: Ooh, I needed that app?m1(144, 160, 43, 130, 139)!
#APP: Ooh, I needed that app?m2(144, 160, 43)!
#APP: Come get some app!m3(144)!
-71, 60, 144, 82, 197, 202,
-70, 142, 247, 7, 13, 19,
-69, 48, 171, 203, 78, 16,
-57, 157, 221, 55, 138, 98,
-56, 174, 126, 230, 118, 117,
#CLI: Ooh, I needed that app?m3(144)!
#CLI: We meet again, Doctor Jones!
#CLI: Come get some app!m1(144, 160, 43, 207, 2)!
-67, 2, 205, 144, 83, 78, 20, 0,
-59, 78, 63, 39, 241, 159,
-58, 203, 194, 104, 147, 246, 231, 43,
-63, 31, 169, 225, 207, 75,
-62, 251, 32, 160, 171, 114,
#CLI: Come get some app!m2(144, 160, 43)!
-65, 16, 246, 200, 249, 142, 247,
-64, 12, 192, 35, 178, 39,
-61, 124, 89, 125, 93, 190,
-55, 8, 214, 131, 178, 160, 43,
-54, 74, 125, 209, 144, 51,
#APP: Ooh, I needed that app?m1(144, 160, 43, 207, 2)!
#APP: Ooh, I needed that app?m2(144, 160, 43)!
#APP: Come get some app!m3(144)!
-71, 187, 144, 133, 249, 57,
-70, 122, 247, 57, 36, 119,
-69, 151, 76, 210, 141, 218,
-57, 153, 245, 108, 225, 146,
-56, 165, 136, 219, 28, 189,
#CLI: Ooh, I needed that app?m3(144)!
#CLI: We meet again, Doctor Jones!
#CLI: Come get some app!m1(144, 160, 45, 34, 55)!
-67, 55, 49, 144, 145, 61, 56, 21,
-59, 73, 103, 36, 43, 200,
-58, 118, 182, 158, 7, 243, 114, 45,
-63, 217, 222, 85, 34, 134,
-62, 205, 78, 160, 203, 83,
#CLI: Come get some app!m2(144, 160, 45)!
-65, 148, 40, 101, 160, 187, 252,
-64, 120, 227, 201, 110, 138,
-61, 96, 21, 188, 125, 111,
-55, 165, 76, 56, 207, 160, 45,
-54, 147, 154, 132, 144, 153,
#APP: Ooh, I needed that app?m1(144, 160, 45, 34, 55)!
#APP: Ooh, I needed that app?m2(144, 160, 45)!
#APP: Come get some app!m3(144)!
-71, 208, 144, 32, 248, 12,
-70, 253, 106, 165, 235, 244,
-69, 134, 180, 241, 88, 83,
-57, 186, 222, 245, 232, 147,
-56, 121, 39, 196, 59, 133,
#CLI: Ooh, I needed that app?m3(144)!
#CLI: We meet again, Doctor Jones!
#CLI: Come get some app!m1(144, 160, 21, 45, 219)!
-67, 219, 155, 144, 105, 238, 202, 31,
-59, 174, 203, 55, 82, 251,
-58, 66, 239, 207, 151, 250, 243, 21,
-63, 109, 77, 222, 45, 122,
-62, 53, 174, 160, 17, 211,
#CLI: Come get some app!m2(144, 160, 21)!
-65, 95, 241, 116, 58, 196, 30,
-64, 96, 249, 42, 81, 184,
-61, 136, 135, 154, 250, 237,
-55, 244, 24, 225, 65, 160, 21,
-54, 117, 66, 27, 144, 45,
#APP: Ooh, I needed that app?m1(144, 160, 21, 45, 219)!
#APP: Ooh, I needed that app?m2(144, 160, 21)!
#APP: Come get some app!m3(144)!
-71, 83, 144, 77, 45, 150,
-70, 208, 122, 36, 170, 214,
-69, 168, 10, 150, 162, 93,
-57, 196, 130, 165, 18, 140,
-56, 23, 20, 254, 23, 254,
#CLI: Ooh, I needed that app?m3(144)!
#CLI: We meet again, Doctor Jones!
#CLI: Come get some app!m1(144, 160, 222, 57, 177)!
-67, 177, 203, 144, 109, 35, 10, 176,
-59, 223, 211, 192, 59, 172,
-58, 227, 148, 22, 151, 195, 169, 222,
-63, 78, 50, 134, 57, 207,
-62, 141, 41, 160, 190, 243,
#CLI: Come get some app!m2(144, 160, 222)!
-65, 173, 199, 107, 124, 249, 219,
-64, 182, 92, 84, 48, 223,
-61, 251, 80, 129, 29, 136,
-55, 251, 140, 110, 234, 160, 222,
-54, 241, 253, 161, 144, 169,
#APP: Ooh, I needed that app?m1(144, 160, 222, 57, 177)!
#APP: Ooh, I needed that app?m2(144, 160, 222)!
#APP: Come get some app!m3(144)!
-71, 0, 144, 76, 46, 240,
-70, 203, 243, 231, 216, 201,
-69, 166, 204, 100, 140, 211,
-57, 72, 193, 219, 49, 3,
-56, 157, 70, 130, 230, 90,
#CLI: Ooh, I needed that app?m3(144)!
#CLI: We meet again, Doctor Jones!
#CLI: Come get some app!m1(144, 160, 244, 169, 154)!
-67, 154, 212, 144, 217, 117, 42, 210,
-59, 119, 108, 189, 58, 212,
-58, 174, 134, 169, 247, 242, 180, 244,
-63, 195, 146, 152, 169, 42,
-62, 55, 252, 160, 207, 127,
#CLI: Come get some app!m2(144, 160, 244)!
-65, 48, 232, 57, 150, 105, 55,
-64, 47, 66, 254, 228, 2,
-61, 157, 167, 194, 46, 192,
-55, 196, 180, 146, 30, 160, 244,
-54, 186, 183, 248, 144, 90,
#APP: Ooh, I needed that app?m1(144, 160, 244, 169, 154)!
#APP: Ooh, I needed that app?m2(144, 160, 244)!
#APP: Come get some app!m3(144)!
-71, 4, 144, 253, 73, 50,
-70, 197, 204, 47, 18, 16,
-69, 159, 200, 166, 20, 212,
-57, 120, 79, 216, 250, 245,
-56, 195, 150, 170, 244, 211,
#CLI: Ooh, I needed that app?m3(144)!
#CLI: We meet again, Doctor Jones!
#CLI: Come get some app!m1(144, 160, 73, 189, 112)!
-67, 112, 25, 144, 53, 122, 195, 165,
-59, 112, 41, 28, 9, 156,
-58, 149, 246, 34, 121, 223, 208, 73,
-63, 89, 254, 220, 189, 41,
-62, 214, 130, 160, 243, 76,
#CLI: Come get some app!m2(144, 160, 73)!
-65, 123, 177, 31, 103, 22, 50,
-64, 252, 60, 192, 51, 227,
-61, 249, 13, 102, 52, 200,
-55, 168, 226, 192, 232, 160, 73,
-54, 215, 52, 243, 144, 65,
#APP: Ooh, I needed that app?m1(144, 160, 73, 189, 112)!
#APP: Ooh, I needed that app?m2(144, 160, 73)!
#APP: Come get some app!m3(144)!
-71, 0, 144, 192, 142, 85,
-70, 78, 182, 222, 198, 103,
-69, 177, 125, 162, 197, 109,
-57, 22, 187, 255, 36, 190,
-56, 199, 244, 211, 172, 25,
#CLI: Ooh, I needed that app?m3(144)!
#CLI: We meet again, Doctor Jones!
#CLI: Come get some app!m1(144, 160, 191, 6, 189)!
-67, 189, 254, 144, 195, 174, 44, 147,
-59, 7, 222, 163, 113, 222,
-58, 70, 199, 21, 133, 231, 15, 191,
-63, 114, 203, 186, 6, 90,
-62, 179, 81, 160, 95, 92,
#CLI: Come get some app!m2(144, 160, 191)!
-65, 246, 152, 234, 142, 76, 162,
-64, 156, 141, 221, 176, 242,
-61, 247, 69, 149, 173, 83,
-55, 249, 16, 159, 184, 160, 191,
-54, 104, 141, 68, 144, 89,
#APP: Ooh, I needed that app?m1(144, 160, 191, 6, 189)!
#APP: Ooh, I needed that app?m2(144, 160, 191)!
#APP: Come get some app!m3(144)!
-71, 14, 144, 136, 185, 10,
-70, 120, 224, 154, 158, 160,
-69, 10, 241, 103, 5, 118,
-57, 171, 28, 189, 101, 125,
-56, 82, 142, 249, 56, 247,
#CLI: Ooh, I needed that app?m3(144)!
#CLI: We meet again, Doctor Jones!
#CLI: Come get some app!m1(144, 160, 16, 21, 16)!
-67, 16, 240, 144, 9, 169, 102, 213,
-59, 64, 53, 88, 47, 211,
-58, 90, 114, 167, 8, 19, 176, 16,
-63, 104, 165, 140, 21, 64,
-62, 205, 19, 160, 244, 176,
#CLI: Come get some app!m2(144, 160, 16)!
-65, 41, 253, 190, 251, 165, 137,
-64, 225, 75, 50, 251, 52,
-61, 124, 229, 161, 129, 200,
-55, 17, 33, 172, 218, 160, 16,
-54, 170, 231, 39, 144, 29,
#APP: Ooh, I needed that app?m1(144, 160, 16, 21, 16)!
#APP: Ooh, I needed that app?m2(144, 160, 16)!
#APP: Come get some app!m3(144)!
-71, 220, 144, 173, 0, 170,
-70, 26, 213, 141, 127, 223,
-69, 195, 138, 120, 16, 79,
-57, 205, 138, 86, 103, 226,
-56, 46, 38, 172, 4, 44,
#CLI: Ooh, I needed that app?m3(144)!
#CLI: We meet again, Doctor Jones!
#CLI: Come get some app!m1(144, 160, 42, 214, 25)!
-67, 25, 62, 144, 205, 161, 143, 222,
-59, 98, 165, 125, 38, 247,
-58, 145, 30, 157, 156, 45, 151, 42,
-63, 162, 201, 170, 214, 229,
-62, 194, 163, 160, 180, 183,
#CLI: Come get some app!m2(144, 160, 42)!
-65, 98, 204, 139, 66, 251, 210,
-64, 137, 76, 83, 182, 88,
-61, 219, 109, 217, 134, 99,
-55, 212, 232, 35, 216, 160, 42,
-54, 143, 157, 75, 144, 168,
#APP: Ooh, I needed that app?m1(144, 160, 42, 214, 25)!
#APP: Ooh, I needed that app?m2(144, 160, 42)!
#APP: Come get some app!m3(144)!
-71, 129, 144, 180, 4, 213,
-70, 204, 157, 33, 30, 199,
-69, 181, 22, 161, 165, 212,
-57, 174, 229, 73, 222, 127,
-56, 232, 200, 193, 236, 240,
#CLI: Ooh, I needed that app?m3(144)!
#CLI: We meet again, Doctor Jones!
#CLI: Come get some app!m1(144, 160, 227, 63, 154)!
-67, 154, 207, 144, 123, 181, 8, 161,
-59, 243, 70, 149, 165, 128,
-58, 183, 19, 180, 198, 138, 75, 227,
-63, 240, 85, 29, 63, 172,
-62, 163, 10, 160, 19, 86,
#CLI: Come get some app!m2(144, 160, 227)!
-65, 155, 162, 92, 4, 109, 41,
-64, 109, 168, 176, 65, 38,
-61, 27, 97, 221, 38, 128,
-55, 248, 91, 156, 82, 160, 227,
-54, 98, 136, 179, 144, 9,
#APP: Ooh, I needed that app?m1(144, 160, 227, 63, 154)!
#APP: Ooh, I needed that app?m2(144, 160, 227)!
#APP: Come get some app!m3(144)!
-71, 226, 144, 58, 167, 226,
-70, 176, 205, 163, 113, 181,
-69, 54, 215, 169, 190, 209,
-57, 111, 71, 163, 141, 199,
-56, 243, 3, 178, 196, 55,
#CLI: Ooh, I needed that app?m3(144)!
#CLI: We meet again, Doctor Jones!
#CLI: Come get some app!m1(144, 160, 133, 190, 20)!
-67, 20, 241, 144, 148, 102, 74, 39,
-59, 30, 253, 202, 78, 164,
-58, 187, 22, 5, 116, 162, 174, 133,
-63, 34, 11, 129, 190, 57,
-62, 75, 163, 160, 162, 19,
#CLI: Come get some app!m2(144, 160, 133)!
-65, 127, 70, 197, 118, 24, 142,
-64, 222, 0, 28, 6, 145,
-61, 6, 139, 132, 190, 31,
-55, 110, 118, 165, 32, 160, 133,
-54, 135, 233, 88, 144, 113,
#APP: Ooh, I needed that app?m1(144, 160, 133, 190, 20)!
#APP: Ooh, I needed that app?m2(144, 160, 133)!
#APP: Come get some app!m3(144)!
-71, 64, 144, 174, 146, 234,
-70, 185, 198, 234, 210, 72,
-69, 214, 37, 71, 30, 195,
-57, 148, 189, 180, 249, 25,
-56, 169, 55, 137, 197, 152,
#CLI: Ooh, I needed that app?m3(144)!
#CLI: We meet again, Doctor Jones!
#CLI: Come get some app!m1(144, 160, 76, 230, 43)!
-67, 43, 43, 144, 158, 249, 208, 103,
-59, 224, 219, 69, 75, 251,
-58, 99, 234, 90, 210, 230, 70, 76,
-63, 91, 125, 123, 230, 158,
-62, 14, 229, 160, 174, 136,
#CLI: Come get some app!m2(144, 160, 76)!
-65, 212, 161, 6, 31, 215, 248,
-64, 173, 35, 58, 112, 123,
-61, 36, 70, 204, 222, 107,
-55, 17, 214, 87, 246, 160, 76,
-54, 81, 196, 184, 144, 163,
#APP: Ooh, I needed that app?m1(144, 160, 76, 230, 43)!
#APP: Ooh, I needed that app?m2(144, 160, 76)!
#APP: Come get some app!m3(144)!
-71, 173, 144, 176, 252, 100,
-70, 48, 201, 85, 170, 160,
-69, 134, 3, 123, 230, 106,
-57, 164, 37, 138, 44, 69,
-56, 151, 68, 129, 142, 182,
#CLI: Ooh, I needed that app?m3(144)!
#CLI: We meet again, Doctor Jones!
#CLI: Come get some app!m1(144, 160, 122, 248, 101)!
-67, 101, 190, 144, 88, 243, 226, 251,
-59, 151, 178, 248, 155, 149,
-58, 169, 170, 183, 6, 90, 98, 122,
-63, 6, 225, 75, 248, 140,
-62, 169, 122, 160, 11, 218,
#CLI: Come get some app!m2(144, 160, 122)!
-65, 249, 168, 74, 218, 57, 87,
-64, 116, 136, 255, 38, 239,
-61, 221, 247, 91, 235, 68,
-55, 106, 83, 4, 40, 160, 122,
-54, 255, 82, 75, 144, 109,
#APP: Ooh, I needed that app?m1(144, 160, 122, 248, 101)!
#APP: Ooh, I needed that app?m2(144, 160, 122)!
#APP: Come get some app!m3(144)!
-71, 198, 144, 131, 134, 136,
-70, 24, 77, 225, 148, 143,
-69, 185, 132, 32, 70, 125,
-57, 51, 244, 202, 181, 137,
-56, 119, 221, 48, 75, 55,
#CLI: Ooh, I needed that app?m3(144)!
#CLI: We meet again, Doctor Jones!
#CLI: Come get some app!m1(144, 160, 139, 67, 231)!
-67, 231, 242, 144, 221, 60, 30, 176,
-59, 21, 60, 140, 194, 237,
-58, 135, 48, 75, 205, 20, 253, 139,
-63, 213, 18, 139, 67, 161,
-62, 56, 52, 160, 102, 166,
#CLI: Come get some app!m2(144, 160, 139)!
-65, 243, 91, 113, 159, 108, 224,
-64, 206, 141, 252, 156, 115,
-61, 72, 4, 217, 59, 29,
-55, 150, 191, 183, 29, 160, 139,
-54, 128, 225, 87, 144, 234,
#APP: Ooh, I needed that app?m1(144, 160, 139, 67, 231)!
#APP: Ooh, I needed that app?m2(144, 160, 139)!
#APP: Come get some app!m3(144)!
-71, 221, 144, 207, 160, 175,
-70, 212, 72, 163, 154, 225,
-69, 18, 96, 128, 213, 217,
-57, 6, 5, 141, 228, 38,
-56, 43, 98, 32, 178, 216,
#CLI: Ooh, I needed that app?m3(144)!
#CLI: We meet again, Doctor Jones!
#CLI: Come get some app!m1(144, 160, 234, 85, 114)!
-67, 114, 179, 144, 132, 165, 240, 211,
-59, 125, 146, 33, 126, 40,
-58, 71, 224, 133, 221, 158, 142, 234,
-63, 138, 89, 140, 85, 112,
-62, 215, 38, 160, 237, 55,
#CLI: Come get some app!m2(144, 160, 234)!
-65, 230, 69, 243, 197, 250, 57,
-64, 13, 181, 38, 22, 125,
-61, 129, 124, 21, 197, 112,
-55, 252, 87, 252, 232, 160, 234,
-54, 189, 77, 31, 144, 207,
#APP: Ooh, I needed that app?m1(144, 160, 234, 85, 114)!
#APP: Ooh, I needed that app?m2(144, 160, 234)!
#APP: Come get some app!m3(144)!
-71, 202, 144, 221, 44, 168,
-70, 103, 119, 194, 162, 187,
-69, 125, 194, 97, 155, 186,
-57, 22, 137, 58, 169, 199,
-56, 149, 116, 100, 122, 162,
#CLI: Ooh, I needed that app?m3(144)!
#CLI: We meet again, Doctor Jones!
#CLI: Come get some app!m1(144, 160, 159, 160, 2)!
-67, 2, 206, 144, 235, 149, 196, 166,
-59, 71, 126, 207, 223, 60,
-58, 156, 178, 206, 252, 163, 6, 159,
-63, 233, 157, 200, 160, 93,
-62, 95, 197, 160, 98, 93,
#CLI: Come get some app!m2(144, 160, 159)!
-65, 77, 102, 27, 228, 7, 215,
-64, 152, 71, 234, 119, 106,
-61, 197, 138, 39, 220, 199,
-55, 79, 228, 119, 222, 160, 159,
-54, 188, 119, 91, 144, 28,
#APP: Ooh, I needed that app?m1(144, 160, 159, 160, 2)!
#APP: Ooh, I needed that app?m2(144, 160, 159)!
#APP: Come get some app!m3(144)!
-71, 212, 144, 45, 206, 52,
-70, 226, 216, 225, 112, 245,
-69, 228, 108, 161, 86, 122,
-57, 158, 51, 226, 21, 236,
-56, 138, 88, 22, 96, 117,
#CLI: Ooh, I needed that app?m3(144)!
#CLI: We meet again, Doctor Jones!
#CLI: Come get some app!m1(144, 160, 119, 160, 89)!
-67, 89, 60, 144, 85, 40, 84, 45,
-59, 125, 95, 199, 189, 252,
-58, 177, 132, 2, 128, 30, 176, 119,
-63, 37, 46, 252, 160, 103,
-62, 5, 122, 160, 227, 254,
#CLI: Come get some app!m2(144, 160, 119)!
-65, 217, 116, 155, 1, 110, 23,
-64, 53, 154, 126, 151, 75,
-61, 242, 15, 246, 107, 104,
-55, 122, 120, 125, 79, 160, 119,
-54, 185, 158, 94, 144, 9,
#APP: Ooh, I needed that app?m1(144, 160, 119, 160, 89)!
#APP: Ooh, I needed that app?m2(144, 160, 119)!
#APP: Come get some app!m3(144)!
-71, 157, 144, 22, 154, 212,
-70, 47, 132, 166, 192, 173,
-69, 213, 230, 172, 20, 137,
-57, 192, 87, 49, 50, 163,
-56, 110, 247, 221, 36, 29,
#CLI: Ooh, I needed that app?m3(144)!
#CLI: We meet again, Doctor Jones!
#CLI: Come get some app!m1(144, 160, 178, 210, 139)!
-67, 139, 209, 144, 91, 228, 161, 74,
-59, 120, 61, 13, 105, 233,
-58, 6, 158, 223, 18, 194, 106, 178,
-63, 53, 246, 88, 210, 2,
-62, 73, 131, 160, 194, 143,
#CLI: Come get some app!m2(144, 160, 178)!
-65, 27, 231, 79, 211, 172, 43,
-64, 3, 28, 142, 26, 11,
-61, 78, 126, 180, 179, 131,
-55, 11, 194, 56, 251, 160, 178,
-54, 36, 107, 181, 144, 239,
#APP: Ooh, I needed that app?m1(144, 160, 178, 210, 139)!
#APP: Ooh, I needed that app?m2(144, 160, 178)!
#APP: Come get some app!m3(144)!
-71, 198, 144, 183, 54, 246,
-70, 19, 100, 120, 183, 66,
-69, 104, 2, 169, 149, 75,
-57, 19, 226, 158, 233, 194,
-56, 107, 100, 241, 225, 115,
#CLI: Ooh, I needed that app?m3(144)!
#CLI: We meet again, Doctor Jones!
#CLI: Come get some app!m1(144, 160, 133, 108, 53)!
-67, 53, 75, 144, 132, 182, 168, 92,
-59, 48, 8, 164, 86, 210,
-58, 64, 82, 192, 248, 89, 95, 133,
-63, 229, 59, 71, 108, 214,
-62, 208, 41, 160, 172, 161,
#CLI: Come get some app!m2(144, 160, 133)!
-65, 115, 221, 200, 50, 29, 184,
-64, 85, 110, 23, 206, 146,
-61, 81, 213, 159, 67, 220,
-55, 165, 216, 51, 21, 160, 133,
-54, 51, 178, 142, 144, 225,
#APP: Ooh, I needed that app?m1(144, 160, 133, 108, 53)!
#APP: Ooh, I needed that app?m2(144, 160, 133)!
#APP: Come get some app!m3(144)!
-71, 252, 144, 45, 223, 99,
-70, 124, 245, 59, 154, 128,
-69, 195, 74, 179, 192, 126,
-57, 75, 48, 210, 198, 8,
-56, 62, 119, 4, 187, 45,
#CLI: Ooh, I needed that app?m3(144)!
#CLI: We meet again, Doctor Jones!
#CLI: Come get some app!m1(144, 160, 162, 29, 196)!
-67, 196, 6, 144, 143, 153, 26, 93,
-59, 173, 87, 142, 0, 249,
-58, 90, 3, 74, 138, 190, 125, 162,
-63, 128, 148, 158, 29, 61,
-62, 89, 72, 160, 244, 84,
#CLI: Come get some app!m2(144, 160, 162)!
-65, 91, 87, 105, 50, 212, 236,
-64, 197, 222, 48, 249, 55,
-61, 39, 200, 25, 235, 55,
-55, 48, 136, 214, 129, 160, 162,
-54, 121, 54, 119, 144, 11,
#APP: Ooh, I needed that app?m1(144, 160, 162, 29, 196)!
#APP: Ooh, I needed that app?m2(144, 160, 162)!
#APP: Come get some app!m3(144)!
-71, 116, 144, 4, 77, 162,
-70, 71, 221, 180, 240, 224,
-69, 39, 158, 50, 210, 35,
-57, 160, 170, 201, 217, 64,
-56, 22, 52, 136, 115, 19,
#CLI: Ooh, I needed that app?m3(144)!
#CLI: We meet again, Doctor Jones!
#CLI: Come get some app!m1(144, 160, 218, 37, 132)!
-67, 132, 54, 144, 200, 113, 212, 181,
-59, 162, 123, 105, 225, 254,
-58, 236, 219, 181, 180, 86, 168, 218,
-63, 244, 86, 1, 37, 79,
-62, 238, 146, 160, 19, 100,
#CLI: Come get some app!m2(144, 160, 218)!
-65, 43, 187, 187, 239, 139, 75,
-64, 85, 250, 47, 5, 30,
-61, 134, 182, 129, 134, 94,
-55, 109, 55, 126, 106, 160, 218,
-54, 215, 156, 233, 144, 32,
#APP: Ooh, I needed that app?m1(144, 160, 218, 37, 132)!
#APP: Ooh, I needed that app?m2(144, 160, 218)!
#APP: Come get some app!m3(144)!
-71, 86, 144, 114, 237, 120,
-70, 141, 14, 56, 136, 238,
-69, 111, 39, 115, 184, 19,
-57, 253, 38, 91, 77, 204,
-56, 116, 125, 117, 208, 31,
#CLI: Ooh, I needed that app?m3(144)!
#CLI: We meet again, Doctor Jones!
#CLI: Come get some app!m1(144, 160, 53, 62, 77)!
-67, 77, 213, 144, 32, 170, 210, 157,
-59, 116, 116, 195, 146, 25,
-58, 180, 180, 68, 249, 142, 223, 53,
-63, 108, 125, 155, 62, 61,
-62, 168, 153, 160, 216, 240,
#CLI: Come get some app!m2(144, 160, 53)!
-65, 189, 137, 85, 81, 199, 255,
-64, 104, 35, 114, 172, 246,
-61, 39, 214, 115, 246, 132,
-55, 84, 220, 9, 254, 160, 53,
-54, 138, 209, 172, 144, 12,
#APP: Ooh, I needed that app?m1(144, 160, 53, 62, 77)!
#APP: Ooh, I needed that app?m2(144, 160, 53)!
#APP: Come get some app!m3(144)!
-71, 55, 144, 168, 70, 244,
-70, 66, 186, 30, 235, 143,
-69, 98, 129, 152, 124, 87,
-57, 77, 188, 60, 211, 255,
-56, 229, 184, 73, 144, 234,
#CLI: Ooh, I needed that app?m3(144)!
#CLI: We meet again, Doctor Jones!
#CLI: Come get some app!m1(144, 160, 44, 65, 117)!
-67, 117, 208, 144, 107, 114, 93, 139,
-59, 229, 38, 89, 47, 151,
-58, 162, 119, 1, 212, 14, 89, 44,
-63, 35, 25, 192, 65, 168,
-62, 192, 6, 160, 98, 36,
#CLI: Come get some app!m2(144, 160, 44)!
-65, 191, 123, 251, 117, 251, 167,
-64, 28, 125, 2, 130, 178,
-61, 246, 120, 30, 130, 49,
-55, 21, 82, 156, 223, 160, 44,
-54, 212, 152, 235, 144, 16,
#APP: Ooh, I needed that app?m1(144, 160, 44, 65, 117)!
#APP: Ooh, I needed that app?m2(144, 160, 44)!
#APP: Come get some app!m3(144)!
-71, 195, 144, 84, 107, 202,
-70, 153, 45, 225, 119, 33,
-69, 193, 133, 4, 163, 65,
-57, 77, 16, 158, 11, 166,
-56, 80, 146, 19, 50, 159,
#CLI: Ooh, I needed that app?m3(144)!
#CLI: We meet again, Doctor Jones!
#CLI: Come get some app!m1(144, 160, 103, 207, 30)!
-67, 30, 109, 144, 111, 199, 219, 103,
-59, 91, 55, 132, 106, 170,
-58, 15, 63, 15, 234, 56, 179, 103,
-63, 201, 246, 38, 207, 60,
-62, 27, 33, 160, 186, 99,
#CLI: Come get some app!m2(144, 160, 103)!
-65, 142, 206, 93, 36, 31, 245,
-64, 174, 173, 98, 86, 97,
-61, 128, 148, 194, 97, 214,
-55, 134, 215, 199, 59, 160, 103,
-54, 210, 1, 242, 144, 247,
#APP: Ooh, I needed that app?m1(144, 160, 103, 207, 30)!
#APP: Ooh, I needed that app?m2(144, 160, 103)!
#APP: Come get some app!m3(144)!
-71, 126, 144, 84, 49, 86,
-70, 70, 209, 11, 220, 226,
-69, 154, 66, 253, 126, 71,
-57, 123, 197, 115, 213, 189,
-56, 209, 131, 4, 48, 82,
#CLI: Ooh, I needed that app?m3(144)!
#CLI: We meet again, Doctor Jones!
#CLI: Come get some app!m1(144, 160, 133, 72, 223)!
-67, 223, 106, 144, 60, 219, 178, 48,
-59, 50, 28, 100, 171, 5,
-58, 126, 218, 54, 91, 5, 143, 133,
-63, 172, 29, 202, 72, 9,
-62, 241, 240, 160, 139, 17,
#CLI: Come get some app!m2(144, 160, 133)!
-65, 37, 228, 7, 236, 50, 217,
-64, 13, 164, 255, 124, 228,
-61, 199, 13, 194, 44, 146,
-55, 7, 145, 66, 140, 160, 133,
-54, 192, 94, 119, 144, 176,
#APP: Ooh, I needed that app?m1(144, 160, 133, 72, 223)!
#APP: Ooh, I needed that app?m2(144, 160, 133)!
#APP: Come get some app!m3(144)!
-71, 241, 144, 44, 225, 208,
-70, 109, 95, 205, 6, 130,
-69, 95, 137, 53, 190, 215,
-57, 6, 96, 230, 253, 18,
-56, 188, 2, 141, 18, 153,
#CLI: Ooh, I needed that app?m3(144)!
#CLI: We meet again, Doctor Jones!
#CLI: Come get some app!m1(144, 160, 136, 31, 0)!
-67, 0, 198, 144, 17, 221, 62, 226,
-59, 59, 51, 219, 147, 213,
-58, 162, 159, 7, 229, 8, 98, 136,
-63, 87, 174, 187, 31, 103,
-62, 18, 218, 160, 189, 72,
#CLI: Come get some app!m2(144, 160, 136)!
-65, 118, 113, 217, 84, 60, 17,
-64, 227, 133, 44, 243, 212,
-61, 152, 25, 83, 26, 109,
-55, 67, 180, 129, 37, 160, 136,
-54, 13, 123, 94, 144, 248,
#APP: Ooh, I needed that app?m1(144, 160, 136, 31, 0)!
#APP: Ooh, I needed that app?m2(144, 160, 136)!
#APP: Come get some app!m3(144)!
-71, 2, 144, 88, 20, 251,
-70, 60, 54, 248, 145, 206,
-69, 241, 54, 243, 225, 84,
-57, 96, 109, 219, 139, 202,
-56, 166, 45, 214, 4, 121,
#CLI: Ooh, I needed that app?m3(144)!
#CLI: We meet again, Doctor Jones!
#CLI: Come get some app!m1(144, 160, 173, 24, 227)!
-67, 227, 96, 144, 220, 225, 18, 255,
-59, 183, 153, 93, 49, 71,
-58, 126, 174, 112, 120, 217, 136, 173,
-63, 165, 66, 22, 24, 55,
-62, 114, 63, 160, 232, 211,
#CLI: Come get some app!m2(144, 160, 173)!
-65, 94, 125, 12, 215, 105, 61,
-64, 38, 111, 195, 118, 81,
-61, 176, 24, 207, 227, 53,
-55, 250, 135, 189, 2, 160, 173,
-54, 22, 61, 189, 144, 138,
#APP: Ooh, I needed that app?m1(144, 160, 173, 24, 227)!
#APP: Ooh, I needed that app?m2(144, 160, 173)!
#APP: Come get some app!m3(144)!
-71, 194, 144, 98, 182, 139,
-70, 224, 128, 43, 21, 81,
-69, 54, 93, 85, 11, 228,
-57, 128, 198, 49, 250, 250,
-56, 154, 213, 34, 2, 123,
#CLI: Ooh, I needed that app?m3(144)!
#CLI: We meet again, Doctor Jones!
#CLI: Come get some app!m1(144, 160, 110, 220, 221)!
-67, 221, 74, 144, 213, 139, 187, 7,
-59, 13, 177, 172, 218, 145,
-58, 158, 217, 55, 24, 3, 14, 110,
-63, 69, 210, 233, 220, 182,
-62, 219, 166, 160, 138, 117,
#CLI: Come get some app!m2(144, 160, 110)!
-65, 139, 102, 200, 178, 30, 75,
-64, 249, 30, 50, 180, 122,
-61, 155, 169, 6, 1, 197,
-55, 169, 182, 96, 240, 160, 110,
-54, 153, 167, 145, 144, 103,
#APP: Ooh, I needed that app?m1(144, 160, 110, 220, 221)!
#APP: Ooh, I needed that app?m2(144, 160, 110)!
#APP: Come get some app!m3(144)!
-71, 37, 144, 137, 91, 179,
-70, 234, 40, 170, 190, 218,
-69, 149, 25, 79, 241, 72,
-57, 249, 235, 165, 203, 189,
-56, 131, 4, 62, 145, 81,
#CLI: Ooh, I needed that app?m3(144)!
#CLI: We meet again, Doctor Jones!
#CLI: Come get some app!m1(144, 160, 69, 229, 201)!
-67, 201, 249, 144, 91, 143, 230, 210,
-59, 2, 181, 20, 2, 119,
-58, 221, 15, 0, 132, 36, 107, 69,
-63, 34, 154, 140, 229, 84,
-62, 235, 191, 160, 163, 155,
#CLI: Come get some app!m2(144, 160, 69)!
-65, 98, 10, 103, 26, 154, 245,
-64, 43, 154, 137, 117, 154,
-61, 234, 138, 40, 183, 7,
-55, 145, 193, 71, 85, 160, 69,
-54, 187, 254, 223, 144, 56,
#APP: Ooh, I needed that app?m1(144, 160, 69, 229, 201)!
#APP: Ooh, I needed that app?m2(144, 160, 69)!
#APP: Come get some app!m3(144)!
-71, 99, 144, 139, 129, 97,
-70, 124, 31, 231, 5, 149,
-69, 193, 235, 234, 19, 49,
-57, 38, 61, 128, 181, 196,
-56, 123, 179, 136, 222, 31,
#CLI: Ooh, I needed that app?m3(144)!
#CLI: We meet again, Doctor Jones!
#CLI: Come get some app!m1(144, 160, 33, 99, 60)!
-67, 60, 169, 144, 51, 172, 77, 124,
-59, 84, 22, 216, 69, 221,
-58, 195, 4, 64, 131, 115, 45, 33,
-63, 200, 173, 229, 99, 229,
-62, 24, 7, 160, 209, 21,
#CLI: Come get some app!m2(144, 160, 33)!
-65, 90, 81, 148, 248, 30, 168,
-64, 55, 179, 104, 206, 177,
-61, 46, 198, 231, 51, 126,
-55, 58, 3, 130, 243, 160, 33,
-54, 154, 215, 34, 144, 91,
#APP: Ooh, I needed that app?m1(144, 160, 33, 99, 60)!
#APP: Ooh, I needed that app?m2(144, 160, 33)!
#APP: Come get some app!m3(144)!
-71, 183, 144, 163, 178, 64,
-70, 214, 112, 168, 129, 77,
-69, 133, 80, 115, 128, 249,
-57, 252, 6, 8, 253, 114,
-56, 143, 24, 25, 29, 122,
#CLI: Ooh, I needed that app?m3(144)!
#CLI: We meet again, Doctor Jones!
#CLI: Come get some app!m1(144, 160, 14, 76, 224)!
-67, 224, 1, 144, 15, 83, 100, 43,
-59, 91, 231, 228, 175, 240,
-58, 230, 36, 231, 31, 167, 112, 14,
-63, 169, 116, 229, 76, 102,
-62, 234, 173, 160, 17, 142,
#CLI: Come get some app!m2(144, 160, 14)!
-65, 58, 160, 203, 53, 60, 108,
-64, 165, 191, 181, 74, 87,
-61, 1, 124, 223, 251, 210,
-55, 35, 170, 38, 115, 160, 14,
-54, 123, 213, 255, 144, 134,
#APP: Ooh, I needed that app?m1(144, 160, 14, 76, 224)!
#APP: Ooh, I needed that app?m2(144, 160, 14)!
#APP: Come get some app!m3(144)!
-71, 249, 144, 17, 231, 243,
-70, 221, 204, 216, 212, 223,
-69, 7, 69, 206, 23, 127,
-57, 183, 16, 195, 185, 186,
-56, 82, 160, 105, 108, 229,
#CLI: Ooh, I needed that app?m3(144)!
#CLI: We meet again, Doctor Jones!
#CLI: Come get some app!m1(144, 160, 185, 136, 166)!
-67, 166, 160, 144, 153, 4, 239, 104,
-59, 108, 171, 237, 237, 237,
-58, 179, 235, 74, 63, 235, 100, 185,
-63, 45, 222, 74, 136, 153,
-62, 196, 135, 160, 215, 51,
#CLI: Come get some app!m2(144, 160, 185)!
-65, 20, 140, 245, 98, 56, 30,
-64, 105, 66, 52, 254, 215,
-61, 16, 105, 223, 175, 12,
-55, 58, 156, 152, 212, 160, 185,
-54, 223, 61, 34, 144, 234,
#APP: Ooh, I needed that app?m1(144, 160, 185, 136, 166)!
#APP: Ooh, I needed that app?m2(144, 160, 185)!
#APP: Come get some app!m3(144)!
-71, 19, 144, 119, 129, 246,
-70, 31, 83, 25, 11, 30,
-69, 237, 6, 39, 185, 165,
-57, 174, 216, 123, 36, 20,
-56, 233, 15, 107, 137, 149,
#CLI: Ooh, I needed that app?m3(144)!
#CLI: We meet again, Doctor Jones!
#CLI: Come get some app!m1(144, 160, 111, 219, 34)!
-67, 34, 34, 144, 226, 75, 81, 43,
-59, 234, 136, 225, 129, 226,
-58, 50, 59, 56, 209, 51, 222, 111,
-63, 103, 224, 114, 219, 208,
-62, 117, 159, 160, 126, 150,
#CLI: Come get some app!m2(144, 160, 111)!
-65, 79, 175, 116, 138, 180, 20,
-64, 131, 173, 16, 43, 231,
-61, 227, 205, 74, 239, 229,
-55, 54, 135, 5, 211, 160, 111,
-54, 120, 186, 236, 144, 169,
#APP: Ooh, I needed that app?m1(144, 160, 111, 219, 34)!
#APP: Ooh, I needed that app?m2(144, 160, 111)!
#APP: Come get some app!m3(144)!
-71, 173, 144, 254, 229, 251,
-70, 20, 168, 161, 114, 18,
-69, 200, 29, 89, 200, 37,
-57, 68, 206, 39, 7, 244,
-56, 82, 246, 69, 68, 144,
#CLI: Ooh, I needed that app?m3(144)!
#CLI: We meet again, Doctor Jones!
#CLI: Come get some app!m1(144, 160, 180, 220, 246)!
-67, 246, 242, 144, 251, 216, 111, 89,
-59, 105, 84, 59, 19, 113,
-58, 222, 187, 244, 169, 145, 37, 180,
-63, 149, 162, 62, 220, 244,
-62, 58, 190, 160, 68, 68,
#CLI: Come get some app!m2(144, 160, 180)!
-65, 227, 170, 120, 111, 13, 67,
-64, 18, 161, 134, 99, 97,
-61, 192, 181, 69, 140, 43,
-55, 212, 17, 135, 206, 160, 180,
-54, 229, 214, 127, 144, 7,
#APP: Ooh, I needed that app?m1(144, 160, 180, 220, 246)!
#APP: Ooh, I needed that app?m2(144, 160, 180)!
#APP: Come get some app!m3(144)!
-71, 14, 144, 242, 188, 145,
-70, 197, 164, 53, 81, 15,
-69, 147, 186, 145, 3, 245,
-57, 212, 84, 188, 89, 118,
-56, 209, 141, 156, 131, 157,
#CLI: Ooh, I needed that app?m3(144)!
#CLI: We meet again, Doctor Jones!
#CLI: Come get some app!m1(144, 160, 94, 238, 241)!
-67, 241, 76, 144, 56, 61, 47, 15,
-59, 147, 86, 166, 209, 106,
-58, 20, 181, 35, 173, 60, 40, 94,
-63, 154, 145, 9, 238, 7,
-62, 147, 31, 160, 88, 120,
#CLI: Come get some app!m2(144, 160, 94)!
-65, 14, 178, 247, 203, 225, 86,
-64, 254, 145, 56, 214, 127,
-61, 28, 117, 221, 18, 141,
-55, 108, 191, 78, 178, 160, 94,
-54, 204, 169, 54, 144, 197,
#APP: Ooh, I needed that app?m1(144, 160, 94, 238, 241)!
#APP: Ooh, I needed that app?m2(144, 160, 94)!
#APP: Come get some app!m3(144)!
-71, 154, 144, 125, 182, 195,
-70, 219, 62, 210, 142, 177,
-69, 170, 41, 182, 0, 63,
-57, 23, 102, 44, 199, 222,
-56, 23, 49, 223, 167, 4,
#CLI: Ooh, I needed that app?m3(144)!
#CLI: We meet again, Doctor Jones!
#CLI: Come get some app!m1(144, 160, 117, 107, 191)!
-67, 191, 55, 144, 199, 51, 212, 173,
-59, 83, 209, 179, 230, 202,
-58, 147, 87, 130, 126, 19, 78, 117,
-63, 61, 35, 80, 107, 206,
-62, 47, 80, 160, 50, 159,
#CLI: Come get some app!m2(144, 160, 117)!
-65, 0, 77, 87, 143, 82, 1,
-64, 179, 192, 128, 207, 27,
-61, 77, 146, 232, 34, 116,
-55, 216, 84, 206, 111, 160, 117,
-54, 223, 112, 59, 144, 32,
#APP: Ooh, I needed that app?m1(144, 160, 117, 107, 191)!
#APP: Ooh, I needed that app?m2(144, 160, 117)!
#APP: Come get some app!m3(144)!
-71, 209, 144, 91, 9, 236,
-70, 13, 234, 208, 46, 19,
-69, 223, 30, 113, 167, 158,
-57, 247, 166, 142, 184, 191,
-56, 55, 198, 32, 62, 128,
#CLI: Ooh, I needed that app?m3(144)!
#CLI: We meet again, Doctor Jones!
#CLI: Come get some app!m1(144, 160, 13, 40, 243)!
-67, 243, 32, 144, 75, 222, 7, 40,
-59, 100, 118, 124, 75, 102,
-58, 79, 104, 2, 196, 244, 249, 13,
-63, 154, 237, 178, 40, 43,
-62, 54, 13, 160, 222, 61,
#CLI: Come get some app!m2(144, 160, 13)!
-65, 216, 171, 108, 112, 20, 59,
-64, 248, 97, 245, 161, 241,
-61, 40, 202, 56, 46, 66,
-55, 14, 156, 122, 254, 160, 13,
-54, 252, 72, 27, 144, 196,
#APP: Ooh, I needed that app?m1(144, 160, 13, 40, 243)!
#APP: Ooh, I needed that app?m2(144, 160, 13)!
#APP: Come get some app!m3(144)!
-71, 34, 144, 160, 19, 75,
-70, 28, 7, 239, 236, 156,
-69, 140, 167, 205, 16, 75,
-57, 122, 195, 184, 45, 25,
-56, 113, 86, 146, 83, 183,
#CLI: Ooh, I needed that app?m3(144)!
#CLI: We meet again, Doctor Jones!
#CLI: Come get some app!m1(144, 160, 87, 1, 109)!
-67, 109, 227, 144, 43, 94, 174, 174,
-59, 238, 135, 20, 2, 201,
-58, 243, 203, 122, 208, 232, 113, 87,
-63, 149, 117, 1, 1, 163,
-62, 90, 36, 160, 214, 13,
#CLI: Come get some app!m2(144, 160, 87)!
-65, 228, 146, 142, 17, 173, 209,
-64, 156, 62, 193, 171, 185,
-61, 142, 112, 53, 97, 164,
-55, 123, 109, 255, 50, 160, 87,
-54, 57, 226, 208, 144, 114,
#APP: Ooh, I needed that app?m1(144, 160, 87, 1, 109)!
#APP: Ooh, I needed that app?m2(144, 160, 87)!
#APP: Come get some app!m3(144)!
-71, 23, 144, 143, 92, 143,
-70, 95, 188, 219, 19, 203,
-69, 19, 238, 172, 229, 82,
-57, 123, 212, 131, 28, 148,
-56, 81, 18, 35, 163, 241,
#CLI: Ooh, I needed that app?m3(144)!
#CLI: We meet again, Doctor Jones!
#CLI: Come get some app!m1(144, 160, 74, 35, 182)!
-67, 182, 107, 144, 157, 212, 29, 144,
-59, 26, 157, 55, 40, 192,
-58, 56, 171, 111, 26, 19, 53, 74,
-63, 160, 4, 135, 35, 246,
-62, 179, 242, 160, 162, 28,
#CLI: Come get some app!m2(144, 160, 74)!
-65, 1, 118, 169, 67, 22, 99,
-64, 145, 201, 129, 64, 84,
-61, 217, 95, 155, 32, 248,
-55, 233, 94, 41, 188, 160, 74,
-54, 113, 187, 249, 144, 51,
#APP: Ooh, I needed that app?m1(144, 160, 74, 35, 182)!
#APP: Ooh, I needed that app?m2(144, 160, 74)!
#APP: Come get some app!m3(144)!
-71, 66, 144, 121, 116, 131,
-70, 117, 152, 160, 136, 244,
-69, 165, 161, 115, 234, 159,
-57, 120, 35, 127, 173, 245,
-56, 5, 127, 29, 187, 50,
#CLI: Ooh, I needed that app?m3(144)!
#CLI: We meet again, Doctor Jones!
#CLI: Come get some app!m1(144, 160, 110, 140, 187)!
-67, 187, 97, 144, 52, 62, 20, 20,
-59, 249, 159, 64, 247, 50,
-58, 125, 127, 218, 162, 176, 62, 110,
-63, 6, 46, 23, 140, 38,
-62, 142, 230, 160, 122, 233,
#CLI: Come get some app!m2(144, 160, 110)!
-65, 101, 16, 75, 163, 141, 60,
-64, 93, 140, 167, 197, 5,
-61, 80, 128, 103, 88, 235,
-55, 115, 1, 183, 136, 160, 110,
-54, 148, 172, 48, 144, 130,
#APP: Ooh, I needed that app?m1(144, 160, 110, 140, 187)!
#APP: Ooh, I needed that app?m2(144, 160, 110)!
#APP: Come get some app!m3(144)!
-71, 10, 144, 220, 145, 221,
-70, 37, 53, 55, 17, 221,
-69, 218, 194, 169, 111, 102,
-57, 22, 106, 90, 141, 40,
-56, 35, 192, 51, 90, 54,
#CLI: Ooh, I needed that app?m3(144)!
#CLI: We meet again, Doctor Jones!
#CLI: Come get some app!m1(144, 160, 187, 180, 49)!
-67, 49, 92, 144, 189, 33, 202, 245,
-59, 158, 116, 187, 195, 169,
-58, 205, 203, 187, 213, 105, 111, 187,
-63, 27, 203, 31, 180, 155,
-62, 211, 72, 160, 83, 39,
#CLI: Come get some app!m2(144, 160, 187)!
-65, 207, 242, 168, 232, 138, 17,
-64, 92, 52, 165, 141, 220,
-61, 170, 125, 159, 101, 157,
-55, 192, 211, 82, 71, 160, 187,
-54, 233, 48, 249, 144, 4,
#APP: Ooh, I needed that app?m1(144, 160, 187, 180, 49)!
#APP: Ooh, I needed that app?m2(144, 160, 187)!
#APP: Come get some app!m3(144)!
-71, 180, 144, 11, 32, 150,
-70, 239, 204, 248, 32, 190,
-69, 61, 183, 162, 198, 125,
-57, 18, 25, 39, 142, 249,
-56, 15, 167, 40, 43, 233,
#CLI: Ooh, I needed that app?m3(144)!
#CLI: We meet again, Doctor Jones!
#CLI: Come get some app!m1(144, 160, 177, 176, 125)!
-67, 125, 42, 144, 220, 5, 113, 59,
-59, 17, 0, 196, 78, 8,
-58, 176, 129, 60, 55, 226, 73, 177,
-63, 177, 73, 12, 176, 75,
-62, 114, 175, 160, 236, 60,
#CLI: Come get some app!m2(144, 160, 177)!
-65, 248, 69, 140, 35, 127, 250,
-64, 114, 69, 228, 210, 250,
-61, 170, 171, 54, 8, 218,
-55, 37, 123, 139, 36, 160, 177,
-54, 224, 40, 147, 144, 214,
#APP: Ooh, I needed that app?m1(144, 160, 177, 176, 125)!
#APP: Ooh, I needed that app?m2(144, 160, 177)!
#APP: Come get some app!m3(144)!
-71, 249, 144, 230, 241, 65,
-70, 254, 225, 26, 135, 127,
-69, 220, 237, 209, 81, 24,
-57, 177, 138, 86, 77, 173,
-56, 160, 6, 87, 191, 72,
#CLI: Ooh, I needed that app?m3(144)!
#CLI: We meet again, Doctor Jones!
#CLI: Come get some app!m1(144, 160, 70, 5, 191)!
-67, 191, 60, 144, 219, 213, 73, 22,
-59, 235, 77, 50, 243, 78,
-58, 203, 211, 173, 32, 192, 200, 70,
-63, 74, 109, 213, 5, 98,
-62, 200, 52, 160, 107, 213,
#CLI: Come get some app!m2(144, 160, 70)!
-65, 135, 132, 180, 223, 49, 235,
-64, 182, 247, 193, 214, 244,
-61, 237, 39, 38, 148, 90,
-55, 217, 90, 226, 38, 160, 70,
-54, 245, 113, 162, 144, 255,
#APP: Ooh, I needed that app?m1(144, 160, 70, 5, 191)!
#APP: Ooh, I needed that app?m2(144, 160, 70)!
#APP: Come get some app!m3(144)!
-71, 243, 144, 158, 251, 169,
-70, 56, 210, 177, 49, 142,
-69, 60, 103, 188, 187, 243,
-57, 45, 90, 221, 196, 192,
-56, 103, 251, 95, 174, 27,
#CLI: Ooh, I needed that app?m3(144)!
#CLI: We meet again, Doctor Jones!
#CLI: Come get some app!m1(144, 160, 43, 241, 103)!
-67, 103, 220, 144, 50, 109, 175, 127,
-59, 5, 184, 26, 13, 123,
-58, 202, 175, 77, 39, 223, 249, 43,
-63, 77, 30, 88, 241, 65,
-62, 153, 51, 160, 103, 227,
#CLI: Come get some app!m2(144, 160, 43)!
-65, 89, 60, 162, 253, 134, 170,
-64, 105, 149, 67, 55, 5,
-61, 216, 107, 138, 118, 211,
-55, 21, 53, 163, 186, 160, 43,
-54, 201, 36, 219, 144, 137,
#APP: Ooh, I needed that app?m1(144, 160, 43, 241, 103)!
#APP: Ooh, I needed that app?m2(144, 160, 43)!
#APP: Come get some app!m3(144)!
-71, 162, 144, 26, 131, 204,
-70, 153, 169, 68, 141, 160,
-69, 46, 241, 154, 176, 180,
-57, 67, 254, 128, 32, 157,
-56, 71, 111, 48, 152, 125,
#CLI: Ooh, I needed that app?m3(144)!
#CLI: We meet again, Doctor Jones!
#CLI: Come get some app!m1(144, 160, 192, 187, 171)!
-67, 171, 218, 144, 253, 42, 165, 52,
-59, 142, 178, 195, 119, 214,
-58, 59, 226, 190, 2, 115, 4, 192,
-63, 25, 148, 211, 187, 186,
-62, 167, 155, 160, 200, 29,
#CLI: Come get some app!m2(144, 160, 192)!
-65, 220, 222, 159, 25, 190, 224,
-64, 34, 216, 214, 27, 157,
-61, 111, 101, 152, 142, 122,
-55, 130, 192, 242, 115, 160, 192,
-54, 172, 43, 185, 144, 207,
#APP: Ooh, I needed that app?m1(144, 160, 192, 187, 171)!
#APP: Ooh, I needed that app?m2(144, 160, 192)!
#APP: Come get some app!m3(144)!
-71, 109, 144, 199, 119, 82,
-70, 114, 41, 219, 50, 55,
-69, 4, 211, 172, 183, 81,
-57, 163, 197, 114, 182, 232,
-56, 63, 108, 251, 229, 228,
#CLI: Ooh, I needed that app?m3(144)!
#CLI: We meet again, Doctor Jones!
#CLI: Come get some app!m1(144, 160, 58, 19, 95)!
-67, 95, 31, 144, 75, 69, 81, 159,
-59, 202, 82, 244, 229, 131,
-58, 84, 213, 115, 154, 8, 169, 58,
-63, 255, 146, 21, 19, 82,
-62, 145, 201, 160, 209, 42,
#CLI: Come get some app!m2(144, 160, 58)!
-65, 122, 200, 167, 129, 225, 79,
-64, 119, 6, 87, 76, 152,
-61, 245, 122, 209, 212, 114,
-55, 55, 131, 201, 24, 160, 58,
-54, 132, 124, 153, 144, 245,
#APP: Ooh, I needed that app?m1(144, 160, 58, 19, 95)!
#APP: Ooh, I needed that app?m2(144, 160, 58)!
#APP: Come get some app!m3(144)!
-71, 16, 144, 143, 106, 202,
-70, 14, 141, 15, 215, 163,
-69, 218, 7, 189, 178, 228,
-57, 1, 54, 253, 169, 50,
-56, 5, 38, 158, 47, 1,
#CLI: Ooh, I needed that app?m3(144)!
#CLI: We meet again, Doctor Jones!
#CLI: Come get some app!m1(144, 160, 210, 78, 57)!
-67, 57, 222, 144, 42, 168, 20, 181,
-59, 230, 104, 220, 71, 69,
-58, 177, 174, 16, 42, 51, 113, 210,
-63, 58, 153, 7, 78, 55,
-62, 13, 209, 160, 30, 51,
#CLI: Come get some app!m2(144, 160, 210)!
-65, 202, 187, 112, 179, 33, 150,
-64, 131, 84, 252, 8, 3,
-61, 157, 123, 10, 169, 203,
-55, 173, 207, 4, 192, 160, 210,
-54, 53, 164, 182, 144, 85,
#APP: Ooh, I needed that app?m1(144, 160, 210, 78, 57)!
#APP: Ooh, I needed that app?m2(144, 160, 210)!
#APP: Come get some app!m3(144)!
-71, 77, 144, 203, 173, 167,
-70, 77, 57, 155, 109, 176,
-69, 84, 57, 29, 25, 57,
-57, 165, 223, 22, 134, 91,
-56, 233, 29, 103, 249, 213,
#CLI: Ooh, I needed that app?m3(144)!
#CLI: We meet again, Doctor Jones!
#CLI: Come get some app!m1(144, 160, 176, 93, 96)!
-67, 96, 218, 144, 79, 160, 15, 157,
-59, 130, 164, 146, 160, 208,
-58, 3, 104, 71, 72, 62, 197, 176,
-63, 88, 188, 74, 93, 208,
-62, 12, 237, 160, 148, 227,
#CLI: Come get some app!m2(144, 160, 176)!
-65, 33, 227, 14, 48, 193, 114,
-64, 114, 174, 41, 97, 27,
-61, 205, 80, 109, 122, 61,
-55, 180, 203, 63, 161, 160, 176,
-54, 5, 191, 108, 144, 217,
#APP: Ooh, I needed that app?m1(144, 160, 176, 93, 96)!
#APP: Ooh, I needed that app?m2(144, 160, 176)!
#APP: Come get some app!m3(144)!
-71, 198, 144, 73, 12, 170,
-70, 202, 121, 137, 139, 94,
-69, 62, 210, 150, 203, 145,
-57, 95, 110, 106, 162, 4,
-56, 131, 77, 102, 127, 198,
#CLI: Ooh, I needed that app?m3(144)!
#CLI: We meet again, Doctor Jones!
#CLI: Come get some app!m1(144, 160, 93, 206, 173)!
-67, 173, 11, 144, 91, 98, 53, 156,
-59, 13, 95, 254, 97, 132,
-58, 109, 138, 212, 110, 120, 7, 93,
-63, 254, 33, 231, 206, 134,
-62, 135, 214, 160, 198, 104,
#CLI: Come get some app!m2(144, 160, 93)!
-65, 235, 227, 162, 164, 225, 148,
-64, 125, 209, 44, 38, 115,
-61, 145, 231, 162, 78, 180,
-55, 165, 177, 30, 32, 160, 93,
-54, 13, 0, 244, 144, 37,
#APP: Ooh, I needed that app?m1(144, 160, 93, 206, 173)!
#APP: Ooh, I needed that app?m2(144, 160, 93)!
#APP: Come get some app!m3(144)!
-71, 219, 144, 32, 132, 199,
-70, 197, 73, 181, 23, 32,
-69, 129, 186, 102, 220, 34,
-57, 90, 91, 6, 254, 143,
-56, 204, 91, 251, 136, 242,
#CLI: Ooh, I needed that app?m3(144)!
#CLI: We meet again, Doctor Jones!
#CLI: Come get some app!m1(144, 160, 51, 194, 140)!
-67, 140, 47, 144, 208, 13, 221, 196,
-59, 6, 38, 217, 16, 164,
-58, 108, 202, 129, 20, 177, 66, 51,
-63, 180, 236, 157, 194, 239,
-62, 47, 255, 160, 38, 91,
#CLI: Come get some app!m2(144, 160, 51)!
-65, 245, 127, 64, 255, 27, 67,
-64, 100, 107, 157, 85, 146,
-61, 115, 200, 203, 188, 175,
-55, 230, 52, 140, 137, 160, 51,
-54, 117, 116, 234, 144, 58,
#CLI: What are you waitin for? Christmas?
#APP: Ooh, I needed that app?m1(144, 160, 51, 194, 140)!
#APP: Ooh, I needed that app?m2(144, 160, 51)!
#APP: Come get some app!m3(144)!
-71, 131, 144, 240, 114, 230,
-70, 214, 30, 50, 62, 17,
-69, 102, 240, 146, 28, 45,
-57, 194, 194, 1, 59, 51,
-56, 35, 146, 181, 31, 217,