#CLI: Come get some app!m1(242, 54, 237, 107, 228)!
-47, 242, 86, 90, 254, 251,
-46, 107, 48, 214, 154, 54, 66, 205,
-54, 159, 106, 32, 157, 43,
-60, 126, 22, 108, 165, 153,
-49, 182, 157, 162, 147, 228,
-48, 6, 237, 60, 56, 190,
-58, 236, 63, 232, 66, 62,
#CLI: Come get some app!m2(242, 54, 237)!
-57, 237, 208, 10, 44, 54,
-53, 94, 110, 200, 48, 253, 34,
-45, 105, 250, 5, 54, 206, 57,
-44, 223, 155, 188, 229, 186,
-64, 116, 242, 131, 92, 70,
#APP: Ooh, I needed that app?m1(242, 54, 237, 107, 228)!
#APP: Ooh, I needed that app?m2(242, 54, 237)!
#APP: Come get some app!m3(242)!
-63, 207, 30, 159, 42, 114,
-51, 148, 113, 7, 102, 46, 55,
-50, 241, 111, 127, 225, 210,
-68, 174, 100, 205, 148, 242,
#CLI: Ooh, I needed that app?m3(242)!
#CLI: We meet again, Doctor Jones!
#CLI: Come get some app!m1(242, 54, 225, 1, 70)!
-47, 242, 189, 185, 40, 41,
-46, 1, 186, 250, 108, 54, 94, 232,
-54, 115, 147, 243, 174, 212,
-60, 66, 166, 56, 220, 144,
-49, 221, 109, 201, 3, 70,
-48, 152, 225, 71, 194, 152,
-58, 50, 52, 245, 76, 178,
#CLI: Come get some app!m2(242, 54, 225)!
-57, 225, 93, 52, 89, 114,
-53, 196, 43, 118, 178, 120, 148,
-45, 240, 136, 181, 54, 215, 44,
-44, 28, 235, 14, 204, 49,
-64, 156, 242, 68, 9, 7,
#APP: Ooh, I needed that app?m1(242, 54, 225, 1, 70)!
#APP: Ooh, I needed that app?m2(242, 54, 225)!
#APP: Come get some app!m3(242)!
-63, 254, 108, 254, 219, 162,
-51, 184, 95, 95, 79, 164, 146,
-50, 192, 162, 217, 228, 140,
-68, 62, 126, 98, 234, 242,
#CLI: Ooh, I needed that app?m3(242)!
#CLI: We meet again, Doctor Jones!
#CLI: Come get some app!m1(242, 54, 206, 227, 148)!
-47, 242, 90, 196, 236, 55,
-46, 227, 123, 196, 179, 54, 208, 101,
-54, 85, 39, 43, 167, 205,
-60, 192, 241, 167, 135, 141,
-49, 182, 78, 30, 246, 148,
-48, 107, 206, 76, 163, 10,
-58, 145, 63, 108, 10, 48,
#CLI: Come get some app!m2(242, 54, 206)!
-57, 206, 221, 192, 156, 113,
-53, 174, 80, 23, 227, 79, 88,
-45, 175, 61, 111, 54, 193, 108,
-44, 102, 234, 78, 242, 183,
-64, 189, 242, 78, 216, 242,
#APP: Ooh, I needed that app?m1(242, 54, 206, 227, 148)!
#APP: Ooh, I needed that app?m2(242, 54, 206)!
#APP: Come get some app!m3(242)!
-63, 118, 168, 225, 6, 116,
-51, 134, 145, 231, 164, 72, 194,
-50, 179, 190, 72, 163, 200,
-68, 153, 153, 103, 190, 242,
#CLI: Ooh, I needed that app?m3(242)!
#CLI: We meet again, Doctor Jones!
#CLI: Come get some app!m1(242, 54, 132, 236, 243)!
-47, 242, 22, 252, 24, 2,
-46, 236, 68, 117, 95, 54, 57, 62,
-54, 63, 176, 155, 197, 81,
-60, 28, 187, 62, 236, 246,
-49, 119, 80, 132, 30, 243,
-48, 106, 132, 243, 43, 56,
-58, 81, 87, 164, 127, 152,
#CLI: Come get some app!m2(242, 54, 132)!
-57, 132, 42, 218, 65, 148,
-53, 145, 243, 187, 70, 73, 101,
-45, 158, 86, 24, 54, 237, 105,
-44, 124, 94, 163, 241, 95,
-64, 67, 242, 93, 63, 136,
#APP: Ooh, I needed that app?m1(242, 54, 132, 236, 243)!
#APP: Ooh, I needed that app?m2(242, 54, 132)!
#APP: Come get some app!m3(242)!
-63, 224, 69, 75, 66, 121,
-51, 111, 213, 74, 136, 26, 15,
-50, 32, 82, 48, 50, 24,
-68, 180, 50, 20, 136, 242,
#CLI: Ooh, I needed that app?m3(242)!
#CLI: We meet again, Doctor Jones!
#CLI: Come get some app!m1(242, 54, 52, 87, 135)!
-47, 242, 48, 99, 75, 77,
-46, 87, 54, 26, 170, 54, 38, 236,
-54, 240, 15, 176, 218, 110,
-60, 86, 35, 225, 189, 142,
-49, 43, 131, 73, 32, 135,
-48, 142, 52, 144, 133, 80,
-58, 40, 180, 124, 87, 239,
#CLI: Come get some app!m2(242, 54, 52)!
-57, 52, 109, 141, 195, 228,
-53, 77, 246, 104, 32, 129, 79,
-45, 119, 32, 180, 54, 61, 115,
-44, 140, 37, 247, 36, 143,
-64, 45, 242, 242, 38, 190,
#APP: Ooh, I needed that app?m1(242, 54, 52, 87, 135)!
#APP: Ooh, I needed that app?m2(242, 54, 52)!
#APP: Come get some app!m3(242)!
-63, 132, 137, 132, 200, 151,
-51, 102, 46, 213, 230, 31, 150,
-50, 71, 48, 203, 31, 199,
-68, 226, 238, 41, 12, 242,
#CLI: Ooh, I needed that app?m3(242)!
#CLI: We meet again, Doctor Jones!
#CLI: Come get some app!m1(242, 54, 59, 23, 16)!
-47, 242, 88, 175, 177, 216,
-46, 23, 70, 248, 9, 54, 236, 207,
-54, 174, 111, 125, 207, 62,
-60, 220, 190, 35, 188, 45,
-49, 200, 164, 95, 135, 16,
-48, 199, 59, 6, 55, 153,
-58, 147, 185, 159, 71, 44,
#CLI: Come get some app!m2(242, 54, 59)!
-57, 59, 211, 165, 204, 120,
-53, 184, 180, 236, 128, 78, 84,
-45, 27, 87, 132, 54, 142, 102,
-44, 37, 187, 6, 159, 219,
-64, 177, 242, 160, 154, 124,
#APP: Ooh, I needed that app?m1(242, 54, 59, 23, 16)!
#APP: Ooh, I needed that app?m2(242, 54, 59)!
#APP: Come get some app!m3(242)!
-63, 58, 235, 217, 147, 115,
-51, 158, 97, 12, 149, 34, 140,
-50, 233, 167, 171, 211, 150,
-68, 165, 152, 170, 119, 242,
#CLI: Ooh, I needed that app?m3(242)!
#CLI: We meet again, Doctor Jones!
#CLI: Come get some app!m1(242, 54, 8, 107, 62)!
-47, 242, 243, 180, 190, 16,
-46, 107, 37, 67, 30, 54, 86, 134,
-54, 3, 85, 56, 61, 62,
-60, 52, 116, 65, 40, 187,
-49, 203, 90, 215, 221, 62,
-48, 190, 8, 194, 247, 102,
-58, 236, 250, 238, 72, 219,
#CLI: Come get some app!m2(242, 54, 8)!
-57, 8, 47, 152, 190, 116,
-53, 47, 176, 55, 193, 98, 170,
-45, 33, 217, 230, 54, 80, 74,
-44, 98, 26, 198, 250, 116,
-64, 137, 242, 174, 178, 196,
#APP: Ooh, I needed that app?m1(242, 54, 8, 107, 62)!
#APP: Ooh, I needed that app?m2(242, 54, 8)!
#APP: Come get some app!m3(242)!
-63, 23, 42, 104, 137, 69,
-51, 151, 188, 63, 60, 172, 202,
-50, 196, 171, 77, 11, 119,
-68, 158, 114, 155, 14, 242,
#CLI: Ooh, I needed that app?m3(242)!
#CLI: We meet again, Doctor Jones!
#CLI: Come get some app!m1(242, 54, 70, 168, 40)!
-47, 242, 231, 87, 190, 63,
-46, 168, 244, 173, 64, 54, 181, 96,
-54, 246, 76, 90, 21, 10,
-60, 69, 154, 233, 13, 223,
-49, 179, 57, 225, 122, 40,
-48, 60, 70, 157, 102, 101,
-58, 85, 2, 186, 22, 26,
#CLI: Come get some app!m2(242, 54, 70)!
-57, 70, 31, 18, 112, 46,
-53, 64, 225, 5, 55, 45, 122,
-45, 169, 70, 230, 54, 174, 168,
-44, 92, 200, 132, 236, 174,
-64, 58, 242, 31, 203, 70,
#APP: Ooh, I needed that app?m1(242, 54, 70, 168, 40)!
#APP: Ooh, I needed that app?m2(242, 54, 70)!
#APP: Come get some app!m3(242)!
-63, 130, 72, 166, 90, 10,
-51, 150, 27, 177, 163, 27, 203,
-50, 171, 42, 197, 166, 105,
-68, 23, 237, 36, 120, 242,
#CLI: Ooh, I needed that app?m3(242)!
#CLI: We meet again, Doctor Jones!
#CLI: Come get some app!m1(242, 54, 48, 55, 4)!
-47, 242, 79, 132, 106, 158,
-46, 55, 88, 97, 132, 54, 251, 67,
-54, 85, 242, 174, 18, 254,
-60, 21, 91, 241, 175, 180,
-49, 191, 28, 116, 27, 4,
-48, 212, 48, 168, 5, 181,
-58, 162, 208, 173, 170, 145,
#CLI: Come get some app!m2(242, 54, 48)!
-57, 48, 85, 39, 32, 36,
-53, 241, 152, 222, 106, 123, 138,
-45, 179, 42, 64, 54, 232, 242,
-44, 116, 33, 122, 233, 105,
-64, 123, 242, 243, 217, 25,
#APP: Ooh, I needed that app?m1(242, 54, 48, 55, 4)!
#APP: Ooh, I needed that app?m2(242, 54, 48)!
#APP: Come get some app!m3(242)!
-63, 183, 148, 243, 67, 241,
-51, 142, 101, 73, 236, 177, 214,
-50, 95, 60, 152, 3, 58,
-68, 109, 127, 221, 184, 242,
#CLI: Ooh, I needed that app?m3(242)!
#CLI: We meet again, Doctor Jones!
#CLI: Come get some app!m1(242, 54, 39, 171, 148)!
-47, 242, 156, 87, 252, 237,
-46, 171, 127, 106, 37, 54, 162, 27,
-54, 242, 3, 87, 154, 248,
-60, 69, 25, 224, 19, 60,
-49, 202, 188, 229, 123, 148,
-48, 41, 39, 119, 181, 60,
-58, 104, 56, 29, 45, 184,
#CLI: Come get some app!m2(242, 54, 39)!
-57, 39, 205, 158, 83, 139,
-53, 245, 213, 171, 60, 66, 69,
-45, 70, 149, 106, 54, 91, 206,
-44, 251, 125, 23, 238, 246,
-64, 14, 242, 74, 27, 87,
#APP: Ooh, I needed that app?m1(242, 54, 39, 171, 148)!
#APP: Ooh, I needed that app?m2(242, 54, 39)!
#APP: Come get some app!m3(242)!
-63, 130, 59, 71, 86, 152,
-51, 3, 156, 239, 120, 123, 131,
-50, 63, 114, 211, 100, 64,
-68, 193, 87, 108, 68, 242,
#CLI: Ooh, I needed that app?m3(242)!
#CLI: We meet again, Doctor Jones!
#CLI: Come get some app!m1(242, 54, 112, 230, 158)!
-47, 242, 53, 45, 28, 4,
-46, 230, 73, 64, 85, 54, 75, 116,
-54, 80, 42, 43, 164, 28,
-60, 93, 165, 182, 37, 221,
-49, 248, 250, 230, 76, 158,
-48, 49, 112, 130, 54, 7,
-58, 189, 34, 114, 139, 95,
#CLI: Come get some app!m2(242, 54, 112)!
-57, 112, 207, 228, 96, 171,
-53, 177, 94, 36, 107, 76, 218,
-45, 207, 114, 90, 54, 154, 46,
-44, 87, 114, 40, 214, 139,
-64, 85, 242, 225, 69, 78,
#APP: Ooh, I needed that app?m1(242, 54, 112, 230, 158)!
#APP: Ooh, I needed that app?m2(242, 54, 112)!
#APP: Come get some app!m3(242)!
-63, 161, 184, 236, 196, 137,
-51, 238, 181, 140, 50, 205, 200,
-50, 174, 210, 114, 83, 206,
-68, 248, 8, 15, 87, 242,
#CLI: Ooh, I needed that app?m3(242)!
#CLI: We meet again, Doctor Jones!
#CLI: Come get some app!m1(242, 54, 180, 95, 141)!
-47, 242, 92, 153, 54, 99,
-46, 95, 184, 243, 8, 54, 239, 225,
-54, 18, 236, 253, 121, 77,
-60, 89, 8, 20, 209, 123,
-49, 147, 244, 212, 145, 141,
-48, 148, 180, 10, 52, 69,
-58, 25, 233, 46, 2, 126,
#CLI: Come get some app!m2(242, 54, 180)!
-57, 180, 201, 228, 40, 130,
-53, 113, 232, 193, 23, 210, 218,
-45, 170, 130, 218, 54, 146, 63,
-44, 183, 84, 255, 250, 169,
-64, 122, 242, 158, 115, 56,
#APP: Ooh, I needed that app?m1(242, 54, 180, 95, 141)!
#APP: Ooh, I needed that app?m2(242, 54, 180)!
#APP: Come get some app!m3(242)!
-63, 197, 156, 25, 155, 26,
-51, 199, 155, 246, 93, 69, 166,
-50, 161, 249, 10, 129, 105,
-68, 33, 1, 65, 28, 242,
#CLI: Ooh, I needed that app?m3(242)!
#CLI: We meet again, Doctor Jones!
#CLI: Come get some app!m1(242, 54, 92, 10, 128)!
-47, 242, 253, 138, 66, 182,
-46, 10, 69, 184, 98, 54, 195, 242,
-54, 255, 152, 252, 3, 2,
-60, 90, 52, 87, 81, 125,
-49, 154, 163, 193, 162, 128,
-48, 128, 92, 180, 125, 101,
-58, 227, 206, 194, 84, 224,
#CLI: Come get some app!m2(242, 54, 92)!
-57, 92, 242, 248, 89, 2,
-53, 147, 180, 45, 80, 198, 191,
-45, 227, 180, 35, 54, 110, 206,
-44, 212, 40, 210, 252, 211,
-64, 172, 242, 188, 187, 52,
#APP: Ooh, I needed that app?m1(242, 54, 92, 10, 128)!
#APP: Ooh, I needed that app?m2(242, 54, 92)!
#APP: Come get some app!m3(242)!
-63, 33, 183, 172, 23, 229,
-51, 208, 143, 113, 226, 23, 35,
-50, 71, 152, 131, 224, 129,
-68, 112, 17, 187, 174, 242,
#CLI: Ooh, I needed that app?m3(242)!
#CLI: We meet again, Doctor Jones!
#CLI: Come get some app!m1(242, 54, 112, 137, 112)!
-47, 242, 188, 165, 100, 177,
-46, 137, 10, 155, 135, 54, 178, 144,
-54, 186, 225, 127, 61, 37,
-60, 150, 157, 196, 158, 91,
-49, 104, 186, 243, 175, 112,
-48, 207, 112, 8, 175, 157,
-58, 134, 254, 139, 5, 153,
#CLI: Come get some app!m2(242, 54, 112)!
-57, 112, 221, 54, 234, 167,
-53, 119, 227, 116, 57, 37, 236,
-45, 248, 211, 77, 54, 80, 126,
-44, 242, 25, 125, 107, 138,
-64, 166, 242, 148, 214, 27,
#APP: Ooh, I needed that app?m1(242, 54, 112, 137, 112)!
#APP: Ooh, I needed that app?m2(242, 54, 112)!
#APP: Come get some app!m3(242)!
-63, 115, 118, 17, 71, 66,
-51, 236, 242, 109, 0, 183, 95,
-50, 236, 178, 131, 34, 221,
-68, 73, 17, 187, 181, 242,
#CLI: Ooh, I needed that app?m3(242)!
#CLI: We meet again, Doctor Jones!
#CLI: Come get some app!m1(242, 54, 253, 226, 69)!
-47, 242, 3, 237, 94, 186,
-46, 226, 5, 42, 27, 54, 6, 33,
-54, 215, 147, 164, 92, 166,
-60, 1, 215, 48, 52, 156,
-49, 169, 201, 96, 154, 69,
-48, 199, 253, 224, 207, 87,
-58, 3, 117, 149, 201, 134,
#CLI: Come get some app!m2(242, 54, 253)!
-57, 253, 242, 237, 35, 39,
-53, 26, 53, 169, 34, 76, 102,
-45, 47, 106, 181, 54, 142, 173,
-44, 253, 246, 103, 237, 126,
-64, 226, 242, 209, 92, 10,
#APP: Ooh, I needed that app?m1(242, 54, 253, 226, 69)!
#APP: Ooh, I needed that app?m2(242, 54, 253)!
#APP: Come get some app!m3(242)!
-63, 1, 170, 86, 212, 241,
-51, 211, 86, 215, 206, 200, 174,
-50, 245, 109, 20, 190, 184,
-68, 179, 143, 18, 46, 242,
#CLI: Ooh, I needed that app?m3(242)!
#CLI: We meet again, Doctor Jones!
#CLI: Come get some app!m1(242, 54, 62, 213, 252)!
-47, 242, 252, 120, 83, 98,
-46, 213, 163, 186, 199, 54, 197, 92,
-54, 82, 124, 87, 36, 14,
-60, 217, 127, 73, 223, 188,
-49, 88, 12, 136, 158, 252,
-48, 82, 62, 136, 250, 61,
-58, 200, 238, 35, 17, 51,
#CLI: Come get some app!m2(242, 54, 62)!
-57, 62, 217, 152, 188, 222,
-53, 100, 185, 159, 72, 25, 215,
-45, 27, 201, 200, 54, 41, 73,
-44, 9, 68, 7, 120, 240,
-64, 194, 242, 57, 1, 101,
#APP: Ooh, I needed that app?m1(242, 54, 62, 213, 252)!
#APP: Ooh, I needed that app?m2(242, 54, 62)!
#APP: Come get some app!m3(242)!
-63, 52, 112, 125, 101, 8,
-51, 127, 194, 61, 51, 167, 14,
-50, 135, 134, 4, 206, 125,
-68, 74, 99, 165, 18, 242,
#CLI: Ooh, I needed that app?m3(242)!
#CLI: We meet again, Doctor Jones!
#CLI: Come get some app!m1(242, 54, 174, 99, 42)!
-47, 242, 194, 122, 179, 121,
-46, 99, 251, 233, 131, 54, 50, 120,
-54, 171, 100, 232, 249, 40,
-60, 82, 5, 48, 45, 153,
-49, 50, 145, 107, 32, 42,
-48, 137, 174, 56, 138, 183,
-58, 8, 226, 210, 217, 235,
#CLI: Come get some app!m2(242, 54, 174)!
-57, 174, 32, 47, 175, 233,
-53, 37, 99, 238, 121, 193, 3,
-45, 215, 212, 246, 54, 10, 59,
-44, 123, 183, 31, 136, 190,
-64, 151, 242, 199, 26, 89,
#APP: Ooh, I needed that app?m1(242, 54, 174, 99, 42)!
#APP: Ooh, I needed that app?m2(242, 54, 174)!
#APP: Come get some app!m3(242)!
-63, 237, 234, 167, 253, 224,
-51, 198, 90, 17, 98, 116, 205,
-50, 46, 194, 221, 198, 88,
-68, 64, 218, 66, 37, 242,
#CLI: Ooh, I needed that app?m3(242)!
#CLI: We meet again, Doctor Jones!
#CLI: Come get some app!m1(242, 54, 228, 28, 63)!
-47, 242, 204, 205, 231, 63,
-46, 28, 75, 194, 246, 54, 48, 247,
-54, 92, 55, 106, 152, 94,
-60, 0, 228, 176, 81, 209,
-49, 107, 212, 24, 165, 63,
-48, 248, 228, 134, 67, 91,
-58, 68, 233, 201, 227, 162,
#CLI: Come get some app!m2(242, 54, 228)!
-57, 228, 24, 30, 237, 75,
-53, 152, 50, 232, 222, 77, 39,
-45, 28, 50, 48, 54, 40, 159,
-44, 39, 27, 18, 11, 111,
-64, 31, 242, 37, 207, 237,
#APP: Ooh, I needed that app?m1(242, 54, 228, 28, 63)!
#APP: Ooh, I needed that app?m2(242, 54, 228)!
#APP: Come get some app!m3(242)!
-63, 33, 198, 14, 239, 185,
-51, 118, 154, 150, 119, 22, 91,
-50, 187, 201, 149, 164, 180,
-68, 244, 66, 76, 39, 242,
#CLI: Ooh, I needed that app?m3(242)!
#CLI: We meet again, Doctor Jones!
#CLI: Come get some app!m1(242, 54, 172, 88, 182)!
-47, 242, 90, 0, 29, 199,
-46, 88, 99, 68, 166, 54, 42, 8,
-54, 124, 83, 1, 6, 42,
-60, 50, 139, 108, 3, 89,
-49, 90, 205, 234, 20, 182,
-48, 33, 172, 135, 226, 159,
-58, 143, 77, 95, 239, 146,
#CLI: Come get some app!m2(242, 54, 172)!
-57, 172, 101, 168, 93, 95,
-53, 198, 251, 27, 213, 195, 127,
-45, 20, 17, 188, 54, 99, 110,
-44, 139, 136, 229, 133, 80,
-64, 66, 242, 186, 93, 146,
#APP: Ooh, I needed that app?m1(242, 54, 172, 88, 182)!
#APP: Ooh, I needed that app?m2(242, 54, 172)!
#APP: Come get some app!m3(242)!
-63, 69, 255, 211, 195, 131,
-51, 199, 206, 132, 170, 78, 98,
-50, 226, 235, 229, 38, 200,
-68, 126, 190, 88, 96, 242,
#CLI: Ooh, I needed that app?m3(242)!
#CLI: We meet again, Doctor Jones!
#CLI: Come get some app!m1(242, 54, 69, 14, 89)!
-47, 242, 187, 233, 69, 89,
-46, 14, 73, 95, 52, 54, 155, 221,
-54, 85, 13, 53, 7, 6,
-60, 109, 139, 80, 230, 84,
-49, 204, 2, 124, 49, 89,
-48, 75, 69, 137, 147, 197,
-58, 83, 158, 79, 222, 8,
#CLI: Come get some app!m2(242, 54, 69)!
-57, 69, 194, 128, 217, 185,
-53, 78, 252, 103, 18, 108, 156,
-45, 211, 243, 35, 54, 25, 155,
-44, 59, 111, 151, 187, 227,
-64, 225, 242, 135, 106, 114,
#APP: Ooh, I needed that app?m1(242, 54, 69, 14, 89)!
#APP: Ooh, I needed that app?m2(242, 54, 69)!
#APP: Come get some app!m3(242)!
-63, 237, 130, 106, 132, 234,
-51, 253, 172, 192, 222, 164, 141,
-50, 232, 249, 110, 93, 137,
-68, 62, 127, 99, 168, 242,
#CLI: Ooh, I needed that app?m3(242)!
#CLI: We meet again, Doctor Jones!
#CLI: Come get some app!m1(242, 54, 62, 45, 96)!
-47, 242, 145, 158, 148, 99,
-46, 45, 124, 25, 63, 54, 49, 197,
-54, 161, 36, 50, 124, 189,
-60, 215, 146, 14, 116, 97,
-49, 83, 39, 136, 187, 96,
-48, 227, 62, 4, 155, 21,
-58, 69, 105, 15, 233, 154,
#CLI: Come get some app!m2(242, 54, 62)!
-57, 62, 133, 134, 172, 238,
-53, 19, 151, 73, 90, 252, 175,
-45, 26, 72, 134, 54, 171, 239,
-44, 25, 79, 1, 43, 23,
-64, 61, 242, 34, 226, 65,
#APP: Ooh, I needed that app?m1(242, 54, 62, 45, 96)!
#APP: Ooh, I needed that app?m2(242, 54, 62)!
#APP: Come get some app!m3(242)!
-63, 112, 201, 53, 110, 233,
-51, 205, 168, 42, 160, 134, 59,
-50, 201, 62, 104, 57, 48,
-68, 146, 186, 75, 101, 242,
#CLI: Ooh, I needed that app?m3(242)!
#CLI: We meet again, Doctor Jones!
#CLI: Come get some app!m1(242, 54, 48, 255, 99)!
-47, 242, 11, 239, 46, 26,
-46, 255, 59, 107, 243, 54, 7, 135,
-54, 53, 101, 97, 238, 206,
-60, 162, 169, 123, 108, 189,
-49, 82, 217, 228, 204, 99,
-48, 17, 48, 53, 233, 151,
-58, 93, 65, 43, 3, 140,
#CLI: Come get some app!m2(242, 54, 48)!
-57, 48, 241, 171, 76, 31,
-53, 81, 242, 158, 151, 63, 14,
-45, 38, 12, 21, 54, 210, 27,
-44, 38, 119, 95, 13, 134,
-64, 200, 242, 119, 175, 221,
#APP: Ooh, I needed that app?m1(242, 54, 48, 255, 99)!
#APP: Ooh, I needed that app?m2(242, 54, 48)!
#APP: Come get some app!m3(242)!
-63, 192, 81, 242, 184, 221,
-51, 204, 209, 216, 128, 199, 7,
-50, 75, 69, 136, 25, 116,
-68, 246, 33, 10, 167, 242,
#CLI: Ooh, I needed that app?m3(242)!
#CLI: We meet again, Doctor Jones!
#CLI: Come get some app!m1(242, 54, 254, 106, 186)!
-47, 242, 104, 36, 248, 56,
-46, 106, 26, 37, 215, 54, 108, 24,
-54, 176, 7, 191, 255, 227,
-60, 8, 47, 152, 244, 132,
-49, 110, 116, 210, 119, 186,
-48, 147, 254, 95, 248, 142,
-58, 171, 40, 60, 96, 111,
#CLI: Come get some app!m2(242, 54, 254)!
-57, 254, 110, 53, 147, 233,
-53, 200, 92, 91, 219, 107, 210,
-45, 131, 232, 156, 54, 79, 126,
-44, 87, 248, 61, 205, 214,
-64, 244, 242, 13, 43, 100,
#APP: Ooh, I needed that app?m1(242, 54, 254, 106, 186)!
#APP: Ooh, I needed that app?m2(242, 54, 254)!
#APP: Come get some app!m3(242)!
-63, 212, 250, 207, 54, 24,
-51, 85, 156, 202, 107, 21, 247,
-50, 207, 168, 170, 108, 190,
-68, 137, 189, 134, 121, 242,
#CLI: Ooh, I needed that app?m3(242)!
#CLI: We meet again, Doctor Jones!
#CLI: Come get some app!m1(242, 54, 150, 169, 247)!
-47, 242, 193, 103, 82, 196,
-46, 169, 98, 233, 37, 54, 241, 77,
-54, 134, 219, 170, 87, 203,
-60, 19, 35, 241, 17, 83,
-49, 9, 187, 215, 194, 247,
-48, 179, 150, 196, 55, 14,
-58, 132, 231, 246, 172, 233,
#CLI: Come get some app!m2(242, 54, 150)!
-57, 150, 163, 159, 187, 28,
-53, 11, 113, 186, 219, 122, 46,
-45, 76, 77, 232, 54, 169, 248,
-44, 58, 135, 113, 0, 146,
-64, 194, 242, 165, 242, 94,
#APP: Ooh, I needed that app?m1(242, 54, 150, 169, 247)!
#APP: Ooh, I needed that app?m2(242, 54, 150)!
#APP: Come get some app!m3(242)!
-63, 216, 134, 94, 37, 62,
-51, 245, 122, 254, 170, 47, 43,
-50, 141, 8, 13, 55, 120,
-68, 125, 231, 72, 223, 242,
#CLI: Ooh, I needed that app?m3(242)!
#CLI: We meet again, Doctor Jones!
#CLI: Come get some app!m1(242, 54, 129, 129, 109)!
-47, 242, 20, 184, 97, 220,
-46, 129, 147, 163, 123, 54, 56, 129,
-54, 138, 112, 18, 249, 67,
-60, 120, 24, 208, 15, 94,
-49, 115, 32, 46, 193, 109,
-48, 243, 129, 34, 92, 175,
-58, 111, 39, 52, 174, 245,
#CLI: Come get some app!m2(242, 54, 129)!
-57, 129, 6, 40, 45, 226,
-53, 237, 51, 141, 232, 124, 188,
-45, 253, 202, 189, 54, 153, 198,
-44, 144, 250, 83, 146, 165,
-64, 100, 242, 128, 150, 3,
#APP: Ooh, I needed that app?m1(242, 54, 129, 129, 109)!
#APP: Ooh, I needed that app?m2(242, 54, 129)!
#APP: Come get some app!m3(242)!
-63, 101, 207, 148, 47, 158,
-51, 204, 57, 102, 47, 246, 208,
-50, 69, 155, 196, 53, 168,
-68, 106, 121, 95, 3, 242,
#CLI: Ooh, I needed that app?m3(242)!
#CLI: We meet again, Doctor Jones!
#CLI: Come get some app!m1(242, 54, 8, 241, 250)!
-47, 242, 216, 243, 66, 48,
-46, 241, 119, 48, 154, 54, 17, 28,
-54, 169, 224, 22, 59, 66,
-60, 15, 112, 140, 207, 208,
-49, 88, 14, 70, 99, 250,
-48, 248, 8, 182, 68, 127,
-58, 49, 226, 49, 30, 37,
#CLI: Come get some app!m2(242, 54, 8)!
-57, 8, 177, 216, 64, 235,
-53, 109, 150, 28, 134, 29, 217,
-45, 101, 105, 185, 54, 127, 102,
-44, 158, 224, 200, 102, 220,
-64, 182, 242, 122, 123, 187,
#APP: Ooh, I needed that app?m1(242, 54, 8, 241, 250)!
#APP: Ooh, I needed that app?m2(242, 54, 8)!
#APP: Come get some app!m3(242)!
-63, 18, 10, 53, 182, 209,
-51, 77, 36, 225, 126, 188, 234,
-50, 100, 255, 195, 55, 31,
-68, 98, 149, 39, 79, 242,
#CLI: Ooh, I needed that app?m3(242)!
#CLI: We meet again, Doctor Jones!
#CLI: Come get some app!m1(242, 54, 213, 25, 40)!
-47, 242, 158, 21, 203, 147,
-46, 25, 22, 105, 207, 54, 145, 254,
-54, 67, 10, 92, 46, 253,
-60, 118, 144, 99, 4, 46,
-49, 8, 207, 101, 132, 40,
-48, 212, 213, 14, 98, 109,
-58, 115, 58, 140, 226, 37,
#CLI: Come get some app!m2(242, 54, 213)!
-57, 213, 1, 38, 140, 245,
-53, 183, 80, 61, 151, 243, 78,
-45, 146, 131, 138, 54, 44, 203,
-44, 87, 214, 153, 83, 50,
-64, 76, 242, 47, 163, 229,
#APP: Ooh, I needed that app?m1(242, 54, 213, 25, 40)!
#APP: Ooh, I needed that app?m2(242, 54, 213)!
#APP: Come get some app!m3(242)!
-63, 239, 199, 81, 34, 206,
-51, 92, 31, 189, 27, 158, 61,
-50, 157, 77, 48, 191, 97,
-68, 181, 222, 50, 48, 242,
#CLI: Ooh, I needed that app?m3(242)!
#CLI: We meet again, Doctor Jones!
#CLI: Come get some app!m1(242, 54, 205, 23, 225)!
-47, 242, 250, 103, 123, 149,
-46, 23, 44, 74, 161, 54, 64, 228,
-54, 61, 27, 25, 158, 83,
-60, 96, 225, 226, 4, 39,
-49, 117, 147, 145, 214, 225,
-48, 47, 205, 178, 152, 61,
-58, 64, 113, 157, 250, 253,
#CLI: Come get some app!m2(242, 54, 205)!
-57, 205, 103, 56, 170, 91,
-53, 26, 173, 218, 104, 62, 250,
-45, 207, 8, 67, 54, 233, 225,
-44, 41, 131, 230, 181, 147,
-64, 65, 242, 148, 178, 84,
#APP: Ooh, I needed that app?m1(242, 54, 205, 23, 225)!
#APP: Ooh, I needed that app?m2(242, 54, 205)!
#APP: Come get some app!m3(242)!
-63, 13, 42, 186, 152, 12,
-51, 144, 145, 73, 11, 229, 74,
-50, 184, 39, 156, 66, 46,
-68, 214, 20, 25, 162, 242,
#CLI: Ooh, I needed that app?m3(242)!
#CLI: We meet again, Doctor Jones!
#CLI: Come get some app!m1(242, 54, 225, 125, 205)!
-47, 242, 215, 93, 154, 202,
-46, 125, 238, 166, 202, 54, 0, 4,
-54, 152, 120, 19, 219, 58,
-60, 240, 109, 78, 244, 45,
-49, 58, 87, 166, 153, 205,
-48, 100, 225, 1, 110, 67,
-58, 221, 219, 189, 146, 136,
#CLI: Come get some app!m2(242, 54, 225)!
-57, 225, 96, 244, 38, 89,
-53, 206, 134, 192, 27, 187, 96,
-45, 149, 49, 171, 54, 119, 112,
-44, 70, 45, 118, 106, 169,
-64, 155, 242, 45, 190, 124,
#APP: Ooh, I needed that app?m1(242, 54, 225, 125, 205)!
#APP: Ooh, I needed that app?m2(242, 54, 225)!
#APP: Come get some app!m3(242)!
-63, 206, 138, 138, 155, 11,
-51, 216, 0, 252, 73, 142, 254,
-50, 97, 118, 103, 58, 218,
-68, 75, 162, 190, 119, 242,
#CLI: Ooh, I needed that app?m3(242)!
#CLI: We meet again, Doctor Jones!
#CLI: Come get some app!m1(242, 54, 53, 37, 250)!
-47, 242, 51, 47, 54, 130,
-46, 37, 202, 176, 23, 54, 248, 180,
-54, 189, 198, 30, 51, 155,
-60, 59, 211, 194, 60, 187,
-49, 65, 166, 107, 192, 250,
-48, 130, 53, 62, 230, 49,
-58, 8, 29, 39, 41, 1,
#CLI: Come get some app!m2(242, 54, 53)!
-57, 53, 100, 161, 251, 12,
-53, 179, 0, 42, 198, 56, 206,
-45, 132, 150, 185, 54, 159, 215,
-44, 100, 246, 80, 243, 172,
-64, 24, 242, 89, 42, 153,
#APP: Ooh, I needed that app?m1(242, 54, 53, 37, 250)!
#APP: Ooh, I needed that app?m2(242, 54, 53)!
#APP: Come get some app!m3(242)!
-63, 35, 168, 93, 243, 10,
-51, 139, 98, 130, 61, 252, 251,
-50, 187, 211, 89, 138, 196,
-68, 148, 84, 142, 53, 242,
#CLI: Ooh, I needed that app?m3(242)!
#CLI: We meet again, Doctor Jones!
#CLI: Come get some app!m1(242, 54, 89, 191, 56)!
-47, 242, 35, 154, 8, 184,
-46, 191, 95, 140, 223, 54, 41, 29,
-54, 62, 100, 248, 32, 122,
-60, 186, 166, 231, 88, 111,
-49, 56, 37, 5, 251, 56,
-48, 117, 89, 203, 58, 226,
-58, 36, 228, 176, 210, 174,
#CLI: Come get some app!m2(242, 54, 89)!
-57, 89, 112, 34, 118, 237,
-53, 237, 124, 213, 72, 112, 160,
-45, 157, 14, 225, 54, 42, 153,
-44, 6, 250, 235, 254, 42,
-64, 4, 242, 122, 79, 212,
#APP: Ooh, I needed that app?m1(242, 54, 89, 191, 56)!
#APP: Ooh, I needed that app?m2(242, 54, 89)!
#APP: Come get some app!m3(242)!
-63, 192, 156, 255, 68, 27,
-51, 78, 207, 10, 135, 22, 234,
-50, 14, 175, 8, 25, 65,
-68, 14, 240, 54, 124, 242,
#CLI: Ooh, I needed that app?m3(242)!
#CLI: We meet again, Doctor Jones!
#CLI: Come get some app!m1(242, 54, 209, 223, 20)!
-47, 242, 85, 172, 152, 157,
-46, 223, 227, 244, 110, 54, 112, 63,
-54, 109, 46, 29, 62, 100,
-60, 235, 152, 201, 105, 104,
-49, 109, 105, 194, 68, 20,
-48, 246, 209, 55, 155, 110,
-58, 215, 247, 2, 143, 186,
#CLI: Come get some app!m2(242, 54, 209)!
-57, 209, 89, 52, 100, 20,
-53, 114, 211, 236, 136, 115, 168,
-45, 182, 76, 245, 54, 35, 175,
-44, 135, 181, 11, 117, 232,
-64, 221, 242, 16, 168, 157,
#APP: Ooh, I needed that app?m1(242, 54, 209, 223, 20)!
#APP: Ooh, I needed that app?m2(242, 54, 209)!
#APP: Come get some app!m3(242)!
-63, 145, 96, 142, 10, 204,
-51, 39, 203, 183, 14, 134, 113,
-50, 144, 242, 63, 131, 119,
-68, 5, 236, 18, 160, 242,
#CLI: Ooh, I needed that app?m3(242)!
#CLI: We meet again, Doctor Jones!
#CLI: Come get some app!m1(242, 54, 112, 203, 20)!
-47, 242, 28, 117, 10, 248,
-46, 203, 154, 148, 28, 54, 114, 187,
-54, 254, 255, 197, 218, 133,
-60, 252, 176, 52, 240, 211,
-49, 44, 157, 82, 199, 20,
-48, 17, 112, 31, 190, 244,
-58, 188, 167, 179, 84, 221,
#CLI: Come get some app!m2(242, 54, 112)!
-57, 112, 179, 140, 244, 152,
-53, 152, 48, 40, 129, 125, 145,
-45, 103, 232, 185, 54, 162, 207,
-44, 86, 222, 198, 58, 145,
-64, 30, 242, 246, 70, 108,
#APP: Ooh, I needed that app?m1(242, 54, 112, 203, 20)!
#APP: Ooh, I needed that app?m2(242, 54, 112)!
#APP: Come get some app!m3(242)!
-63, 155, 130, 16, 6, 114,
-51, 249, 245, 106, 154, 80, 65,
-50, 95, 25, 100, 57, 93,
-68, 222, 23, 49, 189, 242,
#CLI: Ooh, I needed that app?m3(242)!
#CLI: We meet again, Doctor Jones!
#CLI: Come get some app!m1(242, 54, 137, 75, 69)!
-47, 242, 5, 127, 72, 122,
-46, 75, 88, 20, 206, 54, 127, 74,
-54, 200, 96, 218, 241, 19,
-60, 98, 76, 142, 2, 215,
-49, 195, 99, 137, 20, 69,
-48, 100, 137, 20, 20, 200,
-58, 248, 161, 79, 161, 45,
#CLI: Come get some app!m2(242, 54, 137)!
-57, 137, 51, 192, 64, 253,
-53, 86, 22, 97, 129, 68, 40,
-45, 174, 134, 7, 54, 172, 131,
-44, 73, 129, 189, 2, 200,
-64, 140, 242, 33, 131, 77,
#APP: Ooh, I needed that app?m1(242, 54, 137, 75, 69)!
#APP: Ooh, I needed that app?m2(242, 54, 137)!
#APP: Come get some app!m3(242)!
-63, 136, 1, 251, 1, 150,
-51, 58, 36, 16, 77, 156, 211,
-50, 77, 168, 61, 140, 168,
-68, 39, 214, 79, 217, 242,
#CLI: Ooh, I needed that app?m3(242)!
#CLI: We meet again, Doctor Jones!
#CLI: Come get some app!m1(242, 54, 131, 156, 24)!
-47, 242, 201, 65, 129, 165,
-46, 156, 11, 85, 131, 54, 152, 197,
-54, 74, 222, 25, 20, 71,
-60, 23, 127, 216, 206, 227,
-49, 108, 163, 171, 166, 24,
-48, 249, 131, 166, 183, 246,
-58, 254, 174, 60, 95, 174,
#CLI: Come get some app!m2(242, 54, 131)!
-57, 131, 94, 24, 134, 163,
-53, 88, 193, 32, 225, 3, 120,
-45, 159, 90, 32, 54, 118, 209,
-44, 130, 91, 85, 69, 214,
-64, 183, 242, 81, 72, 130,
#APP: Ooh, I needed that app?m1(242, 54, 131, 156, 24)!
#APP: Ooh, I needed that app?m2(242, 54, 131)!
#APP: Come get some app!m3(242)!
-63, 129, 175, 79, 105, 205,
-51, 226, 197, 163, 89, 20, 169,
-50, 209, 253, 225, 97, 129,
-68, 197, 215, 122, 254, 242,
#CLI: Ooh, I needed that app?m3(242)!
#CLI: We meet again, Doctor Jones!
#CLI: Come get some app!m1(242, 54, 82, 221, 241)!
-47, 242, 104, 253, 197, 61,
-46, 221, 197, 49, 241, 54, 166, 159,
-54, 143, 252, 157, 73, 158,
-60, 246, 165, 64, 3, 1,
-49, 216, 172, 188, 194, 241,
-48, 102, 82, 255, 141, 9,
-58, 149, 210, 141, 239, 171,
#CLI: Come get some app!m2(242, 54, 82)!
-57, 82, 106, 77, 13, 4,
-53, 186, 231, 175, 97, 216, 160,
-45, 50, 10, 109, 54, 134, 68,
-44, 32, 119, 94, 129, 241,
-64, 233, 242, 116, 133, 192,
#APP: Ooh, I needed that app?m1(242, 54, 82, 221, 241)!
#APP: Ooh, I needed that app?m2(242, 54, 82)!
#APP: Come get some app!m3(242)!
-63, 120, 202, 90, 44, 77,
-51, 162, 77, 30, 159, 209, 200,
-50, 122, 13, 54, 61, 162,
-68, 12, 78, 6, 120, 242,
#CLI: Ooh, I needed that app?m3(242)!
#CLI: We meet again, Doctor Jones!
#CLI: Come get some app!m1(242, 54, 51, 141, 85)!
-47, 242, 255, 229, 108, 187,
-46, 141, 206, 252, 190, 54, 81, 111,
-54, 209, 114, 87, 237, 75,
-60, 217, 27, 242, 238, 119,
-49, 45, 170, 239, 45, 85,
-48, 91, 51, 122, 187, 243,
-58, 109, 168, 140, 129, 186,
#CLI: Come get some app!m2(242, 54, 51)!
-57, 51, 129, 134, 109, 185,
-53, 27, 51, 93, 159, 203, 142,
-45, 160, 155, 15, 54, 198, 179,
-44, 36, 141, 25, 114, 52,
-64, 80, 242, 205, 35, 131,
#APP: Ooh, I needed that app?m1(242, 54, 51, 141, 85)!
#APP: Ooh, I needed that app?m2(242, 54, 51)!
#APP: Come get some app!m3(242)!
-63, 195, 107, 162, 189, 137,
-51, 141, 88, 120, 40, 248, 2,
-50, 233, 170, 248, 184, 42,
-68, 33, 117, 202, 4, 242,
#CLI: Ooh, I needed that app?m3(242)!
#CLI: We meet again, Doctor Jones!
#CLI: Come get some app!m1(242, 54, 107, 104, 147)!
-47, 242, 30, 77, 134, 111,
-46, 104, 164, 54, 79, 54, 23, 19,
-54, 47, 253, 36, 65, 27,
-60, 248, 43, 105, 176, 225,
-49, 248, 190, 136, 47, 147,
-48, 173, 107, 69, 61, 197,
-58, 130, 136, 181, 56, 217,
#CLI: Come get some app!m2(242, 54, 107)!
-57, 107, 153, 129, 137, 24,
-53, 208, 115, 158, 84, 38, 64,
-45, 147, 204, 30, 54, 4, 89,
-44, 56, 53, 194, 124, 238,
-64, 201, 242, 122, 182, 227,
#APP: Ooh, I needed that app?m1(242, 54, 107, 104, 147)!
#APP: Ooh, I needed that app?m2(242, 54, 107)!
#APP: Come get some app!m3(242)!
-63, 84, 161, 52, 123, 10,
-51, 59, 238, 108, 97, 212, 230,
-50, 75, 165, 189, 80, 124,
-68, 47, 238, 235, 33, 242,
#CLI: Ooh, I needed that app?m3(242)!
#CLI: We meet again, Doctor Jones!
#CLI: Come get some app!m1(242, 54, 1, 242, 6)!
-47, 242, 226, 224, 225, 59,
-46, 242, 216, 44, 113, 54, 69, 240,
-54, 235, 97, 97, 230, 230,
-60, 93, 42, 145, 69, 217,
-49, 168, 68, 232, 96, 6,
-48, 151, 1, 88, 145, 9,
-58, 238, 137, 132, 24, 38,
#CLI: Come get some app!m2(242, 54, 1)!
-57, 1, 28, 97, 24, 103,
-53, 62, 169, 212, 84, 121, 253,
-45, 48, 206, 85, 54, 200, 240,
-44, 45, 19, 124, 19, 93,
-64, 5, 242, 8, 40, 94,
#APP: Ooh, I needed that app?m1(242, 54, 1, 242, 6)!
#APP: Ooh, I needed that app?m2(242, 54, 1)!
#APP: Come get some app!m3(242)!
-63, 181, 199, 103, 58, 79,
-51, 192, 193, 112, 120, 127, 149,
-50, 144, 97, 14, 94, 172,
-68, 172, 68, 177, 79, 242,
#CLI: Ooh, I needed that app?m3(242)!
#CLI: We meet again, Doctor Jones!
#CLI: Come get some app!m1(242, 54, 49, 47, 49)!
-47, 242, 12, 179, 192, 220,
-46, 47, 163, 241, 206, 54, 209, 195,
-54, 112, 201, 246, 65, 151,
-60, 48, 158, 43, 251, 5,
-49, 147, 1, 142, 218, 49,
-48, 42, 49, 185, 224, 219,
-58, 154, 71, 40, 160, 47,
#CLI: Come get some app!m2(242, 54, 49)!
-57, 49, 95, 192, 90, 173,
-53, 86, 12, 28, 248, 151, 31,
-45, 184, 139, 130, 54, 45, 218,
-44, 234, 137, 128, 144, 59,
-64, 134, 242, 164, 114, 23,
#APP: Ooh, I needed that app?m1(242, 54, 49, 47, 49)!
#APP: Ooh, I needed that app?m2(242, 54, 49)!
#APP: Come get some app!m3(242)!
-63, 64, 173, 38, 202, 239,
-51, 80, 210, 45, 120, 40, 156,
-50, 84, 177, 202, 219, 187,
-68, 183, 118, 236, 206, 242,
#CLI: Ooh, I needed that app?m3(242)!
#CLI: We meet again, Doctor Jones!
#CLI: Come get some app!m1(242, 54, 58, 49, 41)!
-47, 242, 177, 154, 147, 78,
-46, 49, 130, 3, 159, 54, 87, 174,
-54, 17, 21, 173, 190, 58,
-60, 127, 154, 97, 173, 32,
-49, 167, 174, 48, 92, 41,
-48, 216, 58, 112, 135, 194,
-58, 115, 30, 20, 168, 79,
#CLI: Come get some app!m2(242, 54, 58)!
-57, 58, 12, 69, 100, 64,
-53, 222, 212, 119, 196, 119, 201,
-45, 193, 105, 72, 54, 95, 247,
-44, 2, 75, 3, 211, 46,
-64, 11, 242, 189, 155, 113,
#APP: Ooh, I needed that app?m1(242, 54, 58, 49, 41)!
#APP: Ooh, I needed that app?m2(242, 54, 58)!
#APP: Come get some app!m3(242)!
-63, 103, 208, 132, 254, 198,
-51, 22, 1, 136, 44, 15, 69,
-50, 145, 51, 116, 182, 126,
-68, 101, 46, 138, 221, 242,
#CLI: Ooh, I needed that app?m3(242)!
#CLI: We meet again, Doctor Jones!
#CLI: Come get some app!m1(242, 54, 62, 152, 248)!
-47, 242, 30, 225, 227, 226,
-46, 152, 249, 151, 190, 54, 253, 54,
-54, 112, 179, 126, 139, 62,
-60, 0, 49, 187, 78, 32,
-49, 108, 44, 103, 33, 248,
-48, 42, 62, 57, 173, 31,
-58, 23, 156, 125, 163, 18,
#CLI: Come get some app!m2(242, 54, 62)!
-57, 62, 170, 185, 206, 209,
-53, 205, 175, 22, 236, 187, 229,
-45, 2, 240, 9, 54, 187, 81,
-44, 140, 129, 102, 27, 68,
-64, 244, 242, 16, 159, 86,
#APP: Ooh, I needed that app?m1(242, 54, 62, 152, 248)!
#APP: Ooh, I needed that app?m2(242, 54, 62)!
#APP: Come get some app!m3(242)!
-63, 210, 51, 7, 121, 189,
-51, 40, 74, 226, 132, 112, 242,
-50, 75, 26, 216, 224, 235,
-68, 86, 248, 1, 69, 242,
#CLI: Ooh, I needed that app?m3(242)!
#CLI: We meet again, Doctor Jones!
#CLI: Come get some app!m1(242, 54, 189, 224, 189)!
-47, 242, 132, 29, 110, 159,
-46, 224, 221, 190, 204, 54, 99, 180,
-54, 84, 91, 159, 243, 215,
-60, 170, 148, 219, 46, 199,
-49, 80, 182, 200, 176, 189,
-48, 195, 189, 165, 174, 105,
-58, 19, 53, 193, 105, 97,
#CLI: Come get some app!m2(242, 54, 189)!
-57, 189, 255, 83, 248, 194,
-53, 169, 171, 45, 169, 85, 18,
-45, 140, 236, 43, 54, 118, 69,
-44, 184, 140, 73, 220, 2,
-64, 130, 242, 137, 104, 79,
#APP: Ooh, I needed that app?m1(242, 54, 189, 224, 189)!
#APP: Ooh, I needed that app?m2(242, 54, 189)!
#APP: Come get some app!m3(242)!
-63, 172, 21, 87, 99, 76,
-51, 153, 24, 135, 175, 11, 13,
-50, 75, 135, 35, 249, 27,
-68, 98, 75, 54, 233, 242,
#CLI: Ooh, I needed that app?m3(242)!
#CLI: We meet again, Doctor Jones!
#CLI: Come get some app!m1(242, 54, 177, 236, 231)!
-47, 242, 160, 81, 215, 134,
-46, 236, 52, 138, 47, 54, 146, 231,
-54, 154, 108, 107, 52, 232,
-60, 88, 84, 97, 241, 177,
-49, 125, 185, 223, 48, 231,
-48, 13, 177, 52, 246, 237,
-58, 4, 221, 231, 215, 23,
#CLI: Come get some app!m2(242, 54, 177)!
-57, 177, 64, 175, 91, 251,
-53, 8, 90, 252, 221, 226, 23,
-45, 107, 241, 231, 54, 15, 252,
-44, 37, 104, 69, 243, 18,
-64, 132, 242, 207, 224, 214,
#APP: Ooh, I needed that app?m1(242, 54, 177, 236, 231)!
#APP: Ooh, I needed that app?m2(242, 54, 177)!
#APP: Come get some app!m3(242)!
-63, 151, 127, 166, 161, 222,
-51, 145, 173, 213, 200, 161, 86,
-50, 201, 251, 201, 225, 217,
-68, 127, 80, 91, 112, 242,
#CLI: Ooh, I needed that app?m3(242)!
#CLI: We meet again, Doctor Jones!
#CLI: Come get some app!m1(242, 54, 251, 203, 64)!
-47, 242, 90, 64, 182, 114,
-46, 203, 134, 64, 217, 54, 164, 29,
-54, 15, 163, 54, 149, 239,
-60, 106, 237, 39, 58, 226,
-49, 173, 53, 24, 158, 64,
-48, 5, 251, 150, 134, 23,
-58, 203, 56, 12, 7, 121,
#CLI: Come get some app!m2(242, 54, 251)!
-57, 251, 0, 236, 6, 127,
-53, 229, 153, 116, 208, 236, 117,
-45, 98, 249, 184, 54, 193, 47,
-44, 254, 88, 152, 149, 102,
-64, 125, 242, 239, 241, 9,
#APP: Ooh, I needed that app?m1(242, 54, 251, 203, 64)!
#APP: Ooh, I needed that app?m2(242, 54, 251)!
#APP: Come get some app!m3(242)!
-63, 47, 59, 139, 174, 109,
-51, 54, 140, 122, 9, 123, 70,
-50, 243, 15, 210, 167, 240,
-68, 239, 158, 87, 149, 242,
#CLI: Ooh, I needed that app?m3(242)!
#CLI: We meet again, Doctor Jones!
#CLI: Come get some app!m1(242, 54, 27, 3, 160)!
-47, 242, 236, 62, 40, 45,
-46, 3, 20, 30, 208, 54, 150, 110,
-54, 86, 170, 110, 236, 224,
-60, 240, 155, 133, 214, 89,
-49, 65, 191, 88, 214, 160,
-48, 3, 27, 47, 37, 93,
-58, 205, 19, 5, 63, 187,
#CLI: Come get some app!m2(242, 54, 27)!
-57, 27, 213, 62, 241, 176,
-53, 49, 140, 242, 223, 226, 143,
-45, 129, 35, 76, 54, 90, 224,
-44, 146, 89, 91, 148, 191,
-64, 29, 242, 60, 204, 224,
#APP: Ooh, I needed that app?m1(242, 54, 27, 3, 160)!
#APP: Ooh, I needed that app?m2(242, 54, 27)!
#APP: Come get some app!m3(242)!
-63, 170, 255, 18, 80, 187,
-51, 160, 117, 85, 184, 167, 164,
-50, 70, 96, 36, 148, 40,
-68, 11, 237, 85, 231, 242,
#CLI: Ooh, I needed that app?m3(242)!
#CLI: We meet again, Doctor Jones!
#CLI: Come get some app!m1(242, 54, 189, 80, 31)!
-47, 242, 147, 254, 216, 34,
-46, 80, 229, 143, 109, 54, 70, 109,
-54, 22, 39, 75, 106, 232,
-60, 235, 158, 15, 76, 191,
-49, 2, 224, 22, 72, 31,
-48, 38, 189, 108, 61, 159,
-58, 112, 129, 94, 231, 140,
#CLI: Come get some app!m2(242, 54, 189)!
-57, 189, 235, 245, 48, 167,
-53, 0, 163, 230, 116, 103, 76,
-45, 190, 129, 161, 54, 135, 27,
-44, 216, 160, 139, 100, 38,
-64, 78, 242, 189, 118, 41,
#APP: Ooh, I needed that app?m1(242, 54, 189, 80, 31)!
#APP: Ooh, I needed that app?m2(242, 54, 189)!
#APP: Come get some app!m3(242)!
-63, 194, 220, 143, 13, 55,
-51, 67, 177, 180, 175, 125, 32,
-50, 4, 233, 187, 44, 52,
-68, 128, 150, 233, 2, 242,
#CLI: Ooh, I needed that app?m3(242)!
#CLI: We meet again, Doctor Jones!
#CLI: Come get some app!m1(242, 54, 0, 214, 11)!
-47, 242, 59, 24, 8, 108,
-46, 214, 135, 232, 115, 54, 95, 97,
-54, 202, 98, 173, 241, 95,
-60, 201, 142, 3, 222, 11,
-49, 43, 97, 103, 30, 11,
-48, 167, 0, 240, 137, 144,
-58, 130, 93, 185, 134, 245,
#CLI: Come get some app!m2(242, 54, 0)!
-57, 0, 234, 221, 60, 43,
-53, 131, 178, 250, 226, 68, 28,
-45, 81, 122, 16, 54, 13, 138,
-44, 186, 66, 221, 244, 7,
-64, 193, 242, 209, 63, 227,
#APP: Ooh, I needed that app?m1(242, 54, 0, 214, 11)!
#APP: Ooh, I needed that app?m2(242, 54, 0)!
#APP: Come get some app!m3(242)!
-63, 63, 67, 158, 249, 217,
-51, 9, 63, 218, 96, 36, 220,
-50, 204, 229, 51, 155, 44,
-68, 157, 168, 14, 199, 242,
#CLI: Ooh, I needed that app?m3(242)!
#CLI: We meet again, Doctor Jones!
#CLI: Come get some app!m1(242, 54, 113, 128, 61)!
-47, 242, 153, 126, 213, 233,
-46, 128, 57, 119, 191, 54, 67, 30,
-54, 47, 22, 113, 129, 1,
-60, 10, 1, 126, 171, 201,
-49, 132, 146, 60, 163, 61,
-48, 190, 113, 220, 140, 221,
-58, 11, 15, 202, 129, 59,
#CLI: Come get some app!m2(242, 54, 113)!
-57, 113, 45, 29, 99, 246,
-53, 30, 141, 33, 93, 6, 170,
-45, 102, 3, 203, 54, 158, 208,
-44, 233, 179, 140, 15, 251,
-64, 39, 242, 129, 131, 178,
#APP: Ooh, I needed that app?m1(242, 54, 113, 128, 61)!
#APP: Ooh, I needed that app?m2(242, 54, 113)!
#APP: Come get some app!m3(242)!
-63, 123, 26, 187, 226, 26,
-51, 91, 167, 127, 95, 70, 87,
-50, 57, 100, 181, 139, 233,
-68, 65, 206, 150, 120, 242,
#CLI: Ooh, I needed that app?m3(242)!
#CLI: We meet again, Doctor Jones!
#CLI: Come get some app!m1(242, 54, 244, 171, 210)!
-47, 242, 34, 183, 34, 233,
-46, 171, 81, 79, 91, 54, 240, 224,
-54, 76, 251, 25, 89, 247,
-60, 21, 236, 16, 46, 101,
-49, 97, 45, 27, 164, 210,
-48, 115, 244, 107, 87, 42,
-58, 23, 142, 86, 6, 95,
#CLI: Come get some app!m2(242, 54, 244)!
-57, 244, 222, 42, 109, 206,
-53, 86, 186, 125, 136, 146, 67,
-45, 231, 225, 15, 54, 54, 4,
-44, 81, 71, 106, 7, 176,
-64, 219, 242, 143, 66, 179,
#APP: Ooh, I needed that app?m1(242, 54, 244, 171, 210)!
#APP: Ooh, I needed that app?m2(242, 54, 244)!
#APP: Come get some app!m3(242)!
-63, 235, 106, 142, 42, 40,
-51, 13, 229, 112, 180, 150, 176,
-50, 15, 6, 150, 255, 28,
-68, 251, 237, 230, 242, 242,
#CLI: Ooh, I needed that app?m3(242)!
#CLI: We meet again, Doctor Jones!
#CLI: Come get some app!m1(242, 54, 11, 246, 191)!
-47, 242, 85, 140, 50, 92,
-46, 246, 103, 13, 232, 54, 70, 74,
-54, 27, 194, 207, 177, 163,
-60, 165, 178, 106, 36, 171,
-49, 62, 192, 77, 141, 191,
-48, 146, 11, 47, 30, 29,
-58, 97, 114, 209, 224, 197,
#CLI: Come get some app!m2(242, 54, 11)!
-57, 11, 214, 234, 233, 206,
-53, 104, 109, 188, 62, 198, 151,
-45, 62, 94, 70, 54, 151, 165,
-44, 108, 251, 136, 243, 221,
-64, 25, 242, 148, 58, 123,
#APP: Ooh, I needed that app?m1(242, 54, 11, 246, 191)!
#APP: Ooh, I needed that app?m2(242, 54, 11)!
#APP: Come get some app!m3(242)!
-63, 10, 18, 141, 13, 105,
-51, 86, 246, 229, 179, 212, 195,
-50, 105, 95, 33, 116, 170,
-68, 165, 44, 94, 29, 242,
#CLI: Ooh, I needed that app?m3(242)!
#CLI: We meet again, Doctor Jones!
#CLI: Come get some app!m1(242, 54, 247, 138, 241)!
-47, 242, 252, 71, 79, 164,
-46, 138, 182, 80, 139, 54, 70, 100,
-54, 31, 49, 211, 129, 186,
-60, 111, 184, 36, 219, 159,
-49, 114, 91, 202, 143, 241,
-48, 209, 247, 161, 111, 23,
-58, 23, 106, 187, 152, 45,
#CLI: Come get some app!m2(242, 54, 247)!
-57, 247, 174, 26, 154, 237,
-53, 81, 237, 59, 25, 68, 25,
-45, 4, 206, 185, 54, 26, 245,
-44, 141, 25, 108, 82, 45,
-64, 242, 242, 234, 34, 27,
#APP: Ooh, I needed that app?m1(242, 54, 247, 138, 241)!
#APP: Ooh, I needed that app?m2(242, 54, 247)!
#APP: Come get some app!m3(242)!
-63, 114, 227, 124, 10, 153,
-51, 14, 246, 229, 250, 226, 23,
-50, 22, 32, 185, 173, 136,
-68, 82, 240, 190, 96, 242,
#CLI: Ooh, I needed that app?m3(242)!
#CLI: We meet again, Doctor Jones!
#CLI: Come get some app!m1(242, 54, 87, 25, 2)!
-47, 242, 97, 148, 92, 18,
-46, 25, 43, 219, 214, 54, 9, 80,
-54, 86, 81, 248, 66, 55,
-60, 42, 215, 86, 141, 94,
-49, 172, 103, 240, 24, 2,
-48, 102, 87, 179, 103, 196,
-58, 46, 19, 17, 175, 74,
#CLI: Come get some app!m2(242, 54, 87)!
-57, 87, 12, 59, 51, 217,
-53, 219, 91, 3, 55, 2, 168,
-45, 74, 170, 253, 54, 178, 201,
-44, 107, 5, 205, 19, 112,
-64, 6, 242, 141, 69, 212,
#APP: Ooh, I needed that app?m1(242, 54, 87, 25, 2)!
#APP: Ooh, I needed that app?m2(242, 54, 87)!
#APP: Come get some app!m3(242)!
-63, 64, 13, 199, 186, 169,
-51, 15, 241, 47, 237, 41, 13,
-50, 37, 12, 213, 105, 173,
-68, 200, 206, 241, 237, 242,
#CLI: Ooh, I needed that app?m3(242)!
#CLI: We meet again, Doctor Jones!
#CLI: Come get some app!m1(242, 54, 88, 149, 22)!
-47, 242, 31, 195, 202, 213,
-46, 149, 115, 100, 64, 54, 159, 142,
-54, 30, 247, 16, 73, 98,
-60, 11, 209, 131, 55, 65,
-49, 128, 149, 108, 240, 22,
-48, 43, 88, 157, 141, 72,
-58, 52, 251, 182, 201, 210,
#CLI: Come get some app!m2(242, 54, 88)!
-57, 88, 242, 102, 113, 58,
-53, 176, 96, 233, 27, 30, 29,
-45, 167, 82, 112, 54, 195, 151,
-44, 91, 50, 249, 124, 38,
-64, 176, 242, 179, 123, 65,
#APP: Ooh, I needed that app?m1(242, 54, 88, 149, 22)!
#APP: Ooh, I needed that app?m2(242, 54, 88)!
#APP: Come get some app!m3(242)!
-63, 22, 252, 4, 99, 77,
-51, 234, 167, 91, 252, 255, 61,
-50, 231, 189, 252, 158, 104,
-68, 240, 89, 148, 143, 242,
#CLI: Ooh, I needed that app?m3(242)!
#CLI: We meet again, Doctor Jones!
#CLI: Come get some app!m1(242, 54, 38, 147, 5)!
-47, 242, 81, 41, 68, 210,
-46, 147, 50, 166, 114, 54, 18, 199,
-54, 220, 32, 52, 167, 171,
-60, 30, 182, 6, 144, 67,
-49, 39, 42, 146, 119, 5,
-48, 194, 38, 196, 5, 153,
-58, 77, 150, 129, 9, 131,
#CLI: Come get some app!m2(242, 54, 38)!
-57, 38, 48, 97, 99, 168,
-53, 65, 11, 147, 95, 144, 177,
-45, 62, 203, 235, 54, 27, 186,
-44, 76, 12, 176, 66, 218,
-64, 217, 242, 22, 98, 19,
#APP: Ooh, I needed that app?m1(242, 54, 38, 147, 5)!
#APP: Ooh, I needed that app?m2(242, 54, 38)!
#APP: Come get some app!m3(242)!
-63, 33, 211, 213, 241, 227,
-51, 128, 121, 239, 6, 26, 227,
-50, 11, 12, 145, 153, 112,
-68, 165, 154, 217, 60, 242,
#CLI: Ooh, I needed that app?m3(242)!
#CLI: We meet again, Doctor Jones!
#CLI: Come get some app!m1(242, 54, 63, 157, 154)!
-47, 242, 60, 25, 107, 186,
-46, 157, 126, 224, 228, 54, 25, 19,
-54, 240, 173, 206, 164, 35,
-60, 188, 64, 223, 212, 238,
-49, 225, 92, 105, 14, 154,
-48, 105, 63, 28, 90, 11,
-58, 196, 217, 140, 86, 170,
#CLI: Come get some app!m2(242, 54, 63)!
-57, 63, 3, 89, 101, 47,
-53, 11, 31, 42, 9, 98, 14,
-45, 244, 79, 49, 54, 57, 170,
-44, 230, 64, 252, 37, 28,
-64, 86, 242, 36, 201, 211,
#APP: Ooh, I needed that app?m1(242, 54, 63, 157, 154)!
#APP: Ooh, I needed that app?m2(242, 54, 63)!
#APP: Come get some app!m3(242)!
-63, 255, 85, 225, 17, 226,
-51, 29, 50, 152, 44, 221, 24,
-50, 0, 133, 23, 217, 3,
-68, 98, 150, 134, 52, 242,
#CLI: Ooh, I needed that app?m3(242)!
#CLI: We meet again, Doctor Jones!
#CLI: Come get some app!m1(242, 54, 59, 204, 66)!
-47, 242, 192, 232, 7, 157,
-46, 204, 158, 221, 67, 54, 8, 76,
-54, 219, 190, 67, 11, 49,
-60, 162, 198, 194, 162, 43,
-49, 205, 246, 134, 145, 66,
-48, 229, 59, 127, 174, 2,
-58, 164, 142, 94, 104, 57,
#CLI: Come get some app!m2(242, 54, 59)!
-57, 59, 119, 35, 244, 15,
-53, 179, 217, 13, 3, 242, 180,
-45, 90, 223, 104, 54, 62, 181,
-44, 115, 55, 229, 74, 84,
-64, 130, 242, 62, 176, 197,
#APP: Ooh, I needed that app?m1(242, 54, 59, 204, 66)!
#APP: Ooh, I needed that app?m2(242, 54, 59)!
#APP: Come get some app!m3(242)!
-63, 46, 232, 82, 179, 61,
-51, 107, 134, 126, 109, 17, 3,
-50, 176, 226, 184, 132, 34,
-68, 57, 77, 107, 111, 242,
#CLI: Ooh, I needed that app?m3(242)!
#CLI: We meet again, Doctor Jones!
#CLI: Come get some app!m1(242, 54, 228, 142, 137)!
-47, 242, 94, 92, 44, 173,
-46, 142, 156, 223, 225, 54, 179, 176,
-54, 208, 63, 43, 152, 33,
-60, 41, 63, 36, 100, 203,
-49, 255, 244, 168, 75, 137,
-48, 59, 228, 40, 217, 8,
-58, 39, 154, 69, 108, 95,
#CLI: Come get some app!m2(242, 54, 228)!
-57, 228, 73, 28, 150, 169,
-53, 113, 60, 5, 13, 126, 32,
-45, 116, 155, 70, 54, 114, 44,
-44, 211, 47, 118, 76, 121,
-64, 95, 242, 46, 233, 14,
#APP: Ooh, I needed that app?m1(242, 54, 228, 142, 137)!
#APP: Ooh, I needed that app?m2(242, 54, 228)!
#APP: Come get some app!m3(242)!
-63, 61, 243, 199, 183, 61,
-51, 73, 150, 20, 95, 207, 37,
-50, 40, 237, 33, 161, 69,
-68, 87, 11, 125, 203, 242,
#CLI: Ooh, I needed that app?m3(242)!
#CLI: We meet again, Doctor Jones!
#CLI: Come get some app!m1(242, 54, 164, 87, 116)!
-47, 242, 205, 192, 133, 133,
-46, 87, 198, 83, 177, 54, 249, 36,
-54, 2, 26, 154, 128, 215,
-60, 17, 240, 122, 32, 184,
-49, 165, 138, 57, 20, 116,
-48, 4, 164, 89, 231, 8,
-58, 25, 218, 162, 206, 71,
#CLI: Come get some app!m2(242, 54, 164)!
-57, 164, 232, 65, 11, 51,
-53, 51, 185, 193, 210, 36, 187,
-45, 110, 172, 217, 54, 70, 205,
-44, 5, 49, 56, 21, 3,
-64, 240, 242, 133, 133, 111,
#APP: Ooh, I needed that app?m1(242, 54, 164, 87, 116)!
#APP: Ooh, I needed that app?m2(242, 54, 164)!
#APP: Come get some app!m3(242)!
-63, 252, 177, 188, 36, 194,
-51, 224, 50, 24, 228, 1, 233,
-50, 46, 123, 216, 176, 124,
-68, 3, 53, 86, 4, 242,
#CLI: Ooh, I needed that app?m3(242)!
#CLI: We meet again, Doctor Jones!
#CLI: Come get some app!m1(242, 54, 150, 77, 16)!
-47, 242, 192, 122, 91, 21,
-46, 77, 157, 172, 141, 54, 151, 86,
-54, 229, 205, 93, 172, 36,
-60, 180, 169, 74, 209, 243,
-49, 186, 108, 111, 204, 16,
-48, 182, 150, 229, 29, 175,
-58, 183, 212, 232, 231, 61,
#CLI: Come get some app!m2(242, 54, 150)!
-57, 150, 167, 148, 27, 227,
-53, 252, 208, 89, 75, 255, 109,
-45, 105, 109, 113, 54, 202, 208,
-44, 74, 228, 0, 100, 221,
-64, 130, 242, 142, 106, 93,
#APP: Ooh, I needed that app?m1(242, 54, 150, 77, 16)!
#APP: Ooh, I needed that app?m2(242, 54, 150)!
#APP: Come get some app!m3(242)!
-63, 200, 111, 183, 238, 143,
-51, 136, 70, 197, 18, 11, 123,
-50, 203, 186, 233, 210, 69,
-68, 254, 200, 168, 166, 242,
#CLI: Ooh, I needed that app?m3(242)!
#CLI: We meet again, Doctor Jones!
#CLI: Come get some app!m1(242, 54, 240, 98, 52)!
-47, 242, 169, 9, 187, 174,
-46, 98, 138, 218, 96, 54, 253, 181,
-54, 183, 80, 151, 248, 137,
-60, 41, 50, 127, 178, 207,
-49, 168, 97, 201, 223, 52,
-48, 155, 240, 216, 87, 189,
-58, 85, 255, 141, 32, 177,
#CLI: Come get some app!m2(242, 54, 240)!
-57, 240, 247, 210, 201, 42,
-53, 4, 243, 159, 168, 181, 242,
-45, 90, 84, 45, 54, 88, 156,
-44, 134, 90, 187, 66, 0,
-64, 128, 242, 198, 110, 241,
#APP: Ooh, I needed that app?m1(242, 54, 240, 98, 52)!
#APP: Ooh, I needed that app?m2(242, 54, 240)!
#APP: Come get some app!m3(242)!
-63, 36, 159, 73, 254, 106,
-51, 244, 5, 97, 217, 78, 124,
-50, 221, 199, 222, 169, 43,
-68, 69, 148, 147, 152, 242,
#CLI: Ooh, I needed that app?m3(242)!
#CLI: We meet again, Doctor Jones!
#CLI: Come get some app!m1(242, 54, 133, 151, 234)!
-47, 242, 236, 229, 84, 207,
-46, 151, 162, 181, 110, 54, 160, 182,
-54, 238, 243, 218, 91, 189,
-60, 25, 51, 8, 245, 49,
-49, 51, 119, 209, 49, 234,
-48, 133, 133, 60, 161, 112,
-58, 57, 141, 39, 158, 153,
#CLI: Come get some app!m2(242, 54, 133)!
-57, 133, 211, 225, 118, 128,
-53, 118, 62, 137, 254, 1, 126,
-45, 139, 151, 131, 54, 185, 250,
-44, 41, 37, 222, 4, 73,
-64, 121, 242, 211, 93, 167,
#APP: Ooh, I needed that app?m1(242, 54, 133, 151, 234)!
#APP: Ooh, I needed that app?m2(242, 54, 133)!
#APP: Come get some app!m3(242)!
-63, 52, 179, 252, 79, 55,
-51, 111, 151, 230, 235, 133, 17,
-50, 92, 40, 245, 100, 168,
-68, 220, 193, 12, 101, 242,
#CLI: Ooh, I needed that app?m3(242)!
#CLI: We meet again, Doctor Jones!
#CLI: Come get some app!m1(242, 54, 14, 151, 28)!
-47, 242, 37, 252, 4, 50,
-46, 151, 54, 113, 147, 54, 149, 59,
-54, 211, 39, 245, 246, 141,
-60, 104, 132, 16, 11, 211,
-49, 46, 27, 97, 155, 28,
-48, 177, 14, 118, 152, 38,
-58, 12, 56, 113, 127, 230,
#CLI: Come get some app!m2(242, 54, 14)!
-57, 14, 188, 158, 205, 202,
-53, 113, 168, 225, 229, 213, 209,
-45, 108, 250, 99, 54, 95, 198,
-44, 55, 168, 250, 198, 141,
-64, 64, 242, 33, 126, 195,
#APP: Ooh, I needed that app?m1(242, 54, 14, 151, 28)!
#APP: Ooh, I needed that app?m2(242, 54, 14)!
#APP: Come get some app!m3(242)!
-63, 10, 152, 3, 221, 25,
-51, 74, 227, 26, 207, 43, 182,
-50, 127, 200, 96, 70, 12,
-68, 80, 186, 240, 241, 242,
#CLI: Ooh, I needed that app?m3(242)!
#CLI: We meet again, Doctor Jones!
#CLI: Come get some app!m1(242, 54, 37, 20, 60)!
-47, 242, 127, 111, 39, 248,
-46, 20, 142, 160, 145, 54, 207, 86,
-54, 150, 213, 147, 140, 151,
-60, 93, 217, 110, 137, 60,
-49, 15, 166, 4, 67, 60,
-48, 83, 37, 218, 229, 83,
-58, 224, 175, 94, 7, 228,
#CLI: Come get some app!m2(242, 54, 37)!
-57, 37, 88, 34, 183, 190,
-53, 143, 166, 48, 134, 105, 158,
-45, 221, 255, 247, 54, 166, 186,
-44, 38, 5, 15, 232, 215,
-64, 159, 242, 49, 180, 80,
#APP: Ooh, I needed that app?m1(242, 54, 37, 20, 60)!
#APP: Ooh, I needed that app?m2(242, 54, 37)!
#APP: Come get some app!m3(242)!
-63, 65, 108, 160, 48, 126,
-51, 64, 240, 188, 165, 20, 173,
-50, 68, 146, 234, 54, 67,
-68, 85, 35, 146, 23, 242,
#CLI: Ooh, I needed that app?m3(242)!
#CLI: We meet again, Doctor Jones!
#CLI: Come get some app!m1(242, 54, 158, 223, 24)!
-47, 242, 12, 95, 31, 253,
-46, 223, 169, 181, 181, 54, 175, 219,
-54, 144, 118, 215, 113, 172,
-60, 229, 144, 50, 156, 178,
-49, 231, 192, 50, 170, 24,
-48, 126, 158, 23, 28, 164,
-58, 11, 131, 99, 29, 84,
#CLI: Come get some app!m2(242, 54, 158)!
-57, 158, 103, 103, 101, 65,
-53, 219, 203, 204, 103, 76, 140,
-45, 14, 126, 169, 54, 225, 106,
-44, 255, 60, 72, 242, 239,
-64, 18, 242, 225, 178, 155,
#APP: Ooh, I needed that app?m1(242, 54, 158, 223, 24)!
#APP: Ooh, I needed that app?m2(242, 54, 158)!
#APP: Come get some app!m3(242)!
-63, 27, 4, 233, 95, 232,
-51, 137, 217, 136, 37, 82, 97,
-50, 25, 144, 186, 42, 78,
-68, 102, 196, 43, 99, 242,
#CLI: Ooh, I needed that app?m3(242)!
#CLI: We meet again, Doctor Jones!
#CLI: Come get some app!m1(242, 54, 253, 220, 197)!
-47, 242, 77, 144, 163, 16,
-46, 220, 253, 204, 27, 54, 141, 174,
-54, 16, 190, 136, 197, 10,
-60, 59, 210, 167, 99, 131,
-49, 54, 53, 122, 161, 197,
-48, 75, 253, 154, 0, 246,
-58, 5, 77, 73, 228, 31,
#CLI: Come get some app!m2(242, 54, 253)!
-57, 253, 42, 255, 210, 156,
-53, 51, 163, 225, 124, 225, 33,
-45, 186, 30, 141, 54, 85, 7,
-44, 84, 203, 244, 102, 54,
-64, 141, 242, 45, 59, 199,
#APP: Ooh, I needed that app?m1(242, 54, 253, 220, 197)!
#APP: Ooh, I needed that app?m2(242, 54, 253)!
#APP: Come get some app!m3(242)!
-63, 91, 212, 203, 89, 246,
-51, 5, 80, 58, 184, 170, 151,
-50, 139, 11, 111, 27, 39,
-68, 68, 105, 177, 38, 242,
#CLI: Ooh, I needed that app?m3(242)!
#CLI: We meet again, Doctor Jones!
#CLI: Come get some app!m1(242, 54, 172, 234, 126)!
-47, 242, 170, 191, 195, 216,
-46, 234, 43, 105, 51, 54, 239, 170,
-54, 197, 214, 104, 110, 109,
-60, 64, 247, 65, 142, 116,
-49, 204, 224, 177, 93, 126,
-48, 181, 172, 247, 134, 204,
-58, 78, 181, 49, 191, 201,
#CLI: Come get some app!m2(242, 54, 172)!
-57, 172, 220, 181, 226, 133,
-53, 251, 79, 129, 119, 85, 84,
-45, 224, 202, 100, 54, 114, 110,
-44, 177, 93, 59, 231, 183,
-64, 136, 242, 247, 219, 190,
#APP: Ooh, I needed that app?m1(242, 54, 172, 234, 126)!
#APP: Ooh, I needed that app?m2(242, 54, 172)!
#APP: Come get some app!m3(242)!
-63, 22, 69, 199, 93, 54,
-51, 171, 239, 208, 74, 192, 221,
-50, 105, 199, 118, 174, 248,
-68, 5, 199, 249, 92, 242,
#CLI: Ooh, I needed that app?m3(242)!
#CLI: We meet again, Doctor Jones!
#CLI: Come get some app!m1(242, 54, 6, 172, 220)!
-47, 242, 123, 17, 121, 253,
-46, 172, 139, 184, 151, 54, 190, 238,
-54, 142, 228, 128, 211, 228,
-60, 244, 148, 94, 250, 2,
-49, 50, 13, 151, 27, 220,
-48, 83, 6, 200, 144, 125,
-58, 146, 210, 124, 176, 79,
#CLI: Come get some app!m2(242, 54, 6)!
-57, 6, 196, 85, 71, 7,
-53, 253, 131, 116, 217, 67, 124,
-45, 99, 7, 224, 54, 206, 28,
-44, 178, 8, 182, 108, 62,
-64, 192, 242, 77, 119, 176,
#APP: Ooh, I needed that app?m1(242, 54, 6, 172, 220)!
#APP: Ooh, I needed that app?m2(242, 54, 6)!
#APP: Come get some app!m3(242)!
-63, 11, 25, 87, 251, 44,
-51, 241, 185, 13, 180, 105, 161,
-50, 139, 18, 110, 7, 187,
-68, 168, 90, 204, 11, 242,
#CLI: Ooh, I needed that app?m3(242)!
#CLI: We meet again, Doctor Jones!
#CLI: Come get some app!m1(242, 54, 148, 5, 111)!
-47, 242, 71, 93, 105, 167,
-46, 5, 126, 35, 220, 54, 131, 96,
-54, 29, 105, 64, 191, 162,
-60, 213, 11, 180, 47, 30,
-49, 57, 45, 250, 171, 111,
-48, 33, 148, 190, 204, 145,
-58, 1, 125, 240, 140, 52,
#CLI: Come get some app!m2(242, 54, 148)!
-57, 148, 90, 146, 138, 194,
-53, 138, 193, 189, 6, 191, 252,
-45, 154, 110, 3, 54, 236, 75,
-44, 126, 99, 229, 192, 87,
-64, 127, 242, 16, 221, 67,
#APP: Ooh, I needed that app?m1(242, 54, 148, 5, 111)!
#APP: Ooh, I needed that app?m2(242, 54, 148)!
#APP: Come get some app!m3(242)!
-63, 172, 210, 231, 78, 91,
-51, 118, 166, 72, 228, 92, 178,
-50, 116, 169, 229, 52, 23,
-68, 163, 232, 40, 63, 242,
#CLI: Ooh, I needed that app?m3(242)!
#CLI: We meet again, Doctor Jones!
#CLI: Come get some app!m1(242, 54, 117, 73, 115)!
-47, 242, 92, 18, 10, 162,
-46, 73, 139, 60, 12, 54, 130, 151,
-54, 242, 242, 34, 127, 232,
-60, 62, 28, 195, 98, 121,
-49, 175, 248, 27, 156, 115,
-48, 156, 117, 179, 212, 87,
-58, 26, 3, 91, 244, 49,
#CLI: Come get some app!m2(242, 54, 117)!
-57, 117, 236, 24, 163, 135,
-53, 220, 135, 10, 219, 82, 111,
-45, 251, 194, 43, 54, 111, 193,
-44, 244, 102, 213, 131, 218,
-64, 214, 242, 179, 60, 203,
#APP: Ooh, I needed that app?m1(242, 54, 117, 73, 115)!
#APP: Ooh, I needed that app?m2(242, 54, 117)!
#APP: Come get some app!m3(242)!
-63, 134, 207, 126, 246, 235,
-51, 157, 173, 114, 14, 167, 5,
-50, 85, 62, 8, 38, 162,
-68, 14, 105, 84, 41, 242,
#CLI: Ooh, I needed that app?m3(242)!
#CLI: We meet again, Doctor Jones!
#CLI: Come get some app!m1(242, 54, 170, 57, 109)!
-47, 242, 200, 241, 13, 172,
-46, 57, 158, 242, 70, 54, 48, 109,
-54, 172, 130, 11, 44, 234,
-60, 239, 61, 126, 218, 34,
-49, 113, 68, 89, 191, 109,
-48, 255, 170, 30, 8, 238,
-58, 46, 148, 178, 83, 137,
#CLI: Come get some app!m2(242, 54, 170)!
-57, 170, 29, 246, 192, 109,
-53, 33, 160, 72, 5, 72, 93,
-45, 75, 25, 226, 54, 97, 58,
-44, 68, 111, 246, 155, 20,
-64, 189, 242, 141, 10, 31,
#APP: Ooh, I needed that app?m1(242, 54, 170, 57, 109)!
#APP: Ooh, I needed that app?m2(242, 54, 170)!
#APP: Come get some app!m3(242)!
-63, 227, 136, 50, 194, 220,
-51, 228, 57, 160, 129, 4, 224,
-50, 131, 193, 188, 49, 137,
-68, 70, 195, 8, 244, 242,
#CLI: Ooh, I needed that app?m3(242)!
#CLI: We meet again, Doctor Jones!
#CLI: Come get some app!m1(242, 54, 64, 158, 110)!
-47, 242, 194, 68, 22, 17,
-46, 158, 233, 60, 56, 54, 17, 152,
-54, 76, 247, 166, 200, 239,
-60, 48, 16, 131, 176, 211,
-49, 187, 0, 50, 2, 110,
-48, 218, 64, 72, 201, 51,
-58, 2, 155, 243, 161, 90,
#CLI: Come get some app!m2(242, 54, 64)!
-57, 64, 90, 200, 19, 250,
-53, 66, 215, 51, 127, 223, 181,
-45, 1, 128, 192, 54, 92, 42,
-44, 153, 252, 112, 196, 149,
-64, 17, 242, 216, 92, 81,
#APP: Ooh, I needed that app?m1(242, 54, 64, 158, 110)!
#APP: Ooh, I needed that app?m2(242, 54, 64)!
#APP: Come get some app!m3(242)!
-63, 124, 87, 190, 220, 215,
-51, 226, 153, 205, 108, 76, 8,
-50, 204, 87, 203, 76, 50,
-68, 220, 15, 125, 106, 242,
#CLI: Ooh, I needed that app?m3(242)!
#CLI: We meet again, Doctor Jones!
#CLI: Come get some app!m1(242, 54, 129, 251, 140)!
-47, 242, 247, 26, 161, 33,
-46, 251, 123, 123, 206, 54, 175, 72,
-54, 109, 176, 118, 104, 33,
-60, 138, 186, 213, 197, 140,
-49, 61, 31, 228, 0, 140,
-48, 193, 129, 112, 184, 46,
-58, 137, 107, 83, 22, 203,
#CLI: Come get some app!m2(242, 54, 129)!
-57, 129, 143, 95, 71, 97,
-53, 17, 244, 13, 155, 252, 130,
-45, 141, 130, 43, 54, 212, 72,
-44, 141, 149, 233, 67, 98,
-64, 118, 242, 36, 12, 158,
#APP: Ooh, I needed that app?m1(242, 54, 129, 251, 140)!
#APP: Ooh, I needed that app?m2(242, 54, 129)!
#APP: Come get some app!m3(242)!
-63, 192, 171, 180, 63, 145,
-51, 228, 252, 204, 148, 238, 45,
-50, 79, 151, 252, 12, 225,
-68, 156, 227, 131, 175, 242,
#CLI: Ooh, I needed that app?m3(242)!
#CLI: We meet again, Doctor Jones!
#CLI: Come get some app!m1(242, 54, 72, 33, 7)!
-47, 242, 2, 101, 106, 34,
-46, 33, 163, 67, 229, 54, 62, 214,
-54, 226, 45, 215, 231, 132,
-60, 39, 145, 56, 203, 14,
-49, 239, 59, 107, 14, 7,
-48, 214, 72, 159, 167, 183,
-58, 176, 238, 106, 61, 226,
#CLI: Come get some app!m2(242, 54, 72)!
-57, 72, 110, 244, 119, 206,
-53, 45, 57, 178, 109, 119, 70,
-45, 216, 136, 6, 54, 118, 172,
-44, 92, 47, 230, 110, 15,
-64, 44, 242, 105, 170, 226,
#APP: Ooh, I needed that app?m1(242, 54, 72, 33, 7)!
#APP: Ooh, I needed that app?m2(242, 54, 72)!
#APP: Come get some app!m3(242)!
-63, 11, 198, 190, 166, 174,
-51, 186, 51, 88, 144, 161, 55,
-50, 91, 38, 42, 225, 90,
-68, 204, 4, 96, 149, 242,
#CLI: Ooh, I needed that app?m3(242)!
#CLI: We meet again, Doctor Jones!
#CLI: Come get some app!m1(242, 54, 29, 77, 158)!
-47, 242, 47, 38, 119, 214,
-46, 77, 16, 248, 17, 54, 210, 27,
-54, 203, 91, 130, 202, 212,
-60, 207, 175, 80, 211, 203,
-49, 115, 125, 146, 131, 158,
-48, 49, 29, 107, 203, 159,
-58, 121, 251, 63, 215, 99,
#CLI: Come get some app!m2(242, 54, 29)!
-57, 29, 41, 128, 211, 68,
-53, 100, 202, 251, 57, 242, 232,
-45, 142, 202, 202, 54, 46, 254,
-44, 115, 157, 122, 226, 223,
-64, 122, 242, 203, 105, 109,
#APP: Ooh, I needed that app?m1(242, 54, 29, 77, 158)!
#APP: Ooh, I needed that app?m2(242, 54, 29)!
#APP: Come get some app!m3(242)!
-63, 55, 11, 1, 127, 122,
-51, 203, 179, 82, 39, 140, 232,
-50, 228, 65, 125, 106, 130,
-68, 56, 90, 92, 96, 242,
#CLI: Ooh, I needed that app?m3(242)!
#CLI: We meet again, Doctor Jones!
#CLI: Come get some app!m1(242, 54, 17, 95, 108)!
-47, 242, 51, 13, 232, 164,
-46, 95, 53, 199, 108, 54, 154, 23,
-54, 14, 1, 131, 255, 99,
-60, 178, 159, 34, 180, 215,
-49, 90, 141, 185, 154, 108,
-48, 63, 17, 226, 170, 142,
-58, 48, 47, 221, 230, 203,
#CLI: Come get some app!m2(242, 54, 17)!
-57, 17, 66, 245, 184, 211,
-53, 61, 28, 127, 11, 235, 160,
-45, 105, 224, 155, 54, 56, 74,
-44, 177, 248, 14, 49, 94,
-64, 196, 242, 251, 91, 198,
#APP: Ooh, I needed that app?m1(242, 54, 17, 95, 108)!
#APP: Ooh, I needed that app?m2(242, 54, 17)!
#APP: Come get some app!m3(242)!
-63, 176, 134, 97, 113, 15,
-51, 55, 200, 147, 178, 40, 222,
-50, 196, 70, 216, 251, 11,
-68, 146, 118, 46, 103, 242,
#CLI: Ooh, I needed that app?m3(242)!
#CLI: We meet again, Doctor Jones!
#CLI: Come get some app!m1(242, 54, 167, 45, 50)!
-47, 242, 127, 239, 183, 115,
-46, 45, 183, 192, 47, 54, 107, 43,
-54, 124, 241, 236, 95, 172,
-60, 251, 100, 65, 231, 108,
-49, 245, 86, 78, 194, 50,
-48, 230, 167, 148, 221, 226,
-58, 22, 201, 89, 50, 121,
#CLI: Come get some app!m2(242, 54, 167)!
-57, 167, 29, 233, 230, 129,
-53, 158, 226, 62, 74, 254, 74,
-45, 4, 247, 166, 54, 22, 190,
-44, 242, 207, 149, 38, 123,
-64, 197, 242, 191, 186, 218,
#APP: Ooh, I needed that app?m1(242, 54, 167, 45, 50)!
#APP: Ooh, I needed that app?m2(242, 54, 167)!
#APP: Come get some app!m3(242)!
-63, 49, 149, 192, 19, 238,
-51, 17, 191, 187, 74, 227, 246,
-50, 94, 74, 63, 215, 199,
-68, 229, 245, 2, 151, 242,
#CLI: Ooh, I needed that app?m3(242)!
#CLI: We meet again, Doctor Jones!
#CLI: Come get some app!m1(242, 54, 30, 231, 158)!
-47, 242, 58, 253, 27, 95,
-46, 231, 241, 186, 109, 54, 99, 116,
-54, 229, 48, 165, 160, 161,
-60, 175, 240, 167, 229, 53,
-49, 223, 75, 18, 163, 158,
-48, 3, 30, 176, 109, 51,
-58, 153, 102, 30, 113, 107,
#CLI: Come get some app!m2(242, 54, 30)!
-57, 30, 25, 178, 252, 206,
-53, 105, 162, 255, 39, 73, 33,
-45, 24, 243, 153, 54, 89, 182,
-44, 192, 83, 195, 198, 155,
-64, 157, 242, 32, 79, 178,
#APP: Ooh, I needed that app?m1(242, 54, 30, 231, 158)!
#APP: Ooh, I needed that app?m2(242, 54, 30)!
#APP: Come get some app!m3(242)!
-63, 37, 116, 234, 202, 33,
-51, 185, 97, 14, 234, 112, 247,
-50, 218, 23, 17, 80, 247,
-68, 200, 33, 55, 68, 242,
#CLI: Ooh, I needed that app?m3(242)!
#CLI: We meet again, Doctor Jones!
#CLI: Come get some app!m1(242, 54, 47, 147, 254)!
-47, 242, 39, 161, 163, 160,
-46, 147, 88, 193, 171, 54, 138, 125,
-54, 150, 82, 250, 26, 109,
-60, 70, 164, 155, 195, 210,
-49, 185, 253, 210, 183, 254,
-48, 255, 47, 119, 45, 148,
-58, 208, 19, 26, 176, 72,
#CLI: Come get some app!m2(242, 54, 47)!
-57, 47, 204, 226, 195, 61,
-53, 226, 108, 242, 44, 61, 93,
-45, 156, 106, 222, 54, 185, 251,
-44, 31, 68, 101, 206, 116,
-64, 58, 242, 57, 69, 104,
#APP: Ooh, I needed that app?m1(242, 54, 47, 147, 254)!
#APP: Ooh, I needed that app?m2(242, 54, 47)!
#APP: Come get some app!m3(242)!
-63, 33, 184, 23, 253, 194,
-51, 170, 18, 213, 242, 89, 218,
-50, 217, 235, 3, 166, 35,
-68, 56, 13, 22, 209, 242,
#CLI: Ooh, I needed that app?m3(242)!
#CLI: We meet again, Doctor Jones!
#CLI: Come get some app!m1(242, 54, 208, 216, 153)!
-47, 242, 175, 176, 125, 225,
-46, 216, 29, 187, 88, 54, 31, 86,
-54, 73, 78, 33, 61, 206,
-60, 160, 37, 40, 215, 73,
-49, 26, 209, 104, 108, 153,
-48, 198, 208, 180, 24, 148,
-58, 41, 97, 242, 96, 1,
#CLI: Come get some app!m2(242, 54, 208)!
-57, 208, 137, 27, 13, 139,
-53, 200, 159, 216, 22, 221, 173,
-45, 140, 46, 118, 54, 40, 123,
-44, 17, 227, 138, 23, 146,
-64, 31, 242, 37, 247, 201,
#APP: Ooh, I needed that app?m1(242, 54, 208, 216, 153)!
#APP: Ooh, I needed that app?m2(242, 54, 208)!
#APP: Come get some app!m3(242)!
-63, 237, 165, 113, 219, 102,
-51, 122, 198, 226, 248, 59, 101,
-50, 106, 113, 111, 223, 234,
-68, 116, 163, 90, 195, 242,
#CLI: Ooh, I needed that app?m3(242)!
#CLI: We meet again, Doctor Jones!
#CLI: Come get some app!m1(242, 54, 209, 82, 58)!
-47, 242, 146, 164, 6, 129,
-46, 82, 96, 238, 113, 54, 141, 113,
-54, 253, 136, 130, 107, 135,
-60, 13, 231, 20, 89, 8,
-49, 35, 16, 158, 27, 58,
-48, 139, 209, 125, 206, 72,
-58, 235, 22, 12, 131, 92,
#CLI: Come get some app!m2(242, 54, 209)!
-57, 209, 8, 226, 61, 132,
-53, 180, 133, 25, 16, 31, 201,
-45, 240, 109, 2, 54, 41, 229,
-44, 165, 231, 194, 213, 25,
-64, 4, 242, 140, 222, 148,
#APP: Ooh, I needed that app?m1(242, 54, 209, 82, 58)!
#APP: Ooh, I needed that app?m2(242, 54, 209)!
#APP: Come get some app!m3(242)!
-63, 61, 144, 15, 124, 2,
-51, 44, 129, 217, 251, 238, 44,
-50, 169, 4, 254, 95, 78,
-68, 253, 58, 195, 226, 242,
#CLI: Ooh, I needed that app?m3(242)!
#CLI: We meet again, Doctor Jones!
#CLI: Come get some app!m1(242, 54, 60, 240, 175)!
-47, 242, 229, 237, 143, 46,
-46, 240, 180, 237, 248, 54, 183, 84,
-54, 16, 42, 104, 32, 247,
-60, 143, 135, 30, 233, 244,
-49, 106, 179, 8, 88, 175,
-48, 112, 60, 53, 93, 96,
-58, 210, 41, 112, 119, 10,
#CLI: Come get some app!m2(242, 54, 60)!
-57, 60, 22, 237, 64, 41,
-53, 82, 174, 67, 40, 12, 84,
-45, 93, 238, 178, 54, 233, 63,
-44, 217, 146, 116, 169, 40,
-64, 9, 242, 21, 131, 187,
#APP: Ooh, I needed that app?m1(242, 54, 60, 240, 175)!
#APP: Ooh, I needed that app?m2(242, 54, 60)!
#APP: Come get some app!m3(242)!
-63, 182, 112, 79, 238, 227,
-51, 139, 120, 226, 26, 45, 156,
-50, 213, 99, 183, 107, 201,
-68, 53, 174, 59, 48, 242,
#CLI: Ooh, I needed that app?m3(242)!
#CLI: We meet again, Doctor Jones!
#CLI: Come get some app!m1(242, 54, 100, 27, 15)!
-47, 242, 65, 64, 52, 242,
-46, 27, 178, 149, 12, 54, 223, 152,
-54, 165, 234, 170, 197, 21,
-60, 203, 126, 12, 49, 124,
-49, 134, 235, 45, 75, 15,
-48, 46, 100, 196, 210, 118,
-58, 107, 120, 55, 141, 114,
#CLI: Come get some app!m2(242, 54, 100)!
-57, 100, 239, 54, 220, 64,
-53, 91, 146, 4, 8, 253, 81,
-45, 251, 26, 81, 54, 221, 66,
-44, 124, 29, 249, 158, 180,
-64, 134, 242, 31, 72, 150,
#APP: Ooh, I needed that app?m1(242, 54, 100, 27, 15)!
#APP: Ooh, I needed that app?m2(242, 54, 100)!
#APP: Come get some app!m3(242)!
-63, 0, 214, 35, 30, 163,
-51, 64, 141, 96, 242, 150, 139,
-50, 129, 132, 73, 151, 65,
-68, 151, 182, 239, 113, 242,
#CLI: Ooh, I needed that app?m3(242)!
#CLI: We meet again, Doctor Jones!
#CLI: Come get some app!m1(242, 54, 213, 236, 31)!
-47, 242, 21, 69, 33, 67,
-46, 236, 25, 150, 47, 54, 33, 146,
-54, 186, 208, 50, 31, 183,
-60, 38, 2, 27, 46, 4,
-49, 238, 121, 243, 233, 31,
-48, 173, 213, 243, 25, 166,
-58, 174, 210, 62, 248, 201,
#CLI: Come get some app!m2(242, 54, 213)!
-57, 213, 238, 221, 224, 33,
-53, 172, 43, 42, 179, 101, 210,
-45, 216, 4, 118, 54, 150, 84,
-44, 188, 248, 13, 178, 92,
-64, 147, 242, 195, 201, 161,
#APP: Ooh, I needed that app?m1(242, 54, 213, 236, 31)!
#APP: Ooh, I needed that app?m2(242, 54, 213)!
#APP: Come get some app!m3(242)!
-63, 26, 18, 46, 226, 162,
-51, 16, 165, 129, 10, 46, 237,
-50, 80, 35, 18, 220, 57,
-68, 228, 113, 227, 210, 242,
#CLI: Ooh, I needed that app?m3(242)!
#CLI: We meet again, Doctor Jones!
#CLI: Come get some app!m1(242, 54, 183, 66, 169)!
-47, 242, 69, 86, 201, 136,
-46, 66, 70, 32, 1, 54, 42, 2,
-54, 204, 1, 29, 198, 38,
-60, 237, 62, 177, 193, 95,
-49, 254, 74, 21, 146, 169,
-48, 253, 183, 190, 2, 212,
-58, 226, 226, 12, 95, 44,
#CLI: Come get some app!m2(242, 54, 183)!
-57, 183, 147, 223, 225, 94,
-53, 58, 186, 30, 249, 140, 110,
-45, 233, 123, 155, 54, 95, 73,
-44, 52, 94, 100, 55, 236,
-64, 30, 242, 229, 124, 119,
#APP: Ooh, I needed that app?m1(242, 54, 183, 66, 169)!
#APP: Ooh, I needed that app?m2(242, 54, 183)!
#APP: Come get some app!m3(242)!
-63, 85, 227, 17, 221, 96,
-51, 74, 63, 167, 19, 228, 216,
-50, 108, 94, 23, 3, 117,
-68, 159, 183, 157, 156, 242,
#CLI: Ooh, I needed that app?m3(242)!
#CLI: We meet again, Doctor Jones!
#CLI: Come get some app!m1(242, 54, 200, 125, 244)!
-47, 242, 74, 42, 87, 57,
-46, 125, 125, 154, 211, 54, 163, 251,
-54, 77, 137, 199, 120, 206,
-60, 231, 46, 48, 18, 89,
-49, 232, 102, 175, 166, 244,
-48, 63, 200, 168, 18, 183,
-58, 198, 24, 142, 186, 11,
#CLI: Come get some app!m2(242, 54, 200)!
-57, 200, 57, 35, 92, 42,
-53, 250, 204, 120, 51, 54, 68,
-45, 220, 157, 151, 54, 74, 158,
-44, 148, 196, 175, 223, 243,
-64, 233, 242, 6, 146, 178,
#APP: Ooh, I needed that app?m1(242, 54, 200, 125, 244)!
#APP: Ooh, I needed that app?m2(242, 54, 200)!
#APP: Come get some app!m3(242)!
-63, 135, 97, 42, 174, 227,
-51, 36, 241, 82, 187, 156, 237,
-50, 142, 56, 102, 185, 144,
-68, 91, 125, 95, 216, 242,
#CLI: Ooh, I needed that app?m3(242)!
#CLI: We meet again, Doctor Jones!
#CLI: Come get some app!m1(242, 54, 138, 200, 82)!
-47, 242, 53, 13, 137, 132,
-46, 200, 83, 133, 207, 54, 74, 250,
-54, 44, 129, 7, 2, 15,
-60, 149, 56, 84, 248, 108,
-49, 60, 75, 103, 162, 82,
-48, 133, 138, 100, 2, 198,
-58, 121, 186, 118, 11, 239,
#CLI: Come get some app!m2(242, 54, 138)!
-57, 138, 149, 251, 150, 151,
-53, 181, 205, 116, 22, 38, 214,
-45, 56, 29, 15, 54, 250, 159,
-44, 95, 49, 245, 42, 222,
-64, 218, 242, 60, 100, 138,
#APP: Ooh, I needed that app?m1(242, 54, 138, 200, 82)!
#APP: Ooh, I needed that app?m2(242, 54, 138)!
#APP: Come get some app!m3(242)!
-63, 164, 13, 99, 140, 199,
-51, 9, 38, 38, 76, 166, 194,
-50, 133, 38, 224, 185, 56,
-68, 220, 196, 190, 234, 242,
#CLI: Ooh, I needed that app?m3(242)!
#CLI: We meet again, Doctor Jones!
#CLI: Come get some app!m1(242, 54, 44, 217, 91)!
-47, 242, 26, 169, 81, 128,
-46, 217, 43, 43, 30, 54, 234, 48,
-54, 120, 125, 221, 207, 80,
-60, 209, 61, 178, 2, 192,
-49, 53, 62, 178, 231, 91,
-48, 238, 44, 182, 32, 105,
-58, 166, 22, 9, 41, 242,
#CLI: Come get some app!m2(242, 54, 44)!
-57, 44, 96, 243, 177, 125,
-53, 59, 224, 142, 186, 11, 254,
-45, 174, 111, 121, 54, 163, 0,
-44, 146, 159, 144, 177, 68,
-64, 121, 242, 233, 35, 93,
#APP: Ooh, I needed that app?m1(242, 54, 44, 217, 91)!
#APP: Ooh, I needed that app?m2(242, 54, 44)!
#APP: Come get some app!m3(242)!
-63, 249, 55, 153, 81, 132,
-51, 153, 249, 149, 124, 47, 45,
-50, 42, 170, 250, 128, 202,
-68, 113, 47, 38, 188, 242,
#CLI: Ooh, I needed that app?m3(242)!
#CLI: We meet again, Doctor Jones!
#CLI: Come get some app!m1(242, 54, 170, 199, 107)!
-47, 242, 157, 105, 83, 167,
-46, 199, 118, 238, 183, 54, 109, 18,
-54, 181, 107, 114, 65, 128,
-60, 226, 73, 199, 63, 14,
-49, 40, 137, 249, 209, 107,
-48, 49, 170, 6, 246, 231,
-58, 188, 80, 59, 187, 222,
#CLI: Come get some app!m2(242, 54, 170)!
-57, 170, 42, 124, 255, 184,
-53, 250, 152, 137, 84, 120, 80,
-45, 253, 95, 45, 54, 203, 111,
-44, 51, 6, 252, 45, 9,
-64, 76, 242, 117, 109, 7,
#APP: Ooh, I needed that app?m1(242, 54, 170, 199, 107)!
#APP: Ooh, I needed that app?m2(242, 54, 170)!
#APP: Come get some app!m3(242)!
-63, 231, 43, 94, 158, 18,
-51, 248, 117, 189, 30, 46, 60,
-50, 219, 213, 240, 175, 205,
-68, 109, 110, 71, 111, 242,
#CLI: Ooh, I needed that app?m3(242)!
#CLI: We meet again, Doctor Jones!
#CLI: Come get some app!m1(242, 54, 55, 32, 111)!
-47, 242, 200, 137, 221, 43,
-46, 32, 193, 192, 156, 54, 66, 107,
-54, 128, 176, 10, 44, 183,
-60, 178, 174, 12, 158, 46,
-49, 192, 248, 181, 164, 111,
-48, 6, 55, 141, 102, 16,
-58, 223, 130, 77, 127, 21,
#CLI: Come get some app!m2(242, 54, 55)!
-57, 55, 7, 248, 115, 61,
-53, 220, 109, 146, 25, 144, 18,
-45, 79, 75, 158, 54, 248, 117,
-44, 108, 94, 51, 113, 238,
-64, 25, 242, 71, 124, 244,
#APP: Ooh, I needed that app?m1(242, 54, 55, 32, 111)!
#APP: Ooh, I needed that app?m2(242, 54, 55)!
#APP: Come get some app!m3(242)!
-63, 180, 0, 168, 51, 52,
-51, 51, 37, 12, 26, 146, 239,
-50, 196, 243, 90, 53, 89,
-68, 45, 151, 203, 170, 242,
#CLI: Ooh, I needed that app?m3(242)!
#CLI: We meet again, Doctor Jones!
#CLI: Come get some app!m1(242, 54, 11, 140, 201)!
-47, 242, 83, 251, 126, 125,
-46, 140, 27, 40, 155, 54, 75, 129,
-54, 165, 130, 102, 208, 3,
-60, 101, 67, 20, 212, 56,
-49, 157, 174, 168, 175, 201,
-48, 76, 11, 152, 122, 63,
-58, 54, 198, 99, 112, 205,
#CLI: Come get some app!m2(242, 54, 11)!
-57, 11, 142, 51, 153, 219,
-53, 69, 14, 61, 182, 88, 162,
-45, 63, 28, 193, 54, 103, 245,
-44, 11, 101, 25, 97, 206,
-64, 164, 242, 82, 84, 235,
#APP: Ooh, I needed that app?m1(242, 54, 11, 140, 201)!
#APP: Ooh, I needed that app?m2(242, 54, 11)!
#APP: Come get some app!m3(242)!
-63, 84, 56, 218, 159, 203,
-51, 175, 217, 107, 208, 188, 39,
-50, 78, 145, 157, 30, 95,
-68, 181, 231, 255, 235, 242,
#CLI: Ooh, I needed that app?m3(242)!
#CLI: We meet again, Doctor Jones!
#CLI: Come get some app!m1(242, 54, 160, 174, 116)!
-47, 242, 25, 6, 250, 39,
-46, 174, 135, 53, 75, 54, 118, 239,
-54, 188, 224, 21, 102, 100,
-60, 196, 11, 128, 40, 184,
-49, 95, 233, 116, 139, 116,
-48, 175, 160, 51, 158, 241,
-58, 122, 34, 100, 119, 106,
#CLI: Come get some app!m2(242, 54, 160)!
-57, 160, 143, 205, 194, 170,
-53, 241, 197, 250, 232, 155, 200,
-45, 2, 163, 214, 54, 244, 9,
-44, 160, 59, 2, 213, 126,
-64, 121, 242, 179, 68, 78,
#APP: Ooh, I needed that app?m1(242, 54, 160, 174, 116)!
#APP: Ooh, I needed that app?m2(242, 54, 160)!
#APP: Come get some app!m3(242)!
-63, 148, 101, 13, 234, 48,
-51, 18, 63, 254, 189, 241, 209,
-50, 229, 111, 246, 50, 166,
-68, 64, 24, 108, 150, 242,
#CLI: Ooh, I needed that app?m3(242)!
#CLI: We meet again, Doctor Jones!
#CLI: Come get some app!m1(242, 54, 197, 34, 152)!
-47, 242, 190, 9, 243, 255,
-46, 34, 34, 22, 154, 54, 3, 165,
-54, 241, 44, 70, 36, 233,
-60, 177, 157, 155, 12, 253,
-49, 100, 110, 79, 17, 152,
-48, 10, 197, 216, 194, 133,
-58, 55, 207, 62, 91, 85,
#CLI: Come get some app!m2(242, 54, 197)!
-57, 197, 50, 91, 109, 99,
-53, 223, 53, 92, 70, 81, 7,
-45, 158, 174, 169, 54, 187, 63,
-44, 17, 239, 244, 153, 120,
-64, 18, 242, 134, 252, 223,
#APP: Ooh, I needed that app?m1(242, 54, 197, 34, 152)!
#APP: Ooh, I needed that app?m2(242, 54, 197)!
#APP: Come get some app!m3(242)!
-63, 198, 105, 137, 182, 165,
-51, 59, 244, 241, 73, 57, 49,
-50, 77, 26, 147, 74, 16,
-68, 200, 126, 216, 44, 242,
#CLI: Ooh, I needed that app?m3(242)!
#CLI: We meet again, Doctor Jones!
#CLI: Come get some app!m1(242, 54, 204, 172, 36)!
-47, 242, 160, 98, 13, 21,
-46, 172, 166, 226, 90, 54, 149, 50,
-54, 171, 161, 65, 111, 84,
-60, 213, 43, 157, 153, 175,
-49, 209, 114, 218, 54, 36,
-48, 148, 204, 180, 124, 168,
-58, 54, 78, 109, 75, 93,
#CLI: Come get some app!m2(242, 54, 204)!
-57, 204, 48, 51, 190, 161,
-53, 59, 12, 62, 190, 229, 213,
-45, 242, 69, 114, 54, 188, 71,
-44, 168, 78, 92, 12, 130,
-64, 110, 242, 122, 27, 93,
#APP: Ooh, I needed that app?m1(242, 54, 204, 172, 36)!
#APP: Ooh, I needed that app?m2(242, 54, 204)!
#APP: Come get some app!m3(242)!
-63, 35, 66, 143, 131, 194,
-51, 209, 254, 142, 133, 236, 120,
-50, 183, 189, 59, 136, 73,
-68, 255, 105, 11, 3, 242,
#CLI: Ooh, I needed that app?m3(242)!
#CLI: We meet again, Doctor Jones!
#CLI: Come get some app!m1(242, 54, 117, 251, 185)!
-47, 242, 22, 238, 176, 46,
-46, 251, 40, 210, 238, 54, 192, 138,
-54, 127, 247, 151, 156, 132,
-60, 121, 137, 82, 244, 153,
-49, 239, 160, 233, 191, 185,
-48, 197, 117, 26, 201, 179,
-58, 91, 156, 226, 204, 241,
#CLI: Come get some app!m2(242, 54, 117)!
-57, 117, 227, 245, 96, 140,
-53, 196, 61, 118, 186, 40, 31,
-45, 58, 33, 31, 54, 1, 49,
-44, 9, 47, 225, 160, 235,
-64, 152, 242, 63, 74, 65,
#APP: Ooh, I needed that app?m1(242, 54, 117, 251, 185)!
#APP: Ooh, I needed that app?m2(242, 54, 117)!
#APP: Come get some app!m3(242)!
-63, 11, 159, 208, 101, 45,
-51, 28, 144, 13, 204, 52, 84,
-50, 222, 234, 94, 184, 146,
-68, 97, 3, 232, 212, 242,
#CLI: Ooh, I needed that app?m3(242)!
#CLI: We meet again, Doctor Jones!
#CLI: Come get some app!m1(242, 54, 188, 215, 53)!
-47, 242, 86, 93, 197, 241,
-46, 215, 149, 7, 128, 54, 195, 247,
-54, 137, 84, 74, 90, 82,
-60, 200, 239, 54, 220, 170,
-49, 100, 157, 244, 34, 53,
-48, 236, 188, 84, 84, 235,
-58, 235, 66, 234, 3, 74,
#CLI: Come get some app!m2(242, 54, 188)!
-57, 188, 46, 101, 59, 83,
-53, 249, 88, 121, 42, 237, 142,
-45, 204, 87, 18, 54, 175, 35,
-44, 79, 190, 178, 220, 124,
-64, 179, 242, 87, 11, 63,
#APP: Ooh, I needed that app?m1(242, 54, 188, 215, 53)!
#APP: Ooh, I needed that app?m2(242, 54, 188)!
#APP: Come get some app!m3(242)!
-63, 117, 52, 21, 51, 138,
-51, 114, 230, 132, 120, 82, 39,
-50, 139, 224, 167, 140, 9,
-68, 254, 97, 205, 204, 242,
#CLI: Ooh, I needed that app?m3(242)!
#CLI: We meet again, Doctor Jones!
#CLI: Come get some app!m1(242, 54, 207, 175, 197)!
-47, 242, 69, 123, 96, 209,
-46, 175, 109, 64, 51, 54, 248, 180,
-54, 2, 7, 103, 206, 211,
-60, 83, 51, 51, 140, 63,
-49, 217, 55, 7, 27, 197,
-48, 147, 207, 125, 91, 171,
-58, 75, 63, 5, 128, 22,
#CLI: Come get some app!m2(242, 54, 207)!
-57, 207, 35, 61, 226, 159,
-53, 171, 125, 243, 156, 181, 224,
-45, 218, 116, 91, 54, 48, 207,
-44, 117, 102, 195, 49, 247,
-64, 232, 242, 117, 20, 68,
#APP: Ooh, I needed that app?m1(242, 54, 207, 175, 197)!
#APP: Ooh, I needed that app?m2(242, 54, 207)!
#APP: Come get some app!m3(242)!
-63, 187, 204, 51, 106, 152,
-51, 179, 15, 18, 228, 161, 141,
-50, 208, 27, 39, 226, 140,
-68, 35, 98, 201, 83, 242,
#CLI: Ooh, I needed that app?m3(242)!
#CLI: We meet again, Doctor Jones!
#CLI: Come get some app!m1(242, 54, 234, 148, 134)!
-47, 242, 228, 144, 76, 24,
-46, 148, 224, 204, 172, 54, 181, 228,
-54, 204, 62, 99, 232, 198,
-60, 233, 170, 117, 54, 72,
-49, 84, 111, 136, 39, 134,
-48, 213, 234, 169, 71, 229,
-58, 247, 70, 106, 223, 224,
#CLI: Come get some app!m2(242, 54, 234)!
-57, 234, 95, 240, 174, 99,
-53, 101, 69, 150, 240, 230, 32,
-45, 46, 126, 77, 54, 23, 204,
-44, 75, 171, 141, 198, 213,
-64, 37, 242, 140, 234, 3,
#APP: Ooh, I needed that app?m1(242, 54, 234, 148, 134)!
#APP: Ooh, I needed that app?m2(242, 54, 234)!
#APP: Come get some app!m3(242)!
-63, 38, 196, 243, 87, 160,
-51, 89, 75, 177, 23, 25, 112,
-50, 112, 116, 68, 183, 234,
-68, 217, 8, 233, 32, 242,
#CLI: Ooh, I needed that app?m3(242)!
#CLI: We meet again, Doctor Jones!
#CLI: Come get some app!m1(242, 54, 128, 40, 168)!
-47, 242, 40, 188, 205, 175,
-46, 40, 173, 210, 42, 54, 182, 80,
-54, 218, 25, 9, 142, 160,
-60, 29, 209, 241, 109, 40,
-49, 211, 73, 94, 55, 168,
-48, 182, 128, 252, 110, 46,
-58, 123, 80, 7, 197, 131,
#CLI: Come get some app!m2(242, 54, 128)!
-57, 128, 232, 216, 202, 198,
-53, 95, 252, 107, 61, 152, 210,
-45, 79, 238, 30, 54, 117, 184,
-44, 246, 106, 59, 177, 123,
-64, 3, 242, 12, 251, 32,
#APP: Ooh, I needed that app?m1(242, 54, 128, 40, 168)!
#APP: Ooh, I needed that app?m2(242, 54, 128)!
#APP: Come get some app!m3(242)!
-63, 3, 52, 160, 28, 251,
-51, 93, 47, 1, 244, 134, 241,
-50, 29, 69, 247, 35, 178,
-68, 60, 134, 208, 125, 242,
#CLI: Ooh, I needed that app?m3(242)!
#CLI: We meet again, Doctor Jones!
#CLI: Come get some app!m1(242, 54, 82, 155, 42)!
-47, 242, 62, 199, 166, 196,
-46, 155, 122, 168, 145, 54, 212, 231,
-54, 67, 161, 191, 92, 248,
-60, 107, 122, 157, 132, 243,
-49, 101, 58, 57, 190, 42,
-48, 166, 82, 253, 242, 206,
-58, 254, 97, 208, 110, 121,
#CLI: Come get some app!m2(242, 54, 82)!
-57, 82, 201, 18, 223, 114,
-53, 42, 184, 60, 135, 129, 220,
-45, 134, 106, 189, 54, 221, 108,
-44, 89, 188, 243, 194, 223,
-64, 135, 242, 92, 184, 123,
#CLI: What are you waitin for? Christmas?
#APP: Ooh, I needed that app?m1(242, 54, 82, 155, 42)!
#APP: Ooh, I needed that app?m2(242, 54, 82)!
#APP: Come get some app!m3(242)!
-63, 162, 65, 172, 144, 253,
-51, 223, 99, 116, 28, 182, 7,
-50, 187, 245, 129, 51, 0,
-68, 37, 178, 26, 122, 242,