#CLI: Come get some app!m1(116, 113, 120, 125, 203)!
-12, 75, 63, 125, 174, 197,
-2, 246, 227, 6, 129, 210,
-1, 125, 232, 223, 12, 8,
-4, 99, 152, 61, 116, 113, 111, 211,
-3, 103, 120, 46, 72, 17,
-18, 203, 107, 130, 57, 189,
-17, 196, 40, 128, 227, 170,
#CLI: Come get some app!m2(116, 113, 120)!
-24, 90, 39, 116, 111, 19,
-10, 159, 154, 4, 78, 126,
-9, 120, 41, 37, 219, 100,
-8, 92, 171, 79, 19, 34, 113,
0, 182, 46, 92, 67, 60,
1, 113, 60, 130, 77, 142,
#APP: Ooh, I needed that app?m1(116, 113, 120, 125, 203)!
#APP: Ooh, I needed that app?m2(116, 113, 120)!
#APP: Come get some app!m3(116)!
-22, 168, 234, 215, 200, 110,
-21, 106, 145, 198, 127, 139,
-14, 43, 228, 150, 102, 25,
-6, 148, 159, 116, 225, 29,
-5, 81, 209, 204, 35, 243,
#CLI: Ooh, I needed that app?m3(116)!
#CLI: We meet again, Doctor Jones!
#CLI: Come get some app!m1(116, 113, 40, 212, 249)!
-12, 176, 7, 212, 209, 34,
-2, 83, 147, 226, 223, 13,
-1, 253, 154, 242, 31, 87,
-4, 225, 114, 241, 116, 113, 175, 136,
-3, 157, 40, 113, 124, 200,
-18, 249, 248, 117, 35, 223,
-17, 63, 178, 28, 131, 88,
#CLI: Come get some app!m2(116, 113, 40)!
-24, 228, 13, 116, 127, 102,
-10, 108, 12, 57, 6, 137,
-9, 40, 192, 13, 253, 115,
-8, 24, 13, 19, 236, 161, 113,
0, 4, 13, 31, 83, 218,
1, 36, 95, 49, 50, 67,
#APP: Ooh, I needed that app?m1(116, 113, 40, 212, 249)!
#APP: Ooh, I needed that app?m2(116, 113, 40)!
#APP: Come get some app!m3(116)!
-22, 140, 62, 243, 74, 13,
-21, 141, 128, 155, 12, 141,
-14, 181, 0, 131, 230, 187,
-6, 69, 3, 116, 221, 208,
-5, 148, 183, 49, 80, 90,
#CLI: Ooh, I needed that app?m3(116)!
#CLI: We meet again, Doctor Jones!
#CLI: Come get some app!m1(116, 113, 243, 167, 150)!
-12, 26, 85, 167, 72, 254,
-2, 97, 169, 77, 187, 67,
-1, 80, 185, 254, 77, 113,
-4, 222, 48, 71, 116, 113, 86, 34,
-3, 164, 243, 178, 23, 235,
-18, 150, 148, 181, 187, 225,
-17, 48, 67, 111, 164, 0,
#CLI: Come get some app!m2(116, 113, 243)!
-24, 244, 134, 116, 140, 172,
-10, 144, 188, 65, 4, 98,
-9, 243, 139, 81, 215, 248,
-8, 0, 97, 54, 142, 13, 113,
0, 204, 255, 235, 95, 216,
1, 145, 160, 26, 99, 195,
#APP: Ooh, I needed that app?m1(116, 113, 243, 167, 150)!
#APP: Ooh, I needed that app?m2(116, 113, 243)!
#APP: Come get some app!m3(116)!
-22, 188, 209, 236, 69, 155,
-21, 65, 55, 168, 121, 84,
-14, 192, 120, 202, 91, 204,
-6, 232, 168, 116, 98, 33,
-5, 216, 26, 101, 132, 147,
#CLI: Ooh, I needed that app?m3(116)!
#CLI: We meet again, Doctor Jones!
#CLI: Come get some app!m1(116, 113, 178, 98, 189)!
-12, 193, 126, 98, 201, 213,
-2, 251, 29, 163, 183, 222,
-1, 135, 161, 68, 245, 240,
-4, 207, 83, 98, 116, 113, 86, 235,
-3, 136, 178, 161, 210, 94,
-18, 189, 176, 205, 25, 223,
-17, 29, 200, 93, 192, 201,
#CLI: Come get some app!m2(116, 113, 178)!
-24, 192, 173, 116, 85, 16,
-10, 107, 106, 242, 43, 121,
-9, 178, 62, 99, 54, 230,
-8, 83, 245, 254, 130, 73, 113,
0, 195, 158, 98, 133, 122,
1, 134, 72, 248, 34, 79,
#APP: Ooh, I needed that app?m1(116, 113, 178, 98, 189)!
#APP: Ooh, I needed that app?m2(116, 113, 178)!
#APP: Come get some app!m3(116)!
-22, 97, 10, 201, 104, 43,
-21, 82, 218, 31, 41, 83,
-14, 226, 151, 164, 69, 218,
-6, 191, 220, 116, 246, 207,
-5, 212, 154, 88, 151, 167,
#CLI: Ooh, I needed that app?m3(116)!
#CLI: We meet again, Doctor Jones!
#CLI: Come get some app!m1(116, 113, 71, 234, 144)!
-12, 225, 80, 234, 202, 11,
-2, 181, 35, 172, 78, 149,
-1, 9, 170, 125, 180, 9,
-4, 176, 163, 163, 116, 113, 217, 174,
-3, 81, 71, 97, 0, 59,
-18, 144, 60, 222, 55, 252,
-17, 11, 160, 132, 76, 141,
#CLI: Come get some app!m2(116, 113, 71)!
-24, 178, 215, 116, 48, 90,
-10, 117, 40, 41, 90, 148,
-9, 71, 247, 164, 135, 183,
-8, 130, 89, 216, 163, 148, 113,
0, 143, 77, 121, 196, 106,
1, 183, 250, 130, 191, 211,
#APP: Ooh, I needed that app?m1(116, 113, 71, 234, 144)!
#APP: Ooh, I needed that app?m2(116, 113, 71)!
#APP: Come get some app!m3(116)!
-22, 49, 107, 182, 62, 19,
-21, 111, 40, 189, 182, 244,
-14, 1, 60, 54, 214, 145,
-6, 166, 242, 116, 232, 15,
-5, 161, 70, 127, 144, 148,
#CLI: Ooh, I needed that app?m3(116)!
#CLI: We meet again, Doctor Jones!
#CLI: Come get some app!m1(116, 113, 20, 206, 123)!
-12, 241, 28, 206, 114, 220,
-2, 252, 152, 147, 51, 122,
-1, 40, 67, 72, 97, 68,
-4, 66, 188, 187, 116, 113, 7, 237,
-3, 78, 20, 108, 219, 93,
-18, 123, 80, 224, 144, 31,
-17, 122, 24, 34, 120, 126,
#CLI: Come get some app!m2(116, 113, 20)!
-24, 203, 240, 116, 5, 245,
-10, 87, 143, 135, 140, 119,
-9, 20, 36, 142, 117, 204,
-8, 37, 179, 140, 19, 189, 113,
0, 223, 128, 67, 183, 74,
1, 178, 87, 110, 24, 42,
#APP: Ooh, I needed that app?m1(116, 113, 20, 206, 123)!
#APP: Ooh, I needed that app?m2(116, 113, 20)!
#APP: Come get some app!m3(116)!
-22, 245, 147, 6, 164, 9,
-21, 135, 231, 143, 105, 182,
-14, 185, 197, 32, 194, 13,
-6, 226, 238, 116, 232, 73,
-5, 245, 147, 168, 220, 241,
#CLI: Ooh, I needed that app?m3(116)!
#CLI: We meet again, Doctor Jones!
#CLI: Come get some app!m1(116, 113, 47, 190, 97)!
-12, 13, 96, 190, 146, 3,
-2, 186, 99, 85, 187, 33,
-1, 48, 141, 124, 227, 53,
-4, 146, 61, 161, 116, 113, 97, 203,
-3, 46, 47, 55, 92, 167,
-18, 97, 22, 222, 150, 2,
-17, 26, 145, 87, 203, 245,
#CLI: Come get some app!m2(116, 113, 47)!
-24, 196, 24, 116, 227, 227,
-10, 184, 255, 9, 23, 187,
-9, 47, 234, 173, 35, 250,
-8, 145, 219, 174, 231, 227, 113,
0, 55, 23, 111, 28, 123,
1, 21, 91, 130, 201, 235,
#APP: Ooh, I needed that app?m1(116, 113, 47, 190, 97)!
#APP: Ooh, I needed that app?m2(116, 113, 47)!
#APP: Come get some app!m3(116)!
-22, 146, 119, 74, 32, 40,
-21, 127, 16, 62, 212, 144,
-14, 167, 20, 147, 42, 241,
-6, 7, 115, 116, 86, 217,
-5, 234, 196, 95, 94, 182,
#CLI: Ooh, I needed that app?m3(116)!
#CLI: We meet again, Doctor Jones!
#CLI: Come get some app!m1(116, 113, 246, 189, 184)!
-12, 138, 55, 189, 37, 176,
-2, 234, 212, 194, 53, 81,
-1, 18, 101, 225, 120, 47,
-4, 10, 250, 171, 116, 113, 59, 237,
-3, 161, 246, 8, 60, 61,
-18, 184, 16, 21, 122, 102,
-17, 22, 251, 111, 4, 96,
#CLI: Come get some app!m2(116, 113, 246)!
-24, 195, 113, 116, 160, 247,
-10, 154, 121, 140, 171, 83,
-9, 246, 66, 202, 255, 133,
-8, 23, 191, 36, 90, 86, 113,
0, 205, 126, 218, 86, 38,
1, 17, 174, 127, 24, 238,
#APP: Ooh, I needed that app?m1(116, 113, 246, 189, 184)!
#APP: Ooh, I needed that app?m2(116, 113, 246)!
#APP: Come get some app!m3(116)!
-22, 18, 131, 75, 153, 178,
-21, 18, 66, 239, 122, 29,
-14, 111, 110, 140, 223, 250,
-6, 34, 132, 116, 23, 195,
-5, 185, 192, 36, 13, 152,
#CLI: Ooh, I needed that app?m3(116)!
#CLI: We meet again, Doctor Jones!
#CLI: Come get some app!m1(116, 113, 166, 88, 87)!
-12, 236, 216, 88, 87, 134,
-2, 11, 32, 121, 21, 132,
-1, 9, 39, 166, 239, 45,
-4, 243, 158, 94, 116, 113, 181, 8,
-3, 158, 166, 150, 182, 59,
-18, 87, 210, 19, 22, 219,
-17, 248, 62, 31, 106, 200,
#CLI: Come get some app!m2(116, 113, 166)!
-24, 216, 51, 116, 211, 215,
-10, 97, 11, 187, 120, 185,
-9, 166, 243, 72, 38, 155,
-8, 243, 122, 42, 112, 237, 113,
0, 24, 75, 139, 113, 58,
1, 108, 142, 250, 199, 245,
#APP: Ooh, I needed that app?m1(116, 113, 166, 88, 87)!
#APP: Ooh, I needed that app?m2(116, 113, 166)!
#APP: Come get some app!m3(116)!
-22, 40, 90, 29, 57, 161,
-21, 139, 84, 225, 81, 34,
-14, 47, 176, 151, 55, 52,
-6, 181, 71, 116, 78, 83,
-5, 37, 128, 183, 46, 29,
#CLI: Ooh, I needed that app?m3(116)!
#CLI: We meet again, Doctor Jones!
#CLI: Come get some app!m1(116, 113, 130, 112, 124)!
-12, 5, 14, 112, 147, 128,
-2, 141, 140, 0, 70, 87,
-1, 223, 56, 50, 7, 13,
-4, 74, 84, 92, 116, 113, 239, 198,
-3, 220, 130, 28, 179, 13,
-18, 124, 71, 52, 217, 210,
-17, 191, 219, 122, 128, 15,
#CLI: Come get some app!m2(116, 113, 130)!
-24, 21, 116, 116, 172, 98,
-10, 85, 153, 239, 100, 152,
-9, 130, 81, 176, 107, 16,
-8, 111, 19, 171, 79, 87, 113,
0, 111, 31, 169, 194, 248,
1, 74, 193, 221, 206, 237,
#APP: Ooh, I needed that app?m1(116, 113, 130, 112, 124)!
#APP: Ooh, I needed that app?m2(116, 113, 130)!
#APP: Come get some app!m3(116)!
-22, 55, 164, 231, 142, 9,
-21, 45, 149, 98, 111, 148,
-14, 176, 35, 31, 196, 125,
-6, 176, 48, 116, 155, 90,
-5, 175, 184, 167, 55, 117,
#CLI: Ooh, I needed that app?m3(116)!
#CLI: We meet again, Doctor Jones!
#CLI: Come get some app!m1(116, 113, 43, 168, 21)!
-12, 247, 15, 168, 130, 31,
-2, 91, 48, 226, 45, 13,
-1, 13, 210, 222, 157, 146,
-4, 186, 117, 4, 116, 113, 76, 227,
-3, 203, 43, 183, 209, 247,
-18, 21, 28, 122, 154, 149,
-17, 197, 134, 23, 224, 110,
#CLI: Come get some app!m2(116, 113, 43)!
-24, 68, 18, 116, 168, 212,
-10, 13, 179, 3, 82, 87,
-9, 43, 69, 165, 79, 8,
-8, 12, 70, 154, 102, 39, 113,
0, 189, 65, 87, 195, 240,
1, 88, 100, 243, 206, 43,
#APP: Ooh, I needed that app?m1(116, 113, 43, 168, 21)!
#APP: Ooh, I needed that app?m2(116, 113, 43)!
#APP: Come get some app!m3(116)!
-22, 156, 61, 178, 184, 2,
-21, 14, 20, 136, 25, 36,
-14, 50, 97, 92, 222, 171,
-6, 55, 88, 116, 153, 171,
-5, 78, 121, 91, 207, 20,
#CLI: Ooh, I needed that app?m3(116)!
#CLI: We meet again, Doctor Jones!
#CLI: Come get some app!m1(116, 113, 129, 17, 119)!
-12, 196, 159, 17, 3, 110,
-2, 79, 15, 214, 236, 145,
-1, 53, 127, 30, 175, 22,
-4, 103, 63, 209, 116, 113, 132, 210,
-3, 17, 129, 131, 137, 95,
-18, 119, 175, 126, 29, 6,
-17, 205, 194, 63, 250, 198,
#CLI: Come get some app!m2(116, 113, 129)!
-24, 67, 54, 116, 138, 178,
-10, 49, 77, 203, 165, 210,
-9, 129, 37, 110, 32, 118,
-8, 107, 31, 9, 82, 137, 113,
0, 95, 188, 85, 135, 38,
1, 81, 147, 108, 90, 126,
#APP: Ooh, I needed that app?m1(116, 113, 129, 17, 119)!
#APP: Ooh, I needed that app?m2(116, 113, 129)!
#APP: Come get some app!m3(116)!
-22, 147, 128, 91, 156, 199,
-21, 203, 27, 113, 183, 231,
-14, 58, 175, 154, 248, 226,
-6, 156, 166, 116, 5, 227,
-5, 179, 54, 81, 210, 113,
#CLI: Ooh, I needed that app?m3(116)!
#CLI: We meet again, Doctor Jones!
#CLI: Come get some app!m1(116, 113, 18, 43, 101)!
-12, 77, 212, 43, 65, 247,
-2, 72, 205, 21, 147, 106,
-1, 202, 250, 126, 105, 41,
-4, 165, 20, 114, 116, 113, 240, 39,
-3, 242, 18, 57, 165, 51,
-18, 101, 187, 117, 67, 4,
-17, 31, 80, 76, 179, 80,
#CLI: Come get some app!m2(116, 113, 18)!
-24, 230, 189, 116, 204, 219,
-10, 74, 179, 164, 194, 182,
-9, 18, 62, 160, 43, 107,
-8, 217, 190, 241, 3, 224, 113,
0, 164, 37, 138, 185, 71,
1, 142, 139, 131, 88, 70,
#APP: Ooh, I needed that app?m1(116, 113, 18, 43, 101)!
#APP: Ooh, I needed that app?m2(116, 113, 18)!
#APP: Come get some app!m3(116)!
-22, 215, 77, 247, 254, 150,
-21, 140, 230, 242, 144, 28,
-14, 19, 147, 144, 94, 20,
-6, 155, 58, 116, 88, 197,
-5, 21, 199, 199, 60, 140,
#CLI: Ooh, I needed that app?m3(116)!
#CLI: We meet again, Doctor Jones!
#CLI: Come get some app!m1(116, 113, 129, 156, 120)!
-12, 190, 24, 156, 175, 128,
-2, 51, 58, 240, 136, 158,
-1, 67, 203, 28, 18, 173,
-4, 110, 164, 106, 116, 113, 64, 186,
-3, 23, 129, 28, 57, 241,
-18, 120, 156, 26, 135, 171,
-17, 138, 68, 192, 77, 20,
#CLI: Come get some app!m2(116, 113, 129)!
-24, 230, 6, 116, 235, 118,
-10, 142, 145, 194, 191, 86,
-9, 129, 69, 5, 191, 230,
-8, 188, 115, 183, 201, 36, 113,
0, 181, 59, 148, 244, 206,
1, 65, 101, 215, 181, 238,
#APP: Ooh, I needed that app?m1(116, 113, 129, 156, 120)!
#APP: Ooh, I needed that app?m2(116, 113, 129)!
#APP: Come get some app!m3(116)!
-22, 33, 77, 28, 129, 232,
-21, 218, 108, 36, 87, 44,
-14, 239, 216, 240, 78, 126,
-6, 99, 145, 116, 69, 234,
-5, 255, 227, 46, 251, 61,
#CLI: Ooh, I needed that app?m3(116)!
#CLI: We meet again, Doctor Jones!
#CLI: Come get some app!m1(116, 113, 97, 139, 11)!
-12, 100, 207, 139, 172, 16,
-2, 104, 74, 97, 176, 131,
-1, 163, 76, 211, 207, 112,
-4, 50, 176, 124, 116, 113, 98, 156,
-3, 106, 97, 145, 80, 147,
-18, 11, 101, 95, 252, 140,
-17, 162, 124, 254, 160, 121,
#CLI: Come get some app!m2(116, 113, 97)!
-24, 103, 14, 116, 56, 9,
-10, 198, 137, 226, 33, 102,
-9, 97, 19, 149, 206, 206,
-8, 198, 103, 214, 28, 113, 113,
0, 11, 64, 239, 164, 197,
1, 0, 28, 118, 175, 206,
#APP: Ooh, I needed that app?m1(116, 113, 97, 139, 11)!
#APP: Ooh, I needed that app?m2(116, 113, 97)!
#APP: Come get some app!m3(116)!
-22, 167, 185, 141, 254, 71,
-21, 132, 204, 17, 184, 39,
-14, 218, 83, 6, 26, 203,
-6, 102, 189, 116, 20, 199,
-5, 151, 99, 21, 176, 183,
#CLI: Ooh, I needed that app?m3(116)!
#CLI: We meet again, Doctor Jones!
#CLI: Come get some app!m1(116, 113, 157, 82, 254)!
-12, 126, 252, 82, 228, 44,
-2, 32, 178, 151, 138, 155,
-1, 171, 209, 81, 74, 166,
-4, 208, 30, 125, 116, 113, 62, 69,
-3, 200, 157, 2, 145, 90,
-18, 254, 44, 23, 62, 253,
-17, 196, 244, 94, 70, 239,
#CLI: Come get some app!m2(116, 113, 157)!
-24, 206, 123, 116, 194, 46,
-10, 170, 130, 151, 110, 53,
-9, 157, 149, 48, 116, 116,
-8, 73, 95, 34, 77, 35, 113,
0, 0, 9, 60, 35, 64,
1, 77, 232, 165, 39, 117,
#APP: Ooh, I needed that app?m1(116, 113, 157, 82, 254)!
#APP: Ooh, I needed that app?m2(116, 113, 157)!
#APP: Come get some app!m3(116)!
-22, 110, 12, 116, 4, 84,
-21, 128, 98, 129, 2, 31,
-14, 101, 123, 175, 207, 233,
-6, 240, 210, 116, 145, 86,
-5, 43, 229, 174, 129, 226,
#CLI: Ooh, I needed that app?m3(116)!
#CLI: We meet again, Doctor Jones!
#CLI: Come get some app!m1(116, 113, 178, 43, 35)!
-12, 112, 230, 43, 167, 35,
-2, 83, 198, 98, 245, 13,
-1, 83, 37, 107, 42, 80,
-4, 222, 25, 222, 116, 113, 171, 245,
-3, 98, 178, 238, 253, 26,
-18, 35, 42, 125, 150, 55,
-17, 69, 202, 58, 5, 66,
#CLI: Come get some app!m2(116, 113, 178)!
-24, 37, 245, 116, 167, 187,
-10, 68, 167, 162, 160, 41,
-9, 178, 71, 34, 159, 142,
-8, 38, 238, 77, 52, 218, 113,
0, 120, 191, 27, 114, 117,
1, 70, 86, 6, 229, 253,
#APP: Ooh, I needed that app?m1(116, 113, 178, 43, 35)!
#APP: Ooh, I needed that app?m2(116, 113, 178)!
#APP: Come get some app!m3(116)!
-22, 246, 30, 10, 191, 148,
-21, 46, 61, 3, 60, 139,
-14, 13, 183, 245, 184, 36,
-6, 30, 75, 116, 119, 248,
-5, 8, 63, 192, 243, 23,
#CLI: Ooh, I needed that app?m3(116)!
#CLI: We meet again, Doctor Jones!
#CLI: Come get some app!m1(116, 113, 100, 244, 161)!
-12, 90, 175, 244, 171, 66,
-2, 39, 19, 126, 118, 117,
-1, 234, 158, 106, 16, 109,
-4, 153, 55, 52, 116, 113, 135, 118,
-3, 236, 100, 100, 150, 102,
-18, 161, 207, 37, 91, 197,
-17, 122, 105, 185, 243, 9,
#CLI: Come get some app!m2(116, 113, 100)!
-24, 16, 35, 116, 224, 184,
-10, 57, 203, 104, 202, 132,
-9, 100, 13, 252, 220, 137,
-8, 55, 156, 122, 235, 50, 113,
0, 140, 71, 231, 102, 93,
1, 197, 97, 25, 7, 255,
#APP: Ooh, I needed that app?m1(116, 113, 100, 244, 161)!
#APP: Ooh, I needed that app?m2(116, 113, 100)!
#APP: Come get some app!m3(116)!
-22, 181, 194, 223, 79, 38,
-21, 206, 12, 70, 181, 79,
-14, 100, 13, 187, 7, 152,
-6, 191, 84, 116, 172, 75,
-5, 247, 47, 9, 152, 39,
#CLI: Ooh, I needed that app?m3(116)!
#CLI: We meet again, Doctor Jones!
#CLI: Come get some app!m1(116, 113, 66, 236, 154)!
-12, 44, 44, 236, 57, 130,
-2, 155, 78, 3, 125, 83,
-1, 86, 206, 81, 155, 142,
-4, 122, 220, 171, 116, 113, 55, 128,
-3, 99, 66, 73, 13, 23,
-18, 154, 70, 98, 167, 164,
-17, 35, 233, 195, 33, 105,
#CLI: Come get some app!m2(116, 113, 66)!
-24, 42, 21, 116, 200, 232,
-10, 25, 129, 181, 249, 91,
-9, 66, 168, 167, 209, 201,
-8, 183, 222, 183, 186, 35, 113,
0, 212, 222, 157, 88, 75,
1, 206, 104, 143, 102, 87,
#APP: Ooh, I needed that app?m1(116, 113, 66, 236, 154)!
#APP: Ooh, I needed that app?m2(116, 113, 66)!
#APP: Come get some app!m3(116)!
-22, 92, 146, 166, 148, 106,
-21, 121, 213, 232, 35, 78,
-14, 121, 116, 198, 226, 109,
-6, 166, 251, 116, 76, 16,
-5, 24, 40, 156, 76, 26,
#CLI: Ooh, I needed that app?m3(116)!
#CLI: We meet again, Doctor Jones!
#CLI: Come get some app!m1(116, 113, 156, 112, 247)!
-12, 26, 64, 112, 121, 122,
-2, 98, 204, 247, 91, 175,
-1, 201, 126, 108, 226, 47,
-4, 245, 30, 192, 116, 113, 143, 153,
-3, 241, 156, 74, 18, 74,
-18, 247, 155, 155, 10, 199,
-17, 136, 211, 194, 67, 209,
#CLI: Come get some app!m2(116, 113, 156)!
-24, 92, 170, 116, 195, 55,
-10, 130, 166, 194, 79, 107,
-9, 156, 47, 14, 60, 69,
-8, 40, 72, 92, 162, 29, 113,
0, 180, 2, 40, 198, 149,
1, 224, 88, 38, 86, 7,
#APP: Ooh, I needed that app?m1(116, 113, 156, 112, 247)!
#APP: Ooh, I needed that app?m2(116, 113, 156)!
#APP: Come get some app!m3(116)!
-22, 123, 154, 37, 114, 254,
-21, 62, 186, 56, 199, 230,
-14, 98, 245, 104, 13, 144,
-6, 172, 204, 116, 185, 227,
-5, 246, 222, 58, 125, 1,
#CLI: Ooh, I needed that app?m3(116)!
#CLI: We meet again, Doctor Jones!
#CLI: Come get some app!m1(116, 113, 111, 93, 47)!
-12, 55, 120, 93, 146, 65,
-2, 13, 220, 28, 109, 94,
-1, 195, 235, 255, 19, 138,
-4, 189, 98, 2, 116, 113, 125, 95,
-3, 245, 111, 142, 193, 91,
-18, 47, 107, 230, 30, 85,
-17, 251, 135, 2, 62, 58,
#CLI: Come get some app!m2(116, 113, 111)!
-24, 9, 105, 116, 145, 42,
-10, 230, 183, 55, 213, 189,
-9, 111, 24, 186, 38, 217,
-8, 5, 55, 124, 85, 118, 113,
0, 129, 196, 170, 5, 43,
1, 176, 22, 236, 111, 5,
#APP: Ooh, I needed that app?m1(116, 113, 111, 93, 47)!
#APP: Ooh, I needed that app?m2(116, 113, 111)!
#APP: Come get some app!m3(116)!
-22, 54, 103, 42, 133, 133,
-21, 88, 240, 151, 77, 175,
-14, 218, 3, 0, 132, 211,
-6, 81, 141, 116, 85, 155,
-5, 86, 201, 200, 227, 34,
#CLI: Ooh, I needed that app?m3(116)!
#CLI: We meet again, Doctor Jones!
#CLI: Come get some app!m1(116, 113, 159, 153, 80)!
-12, 73, 225, 153, 211, 29,
-2, 182, 39, 80, 153, 225,
-1, 99, 122, 179, 148, 222,
-4, 211, 100, 86, 116, 113, 234, 103,
-3, 79, 159, 181, 45, 67,
-18, 80, 16, 10, 18, 95,
-17, 217, 143, 106, 94, 250,
#CLI: Come get some app!m2(116, 113, 159)!
-24, 87, 151, 116, 86, 152,
-10, 147, 158, 97, 231, 198,
-9, 159, 191, 99, 193, 249,
-8, 37, 199, 159, 55, 230, 113,
0, 75, 19, 120, 0, 208,
1, 176, 211, 147, 107, 238,
#APP: Ooh, I needed that app?m1(116, 113, 159, 153, 80)!
#APP: Ooh, I needed that app?m2(116, 113, 159)!
#APP: Come get some app!m3(116)!
-22, 160, 148, 174, 210, 64,
-21, 60, 44, 0, 242, 121,
-14, 66, 130, 194, 225, 191,
-6, 71, 18, 116, 197, 175,
-5, 48, 150, 125, 230, 198,
#CLI: Ooh, I needed that app?m3(116)!
#CLI: We meet again, Doctor Jones!
#CLI: Come get some app!m1(116, 113, 76, 17, 65)!
-12, 33, 5, 17, 182, 195,
-2, 232, 249, 58, 144, 24,
-1, 59, 30, 172, 170, 96,
-4, 198, 108, 245, 116, 113, 231, 87,
-3, 138, 76, 129, 121, 163,
-18, 65, 187, 91, 210, 4,
-17, 54, 157, 135, 193, 248,
#CLI: Come get some app!m2(116, 113, 76)!
-24, 211, 95, 116, 58, 224,
-10, 215, 59, 214, 229, 253,
-9, 76, 106, 213, 81, 235,
-8, 131, 178, 25, 37, 87, 113,
0, 21, 15, 68, 33, 38,
1, 27, 49, 116, 230, 10,
#APP: Ooh, I needed that app?m1(116, 113, 76, 17, 65)!
#APP: Ooh, I needed that app?m2(116, 113, 76)!
#APP: Come get some app!m3(116)!
-22, 166, 108, 158, 25, 182,
-21, 117, 69, 167, 226, 106,
-14, 77, 73, 31, 175, 180,
-6, 67, 123, 116, 32, 21,
-5, 199, 246, 182, 202, 147,
#CLI: Ooh, I needed that app?m3(116)!
#CLI: We meet again, Doctor Jones!
#CLI: Come get some app!m1(116, 113, 67, 10, 102)!
-12, 243, 231, 10, 177, 92,
-2, 243, 144, 209, 99, 69,
-1, 99, 73, 113, 19, 14,
-4, 135, 8, 45, 116, 113, 80, 242,
-3, 26, 67, 246, 94, 196,
-18, 102, 240, 111, 84, 151,
-17, 153, 176, 214, 53, 184,
#CLI: Come get some app!m2(116, 113, 67)!
-24, 198, 154, 116, 191, 99,
-10, 82, 138, 120, 245, 240,
-9, 67, 90, 185, 93, 186,
-8, 57, 244, 91, 12, 95, 113,
0, 218, 82, 209, 131, 104,
1, 128, 79, 97, 56, 0,
#APP: Ooh, I needed that app?m1(116, 113, 67, 10, 102)!
#APP: Ooh, I needed that app?m2(116, 113, 67)!
#APP: Come get some app!m3(116)!
-22, 137, 69, 242, 26, 247,
-21, 59, 11, 247, 255, 147,
-14, 129, 104, 20, 61, 117,
-6, 13, 144, 116, 115, 184,
-5, 153, 134, 173, 40, 73,
#CLI: Ooh, I needed that app?m3(116)!
#CLI: We meet again, Doctor Jones!
#CLI: Come get some app!m1(116, 113, 143, 160, 202)!
-12, 130, 235, 160, 198, 170,
-2, 224, 195, 113, 136, 210,
-1, 172, 81, 68, 189, 68,
-4, 71, 164, 25, 116, 113, 215, 61,
-3, 205, 143, 94, 90, 149,
-18, 202, 211, 62, 145, 91,
-17, 212, 0, 117, 169, 15,
#CLI: Come get some app!m2(116, 113, 143)!
-24, 99, 172, 116, 119, 173,
-10, 173, 92, 19, 113, 249,
-9, 143, 162, 243, 30, 65,
-8, 6, 73, 244, 173, 30, 113,
0, 99, 27, 252, 250, 244,
1, 251, 59, 154, 55, 163,
#APP: Ooh, I needed that app?m1(116, 113, 143, 160, 202)!
#APP: Ooh, I needed that app?m2(116, 113, 143)!
#APP: Come get some app!m3(116)!
-22, 171, 186, 167, 110, 68,
-21, 227, 237, 244, 77, 133,
-14, 148, 232, 217, 83, 116,
-6, 9, 225, 116, 143, 214,
-5, 237, 153, 227, 53, 132,
#CLI: Ooh, I needed that app?m3(116)!
#CLI: We meet again, Doctor Jones!
#CLI: Come get some app!m1(116, 113, 60, 77, 210)!
-12, 197, 145, 77, 187, 163,
-2, 52, 204, 124, 188, 0,
-1, 26, 250, 199, 80, 27,
-4, 80, 6, 71, 116, 113, 127, 201,
-3, 226, 60, 194, 80, 173,
-18, 210, 141, 225, 134, 59,
-17, 94, 19, 8, 118, 3,
#CLI: Come get some app!m2(116, 113, 60)!
-24, 112, 190, 116, 180, 36,
-10, 97, 188, 174, 191, 22,
-9, 60, 70, 202, 124, 9,
-8, 139, 196, 199, 45, 3, 113,
0, 233, 66, 71, 88, 191,
1, 57, 78, 201, 188, 92,
#APP: Ooh, I needed that app?m1(116, 113, 60, 77, 210)!
#APP: Ooh, I needed that app?m2(116, 113, 60)!
#APP: Come get some app!m3(116)!
-22, 178, 158, 75, 151, 5,
-21, 218, 43, 0, 254, 187,
-14, 107, 66, 200, 148, 142,
-6, 232, 151, 116, 156, 217,
-5, 186, 111, 26, 248, 202,
#CLI: Ooh, I needed that app?m3(116)!
#CLI: We meet again, Doctor Jones!
#CLI: Come get some app!m1(116, 113, 53, 119, 154)!
-12, 18, 153, 119, 81, 89,
-2, 189, 190, 136, 119, 30,
-1, 253, 206, 210, 217, 30,
-4, 164, 77, 58, 116, 113, 74, 238,
-3, 1, 53, 8, 28, 174,
-18, 154, 134, 114, 128, 162,
-17, 245, 84, 207, 59, 226,
#CLI: Come get some app!m2(116, 113, 53)!
-24, 88, 120, 116, 9, 80,
-10, 108, 68, 2, 228, 204,
-9, 53, 88, 57, 68, 97,
-8, 16, 248, 89, 120, 69, 113,
0, 25, 157, 221, 162, 103,
1, 154, 219, 78, 20, 208,
#APP: Ooh, I needed that app?m1(116, 113, 53, 119, 154)!
#APP: Ooh, I needed that app?m2(116, 113, 53)!
#APP: Come get some app!m3(116)!
-22, 227, 145, 252, 244, 132,
-21, 216, 0, 195, 1, 127,
-14, 227, 236, 11, 76, 82,
-6, 45, 123, 116, 243, 70,
-5, 168, 201, 89, 212, 190,
#CLI: Ooh, I needed that app?m3(116)!
#CLI: We meet again, Doctor Jones!
#CLI: Come get some app!m1(116, 113, 212, 115, 172)!
-12, 151, 59, 115, 21, 47,
-2, 201, 150, 40, 144, 195,
-1, 250, 173, 217, 158, 84,
-4, 225, 139, 178, 116, 113, 6, 109,
-3, 138, 212, 231, 48, 247,
-18, 172, 180, 84, 251, 63,
-17, 123, 220, 214, 99, 58,
#CLI: Come get some app!m2(116, 113, 212)!
-24, 138, 134, 116, 214, 240,
-10, 136, 201, 93, 223, 137,
-9, 212, 236, 212, 102, 122,
-8, 129, 162, 222, 161, 13, 113,
0, 242, 229, 19, 97, 185,
1, 113, 79, 132, 16, 24,
#APP: Ooh, I needed that app?m1(116, 113, 212, 115, 172)!
#APP: Ooh, I needed that app?m2(116, 113, 212)!
#APP: Come get some app!m3(116)!
-22, 106, 64, 166, 133, 111,
-21, 108, 171, 133, 150, 148,
-14, 191, 28, 74, 4, 40,
-6, 91, 192, 116, 187, 154,
-5, 238, 241, 222, 7, 169,
#CLI: Ooh, I needed that app?m3(116)!
#CLI: We meet again, Doctor Jones!
#CLI: Come get some app!m1(116, 113, 187, 190, 237)!
-12, 156, 32, 190, 69, 152,
-2, 74, 180, 123, 43, 95,
-1, 118, 78, 235, 9, 151,
-4, 214, 22, 234, 116, 113, 1, 13,
-3, 76, 187, 61, 155, 210,
-18, 237, 94, 63, 158, 183,
-17, 220, 158, 142, 200, 146,
#CLI: Come get some app!m2(116, 113, 187)!
-24, 212, 184, 116, 166, 192,
-10, 219, 192, 185, 224, 244,
-9, 187, 26, 123, 219, 191,
-8, 75, 195, 184, 43, 112, 113,
0, 67, 116, 110, 10, 237,
1, 132, 155, 151, 140, 2,
#APP: Ooh, I needed that app?m1(116, 113, 187, 190, 237)!
#APP: Ooh, I needed that app?m2(116, 113, 187)!
#APP: Come get some app!m3(116)!
-22, 77, 85, 236, 58, 75,
-21, 74, 113, 183, 109, 42,
-14, 41, 216, 69, 183, 149,
-6, 199, 72, 116, 114, 166,
-5, 86, 138, 95, 161, 242,
#CLI: Ooh, I needed that app?m3(116)!
#CLI: We meet again, Doctor Jones!
#CLI: Come get some app!m1(116, 113, 72, 241, 32)!
-12, 0, 189, 241, 47, 180,
-2, 214, 66, 8, 223, 62,
-1, 69, 22, 250, 44, 48,
-4, 250, 111, 136, 116, 113, 87, 205,
-3, 67, 72, 61, 14, 251,
-18, 32, 187, 95, 207, 213,
-17, 6, 196, 255, 240, 85,
#CLI: Come get some app!m2(116, 113, 72)!
-24, 81, 225, 116, 147, 182,
-10, 44, 175, 242, 226, 10,
-9, 72, 150, 147, 165, 251,
-8, 24, 25, 192, 41, 138, 113,
0, 78, 190, 81, 226, 3,
1, 74, 146, 49, 223, 59,
#APP: Ooh, I needed that app?m1(116, 113, 72, 241, 32)!
#APP: Ooh, I needed that app?m2(116, 113, 72)!
#APP: Come get some app!m3(116)!
-22, 40, 26, 121, 2, 46,
-21, 176, 146, 18, 85, 197,
-14, 188, 166, 156, 7, 73,
-6, 140, 104, 116, 86, 117,
-5, 182, 44, 0, 3, 57,
#CLI: Ooh, I needed that app?m3(116)!
#CLI: We meet again, Doctor Jones!
#CLI: Come get some app!m1(116, 113, 79, 20, 169)!
-12, 234, 173, 20, 68, 202,
-2, 122, 108, 241, 219, 110,
-1, 119, 39, 7, 71, 138,
-4, 61, 177, 14, 116, 113, 83, 135,
-3, 112, 79, 20, 148, 44,
-18, 169, 4, 24, 110, 92,
-17, 61, 40, 77, 140, 148,
#CLI: Come get some app!m2(116, 113, 79)!
-24, 242, 191, 116, 224, 237,
-10, 133, 255, 149, 1, 239,
-9, 79, 41, 47, 83, 31,
-8, 246, 31, 134, 52, 112, 113,
0, 125, 39, 57, 189, 1,
1, 55, 215, 83, 141, 99,
#APP: Ooh, I needed that app?m1(116, 113, 79, 20, 169)!
#APP: Ooh, I needed that app?m2(116, 113, 79)!
#APP: Come get some app!m3(116)!
-22, 238, 246, 196, 22, 38,
-21, 80, 27, 254, 145, 10,
-14, 81, 222, 29, 178, 98,
-6, 24, 168, 116, 194, 206,
-5, 14, 129, 238, 110, 15,
#CLI: Ooh, I needed that app?m3(116)!
#CLI: We meet again, Doctor Jones!
#CLI: Come get some app!m1(116, 113, 223, 78, 218)!
-12, 18, 126, 78, 54, 185,
-2, 103, 247, 202, 116, 59,
-1, 82, 74, 44, 18, 252,
-4, 64, 116, 54, 116, 113, 33, 22,
-3, 56, 223, 16, 167, 81,
-18, 218, 181, 91, 100, 159,
-17, 214, 197, 167, 158, 212,
#CLI: Come get some app!m2(116, 113, 223)!
-24, 153, 91, 116, 31, 230,
-10, 43, 155, 219, 213, 13,
-9, 223, 151, 110, 7, 33,
-8, 231, 241, 3, 134, 5, 113,
0, 39, 178, 175, 69, 133,
1, 95, 183, 185, 183, 186,
#APP: Ooh, I needed that app?m1(116, 113, 223, 78, 218)!
#APP: Ooh, I needed that app?m2(116, 113, 223)!
#APP: Come get some app!m3(116)!
-22, 190, 77, 66, 113, 125,
-21, 80, 177, 226, 70, 126,
-14, 118, 242, 142, 218, 156,
-6, 237, 157, 116, 177, 174,
-5, 203, 92, 17, 249, 132,
#CLI: Ooh, I needed that app?m3(116)!
#CLI: We meet again, Doctor Jones!
#CLI: Come get some app!m1(116, 113, 69, 201, 159)!
-12, 251, 226, 201, 80, 95,
-2, 253, 211, 156, 74, 139,
-1, 180, 0, 228, 113, 193,
-4, 193, 28, 223, 116, 113, 35, 22,
-3, 175, 69, 143, 136, 165,
-18, 159, 197, 231, 227, 99,
-17, 227, 119, 62, 228, 66,
#CLI: Come get some app!m2(116, 113, 69)!
-24, 8, 119, 116, 104, 46,
-10, 14, 212, 136, 7, 175,
-9, 69, 179, 41, 132, 244,
-8, 101, 141, 138, 82, 238, 113,
0, 104, 7, 145, 69, 231,
1, 237, 97, 81, 219, 26,
#APP: Ooh, I needed that app?m1(116, 113, 69, 201, 159)!
#APP: Ooh, I needed that app?m2(116, 113, 69)!
#APP: Come get some app!m3(116)!
-22, 81, 171, 0, 19, 207,
-21, 33, 76, 144, 185, 182,
-14, 78, 122, 151, 165, 25,
-6, 39, 124, 116, 206, 21,
-5, 45, 222, 67, 156, 211,
#CLI: Ooh, I needed that app?m3(116)!
#CLI: We meet again, Doctor Jones!
#CLI: Come get some app!m1(116, 113, 154, 188, 213)!
-12, 235, 201, 188, 83, 124,
-2, 36, 7, 95, 216, 95,
-1, 146, 218, 3, 19, 184,
-4, 210, 109, 85, 116, 113, 229, 187,
-3, 235, 154, 130, 181, 104,
-18, 213, 230, 168, 76, 136,
-17, 177, 49, 107, 36, 80,
#CLI: Come get some app!m2(116, 113, 154)!
-24, 146, 32, 116, 11, 190,
-10, 205, 159, 203, 38, 29,
-9, 154, 179, 215, 243, 235,
-8, 20, 37, 225, 171, 237, 113,
0, 131, 68, 47, 15, 59,
1, 78, 78, 158, 216, 117,
#APP: Ooh, I needed that app?m1(116, 113, 154, 188, 213)!
#APP: Ooh, I needed that app?m2(116, 113, 154)!
#APP: Come get some app!m3(116)!
-22, 34, 67, 245, 109, 73,
-21, 112, 20, 172, 87, 174,
-14, 180, 9, 161, 86, 180,
-6, 231, 87, 116, 32, 27,
-5, 98, 17, 139, 19, 235,
#CLI: Ooh, I needed that app?m3(116)!
#CLI: We meet again, Doctor Jones!
#CLI: Come get some app!m1(116, 113, 37, 191, 128)!
-12, 33, 186, 191, 172, 174,
-2, 177, 77, 213, 95, 103,
-1, 199, 126, 66, 179, 220,
-4, 164, 243, 39, 116, 113, 57, 234,
-3, 11, 37, 202, 95, 29,
-18, 128, 77, 104, 135, 54,
-17, 59, 18, 75, 225, 170,
#CLI: Come get some app!m2(116, 113, 37)!
-24, 25, 61, 116, 211, 225,
-10, 189, 27, 141, 251, 214,
-9, 37, 241, 97, 91, 8,
-8, 169, 16, 254, 61, 22, 113,
0, 142, 42, 166, 90, 133,
1, 71, 34, 123, 40, 14,
#APP: Ooh, I needed that app?m1(116, 113, 37, 191, 128)!
#APP: Ooh, I needed that app?m2(116, 113, 37)!
#APP: Come get some app!m3(116)!
-22, 9, 144, 238, 46, 96,
-21, 58, 41, 8, 251, 61,
-14, 34, 160, 195, 239, 174,
-6, 105, 58, 116, 117, 59,
-5, 186, 57, 58, 248, 197,
#CLI: Ooh, I needed that app?m3(116)!
#CLI: We meet again, Doctor Jones!
#CLI: Come get some app!m1(116, 113, 112, 77, 192)!
-12, 92, 81, 77, 150, 6,
-2, 72, 62, 48, 203, 167,
-1, 212, 157, 121, 22, 89,
-4, 121, 0, 96, 116, 113, 173, 89,
-3, 254, 112, 16, 234, 30,
-18, 192, 246, 122, 187, 115,
-17, 249, 13, 43, 178, 175,
#CLI: Come get some app!m2(116, 113, 112)!
-24, 77, 160, 116, 102, 20,
-10, 65, 63, 62, 151, 176,
-9, 112, 56, 203, 24, 74,
-8, 241, 245, 173, 106, 236, 113,
0, 225, 84, 27, 19, 84,
1, 253, 46, 159, 165, 154,
#APP: Ooh, I needed that app?m1(116, 113, 112, 77, 192)!
#APP: Ooh, I needed that app?m2(116, 113, 112)!
#APP: Come get some app!m3(116)!
-22, 72, 166, 202, 24, 169,
-21, 123, 48, 255, 144, 123,
-14, 78, 103, 97, 234, 80,
-6, 251, 8, 116, 93, 239,
-5, 241, 97, 128, 112, 44,
#CLI: Ooh, I needed that app?m3(116)!
#CLI: We meet again, Doctor Jones!
#CLI: Come get some app!m1(116, 113, 120, 129, 218)!
-12, 57, 81, 129, 62, 126,
-2, 24, 140, 116, 48, 44,
-1, 60, 72, 99, 32, 195,
-4, 13, 192, 245, 116, 113, 126, 111,
-3, 203, 120, 14, 200, 253,
-18, 218, 160, 23, 123, 63,
-17, 216, 159, 250, 25, 76,
#CLI: Come get some app!m2(116, 113, 120)!
-24, 152, 134, 116, 129, 49,
-10, 61, 129, 254, 242, 131,
-9, 120, 48, 32, 34, 225,
-8, 147, 203, 155, 145, 34, 113,
0, 162, 216, 226, 189, 179,
1, 154, 170, 55, 224, 64,
#APP: Ooh, I needed that app?m1(116, 113, 120, 129, 218)!
#APP: Ooh, I needed that app?m2(116, 113, 120)!
#APP: Come get some app!m3(116)!
-22, 164, 179, 188, 73, 155,
-21, 166, 1, 121, 26, 49,
-14, 121, 175, 26, 132, 133,
-6, 225, 130, 116, 90, 56,
-5, 128, 229, 130, 46, 92,
#CLI: Ooh, I needed that app?m3(116)!
#CLI: We meet again, Doctor Jones!
#CLI: Come get some app!m1(116, 113, 124, 65, 201)!
-12, 214, 153, 65, 80, 88,
-2, 244, 99, 182, 72, 33,
-1, 124, 62, 160, 247, 197,
-4, 113, 230, 226, 116, 113, 209, 143,
-3, 209, 124, 122, 144, 223,
-18, 201, 122, 203, 165, 246,
-17, 130, 81, 110, 196, 94,
#CLI: Come get some app!m2(116, 113, 124)!
-24, 6, 232, 116, 97, 8,
-10, 225, 136, 74, 179, 65,
-9, 124, 9, 9, 202, 132,
-8, 37, 15, 71, 204, 6, 113,
0, 20, 18, 251, 246, 181,
1, 124, 141, 208, 55, 73,
#APP: Ooh, I needed that app?m1(116, 113, 124, 65, 201)!
#APP: Ooh, I needed that app?m2(116, 113, 124)!
#APP: Come get some app!m3(116)!
-22, 31, 116, 92, 162, 157,
-21, 47, 249, 117, 230, 36,
-14, 107, 84, 60, 154, 192,
-6, 131, 177, 116, 246, 115,
-5, 90, 167, 36, 71, 123,
#CLI: Ooh, I needed that app?m3(116)!
#CLI: We meet again, Doctor Jones!
#CLI: Come get some app!m1(116, 113, 166, 25, 110)!
-12, 65, 235, 25, 90, 69,
-2, 180, 242, 220, 237, 91,
-1, 24, 143, 83, 126, 154,
-4, 172, 160, 65, 116, 113, 170, 106,
-3, 219, 166, 30, 143, 43,
-18, 110, 178, 250, 99, 238,
-17, 141, 88, 90, 202, 222,
#CLI: Come get some app!m2(116, 113, 166)!
-24, 111, 96, 116, 195, 184,
-10, 86, 2, 231, 250, 181,
-9, 166, 53, 2, 0, 252,
-8, 96, 84, 41, 130, 61, 113,
0, 166, 152, 138, 137, 84,
1, 44, 237, 3, 94, 250,
#APP: Ooh, I needed that app?m1(116, 113, 166, 25, 110)!
#APP: Ooh, I needed that app?m2(116, 113, 166)!
#APP: Come get some app!m3(116)!
-22, 102, 216, 174, 50, 174,
-21, 80, 124, 88, 153, 74,
-14, 155, 186, 182, 53, 210,
-6, 150, 184, 116, 225, 52,
-5, 138, 186, 233, 63, 30,
#CLI: Ooh, I needed that app?m3(116)!
#CLI: We meet again, Doctor Jones!
#CLI: Come get some app!m1(116, 113, 76, 85, 132)!
-12, 243, 87, 85, 126, 147,
-2, 80, 57, 94, 226, 19,
-1, 3, 18, 104, 152, 51,
-4, 43, 193, 51, 116, 113, 244, 227,
-3, 144, 76, 8, 211, 41,
-18, 132, 147, 103, 183, 81,
-17, 95, 15, 31, 217, 145,
#CLI: Come get some app!m2(116, 113, 76)!
-24, 218, 53, 116, 24, 98,
-10, 222, 226, 254, 255, 24,
-9, 76, 229, 28, 141, 180,
-8, 234, 132, 43, 239, 187, 113,
0, 177, 237, 212, 70, 254,
1, 110, 95, 111, 71, 179,
#APP: Ooh, I needed that app?m1(116, 113, 76, 85, 132)!
#APP: Ooh, I needed that app?m2(116, 113, 76)!
#APP: Come get some app!m3(116)!
-22, 57, 83, 0, 117, 234,
-21, 81, 175, 140, 202, 245,
-14, 50, 30, 89, 83, 122,
-6, 149, 34, 116, 204, 142,
-5, 163, 167, 10, 72, 173,
#CLI: Ooh, I needed that app?m3(116)!
#CLI: We meet again, Doctor Jones!
#CLI: Come get some app!m1(116, 113, 49, 0, 246)!
-12, 238, 16, 0, 4, 186,
-2, 42, 20, 152, 53, 217,
-1, 121, 189, 255, 49, 204,
-4, 24, 213, 242, 116, 113, 189, 111,
-3, 105, 49, 154, 102, 241,
-18, 246, 238, 117, 115, 3,
-17, 123, 207, 46, 148, 51,
#CLI: Come get some app!m2(116, 113, 49)!
-24, 70, 33, 116, 129, 61,
-10, 123, 204, 201, 117, 58,
-9, 49, 237, 17, 51, 249,
-8, 11, 56, 215, 218, 147, 113,
0, 73, 114, 251, 198, 130,
1, 219, 45, 65, 66, 191,
#APP: Ooh, I needed that app?m1(116, 113, 49, 0, 246)!
#APP: Ooh, I needed that app?m2(116, 113, 49)!
#APP: Come get some app!m3(116)!
-22, 136, 125, 51, 182, 226,
-21, 130, 92, 21, 62, 113,
-14, 22, 144, 72, 31, 4,
-6, 34, 142, 116, 109, 45,
-5, 132, 217, 96, 240, 111,
#CLI: Ooh, I needed that app?m3(116)!
#CLI: We meet again, Doctor Jones!
#CLI: Come get some app!m1(116, 113, 248, 175, 150)!
-12, 211, 62, 175, 144, 176,
-2, 88, 151, 46, 155, 77,
-1, 161, 137, 169, 127, 219,
-4, 67, 234, 134, 116, 113, 142, 23,
-3, 23, 248, 74, 15, 184,
-18, 150, 221, 18, 230, 35,
-17, 41, 116, 199, 14, 50,
#CLI: Come get some app!m2(116, 113, 248)!
-24, 38, 168, 116, 77, 169,
-10, 217, 25, 224, 245, 132,
-9, 248, 139, 199, 91, 106,
-8, 100, 130, 63, 233, 209, 113,
0, 135, 55, 249, 193, 78,
1, 133, 245, 110, 172, 34,
#APP: Ooh, I needed that app?m1(116, 113, 248, 175, 150)!
#APP: Ooh, I needed that app?m2(116, 113, 248)!
#APP: Come get some app!m3(116)!
-22, 224, 195, 66, 60, 65,
-21, 77, 138, 234, 228, 239,
-14, 255, 117, 254, 130, 254,
-6, 145, 30, 116, 60, 214,
-5, 71, 73, 75, 7, 249,
#CLI: Ooh, I needed that app?m3(116)!
#CLI: We meet again, Doctor Jones!
#CLI: Come get some app!m1(116, 113, 252, 141, 120)!
-12, 158, 238, 141, 128, 229,
-2, 36, 50, 178, 183, 238,
-1, 28, 8, 73, 133, 29,
-4, 67, 200, 156, 116, 113, 231, 98,
-3, 233, 252, 219, 106, 112,
-18, 120, 31, 117, 162, 174,
-17, 29, 199, 88, 3, 132,
#CLI: Come get some app!m2(116, 113, 252)!
-24, 91, 99, 116, 85, 70,
-10, 0, 140, 143, 213, 249,
-9, 252, 172, 215, 134, 185,
-8, 77, 169, 241, 3, 92, 113,
0, 73, 33, 133, 206, 80,
1, 162, 75, 133, 143, 96,
#APP: Ooh, I needed that app?m1(116, 113, 252, 141, 120)!
#APP: Ooh, I needed that app?m2(116, 113, 252)!
#APP: Come get some app!m3(116)!
-22, 193, 73, 76, 232, 137,
-21, 143, 93, 90, 91, 101,
-14, 245, 198, 228, 5, 106,
-6, 211, 202, 116, 226, 98,
-5, 189, 199, 102, 136, 62,
#CLI: Ooh, I needed that app?m3(116)!
#CLI: We meet again, Doctor Jones!
#CLI: Come get some app!m1(116, 113, 59, 225, 100)!
-12, 50, 237, 225, 253, 12,
-2, 12, 6, 221, 65, 49,
-1, 191, 246, 201, 12, 174,
-4, 111, 134, 247, 116, 113, 246, 60,
-3, 134, 59, 126, 195, 61,
-18, 100, 88, 203, 198, 194,
-17, 75, 126, 63, 31, 237,
#CLI: Come get some app!m2(116, 113, 59)!
-24, 22, 120, 116, 67, 218,
-10, 250, 166, 112, 154, 221,
-9, 59, 96, 217, 161, 181,
-8, 33, 158, 120, 88, 245, 113,
0, 54, 122, 102, 18, 233,
1, 135, 88, 61, 98, 121,
#APP: Ooh, I needed that app?m1(116, 113, 59, 225, 100)!
#APP: Ooh, I needed that app?m2(116, 113, 59)!
#APP: Come get some app!m3(116)!
-22, 214, 24, 90, 77, 9,
-21, 38, 2, 0, 4, 71,
-14, 8, 189, 60, 193, 126,
-6, 140, 220, 116, 244, 29,
-5, 173, 122, 198, 55, 94,
#CLI: Ooh, I needed that app?m3(116)!
#CLI: We meet again, Doctor Jones!
#CLI: Come get some app!m1(116, 113, 21, 32, 45)!
-12, 123, 253, 32, 193, 111,
-2, 228, 32, 148, 96, 102,
-1, 189, 174, 31, 144, 53,
-4, 151, 227, 1, 116, 113, 140, 65,
-3, 179, 21, 143, 213, 216,
-18, 45, 64, 170, 224, 149,
-17, 9, 164, 187, 32, 70,
#CLI: Come get some app!m2(116, 113, 21)!
-24, 38, 7, 116, 233, 6,
-10, 188, 55, 75, 184, 175,
-9, 21, 25, 18, 147, 61,
-8, 169, 247, 86, 81, 251, 113,
0, 70, 207, 27, 213, 235,
1, 81, 217, 103, 73, 240,
#APP: Ooh, I needed that app?m1(116, 113, 21, 32, 45)!
#APP: Ooh, I needed that app?m2(116, 113, 21)!
#APP: Come get some app!m3(116)!
-22, 143, 168, 109, 65, 115,
-21, 90, 8, 11, 156, 248,
-14, 62, 175, 164, 106, 13,
-6, 166, 203, 116, 2, 224,
-5, 135, 125, 148, 36, 50,
#CLI: Ooh, I needed that app?m3(116)!
#CLI: We meet again, Doctor Jones!
#CLI: Come get some app!m1(116, 113, 77, 65, 61)!
-12, 29, 101, 65, 167, 94,
-2, 66, 59, 158, 39, 229,
-1, 38, 214, 174, 76, 16,
-4, 229, 250, 91, 116, 113, 41, 57,
-3, 111, 77, 175, 219, 248,
-18, 61, 207, 251, 207, 8,
-17, 163, 119, 130, 195, 114,
#CLI: Come get some app!m2(116, 113, 77)!
-24, 211, 10, 116, 134, 16,
-10, 27, 188, 51, 27, 138,
-9, 77, 160, 90, 175, 202,
-8, 105, 41, 123, 146, 11, 113,
0, 193, 69, 213, 255, 12,
1, 237, 95, 151, 117, 234,
#APP: Ooh, I needed that app?m1(116, 113, 77, 65, 61)!
#APP: Ooh, I needed that app?m2(116, 113, 77)!
#APP: Come get some app!m3(116)!
-22, 142, 186, 224, 81, 143,
-21, 34, 116, 106, 75, 118,
-14, 76, 203, 80, 114, 195,
-6, 54, 142, 116, 105, 210,
-5, 113, 9, 190, 203, 49,
#CLI: Ooh, I needed that app?m3(116)!
#CLI: We meet again, Doctor Jones!
#CLI: Come get some app!m1(116, 113, 156, 148, 171)!
-12, 145, 238, 148, 148, 12,
-2, 189, 247, 211, 199, 170,
-1, 126, 27, 72, 80, 212,
-4, 64, 88, 89, 116, 113, 19, 206,
-3, 119, 156, 32, 127, 8,
-18, 171, 68, 75, 153, 176,
-17, 129, 25, 168, 14, 104,
#CLI: Come get some app!m2(116, 113, 156)!
-24, 70, 215, 116, 170, 75,
-10, 70, 168, 159, 209, 56,
-9, 156, 35, 70, 28, 167,
-8, 188, 252, 77, 11, 156, 113,
0, 115, 220, 87, 185, 206,
1, 97, 110, 98, 87, 209,
#APP: Ooh, I needed that app?m1(116, 113, 156, 148, 171)!
#APP: Ooh, I needed that app?m2(116, 113, 156)!
#APP: Come get some app!m3(116)!
-22, 225, 227, 7, 61, 82,
-21, 149, 44, 43, 210, 203,
-14, 169, 245, 117, 57, 108,
-6, 24, 165, 116, 205, 70,
-5, 234, 155, 46, 189, 130,
#CLI: Ooh, I needed that app?m3(116)!
#CLI: We meet again, Doctor Jones!
#CLI: Come get some app!m1(116, 113, 193, 10, 128)!
-12, 50, 141, 10, 231, 126,
-2, 221, 77, 251, 78, 217,
-1, 243, 0, 89, 173, 138,
-4, 25, 109, 24, 116, 113, 55, 221,
-3, 98, 193, 241, 186, 170,
-18, 128, 65, 96, 63, 135,
-17, 18, 158, 80, 208, 98,
#CLI: Come get some app!m2(116, 113, 193)!
-24, 152, 37, 116, 233, 30,
-10, 22, 192, 30, 180, 22,
-9, 193, 41, 82, 120, 185,
-8, 174, 158, 101, 52, 117, 113,
0, 136, 211, 38, 75, 69,
1, 28, 43, 93, 100, 131,
#APP: Ooh, I needed that app?m1(116, 113, 193, 10, 128)!
#APP: Ooh, I needed that app?m2(116, 113, 193)!
#APP: Come get some app!m3(116)!
-22, 240, 83, 175, 191, 155,
-21, 28, 35, 201, 118, 92,
-14, 67, 201, 206, 243, 26,
-6, 216, 9, 116, 93, 125,
-5, 36, 145, 63, 232, 71,
#CLI: Ooh, I needed that app?m3(116)!
#CLI: We meet again, Doctor Jones!
#CLI: Come get some app!m1(116, 113, 129, 54, 158)!
-12, 171, 225, 54, 205, 9,
-2, 31, 236, 129, 240, 97,
-1, 105, 222, 185, 7, 26,
-4, 43, 66, 227, 116, 113, 244, 197,
-3, 160, 129, 128, 67, 231,
-18, 158, 160, 157, 50, 225,
-17, 225, 104, 83, 200, 222,
#CLI: Come get some app!m2(116, 113, 129)!
-24, 173, 222, 116, 227, 114,
-10, 202, 161, 25, 186, 197,
-9, 129, 29, 254, 101, 0,
-8, 195, 214, 160, 109, 141, 113,
0, 227, 108, 159, 89, 97,
1, 178, 152, 119, 29, 183,
#APP: Ooh, I needed that app?m1(116, 113, 129, 54, 158)!
#APP: Ooh, I needed that app?m2(116, 113, 129)!
#APP: Come get some app!m3(116)!
-22, 24, 78, 243, 53, 186,
-21, 157, 128, 236, 175, 218,
-14, 142, 225, 33, 127, 132,
-6, 105, 127, 116, 36, 168,
-5, 171, 37, 179, 23, 249,
#CLI: Ooh, I needed that app?m3(116)!
#CLI: We meet again, Doctor Jones!
#CLI: Come get some app!m1(116, 113, 217, 57, 63)!
-12, 60, 163, 57, 176, 190,
-2, 124, 110, 112, 176, 4,
-1, 100, 29, 249, 213, 131,
-4, 80, 69, 173, 116, 113, 58, 226,
-3, 88, 217, 244, 195, 108,
-18, 63, 173, 200, 61, 33,
-17, 121, 38, 190, 223, 146,
#CLI: Come get some app!m2(116, 113, 217)!
-24, 247, 105, 116, 186, 17,
-10, 238, 97, 180, 176, 158,
-9, 217, 183, 153, 244, 108,
-8, 131, 207, 211, 6, 45, 113,
0, 8, 208, 86, 22, 126,
1, 182, 19, 179, 108, 68,
#APP: Ooh, I needed that app?m1(116, 113, 217, 57, 63)!
#APP: Ooh, I needed that app?m2(116, 113, 217)!
#APP: Come get some app!m3(116)!
-22, 174, 56, 221, 237, 172,
-21, 51, 144, 49, 17, 73,
-14, 89, 226, 207, 250, 55,
-6, 121, 249, 116, 123, 86,
-5, 11, 233, 152, 135, 224,
#CLI: Ooh, I needed that app?m3(116)!
#CLI: We meet again, Doctor Jones!
#CLI: Come get some app!m1(116, 113, 128, 127, 39)!
-12, 80, 104, 127, 166, 241,
-2, 197, 151, 241, 157, 191,
-1, 160, 117, 40, 92, 7,
-4, 33, 121, 140, 116, 113, 103, 65,
-3, 197, 128, 85, 63, 88,
-18, 39, 171, 0, 253, 124,
-17, 197, 29, 186, 248, 177,
#CLI: Come get some app!m2(116, 113, 128)!
-24, 173, 131, 116, 231, 21,
-10, 233, 0, 184, 213, 231,
-9, 128, 230, 82, 203, 73,
-8, 131, 191, 234, 45, 57, 113,
0, 1, 136, 94, 38, 199,
1, 160, 175, 51, 54, 51,
#APP: Ooh, I needed that app?m1(116, 113, 128, 127, 39)!
#APP: Ooh, I needed that app?m2(116, 113, 128)!
#APP: Come get some app!m3(116)!
-22, 221, 104, 173, 167, 16,
-21, 102, 20, 220, 252, 12,
-14, 186, 122, 236, 145, 218,
-6, 213, 239, 116, 136, 84,
-5, 112, 211, 93, 149, 144,
#CLI: Ooh, I needed that app?m3(116)!
#CLI: We meet again, Doctor Jones!
#CLI: Come get some app!m1(116, 113, 164, 247, 41)!
-12, 208, 197, 247, 90, 106,
-2, 21, 45, 80, 246, 179,
-1, 49, 102, 98, 58, 251,
-4, 62, 250, 164, 116, 113, 188, 230,
-3, 247, 164, 200, 128, 33,
-18, 41, 207, 0, 96, 239,
-17, 104, 202, 232, 183, 132,
#CLI: Come get some app!m2(116, 113, 164)!
-24, 95, 9, 116, 253, 235,
-10, 33, 143, 176, 121, 46,
-9, 164, 50, 71, 242, 65,
-8, 6, 173, 236, 51, 60, 113,
0, 194, 244, 186, 41, 181,
1, 142, 143, 249, 246, 197,
#APP: Ooh, I needed that app?m1(116, 113, 164, 247, 41)!
#APP: Ooh, I needed that app?m2(116, 113, 164)!
#APP: Come get some app!m3(116)!
-22, 1, 153, 139, 10, 196,
-21, 77, 215, 219, 193, 94,
-14, 228, 252, 183, 87, 182,
-6, 157, 103, 116, 98, 71,
-5, 188, 42, 141, 135, 3,
#CLI: Ooh, I needed that app?m3(116)!
#CLI: We meet again, Doctor Jones!
#CLI: Come get some app!m1(116, 113, 168, 5, 185)!
-12, 79, 202, 5, 241, 110,
-2, 79, 138, 76, 85, 72,
-1, 142, 227, 248, 205, 187,
-4, 168, 231, 122, 116, 113, 139, 14,
-3, 223, 168, 203, 131, 255,
-18, 185, 28, 170, 19, 243,
-17, 5, 170, 114, 160, 110,
#CLI: Come get some app!m2(116, 113, 168)!
-24, 187, 129, 116, 235, 210,
-10, 220, 5, 59, 234, 96,
-9, 168, 6, 22, 177, 117,
-8, 235, 89, 218, 91, 65, 113,
0, 249, 70, 88, 207, 207,
1, 24, 164, 27, 116, 74,
#APP: Ooh, I needed that app?m1(116, 113, 168, 5, 185)!
#APP: Ooh, I needed that app?m2(116, 113, 168)!
#APP: Come get some app!m3(116)!
-22, 126, 255, 3, 203, 99,
-21, 88, 27, 31, 181, 180,
-14, 234, 81, 81, 226, 47,
-6, 30, 137, 116, 88, 71,
-5, 181, 152, 194, 169, 215,
#CLI: Ooh, I needed that app?m3(116)!
#CLI: We meet again, Doctor Jones!
#CLI: Come get some app!m1(116, 113, 68, 110, 18)!
-12, 100, 190, 110, 119, 196,
-2, 172, 228, 247, 11, 81,
-1, 23, 236, 165, 168, 213,
-4, 30, 96, 54, 116, 113, 107, 150,
-3, 223, 68, 205, 141, 74,
-18, 18, 90, 4, 196, 226,
-17, 3, 221, 66, 62, 144,
#CLI: Come get some app!m2(116, 113, 68)!
-24, 7, 134, 116, 99, 60,
-10, 12, 85, 54, 105, 12,
-9, 68, 103, 81, 140, 110,
-8, 151, 178, 233, 0, 75, 113,
0, 10, 22, 155, 216, 69,
1, 89, 115, 164, 187, 9,
#APP: Ooh, I needed that app?m1(116, 113, 68, 110, 18)!
#APP: Ooh, I needed that app?m2(116, 113, 68)!
#APP: Come get some app!m3(116)!
-22, 37, 123, 71, 87, 159,
-21, 102, 203, 112, 118, 229,
-14, 115, 231, 144, 24, 21,
-6, 25, 39, 116, 82, 115,
-5, 241, 224, 93, 192, 160,
#CLI: Ooh, I needed that app?m3(116)!
#CLI: We meet again, Doctor Jones!
#CLI: Come get some app!m1(116, 113, 13, 57, 187)!
-12, 166, 29, 57, 178, 113,
-2, 140, 234, 220, 40, 23,
-1, 204, 138, 109, 169, 5,
-4, 123, 54, 100, 116, 113, 51, 86,
-3, 32, 13, 36, 234, 23,
-18, 187, 239, 251, 133, 203,
-17, 197, 93, 126, 52, 173,
#CLI: Come get some app!m2(116, 113, 13)!
-24, 102, 63, 116, 83, 87,
-10, 92, 177, 143, 90, 23,
-9, 13, 169, 100, 42, 19,
-8, 55, 203, 4, 254, 73, 113,
0, 10, 37, 197, 210, 242,
1, 186, 22, 76, 235, 39,
#APP: Ooh, I needed that app?m1(116, 113, 13, 57, 187)!
#APP: Ooh, I needed that app?m2(116, 113, 13)!
#APP: Come get some app!m3(116)!
-22, 200, 204, 197, 90, 189,
-21, 238, 15, 218, 10, 79,
-14, 213, 234, 217, 4, 114,
-6, 93, 228, 116, 185, 87,
-5, 94, 178, 91, 176, 55,
#CLI: Ooh, I needed that app?m3(116)!
#CLI: We meet again, Doctor Jones!
#CLI: Come get some app!m1(116, 113, 226, 21, 59)!
-12, 0, 224, 21, 120, 77,
-2, 117, 11, 85, 9, 88,
-1, 133, 39, 118, 168, 246,
-4, 64, 42, 234, 116, 113, 74, 3,
-3, 168, 226, 88, 47, 58,
-18, 59, 94, 87, 176, 225,
-17, 173, 68, 125, 51, 91,
#CLI: Come get some app!m2(116, 113, 226)!
-24, 227, 25, 116, 25, 204,
-10, 188, 164, 210, 149, 92,
-9, 226, 56, 83, 215, 199,
-8, 105, 123, 174, 36, 179, 113,
0, 128, 95, 4, 4, 202,
1, 227, 197, 43, 95, 252,
#APP: Ooh, I needed that app?m1(116, 113, 226, 21, 59)!
#APP: Ooh, I needed that app?m2(116, 113, 226)!
#APP: Come get some app!m3(116)!
-22, 89, 167, 97, 220, 32,
-21, 27, 215, 77, 208, 2,
-14, 254, 53, 6, 162, 210,
-6, 235, 188, 116, 76, 71,
-5, 207, 184, 75, 11, 250,
#CLI: Ooh, I needed that app?m3(116)!
#CLI: We meet again, Doctor Jones!
#CLI: Come get some app!m1(116, 113, 5, 21, 252)!
-12, 77, 35, 21, 128, 5,
-2, 132, 30, 67, 71, 88,
-1, 141, 119, 232, 206, 247,
-4, 7, 180, 84, 116, 113, 117, 115,
-3, 96, 5, 118, 233, 89,
-18, 252, 217, 167, 14, 229,
-17, 86, 248, 101, 121, 134,
#CLI: Come get some app!m2(116, 113, 5)!
-24, 48, 125, 116, 88, 124,
-10, 253, 249, 14, 156, 24,
-9, 5, 181, 107, 114, 162,
-8, 69, 19, 133, 18, 174, 113,
0, 209, 135, 211, 175, 226,
1, 57, 192, 98, 212, 162,
#APP: Ooh, I needed that app?m1(116, 113, 5, 21, 252)!
#APP: Ooh, I needed that app?m2(116, 113, 5)!
#APP: Come get some app!m3(116)!
-22, 13, 195, 14, 69, 116,
-21, 120, 41, 116, 98, 241,
-14, 145, 27, 187, 251, 117,
-6, 175, 224, 116, 146, 91,
-5, 214, 48, 55, 150, 184,
#CLI: Ooh, I needed that app?m3(116)!
#CLI: We meet again, Doctor Jones!
#CLI: Come get some app!m1(116, 113, 62, 181, 11)!
-12, 76, 110, 181, 111, 61,
-2, 85, 121, 161, 132, 31,
-1, 157, 5, 16, 112, 191,
-4, 53, 111, 250, 116, 113, 222, 218,
-3, 110, 62, 121, 79, 149,
-18, 11, 126, 45, 221, 85,
-17, 135, 212, 174, 70, 28,
#CLI: Come get some app!m2(116, 113, 62)!
-24, 163, 230, 116, 48, 235,
-10, 199, 121, 226, 208, 209,
-9, 62, 240, 252, 82, 18,
-8, 173, 98, 51, 151, 98, 113,
0, 203, 18, 191, 166, 142,
1, 19, 238, 92, 150, 228,
#APP: Ooh, I needed that app?m1(116, 113, 62, 181, 11)!
#APP: Ooh, I needed that app?m2(116, 113, 62)!
#APP: Come get some app!m3(116)!
-22, 198, 25, 31, 38, 229,
-21, 166, 214, 186, 201, 78,
-14, 47, 32, 248, 151, 239,
-6, 253, 253, 116, 105, 253,
-5, 41, 174, 84, 50, 173,
#CLI: Ooh, I needed that app?m3(116)!
#CLI: We meet again, Doctor Jones!
#CLI: Come get some app!m1(116, 113, 214, 45, 4)!
-12, 167, 249, 45, 118, 154,
-2, 83, 236, 154, 158, 102,
-1, 106, 0, 94, 162, 41,
-4, 77, 253, 48, 116, 113, 50, 241,
-3, 175, 214, 134, 34, 242,
-18, 4, 233, 92, 65, 91,
-17, 218, 134, 14, 212, 18,
#CLI: Come get some app!m2(116, 113, 214)!
-24, 109, 104, 116, 161, 78,
-10, 74, 156, 3, 22, 134,
-9, 214, 218, 227, 182, 122,
-8, 26, 18, 49, 74, 3, 113,
0, 180, 62, 3, 185, 23,
1, 246, 169, 165, 179, 49,
#APP: Ooh, I needed that app?m1(116, 113, 214, 45, 4)!
#APP: Ooh, I needed that app?m2(116, 113, 214)!
#APP: Come get some app!m3(116)!
-22, 210, 210, 182, 36, 94,
-21, 80, 204, 111, 110, 99,
-14, 218, 74, 208, 194, 67,
-6, 252, 234, 116, 88, 45,
-5, 187, 174, 156, 128, 95,
#CLI: Ooh, I needed that app?m3(116)!
#CLI: We meet again, Doctor Jones!
#CLI: Come get some app!m1(116, 113, 186, 244, 219)!
-12, 109, 108, 244, 79, 178,
-2, 94, 211, 231, 26, 53,
-1, 178, 169, 104, 9, 178,
-4, 253, 25, 161, 116, 113, 7, 56,
-3, 74, 186, 171, 130, 218,
-18, 219, 170, 139, 208, 32,
-17, 192, 148, 255, 189, 162,
#CLI: Come get some app!m2(116, 113, 186)!
-24, 209, 154, 116, 157, 216,
-10, 182, 14, 189, 200, 113,
-9, 186, 104, 13, 67, 252,
-8, 45, 240, 10, 68, 223, 113,
0, 171, 176, 86, 247, 9,
1, 240, 91, 112, 139, 117,
#APP: Ooh, I needed that app?m1(116, 113, 186, 244, 219)!
#APP: Ooh, I needed that app?m2(116, 113, 186)!
#APP: Come get some app!m3(116)!
-22, 9, 18, 58, 8, 220,
-21, 34, 176, 188, 255, 76,
-14, 154, 179, 253, 125, 13,
-6, 121, 100, 116, 249, 233,
-5, 71, 201, 64, 32, 62,
#CLI: Ooh, I needed that app?m3(116)!
#CLI: We meet again, Doctor Jones!
#CLI: Come get some app!m1(116, 113, 124, 227, 52)!
-12, 44, 92, 227, 246, 71,
-2, 205, 234, 168, 77, 72,
-1, 96, 166, 156, 199, 205,
-4, 152, 93, 241, 116, 113, 62, 82,
-3, 78, 124, 154, 166, 103,
-18, 52, 242, 75, 221, 120,
-17, 171, 42, 44, 28, 47,
#CLI: Come get some app!m2(116, 113, 124)!
-24, 77, 245, 116, 128, 175,
-10, 149, 188, 155, 74, 201,
-9, 124, 109, 129, 178, 206,
-8, 92, 231, 52, 126, 20, 113,
0, 226, 248, 97, 243, 6,
1, 102, 81, 20, 135, 181,
#APP: Ooh, I needed that app?m1(116, 113, 124, 227, 52)!
#APP: Ooh, I needed that app?m2(116, 113, 124)!
#APP: Come get some app!m3(116)!
-22, 151, 223, 208, 32, 199,
-21, 203, 120, 220, 201, 136,
-14, 255, 31, 163, 148, 135,
-6, 12, 108, 116, 32, 2,
-5, 123, 50, 91, 216, 143,
#CLI: Ooh, I needed that app?m3(116)!
#CLI: We meet again, Doctor Jones!
#CLI: Come get some app!m1(116, 113, 92, 48, 212)!
-12, 143, 201, 48, 201, 74,
-2, 196, 208, 236, 122, 143,
-1, 147, 128, 121, 186, 41,
-4, 87, 58, 55, 116, 113, 133, 50,
-3, 89, 92, 223, 250, 6,
-18, 212, 248, 180, 242, 181,
-17, 104, 27, 116, 243, 130,
#CLI: Come get some app!m2(116, 113, 92)!
-24, 27, 89, 116, 161, 205,
-10, 46, 129, 121, 158, 168,
-9, 92, 38, 11, 48, 138,
-8, 105, 175, 209, 17, 165, 113,
0, 223, 8, 56, 88, 95,
1, 230, 115, 118, 15, 83,
#APP: Ooh, I needed that app?m1(116, 113, 92, 48, 212)!
#APP: Ooh, I needed that app?m2(116, 113, 92)!
#APP: Come get some app!m3(116)!
-22, 133, 103, 235, 230, 19,
-21, 247, 189, 36, 186, 190,
-14, 129, 66, 213, 66, 149,
-6, 163, 47, 116, 220, 46,
-5, 253, 212, 66, 99, 176,
#CLI: Ooh, I needed that app?m3(116)!
#CLI: We meet again, Doctor Jones!
#CLI: Come get some app!m1(116, 113, 115, 10, 169)!
-12, 44, 1, 10, 52, 227,
-2, 120, 98, 90, 0, 13,
-1, 40, 3, 168, 102, 235,
-4, 84, 55, 61, 116, 113, 219, 95,
-3, 147, 115, 143, 242, 169,
-18, 169, 31, 108, 181, 12,
-17, 154, 9, 1, 147, 179,
#CLI: Come get some app!m2(116, 113, 115)!
-24, 65, 172, 116, 74, 234,
-10, 122, 230, 143, 255, 37,
-9, 115, 20, 192, 250, 251,
-8, 71, 149, 183, 62, 65, 113,
0, 104, 180, 23, 200, 251,
1, 61, 212, 78, 133, 151,
#APP: Ooh, I needed that app?m1(116, 113, 115, 10, 169)!
#APP: Ooh, I needed that app?m2(116, 113, 115)!
#APP: Come get some app!m3(116)!
-22, 18, 13, 174, 208, 26,
-21, 246, 253, 18, 22, 107,
-14, 188, 176, 168, 225, 131,
-6, 216, 190, 116, 174, 170,
-5, 172, 181, 51, 6, 145,
#CLI: Ooh, I needed that app?m3(116)!
#CLI: We meet again, Doctor Jones!
#CLI: Come get some app!m1(116, 113, 195, 92, 103)!
-12, 85, 117, 92, 5, 24,
-2, 178, 18, 155, 8, 249,
-1, 29, 118, 36, 188, 176,
-4, 132, 231, 150, 116, 113, 166, 13,
-3, 199, 195, 252, 221, 19,
-18, 103, 235, 182, 3, 79,
-17, 215, 73, 5, 205, 104,
#CLI: Come get some app!m2(116, 113, 195)!
-24, 72, 7, 116, 9, 201,
-10, 48, 32, 172, 189, 119,
-9, 195, 195, 26, 184, 189,
-8, 121, 13, 138, 30, 190, 113,
0, 49, 116, 202, 145, 215,
1, 143, 74, 109, 189, 212,
#APP: Ooh, I needed that app?m1(116, 113, 195, 92, 103)!
#APP: Ooh, I needed that app?m2(116, 113, 195)!
#APP: Come get some app!m3(116)!
-22, 234, 99, 158, 11, 192,
-21, 58, 1, 19, 250, 136,
-14, 40, 31, 152, 87, 40,
-6, 169, 232, 116, 205, 34,
-5, 178, 217, 68, 126, 90,
#CLI: Ooh, I needed that app?m3(116)!
#CLI: We meet again, Doctor Jones!
#CLI: Come get some app!m1(116, 113, 22, 236, 190)!
-12, 114, 246, 236, 158, 196,
-2, 221, 130, 230, 212, 204,
-1, 49, 237, 12, 110, 66,
-4, 189, 154, 120, 116, 113, 78, 185,
-3, 104, 22, 161, 198, 228,
-18, 190, 227, 236, 123, 118,
-17, 53, 232, 113, 18, 139,
#CLI: Come get some app!m2(116, 113, 22)!
-24, 17, 22, 116, 213, 70,
-10, 57, 194, 50, 253, 2,
-9, 22, 138, 108, 132, 16,
-8, 54, 162, 8, 213, 50, 113,
0, 96, 130, 239, 103, 137,
1, 195, 98, 65, 70, 142,
#APP: Ooh, I needed that app?m1(116, 113, 22, 236, 190)!
#APP: Ooh, I needed that app?m2(116, 113, 22)!
#APP: Come get some app!m3(116)!
-22, 250, 153, 219, 21, 183,
-21, 168, 133, 118, 202, 25,
-14, 12, 215, 65, 116, 99,
-6, 41, 203, 116, 56, 232,
-5, 126, 189, 118, 15, 92,
#CLI: Ooh, I needed that app?m3(116)!
#CLI: We meet again, Doctor Jones!
#CLI: Come get some app!m1(116, 113, 57, 133, 100)!
-12, 101, 19, 133, 189, 20,
-2, 0, 131, 231, 175, 8,
-1, 46, 0, 13, 240, 122,
-4, 153, 84, 203, 116, 113, 194, 174,
-3, 166, 57, 142, 156, 77,
-18, 100, 181, 248, 228, 85,
-17, 79, 112, 211, 84, 207,
#CLI: Come get some app!m2(116, 113, 57)!
-24, 140, 246, 116, 203, 196,
-10, 247, 243, 23, 224, 46,
-9, 57, 14, 151, 207, 168,
-8, 67, 3, 83, 218, 2, 113,
0, 224, 92, 162, 109, 249,
1, 78, 120, 36, 155, 218,
#APP: Ooh, I needed that app?m1(116, 113, 57, 133, 100)!
#APP: Ooh, I needed that app?m2(116, 113, 57)!
#APP: Come get some app!m3(116)!
-22, 194, 195, 164, 197, 109,
-21, 116, 66, 80, 118, 139,
-14, 166, 88, 31, 7, 138,
-6, 154, 101, 116, 121, 22,
-5, 21, 142, 187, 13, 14,
#CLI: Ooh, I needed that app?m3(116)!
#CLI: We meet again, Doctor Jones!
#CLI: Come get some app!m1(116, 113, 204, 242, 93)!
-12, 217, 235, 242, 45, 219,
-2, 225, 235, 121, 148, 252,
-1, 162, 13, 230, 177, 244,
-4, 52, 136, 200, 116, 113, 253, 186,
-3, 46, 204, 222, 243, 9,
-18, 93, 213, 83, 197, 150,
-17, 25, 167, 244, 47, 184,
#CLI: Come get some app!m2(116, 113, 204)!
-24, 245, 20, 116, 111, 239,
-10, 163, 223, 39, 144, 114,
-9, 204, 242, 32, 122, 76,
-8, 32, 223, 57, 236, 211, 113,
0, 146, 90, 253, 83, 57,
1, 176, 123, 218, 76, 182,
#APP: Ooh, I needed that app?m1(116, 113, 204, 242, 93)!
#APP: Ooh, I needed that app?m2(116, 113, 204)!
#APP: Come get some app!m3(116)!
-22, 90, 162, 5, 15, 149,
-21, 33, 218, 11, 54, 65,
-14, 71, 151, 39, 215, 206,
-6, 164, 220, 116, 229, 94,
-5, 149, 202, 71, 233, 104,
#CLI: Ooh, I needed that app?m3(116)!
#CLI: We meet again, Doctor Jones!
#CLI: Come get some app!m1(116, 113, 190, 110, 121)!
-12, 131, 155, 110, 214, 121,
-2, 234, 33, 81, 209, 250,
-1, 77, 96, 245, 239, 196,
-4, 92, 125, 116, 116, 113, 105, 216,
-3, 158, 190, 22, 212, 212,
-18, 121, 145, 123, 213, 90,
-17, 37, 67, 134, 56, 159,
#CLI: Come get some app!m2(116, 113, 190)!
-24, 154, 19, 116, 151, 155,
-10, 190, 94, 225, 0, 134,
-9, 190, 2, 183, 193, 116,
-8, 125, 45, 196, 190, 28, 113,
0, 195, 206, 53, 246, 23,
1, 75, 206, 107, 186, 182,
#APP: Ooh, I needed that app?m1(116, 113, 190, 110, 121)!
#APP: Ooh, I needed that app?m2(116, 113, 190)!
#APP: Come get some app!m3(116)!
-22, 139, 62, 122, 246, 190,
-21, 13, 8, 96, 211, 136,
-14, 205, 41, 1, 163, 93,
-6, 178, 84, 116, 154, 36,
-5, 58, 215, 233, 109, 250,
#CLI: Ooh, I needed that app?m3(116)!
#CLI: We meet again, Doctor Jones!
#CLI: Come get some app!m1(116, 113, 73, 11, 2)!
-12, 233, 180, 11, 89, 230,
-2, 156, 200, 133, 113, 186,
-1, 181, 89, 44, 199, 35,
-4, 148, 171, 218, 116, 113, 60, 98,
-3, 38, 73, 12, 15, 218,
-18, 2, 125, 197, 71, 221,
-17, 131, 125, 19, 230, 5,
#CLI: Come get some app!m2(116, 113, 73)!
-24, 214, 76, 116, 143, 139,
-10, 17, 142, 178, 118, 119,
-9, 73, 68, 147, 17, 162,
-8, 44, 186, 28, 7, 22, 113,
0, 109, 91, 177, 224, 117,
1, 60, 114, 114, 96, 52,
#APP: Ooh, I needed that app?m1(116, 113, 73, 11, 2)!
#APP: Ooh, I needed that app?m2(116, 113, 73)!
#APP: Come get some app!m3(116)!
-22, 81, 5, 111, 178, 176,
-21, 43, 3, 62, 53, 81,
-14, 150, 96, 223, 246, 80,
-6, 56, 162, 116, 22, 101,
-5, 208, 69, 16, 124, 145,
#CLI: Ooh, I needed that app?m3(116)!
#CLI: We meet again, Doctor Jones!
#CLI: Come get some app!m1(116, 113, 44, 215, 12)!
-12, 40, 182, 215, 198, 180,
-2, 89, 9, 115, 32, 141,
-1, 235, 208, 7, 202, 92,
-4, 99, 115, 224, 116, 113, 121, 6,
-3, 215, 44, 120, 75, 72,
-18, 12, 66, 199, 49, 174,
-17, 248, 50, 225, 138, 21,
#CLI: Come get some app!m2(116, 113, 44)!
-24, 251, 193, 116, 188, 44,
-10, 242, 146, 117, 113, 245,
-9, 44, 58, 39, 44, 208,
-8, 106, 15, 152, 64, 216, 113,
0, 62, 133, 230, 196, 24,
1, 195, 10, 106, 82, 27,
#APP: Ooh, I needed that app?m1(116, 113, 44, 215, 12)!
#APP: Ooh, I needed that app?m2(116, 113, 44)!
#APP: Come get some app!m3(116)!
-22, 232, 70, 88, 57, 198,
-21, 121, 106, 40, 158, 137,
-14, 33, 129, 172, 102, 11,
-6, 251, 95, 116, 47, 61,
-5, 86, 48, 96, 3, 5,
#CLI: Ooh, I needed that app?m3(116)!
#CLI: We meet again, Doctor Jones!
#CLI: Come get some app!m1(116, 113, 18, 77, 47)!
-12, 128, 152, 77, 196, 19,
-2, 246, 157, 250, 205, 53,
-1, 200, 219, 90, 189, 27,
-4, 236, 62, 227, 116, 113, 198, 35,
-3, 145, 18, 247, 62, 39,
-18, 47, 189, 119, 17, 58,
-17, 184, 81, 177, 144, 139,
#CLI: Come get some app!m2(116, 113, 18)!
-24, 131, 74, 116, 72, 135,
-10, 102, 72, 68, 74, 236,
-9, 18, 234, 25, 136, 86,
-8, 19, 198, 63, 79, 146, 113,
0, 103, 26, 173, 87, 242,
1, 75, 177, 223, 174, 156,
#APP: Ooh, I needed that app?m1(116, 113, 18, 77, 47)!
#APP: Ooh, I needed that app?m2(116, 113, 18)!
#APP: Come get some app!m3(116)!
-22, 58, 42, 80, 3, 112,
-21, 65, 34, 86, 80, 87,
-14, 236, 253, 226, 157, 44,
-6, 252, 246, 116, 189, 152,
-5, 107, 75, 28, 251, 216,
#CLI: Ooh, I needed that app?m3(116)!
#CLI: We meet again, Doctor Jones!
#CLI: Come get some app!m1(116, 113, 225, 213, 121)!
-12, 146, 174, 213, 213, 63,
-2, 9, 83, 50, 226, 80,
-1, 240, 16, 192, 77, 235,
-4, 37, 106, 251, 116, 113, 25, 133,
-3, 105, 225, 98, 110, 224,
-18, 121, 124, 181, 74, 42,
-17, 17, 242, 65, 190, 217,
#CLI: Come get some app!m2(116, 113, 225)!
-24, 34, 56, 116, 103, 114,
-10, 31, 164, 207, 205, 234,
-9, 225, 139, 227, 104, 236,
-8, 232, 42, 253, 32, 8, 113,
0, 14, 242, 203, 159, 115,
1, 106, 14, 0, 239, 114,
#APP: Ooh, I needed that app?m1(116, 113, 225, 213, 121)!
#APP: Ooh, I needed that app?m2(116, 113, 225)!
#APP: Come get some app!m3(116)!
-22, 131, 67, 85, 55, 188,
-21, 12, 112, 215, 238, 83,
-14, 232, 114, 173, 60, 204,
-6, 169, 232, 116, 207, 41,
-5, 148, 99, 222, 72, 79,
#CLI: Ooh, I needed that app?m3(116)!
#CLI: We meet again, Doctor Jones!
#CLI: Come get some app!m1(116, 113, 65, 249, 132)!
-12, 5, 52, 249, 210, 43,
-2, 173, 139, 200, 216, 249,
-1, 112, 151, 178, 63, 232,
-4, 205, 109, 207, 116, 113, 82, 157,
-3, 233, 65, 146, 86, 124,
-18, 132, 69, 226, 98, 247,
-17, 115, 190, 232, 60, 202,
#CLI: Come get some app!m2(116, 113, 65)!
-24, 132, 68, 116, 204, 45,
-10, 190, 253, 173, 16, 116,
-9, 65, 186, 99, 47, 128,
-8, 93, 233, 210, 232, 153, 113,
0, 194, 236, 14, 30, 141,
1, 136, 134, 212, 166, 12,
#APP: Ooh, I needed that app?m1(116, 113, 65, 249, 132)!
#APP: Ooh, I needed that app?m2(116, 113, 65)!
#APP: Come get some app!m3(116)!
-22, 35, 76, 60, 111, 243,
-21, 204, 217, 75, 11, 95,
-14, 90, 141, 236, 60, 63,
-6, 160, 134, 116, 243, 57,
-5, 192, 155, 232, 54, 33,
#CLI: Ooh, I needed that app?m3(116)!
#CLI: We meet again, Doctor Jones!
#CLI: Come get some app!m1(116, 113, 244, 117, 234)!
-12, 162, 115, 117, 64, 183,
-2, 90, 19, 120, 215, 245,
-1, 200, 41, 162, 128, 70,
-4, 4, 191, 214, 116, 113, 145, 209,
-3, 255, 244, 14, 72, 243,
-18, 234, 161, 227, 240, 72,
-17, 96, 103, 162, 100, 16,
#CLI: Come get some app!m2(116, 113, 244)!
-24, 226, 212, 116, 43, 91,
-10, 192, 136, 55, 33, 152,
-9, 244, 163, 62, 145, 39,
-8, 75, 39, 35, 205, 7, 113,
0, 18, 17, 42, 185, 178,
1, 167, 177, 196, 80, 107,
#APP: Ooh, I needed that app?m1(116, 113, 244, 117, 234)!
#APP: Ooh, I needed that app?m2(116, 113, 244)!
#APP: Come get some app!m3(116)!
-22, 241, 180, 210, 239, 54,
-21, 198, 86, 187, 13, 220,
-14, 7, 171, 7, 108, 26,
-6, 220, 250, 116, 47, 139,
-5, 227, 128, 184, 97, 200,
#CLI: Ooh, I needed that app?m3(116)!
#CLI: We meet again, Doctor Jones!
#CLI: Come get some app!m1(116, 113, 123, 172, 35)!
-12, 235, 120, 172, 255, 161,
-2, 136, 235, 27, 68, 209,
-1, 215, 184, 117, 141, 70,
-4, 209, 137, 194, 116, 113, 84, 34,
-3, 139, 123, 130, 54, 78,
-18, 35, 88, 141, 101, 235,
-17, 212, 150, 144, 157, 2,
#CLI: Come get some app!m2(116, 113, 123)!
-24, 38, 212, 116, 162, 228,
-10, 117, 143, 34, 146, 189,
-9, 123, 148, 39, 96, 93,
-8, 238, 83, 31, 42, 111, 113,
0, 78, 6, 111, 39, 17,
1, 231, 201, 208, 139, 14,
#APP: Ooh, I needed that app?m1(116, 113, 123, 172, 35)!
#APP: Ooh, I needed that app?m2(116, 113, 123)!
#APP: Come get some app!m3(116)!
-22, 252, 88, 50, 130, 152,
-21, 134, 138, 66, 17, 101,
-14, 92, 79, 137, 238, 152,
-6, 183, 98, 116, 146, 59,
-5, 222, 142, 129, 62, 137,
#CLI: Ooh, I needed that app?m3(116)!
#CLI: We meet again, Doctor Jones!
#CLI: Come get some app!m1(116, 113, 30, 214, 149)!
-12, 223, 9, 214, 224, 48,
-2, 50, 2, 13, 220, 234,
-1, 83, 201, 10, 90, 130,
-4, 178, 134, 25, 116, 113, 234, 42,
-3, 234, 30, 200, 75, 106,
-18, 149, 120, 77, 161, 180,
-17, 174, 4, 5, 24, 25,
#CLI: Come get some app!m2(116, 113, 30)!
-24, 86, 65, 116, 190, 16,
-10, 142, 234, 25, 211, 81,
-9, 30, 253, 197, 31, 208,
-8, 94, 223, 185, 80, 204, 113,
0, 69, 159, 176, 175, 209,
1, 178, 114, 242, 250, 141,
#APP: Ooh, I needed that app?m1(116, 113, 30, 214, 149)!
#APP: Ooh, I needed that app?m2(116, 113, 30)!
#APP: Come get some app!m3(116)!
-22, 123, 18, 197, 200, 31,
-21, 37, 127, 56, 54, 187,
-14, 40, 106, 55, 215, 83,
-6, 180, 161, 116, 141, 188,
-5, 85, 157, 249, 93, 182,
#CLI: Ooh, I needed that app?m3(116)!
#CLI: We meet again, Doctor Jones!
#CLI: Come get some app!m1(116, 113, 83, 115, 204)!
-12, 48, 162, 115, 232, 34,
-2, 227, 97, 169, 69, 187,
-1, 174, 86, 224, 122, 108,
-4, 9, 198, 169, 116, 113, 211, 173,
-3, 250, 83, 10, 13, 238,
-18, 204, 65, 9, 75, 89,
-17, 39, 252, 3, 236, 55,
#CLI: Come get some app!m2(116, 113, 83)!
-24, 65, 174, 116, 124, 120,
-10, 170, 153, 101, 152, 132,
-9, 83, 233, 95, 146, 232,
-8, 255, 236, 102, 23, 197, 113,
0, 220, 30, 20, 107, 223,
1, 239, 15, 15, 130, 148,
#APP: Ooh, I needed that app?m1(116, 113, 83, 115, 204)!
#APP: Ooh, I needed that app?m2(116, 113, 83)!
#APP: Come get some app!m3(116)!
-22, 6, 159, 37, 196, 251,
-21, 236, 221, 15, 112, 40,
-14, 226, 219, 156, 110, 136,
-6, 114, 58, 116, 132, 55,
-5, 247, 21, 144, 248, 20,
#CLI: Ooh, I needed that app?m3(116)!
#CLI: We meet again, Doctor Jones!
#CLI: Come get some app!m1(116, 113, 55, 237, 198)!
-12, 131, 107, 237, 154, 153,
-2, 115, 180, 228, 189, 247,
-1, 108, 200, 46, 184, 31,
-4, 180, 28, 242, 116, 113, 191, 71,
-3, 200, 55, 36, 138, 103,
-18, 198, 198, 51, 178, 43,
-17, 250, 15, 145, 133, 107,
#CLI: Come get some app!m2(116, 113, 55)!
-24, 101, 52, 116, 204, 240,
-10, 162, 62, 3, 25, 242,
-9, 55, 229, 186, 39, 227,
-8, 34, 255, 187, 170, 192, 113,
0, 250, 222, 161, 189, 250,
1, 136, 153, 76, 156, 190,
#APP: Ooh, I needed that app?m1(116, 113, 55, 237, 198)!
#APP: Ooh, I needed that app?m2(116, 113, 55)!
#APP: Come get some app!m3(116)!
-22, 167, 178, 3, 220, 38,
-21, 108, 128, 124, 100, 165,
-14, 246, 238, 19, 114, 208,
-6, 172, 145, 116, 157, 235,
-5, 197, 104, 220, 105, 248,
#CLI: Ooh, I needed that app?m3(116)!
#CLI: We meet again, Doctor Jones!
#CLI: Come get some app!m1(116, 113, 194, 174, 77)!
-12, 204, 16, 174, 118, 12,
-2, 171, 161, 236, 249, 24,
-1, 243, 255, 243, 160, 125,
-4, 89, 240, 218, 116, 113, 172, 158,
-3, 214, 194, 203, 93, 244,
-18, 77, 223, 163, 59, 156,
-17, 151, 82, 243, 248, 116,
#CLI: Come get some app!m2(116, 113, 194)!
-24, 250, 109, 116, 227, 217,
-10, 74, 237, 82, 42, 124,
-9, 194, 219, 239, 83, 188,
-8, 193, 182, 83, 118, 218, 113,
0, 91, 211, 59, 197, 16,
1, 150, 77, 231, 48, 231,
#APP: Ooh, I needed that app?m1(116, 113, 194, 174, 77)!
#APP: Ooh, I needed that app?m2(116, 113, 194)!
#APP: Come get some app!m3(116)!
-22, 147, 147, 123, 128, 204,
-21, 151, 200, 49, 57, 8,
-14, 226, 73, 19, 124, 121,
-6, 128, 240, 116, 28, 107,
-5, 155, 21, 197, 104, 147,
#CLI: Ooh, I needed that app?m3(116)!
#CLI: We meet again, Doctor Jones!
#CLI: Come get some app!m1(116, 113, 101, 251, 29)!
-12, 153, 52, 251, 194, 149,
-2, 149, 6, 179, 239, 253,
-1, 112, 30, 67, 76, 107,
-4, 104, 5, 188, 116, 113, 136, 6,
-3, 248, 101, 85, 203, 152,
-18, 29, 81, 153, 201, 254,
-17, 20, 179, 91, 87, 149,
#CLI: Come get some app!m2(116, 113, 101)!
-24, 51, 93, 116, 51, 226,
-10, 123, 203, 173, 40, 15,
-9, 101, 208, 123, 171, 187,
-8, 243, 90, 252, 192, 167, 113,
0, 9, 231, 223, 203, 50,
1, 220, 175, 18, 226, 199,
#APP: Ooh, I needed that app?m1(116, 113, 101, 251, 29)!
#APP: Ooh, I needed that app?m2(116, 113, 101)!
#APP: Come get some app!m3(116)!
-22, 116, 237, 154, 198, 232,
-21, 220, 205, 56, 72, 147,
-14, 117, 88, 82, 177, 81,
-6, 239, 120, 116, 40, 93,
-5, 153, 65, 87, 64, 81,
#CLI: Ooh, I needed that app?m3(116)!
#CLI: We meet again, Doctor Jones!
#CLI: Come get some app!m1(116, 113, 235, 23, 152)!
-12, 156, 27, 23, 39, 78,
-2, 247, 121, 39, 216, 199,
-1, 23, 155, 187, 95, 52,
-4, 154, 18, 0, 116, 113, 57, 0,
-3, 140, 235, 47, 36, 15,
-18, 152, 230, 237, 67, 86,
-17, 181, 77, 6, 152, 21,
#CLI: Come get some app!m2(116, 113, 235)!
-24, 96, 179, 116, 120, 228,
-10, 184, 124, 98, 79, 207,
-9, 235, 88, 196, 191, 134,
-8, 86, 8, 83, 47, 45, 113,
0, 113, 214, 11, 171, 103,
1, 83, 14, 80, 136, 179,
#APP: Ooh, I needed that app?m1(116, 113, 235, 23, 152)!
#APP: Ooh, I needed that app?m2(116, 113, 235)!
#APP: Come get some app!m3(116)!
-22, 105, 162, 209, 235, 16,
-21, 228, 23, 174, 230, 46,
-14, 169, 37, 77, 189, 59,
-6, 161, 142, 116, 101, 93,
-5, 30, 152, 250, 122, 171,
#CLI: Ooh, I needed that app?m3(116)!
#CLI: We meet again, Doctor Jones!
#CLI: Come get some app!m1(116, 113, 125, 130, 177)!
-12, 6, 35, 130, 249, 178,
-2, 50, 34, 203, 226, 143,
-1, 101, 223, 24, 181, 127,
-4, 228, 75, 157, 116, 113, 230, 1,
-3, 166, 125, 61, 139, 224,
-18, 177, 111, 24, 232, 53,
-17, 66, 172, 63, 88, 166,
#CLI: Come get some app!m2(116, 113, 125)!
-24, 208, 228, 116, 35, 173,
-10, 70, 163, 229, 199, 157,
-9, 125, 148, 161, 80, 49,
-8, 136, 172, 129, 120, 217, 113,
0, 86, 244, 223, 249, 29,
1, 67, 191, 122, 119, 47,
#APP: Ooh, I needed that app?m1(116, 113, 125, 130, 177)!
#APP: Ooh, I needed that app?m2(116, 113, 125)!
#APP: Come get some app!m3(116)!
-22, 56, 250, 177, 94, 87,
-21, 96, 83, 107, 151, 214,
-14, 50, 223, 100, 171, 104,
-6, 253, 201, 116, 20, 180,
-5, 221, 39, 49, 132, 173,
#CLI: Ooh, I needed that app?m3(116)!
#CLI: We meet again, Doctor Jones!
#CLI: Come get some app!m1(116, 113, 47, 184, 13)!
-12, 233, 190, 184, 153, 92,
-2, 191, 106, 128, 131, 156,
-1, 51, 78, 102, 49, 132,
-4, 139, 129, 184, 116, 113, 151, 34,
-3, 1, 47, 146, 194, 103,
-18, 13, 54, 52, 241, 45,
-17, 135, 237, 130, 69, 167,
#CLI: Come get some app!m2(116, 113, 47)!
-24, 71, 179, 116, 102, 153,
-10, 12, 163, 228, 42, 115,
-9, 47, 161, 85, 52, 109,
-8, 208, 203, 208, 127, 190, 113,
0, 18, 253, 174, 51, 192,
1, 91, 117, 128, 34, 1,
#APP: Ooh, I needed that app?m1(116, 113, 47, 184, 13)!
#APP: Ooh, I needed that app?m2(116, 113, 47)!
#APP: Come get some app!m3(116)!
-22, 161, 112, 228, 170, 102,
-21, 105, 89, 206, 255, 118,
-14, 0, 255, 187, 24, 99,
-6, 103, 187, 116, 101, 35,
-5, 219, 38, 57, 225, 186,
#CLI: Ooh, I needed that app?m3(116)!
#CLI: We meet again, Doctor Jones!
#CLI: Come get some app!m1(116, 113, 144, 160, 212)!
-12, 100, 58, 160, 238, 161,
-2, 36, 71, 18, 132, 202,
-1, 53, 144, 240, 117, 107,
-4, 118, 216, 108, 116, 113, 85, 236,
-3, 29, 144, 101, 255, 113,
-18, 212, 199, 3, 136, 174,
-17, 70, 16, 9, 76, 168,
#CLI: Come get some app!m2(116, 113, 144)!
-24, 78, 130, 116, 100, 58,
-10, 226, 54, 169, 151, 27,
-9, 144, 43, 84, 97, 232,
-8, 87, 128, 243, 123, 214, 113,
0, 163, 211, 27, 46, 170,
1, 82, 130, 41, 62, 120,
#APP: Ooh, I needed that app?m1(116, 113, 144, 160, 212)!
#APP: Ooh, I needed that app?m2(116, 113, 144)!
#APP: Come get some app!m3(116)!
-22, 221, 146, 159, 241, 197,
-21, 145, 150, 58, 195, 70,
-14, 124, 59, 43, 137, 31,
-6, 101, 255, 116, 13, 221,
-5, 152, 117, 98, 142, 73,
#CLI: Ooh, I needed that app?m3(116)!
#CLI: We meet again, Doctor Jones!
#CLI: Come get some app!m1(116, 113, 73, 231, 11)!
-12, 121, 166, 231, 205, 235,
-2, 26, 251, 54, 234, 173,
-1, 119, 170, 19, 95, 232,
-4, 254, 112, 104, 116, 113, 49, 198,
-3, 79, 73, 70, 218, 117,
-18, 11, 132, 25, 13, 248,
-17, 187, 71, 19, 12, 228,
#CLI: Come get some app!m2(116, 113, 73)!
-24, 29, 217, 116, 105, 32,
-10, 63, 211, 249, 108, 159,
-9, 73, 49, 44, 200, 227,
-8, 147, 111, 172, 210, 16, 113,
0, 1, 68, 43, 253, 132,
1, 182, 237, 84, 14, 234,
#APP: Ooh, I needed that app?m1(116, 113, 73, 231, 11)!
#APP: Ooh, I needed that app?m2(116, 113, 73)!
#APP: Come get some app!m3(116)!
-22, 55, 102, 138, 232, 248,
-21, 190, 214, 136, 34, 167,
-14, 199, 167, 177, 107, 179,
-6, 8, 165, 116, 26, 230,
-5, 9, 170, 210, 167, 179,
#CLI: Ooh, I needed that app?m3(116)!
#CLI: We meet again, Doctor Jones!
#CLI: Come get some app!m1(116, 113, 177, 43, 153)!
-12, 215, 11, 43, 32, 5,
-2, 88, 194, 33, 247, 217,
-1, 236, 202, 90, 183, 174,
-4, 201, 101, 222, 116, 113, 210, 123,
-3, 173, 177, 84, 102, 141,
-18, 153, 175, 204, 184, 78,
-17, 6, 2, 202, 249, 203,
#CLI: Come get some app!m2(116, 113, 177)!
-24, 185, 60, 116, 89, 131,
-10, 243, 222, 50, 182, 48,
-9, 177, 151, 169, 40, 66,
-8, 14, 230, 247, 213, 204, 113,
0, 41, 113, 121, 208, 215,
1, 248, 216, 121, 50, 100,
#APP: Ooh, I needed that app?m1(116, 113, 177, 43, 153)!
#APP: Ooh, I needed that app?m2(116, 113, 177)!
#APP: Come get some app!m3(116)!
-22, 154, 5, 49, 154, 177,
-21, 41, 150, 0, 32, 150,
-14, 19, 11, 102, 193, 138,
-6, 142, 24, 116, 150, 122,
-5, 113, 73, 253, 9, 148,
#CLI: Ooh, I needed that app?m3(116)!
#CLI: We meet again, Doctor Jones!
#CLI: Come get some app!m1(116, 113, 177, 246, 90)!
-12, 107, 150, 246, 85, 52,
-2, 105, 167, 155, 218, 219,
-1, 48, 134, 118, 212, 98,
-4, 130, 51, 3, 116, 113, 89, 86,
-3, 167, 177, 30, 163, 26,
-18, 90, 52, 107, 105, 123,
-17, 201, 198, 63, 12, 130,
#CLI: Come get some app!m2(116, 113, 177)!
-24, 238, 222, 116, 164, 118,
-10, 136, 175, 120, 166, 99,
-9, 177, 184, 178, 177, 104,
-8, 74, 250, 94, 230, 136, 113,
0, 252, 87, 0, 247, 11,
1, 12, 171, 78, 240, 82,
#APP: Ooh, I needed that app?m1(116, 113, 177, 246, 90)!
#APP: Ooh, I needed that app?m2(116, 113, 177)!
#APP: Come get some app!m3(116)!
-22, 149, 202, 81, 91, 193,
-21, 181, 98, 52, 27, 90,
-14, 12, 24, 73, 9, 133,
-6, 68, 164, 116, 130, 108,
-5, 146, 239, 145, 179, 9,
#CLI: Ooh, I needed that app?m3(116)!
#CLI: We meet again, Doctor Jones!
#CLI: Come get some app!m1(116, 113, 250, 66, 23)!
-12, 155, 75, 66, 109, 48,
-2, 121, 237, 64, 71, 175,
-1, 71, 242, 35, 113, 91,
-4, 42, 255, 195, 116, 113, 148, 34,
-3, 21, 250, 144, 195, 155,
-18, 23, 180, 214, 154, 42,
-17, 19, 172, 250, 213, 112,
#CLI: Come get some app!m2(116, 113, 250)!
-24, 53, 87, 116, 130, 41,
-10, 34, 194, 157, 164, 134,
-9, 250, 227, 216, 182, 219,
-8, 242, 117, 201, 217, 127, 113,
0, 44, 79, 198, 90, 199,
1, 76, 235, 255, 209, 217,
#APP: Ooh, I needed that app?m1(116, 113, 250, 66, 23)!
#APP: Ooh, I needed that app?m2(116, 113, 250)!
#APP: Come get some app!m3(116)!
-22, 205, 234, 147, 43, 23,
-21, 82, 7, 4, 27, 160,
-14, 49, 58, 146, 252, 132,
-6, 229, 226, 116, 232, 247,
-5, 175, 108, 206, 42, 163,
#CLI: Ooh, I needed that app?m3(116)!
#CLI: We meet again, Doctor Jones!
#CLI: Come get some app!m1(116, 113, 74, 172, 7)!
-12, 95, 95, 172, 80, 80,
-2, 1, 219, 221, 153, 206,
-1, 197, 75, 153, 78, 172,
-4, 128, 139, 146, 116, 113, 81, 2,
-3, 221, 74, 118, 191, 28,
-18, 7, 77, 107, 95, 119,
-17, 5, 78, 111, 202, 183,
#CLI: Come get some app!m2(116, 113, 74)!
-24, 133, 48, 116, 66, 90,
-10, 214, 90, 30, 89, 238,
-9, 74, 123, 198, 11, 114,
-8, 88, 76, 137, 38, 26, 113,
0, 84, 60, 73, 138, 126,
1, 97, 162, 140, 210, 91,
#APP: Ooh, I needed that app?m1(116, 113, 74, 172, 7)!
#APP: Ooh, I needed that app?m2(116, 113, 74)!
#APP: Come get some app!m3(116)!
-22, 67, 128, 79, 71, 222,
-21, 139, 238, 78, 166, 169,
-14, 171, 59, 114, 48, 214,
-6, 49, 99, 116, 14, 20,
-5, 87, 205, 188, 111, 16,
#CLI: Ooh, I needed that app?m3(116)!
#CLI: We meet again, Doctor Jones!
#CLI: Come get some app!m1(116, 113, 183, 198, 170)!
-12, 25, 230, 198, 245, 238,
-2, 137, 50, 61, 205, 160,
-1, 213, 66, 146, 149, 39,
-4, 14, 153, 14, 116, 113, 69, 220,
-3, 173, 183, 207, 100, 44,
-18, 170, 181, 15, 243, 122,
-17, 3, 237, 91, 216, 0,
#CLI: Come get some app!m2(116, 113, 183)!
-24, 143, 37, 116, 68, 40,
-10, 132, 24, 1, 118, 41,
-9, 183, 115, 122, 221, 175,
-8, 76, 101, 49, 167, 160, 113,
0, 23, 27, 146, 48, 117,
1, 33, 0, 162, 166, 115,
#APP: Ooh, I needed that app?m1(116, 113, 183, 198, 170)!
#APP: Ooh, I needed that app?m2(116, 113, 183)!
#APP: Come get some app!m3(116)!
-22, 174, 24, 102, 29, 112,
-21, 44, 208, 105, 255, 184,
-14, 225, 239, 240, 217, 41,
-6, 219, 100, 116, 28, 149,
-5, 141, 239, 135, 24, 198,
#CLI: Ooh, I needed that app?m3(116)!
#CLI: We meet again, Doctor Jones!
#CLI: Come get some app!m1(116, 113, 244, 174, 117)!
-12, 173, 14, 174, 76, 185,
-2, 51, 14, 243, 182, 232,
-1, 100, 121, 43, 68, 123,
-4, 250, 243, 141, 116, 113, 79, 51,
-3, 155, 244, 231, 65, 195,
-18, 117, 73, 31, 111, 8,
-17, 194, 147, 225, 71, 108,
#CLI: Come get some app!m2(116, 113, 244)!
-24, 143, 219, 116, 79, 53,
-10, 139, 185, 79, 62, 175,
-9, 244, 15, 43, 37, 171,
-8, 99, 31, 167, 85, 243, 113,
0, 169, 55, 214, 96, 24,
1, 20, 240, 230, 230, 1,
#APP: Ooh, I needed that app?m1(116, 113, 244, 174, 117)!
#APP: Ooh, I needed that app?m2(116, 113, 244)!
#APP: Come get some app!m3(116)!
-22, 161, 131, 246, 72, 120,
-21, 75, 211, 28, 103, 86,
-14, 193, 190, 0, 116, 9,
-6, 124, 9, 116, 38, 148,
-5, 158, 171, 9, 235, 147,
#CLI: Ooh, I needed that app?m3(116)!
#CLI: We meet again, Doctor Jones!
#CLI: Come get some app!m1(116, 113, 219, 182, 21)!
-12, 27, 228, 182, 232, 29,
-2, 116, 157, 0, 145, 175,
-1, 203, 89, 116, 241, 95,
-4, 232, 169, 122, 116, 113, 90, 38,
-3, 250, 219, 174, 136, 156,
-18, 21, 165, 20, 98, 176,
-17, 81, 92, 26, 248, 75,
#CLI: Come get some app!m2(116, 113, 219)!
-24, 44, 198, 116, 186, 22,
-10, 133, 0, 24, 254, 220,
-9, 219, 9, 190, 202, 184,
-8, 49, 3, 66, 233, 227, 113,
0, 76, 4, 28, 230, 42,
1, 164, 138, 155, 128, 189,
#APP: Ooh, I needed that app?m1(116, 113, 219, 182, 21)!
#APP: Ooh, I needed that app?m2(116, 113, 219)!
#APP: Come get some app!m3(116)!
-22, 234, 88, 217, 93, 163,
-21, 207, 226, 75, 190, 225,
-14, 99, 31, 195, 200, 221,
-6, 141, 156, 116, 248, 175,
-5, 103, 111, 146, 46, 192,
#CLI: Ooh, I needed that app?m3(116)!
#CLI: We meet again, Doctor Jones!
#CLI: Come get some app!m1(116, 113, 156, 138, 17)!
-12, 78, 137, 138, 161, 240,
-2, 108, 21, 109, 222, 24,
-1, 89, 98, 11, 253, 12,
-4, 172, 8, 231, 116, 113, 88, 37,
-3, 2, 156, 20, 248, 121,
-18, 17, 125, 193, 165, 204,
-17, 46, 194, 9, 219, 157,
#CLI: Come get some app!m2(116, 113, 156)!
-24, 187, 35, 116, 173, 20,
-10, 184, 145, 166, 83, 56,
-9, 156, 198, 248, 5, 172,
-8, 169, 216, 254, 20, 103, 113,
0, 184, 172, 208, 35, 76,
1, 75, 124, 26, 163, 233,
#APP: Ooh, I needed that app?m1(116, 113, 156, 138, 17)!
#APP: Ooh, I needed that app?m2(116, 113, 156)!
#APP: Come get some app!m3(116)!
-22, 186, 41, 234, 194, 169,
-21, 24, 108, 184, 85, 131,
-14, 198, 92, 110, 79, 216,
-6, 225, 239, 116, 207, 103,
-5, 93, 176, 212, 100, 166,
#CLI: Ooh, I needed that app?m3(116)!
#CLI: We meet again, Doctor Jones!
#CLI: Come get some app!m1(116, 113, 155, 189, 200)!
-12, 168, 32, 189, 55, 130,
-2, 137, 59, 229, 114, 98,
-1, 214, 151, 143, 70, 65,
-4, 234, 126, 120, 116, 113, 45, 195,
-3, 151, 155, 104, 227, 185,
-18, 200, 0, 131, 24, 115,
-17, 196, 164, 136, 59, 58,
#CLI: Come get some app!m2(116, 113, 155)!
-24, 247, 245, 116, 38, 107,
-10, 203, 19, 33, 238, 100,
-9, 155, 159, 251, 229, 83,
-8, 216, 55, 23, 159, 187, 113,
0, 199, 200, 135, 185, 170,
1, 195, 44, 21, 141, 243,
#APP: Ooh, I needed that app?m1(116, 113, 155, 189, 200)!
#APP: Ooh, I needed that app?m2(116, 113, 155)!
#APP: Come get some app!m3(116)!
-22, 105, 130, 172, 247, 118,
-21, 4, 2, 228, 6, 100,
-14, 223, 74, 63, 208, 15,
-6, 32, 196, 116, 12, 236,
-5, 23, 108, 148, 167, 153,
#CLI: Ooh, I needed that app?m3(116)!
#CLI: We meet again, Doctor Jones!
#CLI: Come get some app!m1(116, 113, 244, 8, 10)!
-12, 157, 223, 8, 82, 188,
-2, 148, 29, 150, 131, 176,
-1, 199, 11, 152, 159, 33,
-4, 2, 177, 234, 116, 113, 52, 13,
-3, 54, 244, 236, 240, 214,
-18, 10, 79, 118, 48, 249,
-17, 24, 21, 71, 219, 26,
#CLI: Come get some app!m2(116, 113, 244)!
-24, 202, 64, 116, 80, 144,
-10, 27, 251, 138, 65, 227,
-9, 244, 99, 209, 106, 141,
-8, 185, 71, 100, 116, 20, 113,
0, 36, 59, 213, 38, 158,
1, 153, 107, 47, 63, 37,
#APP: Ooh, I needed that app?m1(116, 113, 244, 8, 10)!
#APP: Ooh, I needed that app?m2(116, 113, 244)!
#APP: Come get some app!m3(116)!
-22, 100, 180, 45, 128, 248,
-21, 15, 217, 202, 180, 255,
-14, 153, 95, 73, 65, 12,
-6, 139, 219, 116, 54, 224,
-5, 219, 192, 46, 26, 8,
#CLI: Ooh, I needed that app?m3(116)!
#CLI: We meet again, Doctor Jones!
#CLI: Come get some app!m1(116, 113, 188, 189, 164)!
-12, 24, 98, 189, 95, 40,
-2, 20, 6, 52, 129, 244,
-1, 225, 167, 24, 18, 175,
-4, 54, 57, 180, 116, 113, 202, 72,
-3, 70, 188, 72, 170, 74,
-18, 164, 50, 168, 181, 203,
-17, 233, 53, 96, 230, 184,
#CLI: Come get some app!m2(116, 113, 188)!
-24, 176, 64, 116, 134, 73,
-10, 233, 86, 137, 65, 105,
-9, 188, 137, 161, 244, 80,
-8, 114, 164, 251, 185, 245, 113,
0, 64, 88, 37, 246, 114,
1, 0, 230, 198, 163, 109,
#APP: Ooh, I needed that app?m1(116, 113, 188, 189, 164)!
#APP: Ooh, I needed that app?m2(116, 113, 188)!
#APP: Come get some app!m3(116)!
-22, 100, 89, 121, 4, 103,
-21, 14, 117, 2, 105, 89,
-14, 118, 197, 36, 37, 173,
-6, 3, 92, 116, 16, 243,
-5, 180, 253, 160, 180, 245,
#CLI: Ooh, I needed that app?m3(116)!
#CLI: We meet again, Doctor Jones!
#CLI: Come get some app!m1(116, 113, 61, 177, 131)!
-12, 246, 10, 177, 119, 140,
-2, 207, 170, 37, 249, 7,
-1, 209, 34, 61, 192, 84,
-4, 52, 204, 197, 116, 113, 69, 196,
-3, 8, 61, 0, 195, 58,
-18, 131, 158, 179, 114, 17,
-17, 255, 155, 45, 207, 231,
#CLI: Come get some app!m2(116, 113, 61)!
-24, 9, 79, 116, 122, 140,
-10, 116, 254, 220, 6, 137,
-9, 61, 108, 52, 155, 123,
-8, 255, 162, 172, 156, 98, 113,
0, 66, 132, 37, 212, 242,
1, 70, 231, 34, 133, 196,
#APP: Ooh, I needed that app?m1(116, 113, 61, 177, 131)!
#APP: Ooh, I needed that app?m2(116, 113, 61)!
#APP: Come get some app!m3(116)!
-22, 108, 13, 126, 196, 149,
-21, 184, 149, 181, 121, 195,
-14, 156, 125, 232, 248, 51,
-6, 209, 247, 116, 253, 155,
-5, 201, 199, 216, 194, 87,
#CLI: Ooh, I needed that app?m3(116)!
#CLI: We meet again, Doctor Jones!
#CLI: Come get some app!m1(116, 113, 216, 253, 247)!
-12, 225, 193, 253, 94, 53,
-2, 29, 100, 236, 159, 246,
-1, 191, 41, 218, 154, 50,
-4, 198, 166, 83, 116, 113, 154, 2,
-3, 227, 216, 88, 58, 81,
-18, 247, 123, 154, 101, 80,
-17, 203, 149, 21, 176, 102,
#CLI: Come get some app!m2(116, 113, 216)!
-24, 0, 19, 116, 63, 85,
-10, 112, 99, 215, 154, 73,
-9, 216, 102, 113, 102, 156,
-8, 45, 189, 139, 60, 251, 113,
0, 203, 177, 102, 191, 6,
1, 71, 116, 52, 219, 63,
#APP: Ooh, I needed that app?m1(116, 113, 216, 253, 247)!
#APP: Ooh, I needed that app?m2(116, 113, 216)!
#APP: Come get some app!m3(116)!
-22, 81, 84, 7, 65, 73,
-21, 190, 153, 73, 138, 32,
-14, 85, 17, 105, 222, 68,
-6, 18, 235, 116, 157, 45,
-5, 144, 30, 127, 248, 31,
#CLI: Ooh, I needed that app?m3(116)!
#CLI: We meet again, Doctor Jones!
#CLI: Come get some app!m1(116, 113, 243, 40, 250)!
-12, 100, 249, 40, 176, 206,
-2, 110, 178, 161, 182, 40,
-1, 31, 176, 15, 20, 189,
-4, 32, 122, 177, 116, 113, 152, 198,
-3, 17, 243, 243, 3, 181,
-18, 250, 236, 241, 231, 121,
-17, 47, 59, 34, 41, 159,
#CLI: Come get some app!m2(116, 113, 243)!
-24, 24, 106, 116, 102, 10,
-10, 72, 27, 123, 124, 74,
-9, 243, 91, 13, 195, 194,
-8, 19, 86, 161, 40, 251, 113,
0, 196, 138, 184, 131, 0,
1, 194, 92, 209, 200, 185,
#APP: Ooh, I needed that app?m1(116, 113, 243, 40, 250)!
#APP: Ooh, I needed that app?m2(116, 113, 243)!
#APP: Come get some app!m3(116)!
-22, 170, 172, 218, 2, 61,
-21, 246, 126, 209, 236, 157,
-14, 164, 14, 253, 27, 130,
-6, 91, 125, 116, 229, 50,
-5, 32, 235, 39, 91, 5,
#CLI: Ooh, I needed that app?m3(116)!
#CLI: We meet again, Doctor Jones!
#CLI: Come get some app!m1(116, 113, 71, 168, 207)!
-12, 44, 73, 168, 125, 8,
-2, 213, 80, 209, 129, 30,
-1, 233, 181, 103, 90, 128,
-4, 76, 164, 149, 116, 113, 245, 7,
-3, 149, 71, 209, 37, 201,
-18, 207, 32, 254, 23, 11,
-17, 164, 69, 88, 35, 12,
#CLI: Come get some app!m2(116, 113, 71)!
-24, 3, 99, 116, 177, 247,
-10, 249, 121, 99, 153, 129,
-9, 71, 253, 87, 40, 141,
-8, 15, 78, 158, 218, 37, 113,
0, 31, 93, 43, 156, 43,
1, 125, 79, 153, 85, 5,
#CLI: What are you waitin for? Christmas?
#APP: Ooh, I needed that app?m1(116, 113, 71, 168, 207)!
#APP: Ooh, I needed that app?m2(116, 113, 71)!
#APP: Come get some app!m3(116)!
-22, 63, 16, 31, 3, 133,
-21, 114, 8, 243, 6, 214,
-14, 4, 33, 17, 140, 96,
-6, 86, 137, 116, 117, 53,
-5, 58, 102, 46, 153, 123,