#CLI: Come get some app!m1(217, 102, 148, 110, 8)!
-22, 189, 75, 110, 8, 132, 166, 154,
-4, 22, 174, 156, 221, 10,
-3, 71, 17, 23, 235, 102, 217, 191,
-2, 157, 248, 33, 94, 148,
-1, 5, 170, 132, 55, 250,
#CLI: Come get some app!m2(217, 102, 148)!
0, 187, 1, 212, 132, 253,
1, 251, 89, 44, 202, 15,
-5, 77, 8, 59, 121, 183,
-11, 22, 96, 217, 151, 136,
-10, 102, 115, 73, 213, 158, 224,
-9, 135, 92, 20, 18, 148,
#APP: Ooh, I needed that app?m1(217, 102, 148, 110, 8)!
#APP: Ooh, I needed that app?m2(217, 102, 148)!
#APP: Come get some app!m3(217)!
-18, 62, 70, 155, 161, 5,
-8, 54, 4, 191, 135, 25,
-7, 217, 225, 26, 86, 153,
-16, 167, 178, 186, 6, 96,
-15, 217, 104, 163, 21, 48,
#CLI: Ooh, I needed that app?m3(217)!
#CLI: We meet again, Doctor Jones!
#CLI: Come get some app!m1(217, 102, 138, 89, 55)!
-22, 137, 4, 89, 55, 173, 208, 244,
-4, 208, 190, 106, 149, 52,
-3, 157, 182, 46, 13, 102, 217, 68,
-2, 178, 165, 20, 31, 138,
-1, 40, 182, 187, 243, 106,
#CLI: Come get some app!m2(217, 102, 138)!
0, 154, 21, 141, 82, 115,
1, 222, 173, 82, 125, 100,
-5, 146, 118, 218, 189, 114,
-11, 43, 174, 217, 191, 92,
-10, 102, 130, 64, 66, 239, 168,
-9, 107, 198, 154, 106, 138,
#APP: Ooh, I needed that app?m1(217, 102, 138, 89, 55)!
#APP: Ooh, I needed that app?m2(217, 102, 138)!
#APP: Come get some app!m3(217)!
-18, 16, 20, 69, 23, 118,
-8, 226, 210, 152, 34, 236,
-7, 26, 181, 88, 110, 158,
-16, 121, 102, 175, 184, 9,
-15, 217, 186, 2, 196, 179,
#CLI: Ooh, I needed that app?m3(217)!
#CLI: We meet again, Doctor Jones!
#CLI: Come get some app!m1(217, 102, 248, 54, 254)!
-22, 210, 119, 54, 254, 139, 193, 51,
-4, 184, 148, 229, 19, 23,
-3, 46, 86, 218, 47, 102, 217, 3,
-2, 225, 220, 75, 221, 248,
-1, 141, 186, 192, 99, 32,
#CLI: Come get some app!m2(217, 102, 248)!
0, 171, 187, 143, 92, 130,
1, 199, 199, 156, 98, 48,
-5, 242, 157, 202, 18, 231,
-11, 14, 194, 217, 95, 3,
-10, 102, 235, 160, 99, 163, 124,
-9, 59, 24, 32, 22, 248,
#APP: Ooh, I needed that app?m1(217, 102, 248, 54, 254)!
#APP: Ooh, I needed that app?m2(217, 102, 248)!
#APP: Come get some app!m3(217)!
-18, 81, 220, 74, 187, 197,
-8, 193, 162, 62, 38, 195,
-7, 193, 49, 143, 214, 59,
-16, 81, 180, 172, 164, 194,
-15, 217, 237, 141, 240, 235,
#CLI: Ooh, I needed that app?m3(217)!
#CLI: We meet again, Doctor Jones!
#CLI: Come get some app!m1(217, 102, 55, 94, 200)!
-22, 200, 190, 94, 200, 120, 143, 97,
-4, 82, 71, 246, 135, 146,
-3, 110, 191, 135, 20, 102, 217, 247,
-2, 229, 130, 117, 1, 55,
-1, 143, 3, 200, 244, 64,
#CLI: Come get some app!m2(217, 102, 55)!
0, 14, 197, 233, 97, 100,
1, 63, 255, 117, 141, 107,
-5, 56, 224, 99, 141, 23,
-11, 34, 122, 217, 236, 111,
-10, 102, 231, 87, 230, 5, 166,
-9, 240, 48, 223, 29, 55,
#APP: Ooh, I needed that app?m1(217, 102, 55, 94, 200)!
#APP: Ooh, I needed that app?m2(217, 102, 55)!
#APP: Come get some app!m3(217)!
-18, 24, 94, 33, 54, 243,
-8, 9, 101, 12, 193, 25,
-7, 25, 40, 70, 22, 6,
-16, 209, 230, 173, 97, 20,
-15, 217, 30, 223, 95, 45,
#CLI: Ooh, I needed that app?m3(217)!
#CLI: We meet again, Doctor Jones!
#CLI: Come get some app!m1(217, 102, 145, 25, 197)!
-22, 85, 141, 25, 197, 109, 105, 163,
-4, 133, 9, 160, 88, 104,
-3, 79, 242, 130, 71, 102, 217, 114,
-2, 236, 13, 112, 11, 145,
-1, 225, 224, 201, 133, 112,
#CLI: Come get some app!m2(217, 102, 145)!
0, 208, 248, 89, 199, 218,
1, 70, 139, 131, 239, 167,
-5, 171, 223, 229, 227, 222,
-11, 177, 241, 217, 245, 106,
-10, 102, 32, 238, 56, 226, 210,
-9, 141, 240, 100, 1, 145,
#APP: Ooh, I needed that app?m1(217, 102, 145, 25, 197)!
#APP: Ooh, I needed that app?m2(217, 102, 145)!
#APP: Come get some app!m3(217)!
-18, 103, 227, 237, 47, 139,
-8, 183, 58, 119, 133, 55,
-7, 191, 202, 41, 21, 191,
-16, 156, 15, 162, 101, 179,
-15, 217, 227, 101, 192, 54,
#CLI: Ooh, I needed that app?m3(217)!
#CLI: We meet again, Doctor Jones!
#CLI: Come get some app!m1(217, 102, 153, 132, 154)!
-22, 177, 18, 132, 154, 183, 223, 116,
-4, 24, 18, 131, 101, 16,
-3, 59, 2, 63, 120, 102, 217, 70,
-2, 88, 206, 151, 72, 153,
-1, 205, 216, 227, 210, 126,
#CLI: Come get some app!m2(217, 102, 153)!
0, 89, 7, 36, 169, 187,
1, 57, 126, 222, 19, 202,
-5, 121, 41, 39, 104, 43,
-11, 222, 63, 217, 222, 116,
-10, 102, 144, 23, 222, 168, 183,
-9, 231, 205, 35, 129, 153,
#APP: Ooh, I needed that app?m1(217, 102, 153, 132, 154)!
#APP: Ooh, I needed that app?m2(217, 102, 153)!
#APP: Come get some app!m3(217)!
-18, 144, 20, 14, 39, 234,
-8, 194, 51, 172, 38, 197,
-7, 82, 37, 130, 75, 229,
-16, 150, 11, 237, 122, 101,
-15, 217, 185, 175, 175, 243,
#CLI: Ooh, I needed that app?m3(217)!
#CLI: We meet again, Doctor Jones!
#CLI: Come get some app!m1(217, 102, 214, 22, 110)!
-22, 237, 196, 22, 110, 27, 220, 248,
-4, 103, 64, 222, 82, 17,
-3, 25, 44, 157, 84, 102, 217, 5,
-2, 229, 19, 197, 206, 214,
-1, 60, 0, 213, 137, 86,
#CLI: Come get some app!m2(217, 102, 214)!
0, 207, 241, 101, 255, 182,
1, 248, 67, 11, 163, 199,
-5, 30, 129, 147, 52, 72,
-11, 140, 66, 217, 119, 93,
-10, 102, 21, 25, 234, 5, 59,
-9, 147, 73, 201, 21, 214,
#APP: Ooh, I needed that app?m1(217, 102, 214, 22, 110)!
#APP: Ooh, I needed that app?m2(217, 102, 214)!
#APP: Come get some app!m3(217)!
-18, 56, 111, 211, 82, 18,
-8, 87, 6, 134, 253, 118,
-7, 92, 25, 22, 98, 98,
-16, 20, 142, 76, 132, 105,
-15, 217, 157, 15, 254, 7,
#CLI: Ooh, I needed that app?m3(217)!
#CLI: We meet again, Doctor Jones!
#CLI: Come get some app!m1(217, 102, 197, 157, 72)!
-22, 22, 168, 157, 72, 26, 244, 111,
-4, 97, 123, 10, 190, 198,
-3, 155, 228, 152, 73, 102, 217, 79,
-2, 130, 70, 181, 174, 197,
-1, 90, 36, 225, 211, 26,
#CLI: Come get some app!m2(217, 102, 197)!
0, 220, 131, 62, 146, 196,
1, 220, 78, 44, 71, 218,
-5, 108, 104, 246, 97, 36,
-11, 239, 98, 217, 152, 64,
-10, 102, 170, 82, 121, 48, 128,
-9, 141, 180, 49, 221, 197,
#APP: Ooh, I needed that app?m1(217, 102, 197, 157, 72)!
#APP: Ooh, I needed that app?m2(217, 102, 197)!
#APP: Come get some app!m3(217)!
-18, 229, 140, 252, 232, 5,
-8, 165, 93, 27, 100, 130,
-7, 232, 223, 0, 123, 75,
-16, 66, 102, 206, 128, 182,
-15, 217, 10, 21, 107, 150,
#CLI: Ooh, I needed that app?m3(217)!
#CLI: We meet again, Doctor Jones!
#CLI: Come get some app!m1(217, 102, 172, 35, 156)!
-22, 183, 84, 35, 156, 148, 135, 42,
-4, 128, 84, 129, 162, 146,
-3, 12, 171, 9, 3, 102, 217, 0,
-2, 176, 4, 144, 135, 172,
-1, 176, 175, 146, 219, 47,
#CLI: Come get some app!m2(217, 102, 172)!
0, 167, 215, 44, 219, 241,
1, 197, 176, 19, 157, 111,
-5, 193, 157, 15, 88, 224,
-11, 114, 253, 217, 179, 103,
-10, 102, 97, 248, 11, 18, 229,
-9, 92, 12, 242, 110, 172,
#APP: Ooh, I needed that app?m1(217, 102, 172, 35, 156)!
#APP: Ooh, I needed that app?m2(217, 102, 172)!
#APP: Come get some app!m3(217)!
-18, 118, 117, 171, 252, 240,
-8, 225, 87, 108, 131, 152,
-7, 160, 164, 151, 152, 97,
-16, 9, 151, 27, 203, 176,
-15, 217, 241, 95, 15, 115,
#CLI: Ooh, I needed that app?m3(217)!
#CLI: We meet again, Doctor Jones!
#CLI: Come get some app!m1(217, 102, 250, 204, 55)!
-22, 65, 117, 204, 55, 203, 241, 26,
-4, 254, 78, 50, 127, 30,
-3, 17, 242, 52, 208, 102, 217, 124,
-2, 35, 188, 199, 237, 250,
-1, 111, 61, 5, 220, 148,
#CLI: Come get some app!m2(217, 102, 250)!
0, 249, 146, 130, 32, 141,
1, 101, 146, 62, 69, 246,
-5, 53, 115, 153, 179, 66,
-11, 188, 101, 217, 20, 60,
-10, 102, 167, 109, 167, 98, 97,
-9, 106, 179, 221, 15, 250,
#APP: Ooh, I needed that app?m1(217, 102, 250, 204, 55)!
#APP: Ooh, I needed that app?m2(217, 102, 250)!
#APP: Come get some app!m3(217)!
-18, 209, 72, 218, 225, 232,
-8, 95, 229, 64, 184, 196,
-7, 29, 246, 122, 150, 25,
-16, 119, 42, 164, 21, 157,
-15, 217, 93, 72, 40, 186,
#CLI: Ooh, I needed that app?m3(217)!
#CLI: We meet again, Doctor Jones!
#CLI: Come get some app!m1(217, 102, 15, 93, 119)!
-22, 147, 72, 93, 119, 183, 87, 177,
-4, 158, 156, 183, 47, 19,
-3, 140, 137, 175, 68, 102, 217, 75,
-2, 5, 20, 233, 181, 15,
-1, 102, 248, 210, 124, 232,
#CLI: Come get some app!m2(217, 102, 15)!
0, 154, 76, 108, 202, 174,
1, 225, 239, 49, 122, 159,
-5, 94, 104, 21, 151, 195,
-11, 53, 249, 217, 119, 35,
-10, 102, 67, 149, 109, 11, 204,
-9, 152, 179, 143, 95, 15,
#APP: Ooh, I needed that app?m1(217, 102, 15, 93, 119)!
#APP: Ooh, I needed that app?m2(217, 102, 15)!
#APP: Come get some app!m3(217)!
-18, 60, 113, 101, 151, 153,
-8, 71, 69, 50, 171, 102,
-7, 99, 44, 215, 87, 102,
-16, 214, 152, 103, 56, 232,
-15, 217, 199, 123, 164, 37,
#CLI: Ooh, I needed that app?m3(217)!
#CLI: We meet again, Doctor Jones!
#CLI: Come get some app!m1(217, 102, 76, 134, 86)!
-22, 215, 138, 134, 86, 67, 189, 42,
-4, 156, 116, 226, 57, 139,
-3, 43, 165, 121, 2, 102, 217, 2,
-2, 0, 136, 215, 63, 76,
-1, 94, 165, 119, 143, 180,
#CLI: Come get some app!m2(217, 102, 76)!
0, 30, 20, 187, 111, 13,
1, 224, 111, 118, 172, 74,
-5, 187, 66, 206, 133, 156,
-11, 124, 103, 217, 174, 131,
-10, 102, 117, 205, 10, 134, 43,
-9, 119, 217, 228, 20, 76,
#APP: Ooh, I needed that app?m1(217, 102, 76, 134, 86)!
#APP: Ooh, I needed that app?m2(217, 102, 76)!
#APP: Come get some app!m3(217)!
-18, 5, 157, 174, 25, 83,
-8, 20, 116, 52, 129, 237,
-7, 137, 207, 31, 161, 134,
-16, 49, 189, 68, 130, 72,
-15, 217, 104, 25, 155, 11,
#CLI: Ooh, I needed that app?m3(217)!
#CLI: We meet again, Doctor Jones!
#CLI: Come get some app!m1(217, 102, 73, 33, 72)!
-22, 205, 199, 33, 72, 23, 156, 72,
-4, 95, 40, 239, 153, 128,
-3, 152, 251, 12, 32, 102, 217, 67,
-2, 154, 133, 135, 253, 73,
-1, 143, 61, 208, 79, 32,
#CLI: Come get some app!m2(217, 102, 73)!
0, 144, 247, 234, 250, 109,
1, 186, 151, 82, 104, 161,
-5, 167, 203, 165, 4, 194,
-11, 53, 249, 217, 249, 157,
-10, 102, 5, 27, 130, 164, 55,
-9, 85, 158, 187, 226, 73,
#APP: Ooh, I needed that app?m1(217, 102, 73, 33, 72)!
#APP: Ooh, I needed that app?m2(217, 102, 73)!
#APP: Come get some app!m3(217)!
-18, 238, 226, 150, 91, 189,
-8, 16, 76, 212, 81, 111,
-7, 174, 71, 99, 162, 242,
-16, 11, 58, 128, 5, 129,
-15, 217, 67, 6, 110, 54,
#CLI: Ooh, I needed that app?m3(217)!
#CLI: We meet again, Doctor Jones!
#CLI: Come get some app!m1(217, 102, 20, 91, 216)!
-22, 144, 232, 91, 216, 38, 84, 199,
-4, 237, 152, 95, 129, 67,
-3, 124, 117, 190, 136, 102, 217, 70,
-2, 124, 189, 87, 209, 20,
-1, 181, 81, 93, 213, 142,
#CLI: Come get some app!m2(217, 102, 20)!
0, 223, 63, 52, 198, 219,
1, 68, 187, 143, 27, 188,
-5, 156, 203, 65, 198, 93,
-11, 171, 165, 217, 171, 191,
-10, 102, 241, 202, 235, 87, 217,
-9, 49, 103, 152, 41, 20,
#APP: Ooh, I needed that app?m1(217, 102, 20, 91, 216)!
#APP: Ooh, I needed that app?m2(217, 102, 20)!
#APP: Come get some app!m3(217)!
-18, 80, 136, 121, 83, 242,
-8, 21, 134, 126, 172, 168,
-7, 226, 110, 243, 67, 172,
-16, 179, 129, 137, 33, 40,
-15, 217, 121, 141, 173, 25,
#CLI: Ooh, I needed that app?m3(217)!
#CLI: We meet again, Doctor Jones!
#CLI: Come get some app!m1(217, 102, 144, 38, 65)!
-22, 62, 99, 38, 65, 177, 252, 169,
-4, 28, 71, 57, 157, 51,
-3, 48, 173, 48, 113, 102, 217, 234,
-2, 205, 171, 236, 104, 144,
-1, 230, 139, 52, 229, 158,
#CLI: Come get some app!m2(217, 102, 144)!
0, 98, 4, 240, 32, 212,
1, 233, 208, 192, 76, 65,
-5, 41, 24, 174, 56, 93,
-11, 59, 122, 217, 186, 55,
-10, 102, 244, 97, 192, 103, 41,
-9, 167, 118, 45, 105, 144,
#APP: Ooh, I needed that app?m1(217, 102, 144, 38, 65)!
#APP: Ooh, I needed that app?m2(217, 102, 144)!
#APP: Come get some app!m3(217)!
-18, 167, 111, 134, 20, 130,
-8, 245, 57, 193, 234, 16,
-7, 14, 197, 91, 60, 201,
-16, 2, 132, 220, 24, 161,
-15, 217, 246, 108, 60, 179,
#CLI: Ooh, I needed that app?m3(217)!
#CLI: We meet again, Doctor Jones!
#CLI: Come get some app!m1(217, 102, 203, 5, 133)!
-22, 230, 174, 5, 133, 16, 246, 138,
-4, 109, 119, 197, 135, 43,
-3, 32, 194, 18, 205, 102, 217, 2,
-2, 145, 43, 59, 138, 203,
-1, 12, 197, 105, 193, 224,
#CLI: Come get some app!m2(217, 102, 203)!
0, 10, 200, 30, 70, 149,
1, 46, 143, 157, 236, 14,
-5, 253, 114, 128, 215, 211,
-11, 166, 91, 217, 206, 73,
-10, 102, 68, 132, 204, 139, 113,
-9, 232, 249, 244, 58, 203,
#APP: Ooh, I needed that app?m1(217, 102, 203, 5, 133)!
#APP: Ooh, I needed that app?m2(217, 102, 203)!
#APP: Come get some app!m3(217)!
-18, 28, 97, 30, 159, 116,
-8, 127, 12, 95, 19, 73,
-7, 145, 153, 27, 18, 100,
-16, 117, 136, 159, 180, 117,
-15, 217, 173, 173, 252, 28,
#CLI: Ooh, I needed that app?m3(217)!
#CLI: We meet again, Doctor Jones!
#CLI: Come get some app!m1(217, 102, 105, 10, 111)!
-22, 161, 121, 10, 111, 226, 74, 68,
-4, 182, 206, 142, 23, 41,
-3, 44, 21, 31, 42, 102, 217, 88,
-2, 47, 66, 123, 118, 105,
-1, 41, 102, 197, 65, 100,
#CLI: Come get some app!m2(217, 102, 105)!
0, 111, 172, 160, 209, 229,
1, 198, 222, 65, 202, 222,
-5, 157, 118, 9, 182, 23,
-11, 19, 187, 217, 184, 237,
-10, 102, 131, 8, 186, 114, 209,
-9, 146, 160, 26, 67, 105,
#APP: Ooh, I needed that app?m1(217, 102, 105, 10, 111)!
#APP: Ooh, I needed that app?m2(217, 102, 105)!
#APP: Come get some app!m3(217)!
-18, 151, 158, 248, 237, 178,
-8, 198, 241, 203, 16, 178,
-7, 153, 219, 235, 160, 183,
-16, 81, 32, 91, 4, 202,
-15, 217, 137, 98, 208, 36,
#CLI: Ooh, I needed that app?m3(217)!
#CLI: We meet again, Doctor Jones!
#CLI: Come get some app!m1(217, 102, 69, 12, 149)!
-22, 191, 131, 12, 149, 87, 136, 210,
-4, 216, 32, 15, 143, 166,
-3, 159, 172, 73, 202, 102, 217, 151,
-2, 225, 73, 231, 116, 69,
-1, 42, 129, 43, 205, 43,
#CLI: Come get some app!m2(217, 102, 69)!
0, 184, 190, 148, 35, 143,
1, 190, 198, 130, 62, 72,
-5, 142, 1, 229, 128, 34,
-11, 158, 189, 217, 86, 248,
-10, 102, 170, 73, 195, 186, 34,
-9, 172, 190, 136, 8, 69,
#APP: Ooh, I needed that app?m1(217, 102, 69, 12, 149)!
#APP: Ooh, I needed that app?m2(217, 102, 69)!
#APP: Come get some app!m3(217)!
-18, 176, 15, 51, 76, 49,
-8, 155, 8, 231, 46, 213,
-7, 134, 111, 128, 83, 246,
-16, 231, 194, 166, 226, 138,
-15, 217, 152, 32, 191, 46,
#CLI: Ooh, I needed that app?m3(217)!
#CLI: We meet again, Doctor Jones!
#CLI: Come get some app!m1(217, 102, 146, 69, 22)!
-22, 169, 202, 69, 22, 75, 168, 26,
-4, 22, 75, 7, 109, 125,
-3, 30, 205, 168, 243, 102, 217, 229,
-2, 84, 18, 118, 10, 146,
-1, 93, 218, 115, 58, 71,
#CLI: Come get some app!m2(217, 102, 146)!
0, 222, 254, 233, 195, 221,
1, 148, 224, 235, 168, 13,
-5, 122, 163, 71, 12, 208,
-11, 177, 155, 217, 220, 132,
-10, 102, 9, 105, 32, 14, 8,
-9, 69, 196, 127, 176, 146,
#APP: Ooh, I needed that app?m1(217, 102, 146, 69, 22)!
#APP: Ooh, I needed that app?m2(217, 102, 146)!
#APP: Come get some app!m3(217)!
-18, 170, 47, 247, 68, 123,
-8, 5, 17, 120, 212, 104,
-7, 79, 166, 97, 240, 162,
-16, 175, 85, 228, 95, 192,
-15, 217, 2, 41, 248, 254,
#CLI: Ooh, I needed that app?m3(217)!
#CLI: We meet again, Doctor Jones!
#CLI: Come get some app!m1(217, 102, 87, 104, 78)!
-22, 126, 37, 104, 78, 67, 5, 218,
-4, 69, 29, 20, 8, 40,
-3, 110, 140, 143, 201, 102, 217, 95,
-2, 19, 150, 249, 174, 87,
-1, 118, 142, 38, 97, 171,
#CLI: Come get some app!m2(217, 102, 87)!
0, 39, 159, 44, 94, 159,
1, 98, 49, 111, 216, 32,
-5, 67, 56, 101, 239, 192,
-11, 253, 151, 217, 208, 225,
-10, 102, 83, 146, 31, 111, 31,
-9, 63, 83, 9, 166, 87,
#APP: Ooh, I needed that app?m1(217, 102, 87, 104, 78)!
#APP: Ooh, I needed that app?m2(217, 102, 87)!
#APP: Come get some app!m3(217)!
-18, 140, 67, 245, 118, 4,
-8, 194, 197, 226, 185, 72,
-7, 143, 185, 128, 116, 120,
-16, 225, 71, 146, 15, 135,
-15, 217, 82, 220, 225, 111,
#CLI: Ooh, I needed that app?m3(217)!
#CLI: We meet again, Doctor Jones!
#CLI: Come get some app!m1(217, 102, 134, 148, 94)!
-22, 83, 136, 148, 94, 149, 57, 40,
-4, 219, 93, 143, 95, 229,
-3, 239, 209, 255, 9, 102, 217, 169,
-2, 124, 223, 81, 193, 134,
-1, 206, 212, 87, 42, 67,
#CLI: Come get some app!m2(217, 102, 134)!
0, 254, 170, 121, 66, 114,
1, 120, 40, 247, 19, 115,
-5, 201, 73, 33, 216, 224,
-11, 144, 91, 217, 37, 18,
-10, 102, 115, 175, 59, 91, 99,
-9, 95, 90, 67, 20, 134,
#APP: Ooh, I needed that app?m1(217, 102, 134, 148, 94)!
#APP: Ooh, I needed that app?m2(217, 102, 134)!
#APP: Come get some app!m3(217)!
-18, 105, 21, 58, 3, 147,
-8, 205, 253, 0, 213, 126,
-7, 95, 49, 208, 24, 131,
-16, 77, 177, 195, 119, 62,
-15, 217, 64, 116, 132, 108,
#CLI: Ooh, I needed that app?m3(217)!
#CLI: We meet again, Doctor Jones!
#CLI: Come get some app!m1(217, 102, 5, 237, 136)!
-22, 7, 252, 237, 136, 15, 250, 19,
-4, 16, 3, 185, 243, 72,
-3, 145, 190, 17, 165, 102, 217, 117,
-2, 73, 252, 246, 238, 5,
-1, 61, 66, 73, 28, 159,
#CLI: Come get some app!m2(217, 102, 5)!
0, 140, 46, 240, 129, 107,
1, 95, 126, 170, 16, 220,
-5, 179, 223, 33, 200, 96,
-11, 67, 163, 217, 11, 170,
-10, 102, 147, 105, 220, 38, 140,
-9, 166, 245, 147, 42, 5,
#APP: Ooh, I needed that app?m1(217, 102, 5, 237, 136)!
#APP: Ooh, I needed that app?m2(217, 102, 5)!
#APP: Come get some app!m3(217)!
-18, 253, 109, 228, 39, 101,
-8, 135, 5, 112, 90, 251,
-7, 107, 186, 155, 213, 123,
-16, 82, 57, 155, 228, 47,
-15, 217, 112, 148, 221, 89,
#CLI: Ooh, I needed that app?m3(217)!
#CLI: We meet again, Doctor Jones!
#CLI: Come get some app!m1(217, 102, 93, 149, 146)!
-22, 51, 22, 149, 146, 227, 236, 66,
-4, 233, 246, 131, 241, 166,
-3, 79, 119, 147, 3, 102, 217, 216,
-2, 129, 224, 158, 206, 93,
-1, 246, 72, 26, 184, 244,
#CLI: Come get some app!m2(217, 102, 93)!
0, 62, 77, 44, 162, 60,
1, 71, 65, 16, 48, 153,
-5, 118, 39, 47, 1, 107,
-11, 41, 248, 217, 54, 210,
-10, 102, 243, 137, 43, 18, 64,
-9, 203, 91, 74, 60, 93,
#APP: Ooh, I needed that app?m1(217, 102, 93, 149, 146)!
#APP: Ooh, I needed that app?m2(217, 102, 93)!
#APP: Come get some app!m3(217)!
-18, 213, 113, 110, 86, 95,
-8, 187, 163, 193, 60, 170,
-7, 145, 171, 59, 81, 187,
-16, 60, 108, 120, 217, 61,
-15, 217, 111, 32, 182, 171,
#CLI: Ooh, I needed that app?m3(217)!
#CLI: We meet again, Doctor Jones!
#CLI: Come get some app!m1(217, 102, 180, 247, 149)!
-22, 225, 52, 247, 149, 252, 165, 102,
-4, 191, 71, 15, 15, 98,
-3, 168, 241, 42, 84, 102, 217, 164,
-2, 197, 32, 65, 141, 180,
-1, 21, 135, 150, 196, 193,
#CLI: Come get some app!m2(217, 102, 180)!
0, 24, 242, 223, 251, 57,
1, 80, 171, 155, 166, 155,
-5, 194, 209, 193, 232, 24,
-11, 60, 216, 217, 52, 245,
-10, 102, 51, 63, 167, 69, 154,
-9, 53, 242, 235, 180, 180,
#APP: Ooh, I needed that app?m1(217, 102, 180, 247, 149)!
#APP: Ooh, I needed that app?m2(217, 102, 180)!
#APP: Come get some app!m3(217)!
-18, 208, 173, 124, 40, 147,
-8, 196, 218, 214, 94, 117,
-7, 14, 87, 196, 234, 63,
-16, 43, 78, 59, 113, 254,
-15, 217, 113, 166, 182, 100,
#CLI: Ooh, I needed that app?m3(217)!
#CLI: We meet again, Doctor Jones!
#CLI: Come get some app!m1(217, 102, 22, 111, 163)!
-22, 49, 128, 111, 163, 13, 24, 170,
-4, 155, 111, 116, 20, 183,
-3, 228, 104, 38, 89, 102, 217, 158,
-2, 219, 93, 77, 232, 22,
-1, 234, 116, 241, 124, 62,
#CLI: Come get some app!m2(217, 102, 22)!
0, 254, 94, 210, 214, 85,
1, 96, 177, 220, 141, 79,
-5, 75, 1, 239, 159, 64,
-11, 129, 49, 217, 4, 76,
-10, 102, 252, 169, 93, 76, 73,
-9, 179, 156, 102, 131, 22,
#APP: Ooh, I needed that app?m1(217, 102, 22, 111, 163)!
#APP: Ooh, I needed that app?m2(217, 102, 22)!
#APP: Come get some app!m3(217)!
-18, 232, 74, 141, 235, 101,
-8, 235, 150, 121, 4, 148,
-7, 116, 61, 80, 19, 213,
-16, 222, 210, 71, 82, 88,
-15, 217, 114, 148, 105, 59,
#CLI: Ooh, I needed that app?m3(217)!
#CLI: We meet again, Doctor Jones!
#CLI: Come get some app!m1(217, 102, 169, 200, 91)!
-22, 120, 196, 200, 91, 84, 90, 8,
-4, 166, 237, 99, 205, 126,
-3, 133, 247, 75, 236, 102, 217, 38,
-2, 161, 176, 47, 19, 169,
-1, 40, 159, 195, 199, 14,
#CLI: Come get some app!m2(217, 102, 169)!
0, 160, 23, 60, 11, 182,
1, 250, 186, 204, 239, 29,
-5, 14, 90, 16, 7, 244,
-11, 213, 245, 217, 64, 247,
-10, 102, 137, 119, 31, 136, 58,
-9, 23, 160, 45, 48, 169,
#APP: Ooh, I needed that app?m1(217, 102, 169, 200, 91)!
#APP: Ooh, I needed that app?m2(217, 102, 169)!
#APP: Come get some app!m3(217)!
-18, 175, 23, 126, 49, 75,
-8, 64, 115, 170, 133, 41,
-7, 188, 97, 62, 241, 223,
-16, 29, 79, 184, 140, 143,
-15, 217, 60, 240, 121, 31,
#CLI: Ooh, I needed that app?m3(217)!
#CLI: We meet again, Doctor Jones!
#CLI: Come get some app!m1(217, 102, 162, 87, 189)!
-22, 131, 50, 87, 189, 213, 251, 100,
-4, 202, 59, 147, 164, 109,
-3, 8, 247, 54, 11, 102, 217, 79,
-2, 167, 180, 248, 248, 162,
-1, 186, 45, 22, 150, 51,
#CLI: Come get some app!m2(217, 102, 162)!
0, 103, 87, 203, 89, 114,
1, 2, 187, 206, 95, 0,
-5, 152, 211, 154, 30, 48,
-11, 52, 247, 217, 78, 192,
-10, 102, 57, 62, 16, 233, 241,
-9, 131, 164, 178, 102, 162,
#APP: Ooh, I needed that app?m1(217, 102, 162, 87, 189)!
#APP: Ooh, I needed that app?m2(217, 102, 162)!
#APP: Come get some app!m3(217)!
-18, 117, 179, 96, 203, 14,
-8, 217, 139, 43, 116, 245,
-7, 89, 97, 45, 107, 56,
-16, 41, 62, 188, 59, 55,
-15, 217, 32, 220, 22, 141,
#CLI: Ooh, I needed that app?m3(217)!
#CLI: We meet again, Doctor Jones!
#CLI: Come get some app!m1(217, 102, 205, 208, 249)!
-22, 232, 155, 208, 249, 183, 61, 198,
-4, 125, 163, 171, 24, 102,
-3, 69, 162, 217, 214, 102, 217, 239,
-2, 179, 180, 215, 46, 205,
-1, 18, 184, 122, 189, 127,
#CLI: Come get some app!m2(217, 102, 205)!
0, 229, 40, 211, 45, 141,
1, 75, 143, 112, 12, 56,
-5, 28, 1, 7, 9, 20,
-11, 76, 227, 217, 189, 217,
-10, 102, 212, 209, 83, 202, 64,
-9, 21, 25, 101, 206, 205,
#APP: Ooh, I needed that app?m1(217, 102, 205, 208, 249)!
#APP: Ooh, I needed that app?m2(217, 102, 205)!
#APP: Come get some app!m3(217)!
-18, 177, 234, 46, 151, 88,
-8, 90, 94, 37, 145, 194,
-7, 222, 179, 251, 225, 40,
-16, 113, 43, 250, 157, 49,
-15, 217, 62, 39, 132, 241,
#CLI: Ooh, I needed that app?m3(217)!
#CLI: We meet again, Doctor Jones!
#CLI: Come get some app!m1(217, 102, 89, 192, 87)!
-22, 162, 8, 192, 87, 209, 16, 78,
-4, 135, 144, 175, 184, 132,
-3, 141, 181, 124, 234, 102, 217, 42,
-2, 23, 34, 132, 185, 89,
-1, 151, 106, 24, 45, 216,
#CLI: Come get some app!m2(217, 102, 89)!
0, 117, 167, 140, 57, 19,
1, 237, 43, 220, 193, 179,
-5, 169, 106, 59, 96, 70,
-11, 60, 143, 217, 202, 133,
-10, 102, 32, 206, 240, 129, 195,
-9, 166, 123, 142, 90, 89,
#APP: Ooh, I needed that app?m1(217, 102, 89, 192, 87)!
#APP: Ooh, I needed that app?m2(217, 102, 89)!
#APP: Come get some app!m3(217)!
-18, 20, 229, 62, 86, 50,
-8, 156, 116, 243, 186, 62,
-7, 59, 15, 143, 27, 98,
-16, 123, 201, 51, 140, 175,
-15, 217, 112, 142, 7, 182,
#CLI: Ooh, I needed that app?m3(217)!
#CLI: We meet again, Doctor Jones!
#CLI: Come get some app!m1(217, 102, 241, 56, 194)!
-22, 117, 145, 56, 194, 27, 189, 147,
-4, 9, 255, 2, 129, 98,
-3, 37, 208, 16, 95, 102, 217, 215,
-2, 19, 95, 81, 235, 241,
-1, 208, 211, 107, 207, 143,
#CLI: Come get some app!m2(217, 102, 241)!
0, 213, 169, 201, 84, 102,
1, 196, 5, 31, 10, 121,
-5, 17, 252, 89, 129, 111,
-11, 126, 218, 217, 236, 254,
-10, 102, 169, 36, 103, 202, 190,
-9, 251, 179, 190, 243, 241,
#APP: Ooh, I needed that app?m1(217, 102, 241, 56, 194)!
#APP: Ooh, I needed that app?m2(217, 102, 241)!
#APP: Come get some app!m3(217)!
-18, 129, 221, 176, 14, 198,
-8, 94, 169, 163, 72, 208,
-7, 112, 133, 249, 127, 218,
-16, 205, 202, 127, 16, 167,
-15, 217, 245, 158, 159, 99,
#CLI: Ooh, I needed that app?m3(217)!
#CLI: We meet again, Doctor Jones!
#CLI: Come get some app!m1(217, 102, 156, 61, 63)!
-22, 149, 33, 61, 63, 111, 14, 133,
-4, 173, 98, 147, 202, 141,
-3, 197, 52, 43, 6, 102, 217, 31,
-2, 28, 64, 206, 146, 156,
-1, 18, 100, 194, 73, 10,
#CLI: Come get some app!m2(217, 102, 156)!
0, 38, 105, 36, 115, 231,
1, 103, 247, 19, 75, 255,
-5, 245, 73, 130, 100, 246,
-11, 188, 2, 217, 24, 38,
-10, 102, 70, 108, 174, 84, 91,
-9, 251, 226, 67, 207, 156,
#APP: Ooh, I needed that app?m1(217, 102, 156, 61, 63)!
#APP: Ooh, I needed that app?m2(217, 102, 156)!
#APP: Come get some app!m3(217)!
-18, 24, 35, 159, 82, 32,
-8, 54, 246, 157, 28, 5,
-7, 180, 50, 136, 112, 91,
-16, 241, 22, 185, 153, 123,
-15, 217, 90, 146, 165, 150,
#CLI: Ooh, I needed that app?m3(217)!
#CLI: We meet again, Doctor Jones!
#CLI: Come get some app!m1(217, 102, 64, 252, 34)!
-22, 214, 38, 252, 34, 205, 41, 69,
-4, 67, 254, 163, 165, 52,
-3, 149, 97, 157, 229, 102, 217, 213,
-2, 48, 69, 220, 189, 64,
-1, 34, 135, 173, 254, 50,
#CLI: Come get some app!m2(217, 102, 64)!
0, 199, 19, 42, 7, 12,
1, 161, 234, 101, 42, 193,
-5, 209, 75, 59, 135, 151,
-11, 41, 252, 217, 50, 192,
-10, 102, 128, 200, 103, 80, 210,
-9, 81, 42, 100, 40, 64,
#APP: Ooh, I needed that app?m1(217, 102, 64, 252, 34)!
#APP: Ooh, I needed that app?m2(217, 102, 64)!
#APP: Come get some app!m3(217)!
-18, 49, 205, 239, 126, 0,
-8, 54, 181, 123, 171, 138,
-7, 37, 37, 218, 210, 120,
-16, 3, 50, 92, 136, 181,
-15, 217, 233, 172, 16, 253,
#CLI: Ooh, I needed that app?m3(217)!
#CLI: We meet again, Doctor Jones!
#CLI: Come get some app!m1(217, 102, 178, 19, 250)!
-22, 121, 157, 19, 250, 78, 83, 43,
-4, 145, 11, 99, 52, 182,
-3, 187, 157, 124, 30, 102, 217, 32,
-2, 241, 208, 203, 11, 178,
-1, 218, 132, 115, 245, 166,
#CLI: Come get some app!m2(217, 102, 178)!
0, 169, 191, 150, 28, 28,
1, 1, 99, 133, 87, 179,
-5, 103, 6, 49, 138, 97,
-11, 143, 71, 217, 148, 86,
-10, 102, 16, 5, 66, 72, 217,
-9, 183, 17, 172, 147, 178,
#APP: Ooh, I needed that app?m1(217, 102, 178, 19, 250)!
#APP: Ooh, I needed that app?m2(217, 102, 178)!
#APP: Come get some app!m3(217)!
-18, 30, 63, 223, 7, 78,
-8, 228, 24, 168, 212, 155,
-7, 169, 20, 2, 117, 74,
-16, 26, 31, 98, 38, 155,
-15, 217, 210, 23, 238, 145,
#CLI: Ooh, I needed that app?m3(217)!
#CLI: We meet again, Doctor Jones!
#CLI: Come get some app!m1(217, 102, 56, 127, 104)!
-22, 146, 185, 127, 104, 166, 214, 129,
-4, 80, 94, 138, 255, 222,
-3, 137, 70, 247, 109, 102, 217, 87,
-2, 140, 79, 40, 100, 56,
-1, 46, 131, 105, 68, 94,
#CLI: Come get some app!m2(217, 102, 56)!
0, 213, 76, 130, 150, 230,
1, 91, 123, 36, 174, 16,
-5, 253, 246, 51, 31, 93,
-11, 230, 170, 217, 47, 130,
-10, 102, 143, 254, 45, 240, 226,
-9, 68, 45, 91, 125, 56,
#APP: Ooh, I needed that app?m1(217, 102, 56, 127, 104)!
#APP: Ooh, I needed that app?m2(217, 102, 56)!
#APP: Come get some app!m3(217)!
-18, 87, 55, 156, 66, 193,
-8, 11, 0, 229, 70, 214,
-7, 46, 166, 3, 44, 127,
-16, 239, 234, 169, 209, 11,
-15, 217, 219, 5, 28, 72,
#CLI: Ooh, I needed that app?m3(217)!
#CLI: We meet again, Doctor Jones!
#CLI: Come get some app!m1(217, 102, 183, 0, 60)!
-22, 91, 78, 0, 60, 190, 159, 17,
-4, 238, 239, 23, 117, 228,
-3, 234, 48, 248, 22, 102, 217, 109,
-2, 195, 73, 93, 178, 183,
-1, 163, 37, 247, 77, 162,
#CLI: Come get some app!m2(217, 102, 183)!
0, 137, 214, 185, 158, 178,
1, 52, 211, 47, 139, 116,
-5, 163, 129, 30, 93, 225,
-11, 47, 202, 217, 172, 132,
-10, 102, 209, 253, 112, 208, 167,
-9, 227, 176, 163, 130, 183,
#APP: Ooh, I needed that app?m1(217, 102, 183, 0, 60)!
#APP: Ooh, I needed that app?m2(217, 102, 183)!
#APP: Come get some app!m3(217)!
-18, 78, 207, 148, 54, 237,
-8, 132, 190, 54, 88, 173,
-7, 92, 230, 147, 113, 161,
-16, 202, 227, 121, 211, 36,
-15, 217, 209, 73, 170, 220,
#CLI: Ooh, I needed that app?m3(217)!
#CLI: We meet again, Doctor Jones!
#CLI: Come get some app!m1(217, 102, 197, 4, 124)!
-22, 44, 81, 4, 124, 92, 198, 238,
-4, 248, 61, 5, 237, 70,
-3, 111, 38, 124, 27, 102, 217, 179,
-2, 237, 199, 199, 210, 197,
-1, 117, 39, 179, 142, 133,
#CLI: Come get some app!m2(217, 102, 197)!
0, 60, 87, 153, 178, 0,
1, 188, 119, 125, 10, 162,
-5, 198, 212, 54, 62, 181,
-11, 47, 63, 217, 45, 53,
-10, 102, 240, 239, 80, 125, 206,
-9, 7, 84, 63, 228, 197,
#APP: Ooh, I needed that app?m1(217, 102, 197, 4, 124)!
#APP: Ooh, I needed that app?m2(217, 102, 197)!
#APP: Come get some app!m3(217)!
-18, 74, 128, 91, 9, 8,
-8, 50, 190, 47, 171, 222,
-7, 32, 235, 248, 7, 197,
-16, 50, 232, 47, 2, 182,
-15, 217, 175, 196, 172, 106,
#CLI: Ooh, I needed that app?m3(217)!
#CLI: We meet again, Doctor Jones!
#CLI: Come get some app!m1(217, 102, 114, 155, 189)!
-22, 93, 196, 155, 189, 168, 82, 195,
-4, 21, 28, 233, 88, 214,
-3, 223, 147, 188, 216, 102, 217, 142,
-2, 80, 7, 43, 235, 114,
-1, 203, 135, 237, 151, 30,
#CLI: Come get some app!m2(217, 102, 114)!
0, 5, 18, 140, 190, 38,
1, 71, 20, 75, 78, 128,
-5, 168, 144, 136, 182, 18,
-11, 16, 150, 217, 80, 168,
-10, 102, 12, 156, 106, 222, 197,
-9, 197, 227, 161, 60, 114,
#APP: Ooh, I needed that app?m1(217, 102, 114, 155, 189)!
#APP: Ooh, I needed that app?m2(217, 102, 114)!
#APP: Come get some app!m3(217)!
-18, 163, 123, 106, 187, 247,
-8, 183, 124, 241, 196, 173,
-7, 78, 80, 207, 108, 98,
-16, 130, 228, 99, 31, 224,
-15, 217, 141, 113, 111, 60,
#CLI: Ooh, I needed that app?m3(217)!
#CLI: We meet again, Doctor Jones!
#CLI: Come get some app!m1(217, 102, 123, 79, 18)!
-22, 31, 88, 79, 18, 230, 40, 168,
-4, 25, 55, 50, 246, 136,
-3, 118, 132, 248, 148, 102, 217, 18,
-2, 142, 67, 62, 22, 123,
-1, 127, 27, 43, 162, 116,
#CLI: Come get some app!m2(217, 102, 123)!
0, 95, 225, 74, 205, 156,
1, 63, 0, 16, 127, 59,
-5, 42, 187, 210, 154, 115,
-11, 66, 146, 217, 228, 201,
-10, 102, 141, 185, 92, 88, 87,
-9, 118, 49, 23, 176, 123,
#APP: Ooh, I needed that app?m1(217, 102, 123, 79, 18)!
#APP: Ooh, I needed that app?m2(217, 102, 123)!
#APP: Come get some app!m3(217)!
-18, 236, 40, 38, 64, 14,
-8, 94, 119, 38, 91, 149,
-7, 90, 134, 93, 80, 114,
-16, 55, 203, 22, 33, 144,
-15, 217, 34, 138, 81, 22,
#CLI: Ooh, I needed that app?m3(217)!
#CLI: We meet again, Doctor Jones!
#CLI: Come get some app!m1(217, 102, 146, 195, 46)!
-22, 130, 4, 195, 46, 187, 159, 39,
-4, 172, 198, 104, 98, 66,
-3, 77, 156, 42, 83, 102, 217, 162,
-2, 28, 33, 97, 144, 146,
-1, 165, 11, 72, 126, 221,
#CLI: Come get some app!m2(217, 102, 146)!
0, 112, 19, 246, 75, 130,
1, 200, 25, 234, 131, 5,
-5, 119, 59, 42, 62, 121,
-11, 52, 26, 217, 36, 82,
-10, 102, 77, 162, 112, 193, 52,
-9, 145, 146, 4, 80, 146,
#APP: Ooh, I needed that app?m1(217, 102, 146, 195, 46)!
#APP: Ooh, I needed that app?m2(217, 102, 146)!
#APP: Come get some app!m3(217)!
-18, 172, 7, 157, 132, 50,
-8, 128, 194, 19, 130, 0,
-7, 216, 108, 102, 113, 221,
-16, 214, 233, 234, 69, 95,
-15, 217, 226, 190, 126, 79,
#CLI: Ooh, I needed that app?m3(217)!
#CLI: We meet again, Doctor Jones!
#CLI: Come get some app!m1(217, 102, 168, 60, 229)!
-22, 191, 40, 60, 229, 8, 78, 157,
-4, 66, 76, 2, 32, 93,
-3, 5, 150, 23, 245, 102, 217, 202,
-2, 167, 146, 61, 187, 168,
-1, 178, 237, 48, 147, 236,
#CLI: Come get some app!m2(217, 102, 168)!
0, 56, 252, 137, 104, 91,
1, 248, 243, 77, 244, 84,
-5, 50, 23, 210, 32, 32,
-11, 130, 63, 217, 139, 27,
-10, 102, 160, 102, 223, 174, 179,
-9, 160, 112, 126, 10, 168,
#APP: Ooh, I needed that app?m1(217, 102, 168, 60, 229)!
#APP: Ooh, I needed that app?m2(217, 102, 168)!
#APP: Come get some app!m3(217)!
-18, 4, 191, 32, 101, 48,
-8, 11, 159, 206, 98, 31,
-7, 88, 72, 209, 248, 104,
-16, 114, 156, 9, 165, 172,
-15, 217, 41, 69, 207, 129,
#CLI: Ooh, I needed that app?m3(217)!
#CLI: We meet again, Doctor Jones!
#CLI: Come get some app!m1(217, 102, 155, 164, 200)!
-22, 10, 95, 164, 200, 147, 37, 230,
-4, 65, 169, 100, 119, 128,
-3, 230, 168, 92, 162, 102, 217, 27,
-2, 169, 248, 235, 85, 155,
-1, 98, 149, 203, 179, 228,
#CLI: Come get some app!m2(217, 102, 155)!
0, 101, 74, 122, 124, 41,
1, 102, 250, 98, 35, 46,
-5, 161, 87, 129, 239, 186,
-11, 86, 74, 217, 169, 36,
-10, 102, 120, 168, 110, 121, 204,
-9, 84, 93, 237, 87, 155,
#APP: Ooh, I needed that app?m1(217, 102, 155, 164, 200)!
#APP: Ooh, I needed that app?m2(217, 102, 155)!
#APP: Come get some app!m3(217)!
-18, 204, 108, 181, 195, 126,
-8, 84, 155, 58, 185, 92,
-7, 107, 210, 208, 7, 18,
-16, 161, 82, 100, 198, 69,
-15, 217, 25, 106, 44, 34,
#CLI: Ooh, I needed that app?m3(217)!
#CLI: We meet again, Doctor Jones!
#CLI: Come get some app!m1(217, 102, 19, 8, 206)!
-22, 147, 128, 8, 206, 211, 243, 238,
-4, 50, 211, 126, 49, 201,
-3, 7, 68, 188, 254, 102, 217, 64,
-2, 231, 112, 147, 135, 19,
-1, 233, 106, 95, 68, 39,
#CLI: Come get some app!m2(217, 102, 19)!
0, 6, 173, 98, 55, 16,
1, 27, 83, 24, 104, 155,
-5, 251, 28, 1, 145, 207,
-11, 51, 155, 217, 166, 34,
-10, 102, 13, 87, 171, 151, 9,
-9, 7, 20, 27, 51, 19,
#APP: Ooh, I needed that app?m1(217, 102, 19, 8, 206)!
#APP: Ooh, I needed that app?m2(217, 102, 19)!
#APP: Come get some app!m3(217)!
-18, 39, 185, 52, 185, 131,
-8, 56, 128, 9, 49, 105,
-7, 29, 236, 36, 28, 246,
-16, 61, 37, 171, 241, 199,
-15, 217, 124, 97, 91, 42,
#CLI: Ooh, I needed that app?m3(217)!
#CLI: We meet again, Doctor Jones!
#CLI: Come get some app!m1(217, 102, 216, 99, 196)!
-22, 151, 131, 99, 196, 91, 179, 140,
-4, 244, 213, 23, 7, 95,
-3, 31, 110, 95, 252, 102, 217, 218,
-2, 92, 123, 73, 170, 216,
-1, 121, 171, 194, 151, 128,
#CLI: Come get some app!m2(217, 102, 216)!
0, 110, 85, 241, 158, 237,
1, 91, 252, 104, 44, 47,
-5, 135, 216, 145, 174, 90,
-11, 196, 91, 217, 100, 37,
-10, 102, 0, 117, 100, 17, 226,
-9, 245, 27, 230, 242, 216,
#APP: Ooh, I needed that app?m1(217, 102, 216, 99, 196)!
#APP: Ooh, I needed that app?m2(217, 102, 216)!
#APP: Come get some app!m3(217)!
-18, 98, 133, 233, 108, 23,
-8, 246, 191, 67, 82, 66,
-7, 111, 181, 73, 106, 30,
-16, 251, 143, 181, 177, 52,
-15, 217, 3, 168, 16, 88,
#CLI: Ooh, I needed that app?m3(217)!
#CLI: We meet again, Doctor Jones!
#CLI: Come get some app!m1(217, 102, 44, 16, 231)!
-22, 107, 213, 16, 231, 220, 90, 42,
-4, 105, 32, 0, 87, 198,
-3, 96, 101, 249, 82, 102, 217, 238,
-2, 240, 7, 218, 84, 44,
-1, 144, 48, 187, 5, 120,
#CLI: Come get some app!m2(217, 102, 44)!
0, 21, 124, 246, 78, 76,
1, 120, 169, 162, 112, 178,
-5, 87, 205, 92, 93, 250,
-11, 217, 186, 217, 226, 193,
-10, 102, 66, 92, 90, 150, 210,
-9, 82, 125, 50, 72, 44,
#APP: Ooh, I needed that app?m1(217, 102, 44, 16, 231)!
#APP: Ooh, I needed that app?m2(217, 102, 44)!
#APP: Come get some app!m3(217)!
-18, 97, 80, 98, 251, 186,
-8, 145, 195, 208, 7, 84,
-7, 101, 132, 60, 254, 112,
-16, 106, 19, 115, 15, 224,
-15, 217, 115, 168, 238, 241,
#CLI: Ooh, I needed that app?m3(217)!
#CLI: We meet again, Doctor Jones!
#CLI: Come get some app!m1(217, 102, 114, 29, 112)!
-22, 167, 42, 29, 112, 233, 156, 2,
-4, 219, 111, 108, 72, 241,
-3, 137, 189, 69, 103, 102, 217, 181,
-2, 158, 31, 202, 172, 114,
-1, 60, 96, 64, 234, 46,
#CLI: Come get some app!m2(217, 102, 114)!
0, 37, 243, 161, 160, 193,
1, 74, 61, 254, 241, 149,
-5, 12, 237, 229, 213, 2,
-11, 47, 198, 217, 106, 93,
-10, 102, 144, 128, 81, 68, 1,
-9, 109, 121, 31, 239, 114,
#APP: Ooh, I needed that app?m1(217, 102, 114, 29, 112)!
#APP: Ooh, I needed that app?m2(217, 102, 114)!
#APP: Come get some app!m3(217)!
-18, 112, 169, 69, 62, 82,
-8, 43, 77, 141, 60, 13,
-7, 157, 211, 74, 197, 173,
-16, 207, 205, 188, 233, 190,
-15, 217, 253, 220, 31, 146,
#CLI: Ooh, I needed that app?m3(217)!
#CLI: We meet again, Doctor Jones!
#CLI: Come get some app!m1(217, 102, 183, 219, 34)!
-22, 130, 159, 219, 34, 144, 106, 77,
-4, 112, 174, 203, 56, 220,
-3, 155, 151, 27, 18, 102, 217, 73,
-2, 55, 185, 3, 127, 183,
-1, 234, 50, 66, 47, 142,
#CLI: Come get some app!m2(217, 102, 183)!
0, 189, 20, 231, 55, 133,
1, 7, 148, 125, 53, 96,
-5, 189, 194, 193, 85, 198,
-11, 221, 87, 217, 136, 58,
-10, 102, 152, 142, 21, 108, 129,
-9, 3, 55, 70, 228, 183,
#APP: Ooh, I needed that app?m1(217, 102, 183, 219, 34)!
#APP: Ooh, I needed that app?m2(217, 102, 183)!
#APP: Come get some app!m3(217)!
-18, 123, 40, 100, 1, 115,
-8, 76, 87, 4, 4, 169,
-7, 8, 211, 147, 53, 87,
-16, 70, 107, 89, 190, 32,
-15, 217, 159, 174, 38, 126,
#CLI: Ooh, I needed that app?m3(217)!
#CLI: We meet again, Doctor Jones!
#CLI: Come get some app!m1(217, 102, 50, 37, 157)!
-22, 22, 27, 37, 157, 250, 20, 111,
-4, 61, 73, 139, 24, 97,
-3, 232, 110, 16, 235, 102, 217, 29,
-2, 56, 82, 129, 183, 50,
-1, 23, 41, 62, 149, 238,
#CLI: Come get some app!m2(217, 102, 50)!
0, 249, 92, 16, 237, 44,
1, 186, 34, 240, 85, 43,
-5, 198, 143, 54, 204, 111,
-11, 47, 170, 217, 37, 155,
-10, 102, 71, 70, 160, 105, 179,
-9, 3, 103, 146, 85, 50,
#APP: Ooh, I needed that app?m1(217, 102, 50, 37, 157)!
#APP: Ooh, I needed that app?m2(217, 102, 50)!
#APP: Come get some app!m3(217)!
-18, 181, 204, 239, 98, 84,
-8, 223, 224, 116, 35, 164,
-7, 134, 89, 199, 106, 199,
-16, 93, 48, 2, 29, 126,
-15, 217, 209, 151, 1, 54,
#CLI: Ooh, I needed that app?m3(217)!
#CLI: We meet again, Doctor Jones!
#CLI: Come get some app!m1(217, 102, 231, 184, 118)!
-22, 23, 103, 184, 118, 105, 93, 108,
-4, 174, 80, 105, 245, 184,
-3, 107, 96, 115, 137, 102, 217, 2,
-2, 34, 110, 90, 242, 231,
-1, 15, 11, 97, 164, 204,
#CLI: Come get some app!m2(217, 102, 231)!
0, 17, 4, 224, 5, 190,
1, 114, 85, 61, 163, 211,
-5, 252, 137, 121, 232, 77,
-11, 141, 255, 217, 178, 208,
-10, 102, 79, 27, 208, 49, 40,
-9, 5, 87, 93, 203, 231,
#APP: Ooh, I needed that app?m1(217, 102, 231, 184, 118)!
#APP: Ooh, I needed that app?m2(217, 102, 231)!
#APP: Come get some app!m3(217)!
-18, 218, 87, 200, 135, 121,
-8, 224, 48, 17, 203, 46,
-7, 95, 234, 97, 39, 131,
-16, 158, 130, 119, 187, 134,
-15, 217, 124, 219, 26, 86,
#CLI: Ooh, I needed that app?m3(217)!
#CLI: We meet again, Doctor Jones!
#CLI: Come get some app!m1(217, 102, 250, 204, 237)!
-22, 26, 64, 204, 237, 230, 39, 121,
-4, 96, 130, 199, 116, 46,
-3, 245, 248, 183, 97, 102, 217, 207,
-2, 141, 18, 134, 246, 250,
-1, 98, 65, 165, 123, 125,
#CLI: Come get some app!m2(217, 102, 250)!
0, 83, 196, 214, 248, 25,
1, 149, 213, 51, 124, 25,
-5, 19, 57, 15, 210, 184,
-11, 18, 156, 217, 58, 169,
-10, 102, 152, 186, 2, 249, 135,
-9, 64, 217, 1, 239, 250,
#APP: Ooh, I needed that app?m1(217, 102, 250, 204, 237)!
#APP: Ooh, I needed that app?m2(217, 102, 250)!
#APP: Come get some app!m3(217)!
-18, 201, 13, 139, 70, 70,
-8, 245, 211, 54, 135, 253,
-7, 208, 184, 184, 165, 31,
-16, 146, 37, 71, 156, 7,
-15, 217, 79, 70, 202, 54,
#CLI: Ooh, I needed that app?m3(217)!
#CLI: We meet again, Doctor Jones!
#CLI: Come get some app!m1(217, 102, 75, 173, 105)!
-22, 219, 169, 173, 105, 180, 210, 69,
-4, 255, 110, 92, 241, 244,
-3, 235, 1, 163, 61, 102, 217, 116,
-2, 239, 162, 166, 204, 75,
-1, 201, 54, 185, 88, 104,
#CLI: Come get some app!m2(217, 102, 75)!
0, 243, 234, 230, 102, 172,
1, 14, 143, 218, 2, 154,
-5, 149, 66, 177, 163, 165,
-11, 222, 83, 217, 232, 185,
-10, 102, 217, 84, 185, 91, 44,
-9, 97, 48, 44, 94, 75,
#APP: Ooh, I needed that app?m1(217, 102, 75, 173, 105)!
#APP: Ooh, I needed that app?m2(217, 102, 75)!
#APP: Come get some app!m3(217)!
-18, 196, 236, 142, 43, 244,
-8, 147, 61, 241, 23, 5,
-7, 143, 61, 243, 40, 236,
-16, 137, 97, 170, 6, 96,
-15, 217, 71, 175, 16, 217,
#CLI: Ooh, I needed that app?m3(217)!
#CLI: We meet again, Doctor Jones!
#CLI: Come get some app!m1(217, 102, 235, 244, 36)!
-22, 101, 101, 244, 36, 30, 130, 42,
-4, 231, 236, 250, 202, 27,
-3, 114, 71, 143, 185, 102, 217, 241,
-2, 61, 125, 145, 141, 235,
-1, 244, 248, 136, 76, 102,
#CLI: Come get some app!m2(217, 102, 235)!
0, 48, 23, 112, 159, 205,
1, 59, 81, 253, 244, 156,
-5, 86, 123, 224, 111, 207,
-11, 137, 68, 217, 140, 195,
-10, 102, 232, 48, 92, 148, 183,
-9, 124, 234, 101, 186, 235,
#APP: Ooh, I needed that app?m1(217, 102, 235, 244, 36)!
#APP: Ooh, I needed that app?m2(217, 102, 235)!
#APP: Come get some app!m3(217)!
-18, 236, 218, 137, 181, 25,
-8, 143, 143, 222, 163, 253,
-7, 254, 161, 84, 95, 25,
-16, 57, 249, 232, 82, 75,
-15, 217, 220, 73, 231, 237,
#CLI: Ooh, I needed that app?m3(217)!
#CLI: We meet again, Doctor Jones!
#CLI: Come get some app!m1(217, 102, 26, 153, 252)!
-22, 219, 209, 153, 252, 98, 8, 115,
-4, 12, 21, 174, 107, 43,
-3, 92, 142, 240, 223, 102, 217, 22,
-2, 88, 44, 251, 56, 26,
-1, 43, 113, 181, 47, 88,
#CLI: Come get some app!m2(217, 102, 26)!
0, 6, 111, 21, 48, 137,
1, 174, 106, 251, 166, 88,
-5, 89, 215, 247, 242, 244,
-11, 246, 3, 217, 217, 194,
-10, 102, 150, 248, 198, 34, 99,
-9, 41, 121, 42, 69, 26,
#APP: Ooh, I needed that app?m1(217, 102, 26, 153, 252)!
#APP: Ooh, I needed that app?m2(217, 102, 26)!
#APP: Come get some app!m3(217)!
-18, 34, 85, 183, 67, 160,
-8, 57, 170, 173, 47, 14,
-7, 212, 180, 136, 152, 101,
-16, 193, 26, 248, 207, 185,
-15, 217, 180, 71, 171, 117,
#CLI: Ooh, I needed that app?m3(217)!
#CLI: We meet again, Doctor Jones!
#CLI: Come get some app!m1(217, 102, 221, 207, 60)!
-22, 221, 235, 207, 60, 61, 240, 157,
-4, 104, 130, 155, 235, 43,
-3, 146, 205, 15, 200, 102, 217, 65,
-2, 163, 0, 147, 20, 221,
-1, 181, 93, 98, 162, 56,
#CLI: Come get some app!m2(217, 102, 221)!
0, 229, 62, 56, 23, 190,
1, 91, 215, 187, 97, 20,
-5, 255, 108, 65, 41, 100,
-11, 126, 31, 217, 229, 101,
-10, 102, 12, 111, 219, 243, 31,
-9, 134, 127, 167, 98, 221,
#APP: Ooh, I needed that app?m1(217, 102, 221, 207, 60)!
#APP: Ooh, I needed that app?m2(217, 102, 221)!
#APP: Come get some app!m3(217)!
-18, 115, 194, 180, 130, 225,
-8, 204, 216, 169, 148, 79,
-7, 143, 139, 132, 160, 55,
-16, 43, 42, 23, 230, 99,
-15, 217, 99, 182, 195, 159,
#CLI: Ooh, I needed that app?m3(217)!
#CLI: We meet again, Doctor Jones!
#CLI: Come get some app!m1(217, 102, 231, 57, 243)!
-22, 207, 87, 57, 243, 83, 157, 50,
-4, 13, 32, 183, 63, 177,
-3, 197, 187, 254, 134, 102, 217, 149,
-2, 64, 147, 83, 121, 231,
-1, 1, 177, 215, 127, 205,
#CLI: Come get some app!m2(217, 102, 231)!
0, 220, 233, 1, 55, 177,
1, 154, 248, 186, 60, 124,
-5, 138, 164, 195, 132, 77,
-11, 35, 129, 217, 60, 190,
-10, 102, 41, 116, 204, 49, 137,
-9, 191, 50, 29, 9, 231,
#APP: Ooh, I needed that app?m1(217, 102, 231, 57, 243)!
#APP: Ooh, I needed that app?m2(217, 102, 231)!
#APP: Come get some app!m3(217)!
-18, 131, 102, 177, 66, 149,
-8, 144, 244, 217, 13, 27,
-7, 110, 112, 200, 112, 151,
-16, 87, 236, 189, 215, 227,
-15, 217, 59, 48, 40, 111,
#CLI: Ooh, I needed that app?m3(217)!
#CLI: We meet again, Doctor Jones!
#CLI: Come get some app!m1(217, 102, 81, 151, 99)!
-22, 144, 146, 151, 99, 234, 25, 70,
-4, 48, 215, 48, 228, 195,
-3, 187, 176, 157, 200, 102, 217, 84,
-2, 254, 209, 248, 224, 81,
-1, 67, 127, 218, 38, 219,
#CLI: Come get some app!m2(217, 102, 81)!
0, 104, 255, 62, 33, 218,
1, 98, 95, 242, 78, 124,
-5, 8, 167, 148, 72, 40,
-11, 113, 147, 217, 219, 215,
-10, 102, 203, 20, 254, 124, 123,
-9, 88, 52, 87, 124, 81,
#APP: Ooh, I needed that app?m1(217, 102, 81, 151, 99)!
#APP: Ooh, I needed that app?m2(217, 102, 81)!
#APP: Come get some app!m3(217)!
-18, 97, 36, 77, 63, 226,
-8, 201, 33, 69, 166, 29,
-7, 117, 7, 139, 106, 98,
-16, 193, 136, 190, 100, 166,
-15, 217, 157, 158, 141, 220,
#CLI: Ooh, I needed that app?m3(217)!
#CLI: We meet again, Doctor Jones!
#CLI: Come get some app!m1(217, 102, 148, 153, 3)!
-22, 210, 232, 153, 3, 137, 7, 131,
-4, 45, 180, 168, 124, 148,
-3, 12, 241, 199, 132, 102, 217, 66,
-2, 46, 224, 27, 46, 148,
-1, 118, 11, 145, 155, 191,
#CLI: Come get some app!m2(217, 102, 148)!
0, 173, 52, 172, 108, 63,
1, 216, 76, 163, 206, 203,
-5, 4, 244, 125, 156, 31,
-11, 65, 24, 217, 183, 153,
-10, 102, 139, 212, 251, 139, 93,
-9, 54, 28, 237, 161, 148,
#APP: Ooh, I needed that app?m1(217, 102, 148, 153, 3)!
#APP: Ooh, I needed that app?m2(217, 102, 148)!
#APP: Come get some app!m3(217)!
-18, 171, 246, 82, 140, 44,
-8, 199, 107, 30, 180, 41,
-7, 200, 170, 66, 51, 189,
-16, 143, 13, 30, 11, 177,
-15, 217, 148, 239, 17, 204,
#CLI: Ooh, I needed that app?m3(217)!
#CLI: We meet again, Doctor Jones!
#CLI: Come get some app!m1(217, 102, 101, 117, 10)!
-22, 113, 87, 117, 10, 204, 254, 156,
-4, 164, 6, 135, 226, 128,
-3, 89, 89, 183, 181, 102, 217, 238,
-2, 191, 59, 186, 108, 101,
-1, 84, 158, 183, 42, 206,
#CLI: Come get some app!m2(217, 102, 101)!
0, 110, 86, 70, 135, 188,
1, 247, 249, 211, 169, 108,
-5, 24, 83, 120, 111, 138,
-11, 55, 155, 217, 128, 138,
-10, 102, 11, 137, 215, 46, 78,
-9, 48, 234, 160, 18, 101,
#APP: Ooh, I needed that app?m1(217, 102, 101, 117, 10)!
#APP: Ooh, I needed that app?m2(217, 102, 101)!
#APP: Come get some app!m3(217)!
-18, 163, 151, 67, 206, 235,
-8, 158, 167, 204, 119, 62,
-7, 124, 121, 117, 152, 21,
-16, 160, 42, 147, 130, 127,
-15, 217, 31, 117, 204, 189,
#CLI: Ooh, I needed that app?m3(217)!
#CLI: We meet again, Doctor Jones!
#CLI: Come get some app!m1(217, 102, 54, 245, 21)!
-22, 76, 160, 245, 21, 220, 137, 126,
-4, 48, 244, 43, 49, 179,
-3, 253, 84, 29, 159, 102, 217, 131,
-2, 193, 111, 2, 171, 54,
-1, 17, 60, 198, 181, 53,
#CLI: Come get some app!m2(217, 102, 54)!
0, 198, 61, 16, 159, 174,
1, 211, 163, 118, 155, 19,
-5, 142, 12, 207, 21, 99,
-11, 66, 20, 217, 147, 80,
-10, 102, 197, 49, 62, 18, 21,
-9, 227, 21, 96, 41, 54,
#APP: Ooh, I needed that app?m1(217, 102, 54, 245, 21)!
#APP: Ooh, I needed that app?m2(217, 102, 54)!
#APP: Come get some app!m3(217)!
-18, 183, 230, 221, 52, 241,
-8, 189, 18, 254, 98, 243,
-7, 241, 85, 111, 147, 22,
-16, 156, 231, 196, 204, 32,
-15, 217, 219, 187, 84, 243,
#CLI: Ooh, I needed that app?m3(217)!
#CLI: We meet again, Doctor Jones!
#CLI: Come get some app!m1(217, 102, 53, 6, 47)!
-22, 190, 164, 6, 47, 20, 120, 11,
-4, 38, 129, 46, 89, 241,
-3, 142, 252, 143, 171, 102, 217, 35,
-2, 85, 152, 107, 59, 53,
-1, 191, 128, 36, 21, 61,
#CLI: Come get some app!m2(217, 102, 53)!
0, 119, 42, 71, 191, 24,
1, 114, 19, 1, 244, 239,
-5, 146, 143, 197, 128, 227,
-11, 159, 217, 217, 216, 205,
-10, 102, 48, 9, 161, 98, 87,
-9, 53, 193, 139, 100, 53,
#APP: Ooh, I needed that app?m1(217, 102, 53, 6, 47)!
#APP: Ooh, I needed that app?m2(217, 102, 53)!
#APP: Come get some app!m3(217)!
-18, 22, 110, 61, 3, 121,
-8, 237, 196, 55, 54, 51,
-7, 224, 25, 157, 27, 219,
-16, 16, 168, 143, 80, 67,
-15, 217, 46, 112, 176, 127,
#CLI: Ooh, I needed that app?m3(217)!
#CLI: We meet again, Doctor Jones!
#CLI: Come get some app!m1(217, 102, 73, 232, 112)!
-22, 16, 199, 232, 112, 173, 112, 163,
-4, 110, 45, 13, 78, 42,
-3, 249, 193, 251, 177, 102, 217, 196,
-2, 235, 142, 142, 103, 73,
-1, 239, 180, 169, 141, 204,
#CLI: Come get some app!m2(217, 102, 73)!
0, 84, 210, 58, 7, 108,
1, 43, 255, 99, 23, 186,
-5, 154, 109, 60, 219, 211,
-11, 167, 21, 217, 228, 95,
-10, 102, 93, 232, 40, 149, 171,
-9, 168, 68, 23, 232, 73,
#APP: Ooh, I needed that app?m1(217, 102, 73, 232, 112)!
#APP: Ooh, I needed that app?m2(217, 102, 73)!
#APP: Come get some app!m3(217)!
-18, 146, 137, 19, 117, 223,
-8, 30, 142, 202, 142, 201,
-7, 45, 37, 243, 212, 115,
-16, 77, 196, 59, 164, 134,
-15, 217, 222, 147, 196, 200,
#CLI: Ooh, I needed that app?m3(217)!
#CLI: We meet again, Doctor Jones!
#CLI: Come get some app!m1(217, 102, 23, 92, 128)!
-22, 50, 63, 92, 128, 102, 250, 47,
-4, 142, 121, 200, 138, 201,
-3, 233, 84, 87, 229, 102, 217, 106,
-2, 105, 200, 116, 204, 23,
-1, 101, 207, 201, 111, 249,
#CLI: Come get some app!m2(217, 102, 23)!
0, 32, 161, 246, 198, 102,
1, 79, 214, 252, 244, 131,
-5, 57, 249, 178, 134, 202,
-11, 99, 72, 217, 203, 253,
-10, 102, 137, 215, 100, 40, 50,
-9, 207, 128, 136, 207, 23,
#APP: Ooh, I needed that app?m1(217, 102, 23, 92, 128)!
#APP: Ooh, I needed that app?m2(217, 102, 23)!
#APP: Come get some app!m3(217)!
-18, 9, 191, 154, 209, 205,
-8, 180, 81, 67, 198, 67,
-7, 76, 180, 148, 124, 96,
-16, 26, 108, 16, 18, 94,
-15, 217, 77, 200, 163, 174,
#CLI: Ooh, I needed that app?m3(217)!
#CLI: We meet again, Doctor Jones!
#CLI: Come get some app!m1(217, 102, 139, 243, 231)!
-22, 242, 107, 243, 231, 132, 39, 237,
-4, 4, 106, 187, 123, 205,
-3, 216, 149, 150, 171, 102, 217, 161,
-2, 90, 13, 143, 55, 139,
-1, 213, 110, 128, 86, 69,
#CLI: Come get some app!m2(217, 102, 139)!
0, 201, 159, 187, 5, 39,
1, 108, 134, 168, 22, 191,
-5, 119, 161, 172, 247, 254,
-11, 59, 133, 217, 102, 125,
-10, 102, 30, 207, 183, 98, 76,
-9, 24, 47, 155, 68, 139,
#APP: Ooh, I needed that app?m1(217, 102, 139, 243, 231)!
#APP: Ooh, I needed that app?m2(217, 102, 139)!
#APP: Come get some app!m3(217)!
-18, 162, 84, 178, 73, 132,
-8, 168, 182, 125, 151, 33,
-7, 108, 45, 110, 1, 10,
-16, 115, 173, 234, 9, 225,
-15, 217, 232, 66, 166, 154,
#CLI: Ooh, I needed that app?m3(217)!
#CLI: We meet again, Doctor Jones!
#CLI: Come get some app!m1(217, 102, 192, 49, 246)!
-22, 93, 21, 49, 246, 212, 36, 166,
-4, 116, 1, 27, 238, 213,
-3, 122, 68, 255, 154, 102, 217, 45,
-2, 242, 1, 121, 83, 192,
-1, 121, 39, 107, 2, 224,
#CLI: Come get some app!m2(217, 102, 192)!
0, 82, 164, 198, 130, 109,
1, 23, 91, 116, 37, 207,
-5, 120, 104, 193, 60, 65,
-11, 125, 240, 217, 204, 71,
-10, 102, 37, 251, 132, 93, 150,
-9, 68, 110, 211, 132, 192,
#APP: Ooh, I needed that app?m1(217, 102, 192, 49, 246)!
#APP: Ooh, I needed that app?m2(217, 102, 192)!
#APP: Come get some app!m3(217)!
-18, 66, 97, 176, 88, 248,
-8, 21, 69, 47, 239, 29,
-7, 195, 77, 88, 225, 6,
-16, 204, 104, 124, 255, 212,
-15, 217, 7, 178, 130, 161,
#CLI: Ooh, I needed that app?m3(217)!
#CLI: We meet again, Doctor Jones!
#CLI: Come get some app!m1(217, 102, 174, 80, 174)!
-22, 98, 31, 80, 174, 250, 49, 88,
-4, 136, 246, 110, 25, 15,
-3, 155, 60, 22, 146, 102, 217, 214,
-2, 170, 103, 72, 28, 174,
-1, 156, 6, 121, 185, 163,
#CLI: Come get some app!m2(217, 102, 174)!
0, 104, 79, 182, 69, 151,
1, 82, 33, 188, 52, 158,
-5, 236, 235, 233, 13, 21,
-11, 137, 247, 217, 83, 197,
-10, 102, 209, 45, 206, 145, 221,
-9, 7, 203, 119, 78, 174,
#APP: Ooh, I needed that app?m1(217, 102, 174, 80, 174)!
#APP: Ooh, I needed that app?m2(217, 102, 174)!
#APP: Come get some app!m3(217)!
-18, 159, 12, 173, 219, 134,
-8, 52, 47, 106, 80, 90,
-7, 97, 179, 97, 67, 6,
-16, 132, 180, 205, 31, 26,
-15, 217, 153, 122, 249, 97,
#CLI: Ooh, I needed that app?m3(217)!
#CLI: We meet again, Doctor Jones!
#CLI: Come get some app!m1(217, 102, 131, 175, 46)!
-22, 171, 231, 175, 46, 196, 255, 181,
-4, 46, 65, 202, 47, 207,
-3, 155, 137, 232, 235, 102, 217, 173,
-2, 111, 140, 216, 51, 131,
-1, 31, 53, 21, 1, 179,
#CLI: Come get some app!m2(217, 102, 131)!
0, 148, 23, 21, 48, 197,
1, 75, 120, 66, 131, 175,
-5, 8, 133, 247, 90, 17,
-11, 172, 179, 217, 220, 186,
-10, 102, 90, 210, 93, 82, 194,
-9, 227, 168, 2, 175, 131,
#APP: Ooh, I needed that app?m1(217, 102, 131, 175, 46)!
#APP: Ooh, I needed that app?m2(217, 102, 131)!
#APP: Come get some app!m3(217)!
-18, 27, 32, 48, 153, 7,
-8, 112, 183, 198, 109, 72,
-7, 89, 62, 40, 153, 82,
-16, 126, 149, 76, 188, 158,
-15, 217, 10, 48, 174, 49,
#CLI: Ooh, I needed that app?m3(217)!
#CLI: We meet again, Doctor Jones!
#CLI: Come get some app!m1(217, 102, 55, 155, 182)!
-22, 170, 111, 155, 182, 191, 159, 156,
-4, 130, 52, 65, 23, 111,
-3, 40, 140, 86, 0, 102, 217, 32,
-2, 22, 68, 140, 50, 55,
-1, 246, 122, 163, 161, 153,
#CLI: Come get some app!m2(217, 102, 55)!
0, 53, 189, 76, 240, 160,
1, 159, 227, 245, 87, 7,
-5, 26, 161, 236, 8, 46,
-11, 237, 123, 217, 147, 213,
-10, 102, 247, 106, 237, 40, 49,
-9, 137, 246, 108, 197, 55,
#APP: Ooh, I needed that app?m1(217, 102, 55, 155, 182)!
#APP: Ooh, I needed that app?m2(217, 102, 55)!
#APP: Come get some app!m3(217)!
-18, 253, 134, 185, 106, 54,
-8, 5, 79, 208, 182, 114,
-7, 150, 67, 16, 131, 26,
-16, 106, 222, 186, 222, 97,
-15, 217, 113, 189, 221, 239,
#CLI: Ooh, I needed that app?m3(217)!
#CLI: We meet again, Doctor Jones!
#CLI: Come get some app!m1(217, 102, 11, 6, 197)!
-22, 109, 116, 6, 197, 141, 250, 14,
-4, 143, 229, 12, 37, 161,
-3, 232, 4, 190, 150, 102, 217, 132,
-2, 66, 59, 59, 229, 11,
-1, 176, 24, 200, 69, 56,
#CLI: Come get some app!m2(217, 102, 11)!
0, 22, 101, 183, 208, 196,
1, 50, 98, 132, 249, 136,
-5, 161, 177, 118, 243, 210,
-11, 30, 140, 217, 1, 247,
-10, 102, 98, 131, 179, 217, 201,
-9, 106, 147, 230, 18, 11,
#APP: Ooh, I needed that app?m1(217, 102, 11, 6, 197)!
#APP: Ooh, I needed that app?m2(217, 102, 11)!
#APP: Come get some app!m3(217)!
-18, 84, 14, 86, 19, 219,
-8, 87, 40, 113, 100, 250,
-7, 225, 13, 89, 99, 71,
-16, 215, 223, 192, 186, 232,
-15, 217, 170, 56, 141, 155,
#CLI: Ooh, I needed that app?m3(217)!
#CLI: We meet again, Doctor Jones!
#CLI: Come get some app!m1(217, 102, 232, 249, 47)!
-22, 231, 85, 249, 47, 206, 208, 198,
-4, 145, 55, 24, 74, 144,
-3, 44, 41, 73, 110, 102, 217, 248,
-2, 202, 41, 75, 233, 232,
-1, 119, 132, 46, 147, 181,
#CLI: Come get some app!m2(217, 102, 232)!
0, 77, 166, 58, 186, 247,
1, 31, 151, 190, 254, 49,
-5, 111, 88, 120, 129, 4,
-11, 76, 230, 217, 24, 162,
-10, 102, 83, 240, 44, 144, 120,
-9, 10, 53, 161, 79, 232,
#APP: Ooh, I needed that app?m1(217, 102, 232, 249, 47)!
#APP: Ooh, I needed that app?m2(217, 102, 232)!
#APP: Come get some app!m3(217)!
-18, 145, 247, 249, 183, 99,
-8, 226, 49, 6, 39, 207,
-7, 145, 141, 74, 85, 83,
-16, 229, 205, 235, 213, 6,
-15, 217, 212, 61, 234, 230,
#CLI: Ooh, I needed that app?m3(217)!
#CLI: We meet again, Doctor Jones!
#CLI: Come get some app!m1(217, 102, 230, 83, 50)!
-22, 78, 96, 83, 50, 83, 83, 195,
-4, 27, 85, 58, 227, 46,
-3, 227, 168, 36, 234, 102, 217, 143,
-2, 254, 136, 83, 196, 230,
-1, 229, 211, 14, 211, 235,
#CLI: Come get some app!m2(217, 102, 230)!
0, 153, 116, 188, 80, 129,
1, 148, 238, 61, 16, 164,
-5, 226, 147, 33, 234, 201,
-11, 41, 216, 217, 50, 221,
-10, 102, 79, 166, 80, 117, 177,
-9, 107, 181, 212, 163, 230,
#APP: Ooh, I needed that app?m1(217, 102, 230, 83, 50)!
#APP: Ooh, I needed that app?m2(217, 102, 230)!
#APP: Come get some app!m3(217)!
-18, 155, 48, 139, 111, 253,
-8, 171, 75, 182, 135, 226,
-7, 59, 0, 13, 110, 252,
-16, 241, 248, 8, 33, 34,
-15, 217, 64, 121, 195, 154,
#CLI: Ooh, I needed that app?m3(217)!
#CLI: We meet again, Doctor Jones!
#CLI: Come get some app!m1(217, 102, 25, 139, 1)!
-22, 229, 246, 139, 1, 183, 158, 64,
-4, 158, 234, 51, 40, 213,
-3, 214, 238, 116, 98, 102, 217, 213,
-2, 198, 251, 252, 138, 25,
-1, 19, 203, 250, 113, 44,
#CLI: Come get some app!m2(217, 102, 25)!
0, 186, 251, 26, 15, 129,
1, 86, 87, 255, 24, 72,
-5, 236, 196, 218, 162, 56,
-11, 14, 162, 217, 161, 92,
-10, 102, 68, 172, 198, 215, 231,
-9, 33, 50, 77, 153, 25,
#APP: Ooh, I needed that app?m1(217, 102, 25, 139, 1)!
#APP: Ooh, I needed that app?m2(217, 102, 25)!
#APP: Come get some app!m3(217)!
-18, 13, 180, 224, 158, 106,
-8, 151, 61, 132, 138, 162,
-7, 247, 157, 246, 72, 189,
-16, 138, 128, 31, 106, 124,
-15, 217, 44, 69, 232, 75,
#CLI: Ooh, I needed that app?m3(217)!
#CLI: We meet again, Doctor Jones!
#CLI: Come get some app!m1(217, 102, 122, 192, 231)!
-22, 75, 180, 192, 231, 88, 207, 228,
-4, 241, 161, 149, 185, 148,
-3, 249, 213, 214, 246, 102, 217, 96,
-2, 124, 109, 25, 112, 122,
-1, 112, 228, 166, 157, 87,
#CLI: Come get some app!m2(217, 102, 122)!
0, 85, 216, 176, 100, 114,
1, 110, 102, 75, 190, 241,
-5, 35, 109, 147, 138, 194,
-11, 45, 227, 217, 254, 38,
-10, 102, 44, 181, 97, 51, 52,
-9, 209, 198, 42, 56, 122,
#APP: Ooh, I needed that app?m1(217, 102, 122, 192, 231)!
#APP: Ooh, I needed that app?m2(217, 102, 122)!
#APP: Come get some app!m3(217)!
-18, 147, 73, 150, 251, 30,
-8, 20, 5, 162, 139, 207,
-7, 146, 66, 235, 245, 118,
-16, 48, 45, 96, 27, 58,
-15, 217, 241, 192, 139, 100,
#CLI: Ooh, I needed that app?m3(217)!
#CLI: We meet again, Doctor Jones!
#CLI: Come get some app!m1(217, 102, 112, 187, 250)!
-22, 42, 31, 187, 250, 27, 94, 253,
-4, 196, 170, 35, 50, 7,
-3, 49, 167, 123, 57, 102, 217, 143,
-2, 182, 145, 6, 135, 112,
-1, 86, 117, 126, 88, 46,
#CLI: Come get some app!m2(217, 102, 112)!
0, 99, 76, 119, 35, 124,
1, 63, 151, 9, 65, 143,
-5, 23, 117, 46, 255, 238,
-11, 150, 16, 217, 216, 92,
-10, 102, 122, 39, 19, 49, 72,
-9, 37, 147, 232, 176, 112,
#APP: Ooh, I needed that app?m1(217, 102, 112, 187, 250)!
#APP: Ooh, I needed that app?m2(217, 102, 112)!
#APP: Come get some app!m3(217)!
-18, 17, 233, 71, 232, 134,
-8, 154, 227, 244, 18, 35,
-7, 31, 109, 225, 89, 126,
-16, 204, 201, 233, 238, 165,
-15, 217, 71, 152, 134, 77,
#CLI: Ooh, I needed that app?m3(217)!
#CLI: We meet again, Doctor Jones!
#CLI: Come get some app!m1(217, 102, 187, 84, 69)!
-22, 35, 183, 84, 69, 80, 85, 181,
-4, 239, 132, 73, 132, 174,
-3, 199, 152, 63, 33, 102, 217, 107,
-2, 123, 54, 180, 138, 187,
-1, 238, 13, 81, 208, 161,
#CLI: Come get some app!m2(217, 102, 187)!
0, 84, 110, 250, 110, 131,
1, 225, 176, 236, 152, 179,
-5, 219, 40, 127, 23, 171,
-11, 243, 82, 217, 96, 221,
-10, 102, 60, 43, 71, 227, 153,
-9, 217, 181, 247, 158, 187,
#APP: Ooh, I needed that app?m1(217, 102, 187, 84, 69)!
#APP: Ooh, I needed that app?m2(217, 102, 187)!
#APP: Come get some app!m3(217)!
-18, 194, 189, 136, 139, 45,
-8, 193, 201, 203, 142, 198,
-7, 199, 4, 172, 193, 131,
-16, 163, 160, 19, 241, 57,
-15, 217, 238, 16, 9, 100,
#CLI: Ooh, I needed that app?m3(217)!
#CLI: We meet again, Doctor Jones!
#CLI: Come get some app!m1(217, 102, 212, 221, 79)!
-22, 153, 209, 221, 79, 121, 143, 200,
-4, 106, 72, 74, 60, 208,
-3, 145, 109, 68, 178, 102, 217, 37,
-2, 173, 154, 73, 72, 212,
-1, 18, 180, 233, 166, 99,
#CLI: Come get some app!m2(217, 102, 212)!
0, 120, 227, 72, 78, 200,
1, 35, 67, 218, 136, 231,
-5, 136, 30, 129, 228, 41,
-11, 49, 45, 217, 63, 59,
-10, 102, 192, 50, 143, 79, 10,
-9, 81, 179, 141, 56, 212,
#APP: Ooh, I needed that app?m1(217, 102, 212, 221, 79)!
#APP: Ooh, I needed that app?m2(217, 102, 212)!
#APP: Come get some app!m3(217)!
-18, 119, 224, 68, 21, 143,
-8, 151, 104, 205, 12, 22,
-7, 93, 253, 228, 43, 182,
-16, 52, 51, 198, 186, 112,
-15, 217, 32, 145, 165, 150,
#CLI: Ooh, I needed that app?m3(217)!
#CLI: We meet again, Doctor Jones!
#CLI: Come get some app!m1(217, 102, 201, 246, 166)!
-22, 130, 228, 246, 166, 224, 177, 147,
-4, 201, 153, 15, 239, 126,
-3, 124, 134, 89, 207, 102, 217, 154,
-2, 16, 158, 132, 141, 201,
-1, 247, 183, 201, 195, 160,
#CLI: Come get some app!m2(217, 102, 201)!
0, 233, 202, 158, 67, 217,
1, 179, 46, 17, 234, 106,
-5, 158, 213, 122, 27, 243,
-11, 248, 125, 217, 106, 225,
-10, 102, 84, 235, 167, 249, 205,
-9, 24, 14, 193, 224, 201,
#APP: Ooh, I needed that app?m1(217, 102, 201, 246, 166)!
#APP: Ooh, I needed that app?m2(217, 102, 201)!
#APP: Come get some app!m3(217)!
-18, 116, 77, 196, 203, 253,
-8, 238, 31, 33, 129, 52,
-7, 111, 236, 109, 194, 233,
-16, 168, 136, 247, 48, 224,
-15, 217, 30, 219, 122, 26,
#CLI: Ooh, I needed that app?m3(217)!
#CLI: We meet again, Doctor Jones!
#CLI: Come get some app!m1(217, 102, 14, 38, 174)!
-22, 103, 180, 38, 174, 96, 48, 145,
-4, 135, 85, 176, 206, 112,
-3, 18, 136, 197, 128, 102, 217, 67,
-2, 216, 90, 181, 243, 14,
-1, 13, 72, 221, 176, 28,
#CLI: Come get some app!m2(217, 102, 14)!
0, 242, 113, 185, 41, 27,
1, 131, 6, 63, 54, 106,
-5, 209, 160, 121, 149, 11,
-11, 185, 64, 217, 75, 181,
-10, 102, 223, 85, 184, 36, 15,
-9, 136, 123, 72, 181, 14,
#APP: Ooh, I needed that app?m1(217, 102, 14, 38, 174)!
#APP: Ooh, I needed that app?m2(217, 102, 14)!
#APP: Come get some app!m3(217)!
-18, 162, 150, 250, 225, 219,
-8, 53, 178, 52, 57, 99,
-7, 208, 90, 69, 150, 40,
-16, 170, 154, 253, 134, 52,
-15, 217, 4, 68, 187, 42,
#CLI: Ooh, I needed that app?m3(217)!
#CLI: We meet again, Doctor Jones!
#CLI: Come get some app!m1(217, 102, 151, 212, 218)!
-22, 215, 150, 212, 218, 230, 56, 79,
-4, 239, 96, 250, 255, 218,
-3, 247, 85, 133, 150, 102, 217, 0,
-2, 113, 84, 253, 48, 151,
-1, 152, 218, 6, 189, 19,
#CLI: Come get some app!m2(217, 102, 151)!
0, 108, 94, 108, 254, 172,
1, 227, 130, 219, 197, 46,
-5, 182, 216, 136, 201, 38,
-11, 158, 247, 217, 141, 135,
-10, 102, 130, 204, 233, 169, 153,
-9, 25, 176, 99, 71, 151,
#APP: Ooh, I needed that app?m1(217, 102, 151, 212, 218)!
#APP: Ooh, I needed that app?m2(217, 102, 151)!
#APP: Come get some app!m3(217)!
-18, 109, 109, 87, 124, 202,
-8, 227, 123, 96, 53, 211,
-7, 169, 89, 55, 239, 57,
-16, 108, 93, 170, 29, 102,
-15, 217, 8, 112, 104, 14,
#CLI: Ooh, I needed that app?m3(217)!
#CLI: We meet again, Doctor Jones!
#CLI: Come get some app!m1(217, 102, 131, 45, 27)!
-22, 12, 69, 45, 27, 126, 115, 114,
-4, 126, 52, 70, 150, 101,
-3, 55, 79, 76, 104, 102, 217, 2,
-2, 121, 227, 169, 143, 131,
-1, 152, 110, 127, 59, 195,
#CLI: Come get some app!m2(217, 102, 131)!
0, 174, 121, 77, 128, 129,
1, 196, 124, 41, 181, 5,
-5, 164, 200, 245, 188, 230,
-11, 26, 93, 217, 73, 29,
-10, 102, 141, 126, 111, 183, 172,
-9, 218, 47, 145, 245, 131,
#APP: Ooh, I needed that app?m1(217, 102, 131, 45, 27)!
#APP: Ooh, I needed that app?m2(217, 102, 131)!
#APP: Come get some app!m3(217)!
-18, 32, 213, 65, 75, 58,
-8, 209, 148, 252, 56, 205,
-7, 21, 227, 154, 11, 5,
-16, 126, 247, 15, 246, 234,
-15, 217, 51, 81, 217, 68,
#CLI: Ooh, I needed that app?m3(217)!
#CLI: We meet again, Doctor Jones!
#CLI: Come get some app!m1(217, 102, 102, 77, 241)!
-22, 72, 90, 77, 241, 210, 35, 184,
-4, 201, 87, 251, 87, 30,
-3, 34, 58, 14, 83, 102, 217, 34,
-2, 46, 50, 25, 38, 102,
-1, 70, 200, 253, 58, 145,
#CLI: Come get some app!m2(217, 102, 102)!
0, 151, 85, 104, 32, 117,
1, 248, 4, 53, 169, 106,
-5, 117, 201, 11, 108, 55,
-11, 171, 197, 217, 106, 163,
-10, 102, 122, 96, 206, 22, 210,
-9, 210, 54, 148, 7, 102,
#APP: Ooh, I needed that app?m1(217, 102, 102, 77, 241)!
#APP: Ooh, I needed that app?m2(217, 102, 102)!
#APP: Come get some app!m3(217)!
-18, 116, 92, 102, 31, 128,
-8, 242, 77, 26, 80, 220,
-7, 127, 169, 177, 242, 122,
-16, 167, 172, 124, 20, 220,
-15, 217, 49, 6, 215, 172,
#CLI: Ooh, I needed that app?m3(217)!
#CLI: We meet again, Doctor Jones!
#CLI: Come get some app!m1(217, 102, 118, 178, 84)!
-22, 29, 233, 178, 84, 223, 246, 108,
-4, 84, 221, 85, 9, 69,
-3, 52, 3, 187, 31, 102, 217, 210,
-2, 169, 187, 55, 25, 118,
-1, 33, 85, 151, 151, 88,
#CLI: Come get some app!m2(217, 102, 118)!
0, 105, 95, 32, 102, 224,
1, 251, 1, 178, 7, 87,
-5, 84, 95, 77, 242, 37,
-11, 44, 59, 217, 43, 87,
-10, 102, 166, 251, 37, 97, 90,
-9, 24, 20, 112, 30, 118,
#APP: Ooh, I needed that app?m1(217, 102, 118, 178, 84)!
#APP: Ooh, I needed that app?m2(217, 102, 118)!
#APP: Come get some app!m3(217)!
-18, 26, 221, 153, 102, 68,
-8, 181, 3, 82, 225, 33,
-7, 74, 250, 162, 138, 215,
-16, 145, 164, 163, 150, 86,
-15, 217, 29, 188, 136, 196,
#CLI: Ooh, I needed that app?m3(217)!
#CLI: We meet again, Doctor Jones!
#CLI: Come get some app!m1(217, 102, 121, 52, 155)!
-22, 135, 254, 52, 155, 182, 28, 73,
-4, 37, 79, 235, 179, 185,
-3, 218, 241, 225, 123, 102, 217, 125,
-2, 65, 156, 84, 42, 121,
-1, 239, 220, 148, 215, 63,
#CLI: Come get some app!m2(217, 102, 121)!
0, 95, 103, 233, 36, 120,
1, 250, 9, 103, 234, 46,
-5, 153, 63, 241, 238, 220,
-11, 135, 202, 217, 165, 46,
-10, 102, 186, 73, 224, 58, 103,
-9, 47, 65, 193, 218, 121,
#APP: Ooh, I needed that app?m1(217, 102, 121, 52, 155)!
#APP: Ooh, I needed that app?m2(217, 102, 121)!
#APP: Come get some app!m3(217)!
-18, 28, 76, 219, 254, 45,
-8, 186, 252, 123, 250, 174,
-7, 149, 245, 30, 66, 76,
-16, 58, 47, 43, 80, 103,
-15, 217, 108, 76, 92, 17,
#CLI: Ooh, I needed that app?m3(217)!
#CLI: We meet again, Doctor Jones!
#CLI: Come get some app!m1(217, 102, 156, 106, 201)!
-22, 176, 216, 106, 201, 128, 206, 113,
-4, 226, 196, 36, 194, 175,
-3, 99, 124, 120, 235, 102, 217, 157,
-2, 66, 224, 203, 21, 156,
-1, 198, 33, 224, 92, 52,
#CLI: Come get some app!m2(217, 102, 156)!
0, 233, 169, 25, 183, 41,
1, 160, 241, 67, 6, 107,
-5, 230, 243, 184, 151, 164,
-11, 93, 87, 217, 117, 239,
-10, 102, 48, 59, 182, 120, 51,
-9, 202, 214, 22, 11, 156,
#APP: Ooh, I needed that app?m1(217, 102, 156, 106, 201)!
#APP: Ooh, I needed that app?m2(217, 102, 156)!
#APP: Come get some app!m3(217)!
-18, 112, 220, 199, 19, 142,
-8, 232, 164, 217, 243, 246,
-7, 199, 184, 27, 192, 207,
-16, 35, 73, 179, 46, 67,
-15, 217, 134, 112, 224, 90,
#CLI: Ooh, I needed that app?m3(217)!
#CLI: We meet again, Doctor Jones!
#CLI: Come get some app!m1(217, 102, 234, 96, 57)!
-22, 194, 132, 96, 57, 27, 14, 113,
-4, 141, 224, 235, 38, 84,
-3, 29, 139, 35, 12, 102, 217, 230,
-2, 60, 86, 45, 217, 234,
-1, 117, 245, 116, 53, 179,
#CLI: Come get some app!m2(217, 102, 234)!
0, 218, 183, 58, 0, 178,
1, 77, 35, 96, 22, 7,
-5, 16, 218, 70, 43, 174,
-11, 35, 41, 217, 84, 7,
-10, 102, 52, 194, 83, 222, 13,
-9, 98, 199, 113, 34, 234,
#APP: Ooh, I needed that app?m1(217, 102, 234, 96, 57)!
#APP: Ooh, I needed that app?m2(217, 102, 234)!
#APP: Come get some app!m3(217)!
-18, 190, 243, 46, 1, 187,
-8, 185, 62, 195, 87, 159,
-7, 100, 107, 174, 249, 210,
-16, 84, 63, 84, 41, 165,
-15, 217, 22, 107, 126, 69,
#CLI: Ooh, I needed that app?m3(217)!
#CLI: We meet again, Doctor Jones!
#CLI: Come get some app!m1(217, 102, 144, 89, 125)!
-22, 106, 49, 89, 125, 102, 154, 229,
-4, 62, 18, 5, 12, 240,
-3, 238, 70, 161, 89, 102, 217, 112,
-2, 31, 178, 164, 135, 144,
-1, 144, 160, 193, 244, 218,
#CLI: Come get some app!m2(217, 102, 144)!
0, 96, 139, 76, 177, 150,
1, 17, 188, 49, 181, 145,
-5, 33, 72, 26, 14, 8,
-11, 182, 53, 217, 112, 27,
-10, 102, 169, 139, 123, 112, 243,
-9, 209, 160, 62, 203, 144,
#APP: Ooh, I needed that app?m1(217, 102, 144, 89, 125)!
#APP: Ooh, I needed that app?m2(217, 102, 144)!
#APP: Come get some app!m3(217)!
-18, 64, 197, 188, 197, 102,
-8, 61, 121, 56, 120, 203,
-7, 69, 112, 20, 189, 205,
-16, 186, 53, 123, 30, 75,
-15, 217, 237, 255, 62, 79,
#CLI: Ooh, I needed that app?m3(217)!
#CLI: We meet again, Doctor Jones!
#CLI: Come get some app!m1(217, 102, 42, 213, 129)!
-22, 69, 66, 213, 129, 154, 6, 78,
-4, 12, 46, 255, 90, 40,
-3, 218, 249, 78, 173, 102, 217, 123,
-2, 228, 51, 239, 124, 42,
-1, 37, 130, 121, 47, 57,
#CLI: Come get some app!m2(217, 102, 42)!
0, 27, 35, 201, 195, 161,
1, 204, 207, 0, 103, 243,
-5, 155, 130, 165, 5, 248,
-11, 144, 51, 217, 109, 92,
-10, 102, 182, 0, 228, 33, 172,
-9, 40, 17, 30, 31, 42,
#APP: Ooh, I needed that app?m1(217, 102, 42, 213, 129)!
#APP: Ooh, I needed that app?m2(217, 102, 42)!
#APP: Come get some app!m3(217)!
-18, 16, 217, 100, 128, 232,
-8, 157, 159, 187, 138, 24,
-7, 216, 248, 34, 165, 48,
-16, 185, 135, 0, 229, 96,
-15, 217, 126, 190, 176, 131,
#CLI: Ooh, I needed that app?m3(217)!
#CLI: We meet again, Doctor Jones!
#CLI: Come get some app!m1(217, 102, 178, 211, 15)!
-22, 32, 7, 211, 15, 138, 254, 109,
-4, 51, 159, 182, 96, 89,
-3, 139, 130, 171, 221, 102, 217, 113,
-2, 105, 187, 205, 246, 178,
-1, 4, 254, 96, 88, 34,
#CLI: Come get some app!m2(217, 102, 178)!
0, 217, 97, 109, 138, 172,
1, 194, 41, 9, 172, 247,
-5, 219, 71, 120, 50, 140,
-11, 201, 172, 217, 92, 162,
-10, 102, 164, 27, 231, 14, 67,
-9, 163, 127, 163, 218, 178,
#APP: Ooh, I needed that app?m1(217, 102, 178, 211, 15)!
#APP: Ooh, I needed that app?m2(217, 102, 178)!
#APP: Come get some app!m3(217)!
-18, 146, 203, 130, 97, 27,
-8, 232, 154, 155, 62, 160,
-7, 229, 208, 34, 95, 21,
-16, 238, 178, 250, 204, 40,
-15, 217, 130, 12, 229, 242,
#CLI: Ooh, I needed that app?m3(217)!
#CLI: We meet again, Doctor Jones!
#CLI: Come get some app!m1(217, 102, 182, 241, 181)!
-22, 141, 57, 241, 181, 176, 209, 118,
-4, 9, 81, 53, 139, 11,
-3, 167, 59, 38, 90, 102, 217, 110,
-2, 116, 178, 65, 213, 182,
-1, 173, 91, 123, 29, 122,
#CLI: Come get some app!m2(217, 102, 182)!
0, 134, 69, 52, 212, 9,
1, 146, 164, 107, 78, 12,
-5, 253, 60, 182, 207, 23,
-11, 160, 130, 217, 103, 162,
-10, 102, 164, 203, 129, 223, 13,
-9, 21, 113, 24, 84, 182,
#APP: Ooh, I needed that app?m1(217, 102, 182, 241, 181)!
#APP: Ooh, I needed that app?m2(217, 102, 182)!
#APP: Come get some app!m3(217)!
-18, 62, 153, 255, 98, 45,
-8, 8, 202, 201, 93, 187,
-7, 82, 84, 232, 108, 119,
-16, 207, 183, 196, 79, 181,
-15, 217, 253, 22, 61, 255,
#CLI: Ooh, I needed that app?m3(217)!
#CLI: We meet again, Doctor Jones!
#CLI: Come get some app!m1(217, 102, 132, 97, 217)!
-22, 46, 177, 97, 217, 69, 191, 230,
-4, 195, 56, 230, 40, 180,
-3, 55, 36, 1, 100, 102, 217, 226,
-2, 172, 128, 85, 251, 132,
-1, 122, 60, 16, 218, 210,
#CLI: Come get some app!m2(217, 102, 132)!
0, 234, 20, 127, 223, 164,
1, 159, 149, 31, 137, 43,
-5, 12, 99, 69, 222, 241,
-11, 114, 29, 217, 118, 67,
-10, 102, 87, 129, 129, 215, 20,
-9, 253, 179, 26, 163, 132,
#APP: Ooh, I needed that app?m1(217, 102, 132, 97, 217)!
#APP: Ooh, I needed that app?m2(217, 102, 132)!
#APP: Come get some app!m3(217)!
-18, 177, 195, 171, 144, 136,
-8, 168, 205, 179, 168, 175,
-7, 188, 253, 113, 169, 202,
-16, 39, 130, 149, 99, 203,
-15, 217, 116, 207, 221, 206,
#CLI: Ooh, I needed that app?m3(217)!
#CLI: We meet again, Doctor Jones!
#CLI: Come get some app!m1(217, 102, 96, 109, 16)!
-22, 3, 207, 109, 16, 233, 5, 90,
-4, 12, 144, 136, 17, 2,
-3, 82, 159, 199, 231, 102, 217, 165,
-2, 92, 0, 118, 134, 96,
-1, 31, 54, 191, 6, 89,
#CLI: Come get some app!m2(217, 102, 96)!
0, 191, 92, 168, 198, 81,
1, 240, 3, 17, 28, 214,
-5, 156, 188, 9, 112, 242,
-11, 70, 124, 217, 188, 238,
-10, 102, 78, 116, 70, 160, 34,
-9, 28, 9, 114, 60, 96,
#APP: Ooh, I needed that app?m1(217, 102, 96, 109, 16)!
#APP: Ooh, I needed that app?m2(217, 102, 96)!
#APP: Come get some app!m3(217)!
-18, 136, 179, 205, 212, 52,
-8, 79, 233, 5, 7, 62,
-7, 5, 198, 252, 46, 42,
-16, 35, 34, 136, 96, 166,
-15, 217, 74, 202, 132, 12,
#CLI: Ooh, I needed that app?m3(217)!
#CLI: We meet again, Doctor Jones!
#CLI: Come get some app!m1(217, 102, 131, 3, 242)!
-22, 91, 112, 3, 242, 107, 247, 172,
-4, 246, 49, 22, 176, 32,
-3, 112, 108, 129, 118, 102, 217, 64,
-2, 245, 253, 171, 131, 131,
-1, 142, 34, 148, 200, 182,
#CLI: Come get some app!m2(217, 102, 131)!
0, 238, 217, 250, 147, 213,
1, 120, 98, 171, 183, 15,
-5, 151, 72, 95, 60, 221,
-11, 35, 119, 217, 14, 104,
-10, 102, 116, 42, 156, 210, 135,
-9, 107, 150, 122, 241, 131,
#APP: Ooh, I needed that app?m1(217, 102, 131, 3, 242)!
#APP: Ooh, I needed that app?m2(217, 102, 131)!
#APP: Come get some app!m3(217)!
-18, 40, 188, 183, 93, 123,
-8, 24, 62, 29, 176, 52,
-7, 209, 58, 44, 41, 105,
-16, 68, 127, 20, 131, 15,
-15, 217, 151, 231, 163, 161,
#CLI: Ooh, I needed that app?m3(217)!
#CLI: We meet again, Doctor Jones!
#CLI: Come get some app!m1(217, 102, 163, 53, 4)!
-22, 137, 68, 53, 4, 107, 229, 152,
-4, 37, 108, 161, 114, 165,
-3, 12, 95, 43, 218, 102, 217, 84,
-2, 109, 21, 38, 16, 163,
-1, 235, 235, 93, 58, 233,
#CLI: Come get some app!m2(217, 102, 163)!
0, 242, 8, 82, 3, 103,
1, 153, 37, 83, 82, 213,
-5, 207, 12, 21, 126, 9,
-11, 162, 230, 217, 5, 104,
-10, 102, 250, 5, 236, 28, 208,
-9, 39, 99, 20, 253, 163,
#APP: Ooh, I needed that app?m1(217, 102, 163, 53, 4)!
#APP: Ooh, I needed that app?m2(217, 102, 163)!
#APP: Come get some app!m3(217)!
-18, 124, 32, 25, 176, 84,
-8, 195, 66, 133, 111, 28,
-7, 155, 202, 10, 234, 245,
-16, 155, 35, 72, 202, 108,
-15, 217, 88, 62, 44, 64,
#CLI: Ooh, I needed that app?m3(217)!
#CLI: We meet again, Doctor Jones!
#CLI: Come get some app!m1(217, 102, 44, 242, 124)!
-22, 51, 190, 242, 124, 67, 67, 107,
-4, 42, 84, 2, 123, 59,
-3, 238, 87, 36, 120, 102, 217, 245,
-2, 99, 126, 68, 180, 44,
-1, 80, 22, 205, 201, 250,
#CLI: Come get some app!m2(217, 102, 44)!
0, 91, 82, 198, 168, 59,
1, 172, 221, 83, 234, 96,
-5, 42, 47, 114, 231, 55,
-11, 63, 237, 217, 153, 134,
-10, 102, 89, 90, 47, 66, 225,
-9, 48, 228, 201, 143, 44,
#APP: Ooh, I needed that app?m1(217, 102, 44, 242, 124)!
#APP: Ooh, I needed that app?m2(217, 102, 44)!
#APP: Come get some app!m3(217)!
-18, 25, 141, 108, 241, 249,
-8, 77, 55, 39, 21, 16,
-7, 52, 136, 45, 188, 41,
-16, 254, 170, 201, 208, 248,
-15, 217, 223, 102, 0, 135,
#CLI: Ooh, I needed that app?m3(217)!
#CLI: We meet again, Doctor Jones!
#CLI: Come get some app!m1(217, 102, 27, 240, 136)!
-22, 158, 215, 240, 136, 25, 223, 230,
-4, 23, 59, 18, 134, 36,
-3, 162, 162, 142, 103, 102, 217, 165,
-2, 70, 171, 213, 205, 27,
-1, 120, 13, 76, 26, 32,
#CLI: Come get some app!m2(217, 102, 27)!
0, 206, 58, 14, 228, 227,
1, 221, 158, 1, 165, 234,
-5, 223, 125, 119, 10, 11,
-11, 147, 143, 217, 97, 81,
-10, 102, 213, 135, 205, 98, 147,
-9, 170, 76, 33, 197, 27,
#APP: Ooh, I needed that app?m1(217, 102, 27, 240, 136)!
#APP: Ooh, I needed that app?m2(217, 102, 27)!
#APP: Come get some app!m3(217)!
-18, 21, 91, 86, 60, 228,
-8, 133, 41, 8, 20, 37,
-7, 168, 102, 177, 194, 23,
-16, 98, 197, 19, 93, 8,
-15, 217, 92, 84, 35, 30,
#CLI: Ooh, I needed that app?m3(217)!
#CLI: We meet again, Doctor Jones!
#CLI: Come get some app!m1(217, 102, 59, 147, 97)!
-22, 31, 191, 147, 97, 220, 80, 78,
-4, 75, 231, 128, 81, 66,
-3, 17, 72, 231, 159, 102, 217, 205,
-2, 32, 198, 132, 38, 59,
-1, 245, 204, 9, 242, 158,
#CLI: Come get some app!m2(217, 102, 59)!
0, 83, 208, 239, 36, 24,
1, 230, 247, 197, 216, 138,
-5, 128, 238, 46, 38, 191,
-11, 20, 253, 217, 253, 142,
-10, 102, 215, 108, 99, 104, 134,
-9, 123, 135, 135, 84, 59,
#APP: Ooh, I needed that app?m1(217, 102, 59, 147, 97)!
#APP: Ooh, I needed that app?m2(217, 102, 59)!
#APP: Come get some app!m3(217)!
-18, 149, 133, 110, 27, 11,
-8, 108, 199, 50, 74, 30,
-7, 236, 114, 32, 235, 10,
-16, 138, 236, 217, 191, 169,
-15, 217, 55, 104, 19, 127,
#CLI: Ooh, I needed that app?m3(217)!
#CLI: We meet again, Doctor Jones!
#CLI: Come get some app!m1(217, 102, 242, 252, 234)!
-22, 78, 166, 252, 234, 244, 11, 170,
-4, 123, 60, 20, 196, 202,
-3, 123, 241, 209, 226, 102, 217, 165,
-2, 31, 128, 149, 144, 242,
-1, 254, 103, 228, 198, 94,
#CLI: Come get some app!m2(217, 102, 242)!
0, 199, 127, 204, 39, 194,
1, 138, 14, 169, 77, 177,
-5, 156, 107, 22, 170, 148,
-11, 236, 121, 217, 115, 123,
-10, 102, 207, 155, 22, 167, 110,
-9, 97, 62, 225, 205, 242,
#APP: Ooh, I needed that app?m1(217, 102, 242, 252, 234)!
#APP: Ooh, I needed that app?m2(217, 102, 242)!
#APP: Come get some app!m3(217)!
-18, 154, 114, 216, 230, 176,
-8, 183, 244, 34, 194, 237,
-7, 191, 4, 82, 205, 161,
-16, 10, 137, 196, 31, 155,
-15, 217, 164, 29, 253, 181,
#CLI: Ooh, I needed that app?m3(217)!
#CLI: We meet again, Doctor Jones!
#CLI: Come get some app!m1(217, 102, 69, 225, 125)!
-22, 118, 143, 225, 125, 93, 93, 179,
-4, 167, 141, 201, 23, 14,
-3, 80, 65, 57, 209, 102, 217, 52,
-2, 26, 83, 25, 0, 69,
-1, 98, 2, 108, 248, 125,
#CLI: Come get some app!m2(217, 102, 69)!
0, 196, 96, 150, 112, 63,
1, 100, 115, 121, 171, 205,
-5, 222, 134, 182, 68, 13,
-11, 198, 159, 217, 212, 25,
-10, 102, 177, 47, 57, 93, 48,
-9, 148, 173, 254, 127, 69,
#APP: Ooh, I needed that app?m1(217, 102, 69, 225, 125)!
#APP: Ooh, I needed that app?m2(217, 102, 69)!
#APP: Come get some app!m3(217)!
-18, 138, 146, 151, 75, 202,
-8, 207, 132, 134, 91, 175,
-7, 182, 255, 100, 57, 168,
-16, 35, 47, 135, 7, 124,
-15, 217, 237, 251, 2, 180,
#CLI: Ooh, I needed that app?m3(217)!
#CLI: We meet again, Doctor Jones!
#CLI: Come get some app!m1(217, 102, 33, 201, 166)!
-22, 225, 76, 201, 166, 75, 56, 206,
-4, 251, 90, 53, 46, 78,
-3, 248, 26, 195, 209, 102, 217, 171,
-2, 22, 217, 56, 192, 33,
-1, 129, 44, 168, 36, 20,
#CLI: Come get some app!m2(217, 102, 33)!
0, 67, 184, 109, 200, 92,
1, 10, 88, 212, 241, 208,
-5, 72, 213, 207, 132, 149,
-11, 74, 185, 217, 4, 206,
-10, 102, 224, 67, 179, 94, 189,
-9, 84, 147, 216, 253, 33,
#APP: Ooh, I needed that app?m1(217, 102, 33, 201, 166)!
#APP: Ooh, I needed that app?m2(217, 102, 33)!
#APP: Come get some app!m3(217)!
-18, 227, 145, 161, 67, 116,
-8, 126, 160, 167, 196, 210,
-7, 147, 232, 124, 134, 31,
-16, 120, 249, 162, 251, 151,
-15, 217, 155, 80, 47, 252,
#CLI: Ooh, I needed that app?m3(217)!
#CLI: We meet again, Doctor Jones!
#CLI: Come get some app!m1(217, 102, 121, 114, 131)!
-22, 52, 7, 114, 131, 53, 178, 184,
-4, 77, 175, 39, 154, 151,
-3, 20, 87, 27, 83, 102, 217, 227,
-2, 87, 158, 72, 132, 121,
-1, 189, 87, 13, 23, 22,
#CLI: Come get some app!m2(217, 102, 121)!
0, 97, 239, 233, 75, 31,
1, 216, 110, 36, 225, 134,
-5, 100, 238, 220, 109, 168,
-11, 176, 173, 217, 44, 23,
-10, 102, 247, 189, 70, 244, 188,
-9, 112, 51, 124, 124, 121,
#APP: Ooh, I needed that app?m1(217, 102, 121, 114, 131)!
#APP: Ooh, I needed that app?m2(217, 102, 121)!
#APP: Come get some app!m3(217)!
-18, 90, 236, 212, 186, 145,
-8, 100, 95, 200, 68, 83,
-7, 247, 182, 21, 100, 112,
-16, 105, 26, 222, 7, 138,
-15, 217, 231, 165, 92, 66,
#CLI: Ooh, I needed that app?m3(217)!
#CLI: We meet again, Doctor Jones!
#CLI: Come get some app!m1(217, 102, 68, 223, 11)!
-22, 31, 135, 223, 11, 53, 42, 118,
-4, 190, 40, 27, 19, 184,
-3, 38, 82, 136, 52, 102, 217, 140,
-2, 227, 171, 156, 252, 68,
-1, 7, 6, 245, 89, 130,
#CLI: Come get some app!m2(217, 102, 68)!
0, 131, 153, 67, 107, 82,
1, 205, 223, 42, 12, 241,
-5, 234, 19, 174, 244, 100,
-11, 162, 161, 217, 196, 35,
-10, 102, 240, 16, 155, 37, 130,
-9, 188, 27, 249, 46, 68,
#APP: Ooh, I needed that app?m1(217, 102, 68, 223, 11)!
#APP: Ooh, I needed that app?m2(217, 102, 68)!
#APP: Come get some app!m3(217)!
-18, 208, 255, 45, 69, 211,
-8, 134, 133, 245, 138, 251,
-7, 214, 6, 128, 240, 44,
-16, 62, 123, 36, 135, 230,
-15, 217, 237, 13, 241, 35,
#CLI: Ooh, I needed that app?m3(217)!
#CLI: We meet again, Doctor Jones!
#CLI: Come get some app!m1(217, 102, 96, 6, 46)!
-22, 5, 167, 6, 46, 242, 20, 67,
-4, 121, 17, 204, 228, 240,
-3, 145, 247, 177, 70, 102, 217, 174,
-2, 198, 32, 111, 14, 96,
-1, 232, 25, 200, 172, 99,
#CLI: Come get some app!m2(217, 102, 96)!
0, 93, 55, 128, 178, 52,
1, 235, 165, 30, 73, 2,
-5, 32, 13, 77, 85, 122,
-11, 96, 219, 217, 115, 192,
-10, 102, 171, 2, 186, 161, 247,
-9, 147, 253, 127, 40, 96,
#CLI: What are you waitin for? Christmas?
#APP: Ooh, I needed that app?m1(217, 102, 96, 6, 46)!
#APP: Ooh, I needed that app?m2(217, 102, 96)!
#APP: Come get some app!m3(217)!
-18, 169, 101, 73, 220, 135,
-8, 171, 153, 105, 155, 237,
-7, 81, 158, 212, 17, 222,
-16, 109, 243, 35, 115, 73,
-15, 217, 10, 103, 103, 143,
