#CLI: Come get some app!m1(103, 227, 8, 44, 75)!
-30, 75, 98, 227, 38, 166, 103, 8, 44, 76, 52, 34, 93, 104,
#CLI: Come get some app!m2(103, 227, 8)!
-29, 115, 248, 5, 247, 234, 227, 8, 103, 225, 200, 11,
#APP: Ooh, I needed that app?m1(103, 227, 8, 44, 75)!
#APP: Ooh, I needed that app?m2(103, 227, 8)!
#APP: Come get some app!m3(103)!
-13, 239, 94, 184, 175, 100,
-19, 246, 208, 123, 81, 103, 41, 224, 106,
#CLI: Ooh, I needed that app?m3(103)!
#CLI: We meet again, Doctor Jones!
#CLI: Come get some app!m1(103, 227, 183, 2, 243)!
-30, 243, 3, 227, 36, 251, 103, 183, 2, 41, 197, 36, 198, 2,
#CLI: Come get some app!m2(103, 227, 183)!
-29, 244, 129, 121, 139, 88, 227, 183, 103, 181, 212, 193,
#APP: Ooh, I needed that app?m1(103, 227, 183, 2, 243)!
#APP: Ooh, I needed that app?m2(103, 227, 183)!
#APP: Come get some app!m3(103)!
-13, 53, 159, 152, 69, 231,
-19, 176, 37, 157, 115, 103, 34, 172, 98,
#CLI: Ooh, I needed that app?m3(103)!
#CLI: We meet again, Doctor Jones!
#CLI: Come get some app!m1(103, 227, 11, 66, 5)!
-30, 5, 180, 227, 211, 6, 103, 11, 66, 115, 214, 225, 143, 4,
#CLI: Come get some app!m2(103, 227, 11)!
-29, 234, 158, 126, 17, 112, 227, 11, 103, 206, 23, 39,
#APP: Ooh, I needed that app?m1(103, 227, 11, 66, 5)!
#APP: Ooh, I needed that app?m2(103, 227, 11)!
#APP: Come get some app!m3(103)!
-20, 75, 223, 122, 50, 10,
-19, 114, 150, 56, 45, 103, 15, 249, 127,
#CLI: Ooh, I needed that app?m3(103)!
#CLI: We meet again, Doctor Jones!
#CLI: Come get some app!m1(103, 227, 246, 128, 197)!
-30, 197, 228, 227, 219, 83, 103, 246, 128, 179, 232, 131, 93, 132,
#CLI: Come get some app!m2(103, 227, 246)!
-29, 198, 151, 114, 222, 29, 227, 246, 103, 71, 178, 53,
#APP: Ooh, I needed that app?m1(103, 227, 246, 128, 197)!
#APP: Ooh, I needed that app?m2(103, 227, 246)!
#APP: Come get some app!m3(103)!
-18, 215, 142, 204, 78, 155, 229,
-17, 160, 187, 222, 44, 22,
-11, 94, 115, 215, 115, 60,
-15, 186, 229, 103, 143, 144,
#CLI: Ooh, I needed that app?m3(103)!
#CLI: We meet again, Doctor Jones!
#CLI: Come get some app!m1(103, 227, 137, 36, 17)!
-30, 17, 178, 227, 235, 118, 103, 137, 36, 240, 207, 173, 76, 1,
#CLI: Come get some app!m2(103, 227, 137)!
-29, 32, 191, 223, 145, 235, 227, 137, 103, 201, 154, 89,
#APP: Ooh, I needed that app?m1(103, 227, 137, 36, 17)!
#APP: Ooh, I needed that app?m2(103, 227, 137)!
#APP: Come get some app!m3(103)!
-18, 112, 2, 78, 136, 17, 141,
-17, 229, 170, 155, 158, 154,
-16, 97, 71, 163, 232, 196,
-15, 67, 196, 103, 57, 2,
#CLI: Ooh, I needed that app?m3(103)!
#CLI: We meet again, Doctor Jones!
#CLI: Come get some app!m1(103, 227, 17, 56, 109)!
-30, 109, 119, 227, 236, 227, 103, 17, 56, 51, 68, 195, 187, 40,
#CLI: Come get some app!m2(103, 227, 17)!
-29, 98, 175, 1, 34, 129, 227, 17, 103, 16, 189, 219,
#APP: Ooh, I needed that app?m1(103, 227, 17, 56, 109)!
#APP: Ooh, I needed that app?m2(103, 227, 17)!
#APP: Come get some app!m3(103)!
-20, 41, 114, 89, 86, 199,
-19, 235, 244, 216, 47, 103, 14, 254, 102,
#CLI: Ooh, I needed that app?m3(103)!
#CLI: We meet again, Doctor Jones!
#CLI: Come get some app!m1(103, 227, 40, 121, 210)!
-30, 210, 243, 227, 117, 14, 103, 40, 121, 148, 186, 84, 49, 122,
#CLI: Come get some app!m2(103, 227, 40)!
-29, 244, 113, 126, 178, 211, 227, 40, 103, 177, 254, 177,
#APP: Ooh, I needed that app?m1(103, 227, 40, 121, 210)!
#APP: Ooh, I needed that app?m2(103, 227, 40)!
#APP: Come get some app!m3(103)!
-20, 126, 127, 39, 150, 60,
-19, 219, 150, 99, 183, 103, 179, 146, 137,
#CLI: Ooh, I needed that app?m3(103)!
#CLI: We meet again, Doctor Jones!
#CLI: Come get some app!m1(103, 227, 39, 168, 187)!
-30, 187, 43, 227, 55, 137, 103, 39, 168, 86, 156, 13, 86, 37,
#CLI: Come get some app!m2(103, 227, 39)!
-29, 44, 175, 240, 136, 115, 227, 39, 103, 209, 151, 146,
#APP: Ooh, I needed that app?m1(103, 227, 39, 168, 187)!
#APP: Ooh, I needed that app?m2(103, 227, 39)!
#APP: Come get some app!m3(103)!
-18, 212, 159, 18, 168, 142, 49,
-17, 255, 221, 23, 189, 195,
-11, 1, 253, 125, 246, 11,
-15, 81, 216, 103, 129, 61,
#CLI: Ooh, I needed that app?m3(103)!
#CLI: We meet again, Doctor Jones!
#CLI: Come get some app!m1(103, 227, 62, 18, 206)!
-30, 206, 143, 227, 87, 189, 103, 62, 18, 116, 1, 94, 99, 40,
#CLI: Come get some app!m2(103, 227, 62)!
-29, 237, 251, 66, 61, 151, 227, 62, 103, 199, 153, 113,
#APP: Ooh, I needed that app?m1(103, 227, 62, 18, 206)!
#APP: Ooh, I needed that app?m2(103, 227, 62)!
#APP: Come get some app!m3(103)!
-20, 149, 125, 134, 3, 132,
-19, 141, 244, 143, 84, 103, 105, 242, 115,
#CLI: Ooh, I needed that app?m3(103)!
#CLI: We meet again, Doctor Jones!
#CLI: Come get some app!m1(103, 227, 155, 117, 117)!
-30, 117, 246, 227, 16, 82, 103, 155, 117, 192, 4, 33, 117, 92,
#CLI: Come get some app!m2(103, 227, 155)!
-29, 22, 59, 51, 132, 227, 227, 155, 103, 242, 97, 142,
#APP: Ooh, I needed that app?m1(103, 227, 155, 117, 117)!
#APP: Ooh, I needed that app?m2(103, 227, 155)!
#APP: Come get some app!m3(103)!
-13, 164, 48, 245, 217, 72,
-19, 193, 246, 205, 186, 103, 120, 148, 89,
#CLI: Ooh, I needed that app?m3(103)!
#CLI: We meet again, Doctor Jones!
#CLI: Come get some app!m1(103, 227, 220, 44, 51)!
-30, 51, 102, 227, 143, 209, 103, 220, 44, 101, 133, 180, 19, 245,
#CLI: Come get some app!m2(103, 227, 220)!
-29, 178, 96, 103, 221, 93, 227, 220, 103, 2, 82, 75,
#APP: Ooh, I needed that app?m1(103, 227, 220, 44, 51)!
#APP: Ooh, I needed that app?m2(103, 227, 220)!
#APP: Come get some app!m3(103)!
-20, 135, 138, 2, 150, 233,
-19, 239, 73, 145, 39, 103, 248, 191, 11,
#CLI: Ooh, I needed that app?m3(103)!
#CLI: We meet again, Doctor Jones!
#CLI: Come get some app!m1(103, 227, 91, 98, 64)!
-30, 64, 65, 227, 241, 60, 103, 91, 98, 188, 60, 142, 223, 10,
#CLI: Come get some app!m2(103, 227, 91)!
-29, 188, 121, 29, 216, 244, 227, 91, 103, 141, 187, 191,
#APP: Ooh, I needed that app?m1(103, 227, 91, 98, 64)!
#APP: Ooh, I needed that app?m2(103, 227, 91)!
#APP: Come get some app!m3(103)!
-20, 157, 35, 103, 225, 167,
-19, 133, 172, 13, 46, 103, 87, 178, 154,
#CLI: Ooh, I needed that app?m3(103)!
#CLI: We meet again, Doctor Jones!
#CLI: Come get some app!m1(103, 227, 151, 240, 39)!
-30, 39, 210, 227, 47, 138, 103, 151, 240, 123, 245, 161, 242, 57,
#CLI: Come get some app!m2(103, 227, 151)!
-29, 239, 225, 202, 38, 170, 227, 151, 103, 4, 142, 122,
#APP: Ooh, I needed that app?m1(103, 227, 151, 240, 39)!
#APP: Ooh, I needed that app?m2(103, 227, 151)!
#APP: Come get some app!m3(103)!
-18, 238, 77, 84, 102, 13, 58,
-17, 33, 13, 63, 9, 115,
-11, 1, 45, 238, 227, 196,
-15, 100, 73, 103, 145, 91,
#CLI: Ooh, I needed that app?m3(103)!
#CLI: We meet again, Doctor Jones!
#CLI: Come get some app!m1(103, 227, 233, 186, 207)!
-30, 207, 54, 227, 249, 246, 103, 233, 186, 86, 198, 101, 123, 77,
#CLI: Come get some app!m2(103, 227, 233)!
-29, 229, 57, 94, 84, 206, 227, 233, 103, 221, 97, 182,
#APP: Ooh, I needed that app?m1(103, 227, 233, 186, 207)!
#APP: Ooh, I needed that app?m2(103, 227, 233)!
#APP: Come get some app!m3(103)!
-13, 193, 206, 223, 96, 148,
-19, 176, 146, 28, 178, 103, 53, 191, 38,
#CLI: Ooh, I needed that app?m3(103)!
#CLI: We meet again, Doctor Jones!
#CLI: Come get some app!m1(103, 227, 139, 160, 158)!
-30, 158, 218, 227, 172, 130, 103, 139, 160, 40, 85, 82, 236, 119,
#CLI: Come get some app!m2(103, 227, 139)!
-29, 126, 251, 118, 190, 36, 227, 139, 103, 17, 58, 28,
#APP: Ooh, I needed that app?m1(103, 227, 139, 160, 158)!
#APP: Ooh, I needed that app?m2(103, 227, 139)!
#APP: Come get some app!m3(103)!
-18, 134, 200, 73, 92, 128, 140,
-17, 202, 61, 236, 112, 189,
-16, 71, 94, 152, 117, 145,
-15, 3, 50, 103, 14, 45,
#CLI: Ooh, I needed that app?m3(103)!
#CLI: We meet again, Doctor Jones!
#CLI: Come get some app!m1(103, 227, 15, 134, 225)!
-30, 225, 143, 227, 121, 155, 103, 15, 134, 102, 167, 226, 127, 166,
#CLI: Come get some app!m2(103, 227, 15)!
-29, 18, 90, 9, 86, 50, 227, 15, 103, 8, 138, 162,
#APP: Ooh, I needed that app?m1(103, 227, 15, 134, 225)!
#APP: Ooh, I needed that app?m2(103, 227, 15)!
#APP: Come get some app!m3(103)!
-9, 179, 239, 239, 201, 138, 15,
-17, 253, 74, 15, 59, 46,
-16, 54, 47, 38, 110, 52,
-15, 215, 251, 103, 188, 121,
#CLI: Ooh, I needed that app?m3(103)!
#CLI: We meet again, Doctor Jones!
#CLI: Come get some app!m1(103, 227, 245, 227, 99)!
-30, 99, 175, 227, 18, 145, 103, 245, 227, 94, 254, 226, 136, 127,
#CLI: Come get some app!m2(103, 227, 245)!
-27, 48, 103, 137, 28, 207, 103, 76, 24, 227, 245, 93,
#APP: Ooh, I needed that app?m1(103, 227, 245, 227, 99)!
#APP: Ooh, I needed that app?m2(103, 227, 245)!
#APP: Come get some app!m3(103)!
-13, 164, 103, 174, 225, 195,
-19, 93, 182, 216, 48, 103, 187, 17, 100,
#CLI: Ooh, I needed that app?m3(103)!
#CLI: We meet again, Doctor Jones!
#CLI: Come get some app!m1(103, 227, 6, 103, 126)!
-30, 126, 225, 227, 21, 30, 103, 6, 103, 22, 218, 249, 240, 148,
#CLI: Come get some app!m2(103, 227, 6)!
-29, 204, 59, 169, 221, 215, 227, 6, 103, 146, 252, 218,
#APP: Ooh, I needed that app?m1(103, 227, 6, 103, 126)!
#APP: Ooh, I needed that app?m2(103, 227, 6)!
#APP: Come get some app!m3(103)!
-18, 1, 57, 94, 182, 49, 70,
-17, 4, 209, 182, 9, 42,
-11, 60, 66, 70, 6, 240,
-15, 156, 192, 103, 137, 35,
#CLI: Ooh, I needed that app?m3(103)!
#CLI: We meet again, Doctor Jones!
#CLI: Come get some app!m1(103, 227, 74, 161, 96)!
-30, 96, 191, 227, 70, 161, 103, 74, 161, 56, 136, 157, 113, 192,
#CLI: Come get some app!m2(103, 227, 74)!
-29, 106, 12, 175, 121, 38, 227, 74, 103, 148, 131, 29,
#APP: Ooh, I needed that app?m1(103, 227, 74, 161, 96)!
#APP: Ooh, I needed that app?m2(103, 227, 74)!
#APP: Come get some app!m3(103)!
-18, 205, 15, 174, 151, 176, 255,
-17, 79, 149, 209, 168, 220,
-16, 123, 69, 94, 181, 38,
-15, 231, 185, 103, 130, 42,
#CLI: Ooh, I needed that app?m3(103)!
#CLI: We meet again, Doctor Jones!
#CLI: Come get some app!m1(103, 227, 119, 6, 65)!
-30, 65, 86, 227, 4, 179, 103, 119, 6, 113, 16, 80, 70, 99,
#CLI: Come get some app!m2(103, 227, 119)!
-29, 86, 102, 207, 63, 159, 227, 119, 103, 27, 31, 100,
#APP: Ooh, I needed that app?m1(103, 227, 119, 6, 65)!
#APP: Ooh, I needed that app?m2(103, 227, 119)!
#APP: Come get some app!m3(103)!
-13, 95, 32, 148, 237, 148,
-19, 128, 97, 11, 10, 103, 247, 186, 2,
#CLI: Ooh, I needed that app?m3(103)!
#CLI: We meet again, Doctor Jones!
#CLI: Come get some app!m1(103, 227, 207, 252, 172)!
-30, 172, 101, 227, 244, 73, 103, 207, 252, 179, 83, 184, 64, 133,
#CLI: Come get some app!m2(103, 227, 207)!
-29, 76, 157, 193, 210, 144, 227, 207, 103, 81, 126, 8,
#APP: Ooh, I needed that app?m1(103, 227, 207, 252, 172)!
#APP: Ooh, I needed that app?m2(103, 227, 207)!
#APP: Come get some app!m3(103)!
-9, 198, 163, 214, 122, 44, 156,
-17, 91, 206, 105, 2, 164,
-11, 63, 221, 200, 244, 253,
-15, 229, 40, 103, 50, 135,
#CLI: Ooh, I needed that app?m3(103)!
#CLI: We meet again, Doctor Jones!
#CLI: Come get some app!m1(103, 227, 166, 90, 211)!
-30, 211, 53, 227, 220, 73, 103, 166, 90, 72, 202, 180, 163, 132,
#CLI: Come get some app!m2(103, 227, 166)!
-29, 87, 192, 241, 116, 11, 227, 166, 103, 110, 209, 1,
#APP: Ooh, I needed that app?m1(103, 227, 166, 90, 211)!
#APP: Ooh, I needed that app?m2(103, 227, 166)!
#APP: Come get some app!m3(103)!
-20, 45, 252, 128, 85, 246,
-19, 146, 132, 227, 234, 103, 81, 14, 7,
#CLI: Ooh, I needed that app?m3(103)!
#CLI: We meet again, Doctor Jones!
#CLI: Come get some app!m1(103, 227, 55, 225, 247)!
-30, 247, 156, 227, 67, 36, 103, 55, 225, 101, 193, 161, 248, 2,
#CLI: Come get some app!m2(103, 227, 55)!
-29, 202, 174, 157, 228, 96, 227, 55, 103, 84, 51, 167,
#APP: Ooh, I needed that app?m1(103, 227, 55, 225, 247)!
#APP: Ooh, I needed that app?m2(103, 227, 55)!
#APP: Come get some app!m3(103)!
-20, 38, 33, 96, 20, 228,
-19, 12, 39, 23, 198, 103, 70, 164, 115,
#CLI: Ooh, I needed that app?m3(103)!
#CLI: We meet again, Doctor Jones!
#CLI: Come get some app!m1(103, 227, 33, 252, 112)!
-30, 112, 58, 227, 41, 51, 103, 33, 252, 209, 68, 160, 114, 94,
#CLI: Come get some app!m2(103, 227, 33)!
-29, 210, 54, 219, 74, 181, 227, 33, 103, 109, 159, 249,
#APP: Ooh, I needed that app?m1(103, 227, 33, 252, 112)!
#APP: Ooh, I needed that app?m2(103, 227, 33)!
#APP: Come get some app!m3(103)!
-13, 207, 124, 210, 59, 13,
-19, 20, 26, 99, 177, 103, 194, 136, 231,
#CLI: Ooh, I needed that app?m3(103)!
#CLI: We meet again, Doctor Jones!
#CLI: Come get some app!m1(103, 227, 241, 119, 158)!
-30, 158, 255, 227, 253, 157, 103, 241, 119, 44, 53, 177, 222, 58,
#CLI: Come get some app!m2(103, 227, 241)!
-29, 160, 135, 221, 98, 59, 227, 241, 103, 103, 34, 48,
#APP: Ooh, I needed that app?m1(103, 227, 241, 119, 158)!
#APP: Ooh, I needed that app?m2(103, 227, 241)!
#APP: Come get some app!m3(103)!
-18, 223, 202, 90, 77, 2, 71,
-17, 108, 199, 101, 170, 11,
-16, 225, 74, 61, 112, 133,
-15, 45, 39, 103, 129, 251,
#CLI: Ooh, I needed that app?m3(103)!
#CLI: We meet again, Doctor Jones!
#CLI: Come get some app!m1(103, 227, 224, 92, 127)!
-30, 127, 241, 227, 251, 221, 103, 224, 92, 162, 8, 89, 55, 191,
#CLI: Come get some app!m2(103, 227, 224)!
-29, 176, 49, 89, 28, 131, 227, 224, 103, 89, 114, 103,
#APP: Ooh, I needed that app?m1(103, 227, 224, 92, 127)!
#APP: Ooh, I needed that app?m2(103, 227, 224)!
#APP: Come get some app!m3(103)!
-13, 90, 143, 202, 34, 88,
-19, 245, 160, 17, 27, 103, 113, 172, 110,
#CLI: Ooh, I needed that app?m3(103)!
#CLI: We meet again, Doctor Jones!
#CLI: Come get some app!m1(103, 227, 116, 74, 169)!
-30, 169, 98, 227, 78, 200, 103, 116, 74, 197, 221, 121, 152, 49,
#CLI: Come get some app!m2(103, 227, 116)!
-29, 121, 131, 216, 87, 103, 227, 116, 103, 220, 166, 111,
#APP: Ooh, I needed that app?m1(103, 227, 116, 74, 169)!
#APP: Ooh, I needed that app?m2(103, 227, 116)!
#APP: Come get some app!m3(103)!
-13, 237, 254, 71, 99, 151,
-19, 235, 16, 73, 122, 103, 115, 87, 199,
#CLI: Ooh, I needed that app?m3(103)!
#CLI: We meet again, Doctor Jones!
#CLI: Come get some app!m1(103, 227, 47, 165, 194)!
-30, 194, 80, 227, 101, 219, 103, 47, 165, 45, 39, 90, 225, 229,
#CLI: Come get some app!m2(103, 227, 47)!
-29, 1, 212, 171, 19, 161, 227, 47, 103, 63, 162, 165,
#APP: Ooh, I needed that app?m1(103, 227, 47, 165, 194)!
#APP: Ooh, I needed that app?m2(103, 227, 47)!
#APP: Come get some app!m3(103)!
-13, 64, 107, 183, 70, 219,
-19, 249, 33, 159, 151, 103, 191, 63, 137,
#CLI: Ooh, I needed that app?m3(103)!
#CLI: We meet again, Doctor Jones!
#CLI: Come get some app!m1(103, 227, 207, 137, 88)!
-30, 88, 64, 227, 239, 75, 103, 207, 137, 199, 218, 47, 205, 163,
#CLI: Come get some app!m2(103, 227, 207)!
-29, 68, 108, 26, 107, 188, 227, 207, 103, 38, 136, 169,
#APP: Ooh, I needed that app?m1(103, 227, 207, 137, 88)!
#APP: Ooh, I needed that app?m2(103, 227, 207)!
#APP: Come get some app!m3(103)!
-20, 99, 206, 252, 211, 149,
-19, 59, 142, 1, 47, 103, 247, 248, 254,
#CLI: Ooh, I needed that app?m3(103)!
#CLI: We meet again, Doctor Jones!
#CLI: Come get some app!m1(103, 227, 163, 114, 236)!
-30, 236, 134, 227, 239, 129, 103, 163, 114, 251, 32, 172, 69, 83,
#CLI: Come get some app!m2(103, 227, 163)!
-29, 254, 126, 124, 16, 137, 227, 163, 103, 118, 68, 224,
#APP: Ooh, I needed that app?m1(103, 227, 163, 114, 236)!
#APP: Ooh, I needed that app?m2(103, 227, 163)!
#APP: Come get some app!m3(103)!
-20, 210, 186, 179, 208, 149,
-19, 23, 24, 11, 20, 103, 132, 70, 162,
#CLI: Ooh, I needed that app?m3(103)!
#CLI: We meet again, Doctor Jones!
#CLI: Come get some app!m1(103, 227, 19, 110, 211)!
-30, 211, 188, 227, 181, 124, 103, 19, 110, 87, 200, 236, 241, 164,
#CLI: Come get some app!m2(103, 227, 19)!
-29, 47, 99, 178, 28, 47, 227, 19, 103, 222, 187, 83,
#APP: Ooh, I needed that app?m1(103, 227, 19, 110, 211)!
#APP: Ooh, I needed that app?m2(103, 227, 19)!
#APP: Come get some app!m3(103)!
-20, 232, 124, 201, 2, 240,
-19, 176, 50, 250, 9, 103, 10, 55, 3,
#CLI: Ooh, I needed that app?m3(103)!
#CLI: We meet again, Doctor Jones!
#CLI: Come get some app!m1(103, 227, 171, 152, 9)!
-30, 9, 193, 227, 60, 202, 103, 171, 152, 141, 108, 69, 41, 132,
#CLI: Come get some app!m2(103, 227, 171)!
-29, 126, 181, 66, 64, 19, 227, 171, 103, 146, 239, 83,
#APP: Ooh, I needed that app?m1(103, 227, 171, 152, 9)!
#APP: Ooh, I needed that app?m2(103, 227, 171)!
#APP: Come get some app!m3(103)!
-20, 51, 5, 109, 73, 202,
-19, 182, 192, 152, 184, 103, 11, 110, 123,
#CLI: Ooh, I needed that app?m3(103)!
#CLI: We meet again, Doctor Jones!
#CLI: Come get some app!m1(103, 227, 79, 169, 86)!
-30, 86, 0, 227, 145, 146, 103, 79, 169, 37, 33, 87, 152, 166,
#CLI: Come get some app!m2(103, 227, 79)!
-29, 251, 204, 204, 41, 96, 227, 79, 103, 53, 219, 2,
#APP: Ooh, I needed that app?m1(103, 227, 79, 169, 86)!
#APP: Ooh, I needed that app?m2(103, 227, 79)!
#APP: Come get some app!m3(103)!
-13, 170, 192, 143, 10, 19,
-19, 80, 134, 73, 37, 103, 192, 77, 131,
#CLI: Ooh, I needed that app?m3(103)!
#CLI: We meet again, Doctor Jones!
#CLI: Come get some app!m1(103, 227, 89, 158, 90)!
-30, 90, 46, 227, 12, 188, 103, 89, 158, 114, 82, 46, 31, 13,
#CLI: Come get some app!m2(103, 227, 89)!
-29, 184, 252, 10, 125, 19, 227, 89, 103, 89, 58, 95,
#APP: Ooh, I needed that app?m1(103, 227, 89, 158, 90)!
#APP: Ooh, I needed that app?m2(103, 227, 89)!
#APP: Come get some app!m3(103)!
-13, 141, 58, 6, 181, 86,
-19, 20, 114, 218, 98, 103, 245, 135, 113,
#CLI: Ooh, I needed that app?m3(103)!
#CLI: We meet again, Doctor Jones!
#CLI: Come get some app!m1(103, 227, 237, 138, 202)!
-30, 202, 230, 227, 95, 4, 103, 237, 138, 208, 42, 130, 223, 115,
#CLI: Come get some app!m2(103, 227, 237)!
-29, 200, 239, 122, 30, 237, 227, 237, 103, 126, 111, 53,
#APP: Ooh, I needed that app?m1(103, 227, 237, 138, 202)!
#APP: Ooh, I needed that app?m2(103, 227, 237)!
#APP: Come get some app!m3(103)!
-20, 31, 190, 174, 176, 181,
-19, 67, 92, 196, 211, 103, 60, 47, 5,
#CLI: Ooh, I needed that app?m3(103)!
#CLI: We meet again, Doctor Jones!
#CLI: Come get some app!m1(103, 227, 95, 216, 230)!
-30, 230, 177, 227, 119, 101, 103, 95, 216, 37, 218, 15, 79, 229,
#CLI: Come get some app!m2(103, 227, 95)!
-27, 244, 103, 136, 52, 205, 215, 60, 179, 227, 95, 223,
#APP: Ooh, I needed that app?m1(103, 227, 95, 216, 230)!
#APP: Ooh, I needed that app?m2(103, 227, 95)!
#APP: Come get some app!m3(103)!
-12, 168, 205, 241, 242, 170, 156,
-17, 237, 34, 204, 15, 65,
-16, 61, 67, 58, 139, 68,
-15, 71, 183, 103, 111, 84,
#CLI: Ooh, I needed that app?m3(103)!
#CLI: We meet again, Doctor Jones!
#CLI: Come get some app!m1(103, 227, 182, 172, 111)!
-30, 111, 31, 227, 23, 64, 103, 182, 172, 236, 253, 3, 79, 69,
#CLI: Come get some app!m2(103, 227, 182)!
-29, 2, 114, 18, 204, 107, 227, 182, 103, 176, 6, 6,
#APP: Ooh, I needed that app?m1(103, 227, 182, 172, 111)!
#APP: Ooh, I needed that app?m2(103, 227, 182)!
#APP: Come get some app!m3(103)!
-13, 129, 170, 157, 43, 184,
-19, 32, 93, 98, 145, 103, 101, 145, 13,
#CLI: Ooh, I needed that app?m3(103)!
#CLI: We meet again, Doctor Jones!
#CLI: Come get some app!m1(103, 227, 43, 130, 13)!
-30, 13, 108, 227, 179, 35, 103, 43, 130, 50, 128, 217, 32, 41,
#CLI: Come get some app!m2(103, 227, 43)!
-29, 36, 82, 213, 213, 199, 227, 43, 103, 48, 66, 8,
#APP: Ooh, I needed that app?m1(103, 227, 43, 130, 13)!
#APP: Ooh, I needed that app?m2(103, 227, 43)!
#APP: Come get some app!m3(103)!
-13, 167, 123, 132, 56, 153,
-19, 11, 217, 220, 119, 103, 29, 60, 193,
#CLI: Ooh, I needed that app?m3(103)!
#CLI: We meet again, Doctor Jones!
#CLI: Come get some app!m1(103, 227, 190, 92, 107)!
-30, 107, 67, 227, 159, 204, 103, 190, 92, 10, 33, 53, 254, 220,
#CLI: Come get some app!m2(103, 227, 190)!
-27, 33, 103, 75, 57, 216, 115, 103, 117, 227, 190, 238,
#APP: Ooh, I needed that app?m1(103, 227, 190, 92, 107)!
#APP: Ooh, I needed that app?m2(103, 227, 190)!
#APP: Come get some app!m3(103)!
-20, 159, 132, 21, 39, 98,
-19, 62, 179, 39, 81, 103, 190, 215, 202,
#CLI: Ooh, I needed that app?m3(103)!
#CLI: We meet again, Doctor Jones!
#CLI: Come get some app!m1(103, 227, 113, 242, 159)!
-30, 159, 127, 227, 237, 232, 103, 113, 242, 191, 195, 82, 3, 67,
#CLI: Come get some app!m2(103, 227, 113)!
-29, 162, 53, 187, 118, 158, 227, 113, 103, 16, 135, 40,
#APP: Ooh, I needed that app?m1(103, 227, 113, 242, 159)!
#APP: Ooh, I needed that app?m2(103, 227, 113)!
#APP: Come get some app!m3(103)!
-13, 173, 34, 172, 179, 120,
-19, 53, 163, 208, 181, 103, 214, 117, 21,
#CLI: Ooh, I needed that app?m3(103)!
#CLI: We meet again, Doctor Jones!
#CLI: Come get some app!m1(103, 227, 54, 176, 171)!
-30, 171, 162, 227, 225, 19, 103, 54, 176, 101, 177, 11, 108, 53,
#CLI: Come get some app!m2(103, 227, 54)!
-29, 221, 211, 25, 236, 37, 227, 54, 103, 186, 94, 226,
#APP: Ooh, I needed that app?m1(103, 227, 54, 176, 171)!
#APP: Ooh, I needed that app?m2(103, 227, 54)!
#APP: Come get some app!m3(103)!
-13, 155, 189, 57, 88, 176,
-19, 41, 0, 35, 56, 103, 101, 18, 167,
#CLI: Ooh, I needed that app?m3(103)!
#CLI: We meet again, Doctor Jones!
#CLI: Come get some app!m1(103, 227, 41, 235, 237)!
-30, 237, 199, 227, 144, 188, 103, 41, 235, 91, 71, 84, 101, 144,
#CLI: Come get some app!m2(103, 227, 41)!
-29, 97, 136, 41, 40, 96, 227, 41, 103, 44, 179, 101,
#APP: Ooh, I needed that app?m1(103, 227, 41, 235, 237)!
#APP: Ooh, I needed that app?m2(103, 227, 41)!
#APP: Come get some app!m3(103)!
-13, 23, 63, 222, 150, 184,
-19, 208, 96, 117, 14, 103, 244, 91, 68,
#CLI: Ooh, I needed that app?m3(103)!
#CLI: We meet again, Doctor Jones!
#CLI: Come get some app!m1(103, 227, 102, 13, 135)!
-30, 135, 40, 227, 221, 33, 103, 102, 13, 122, 104, 131, 13, 126,
#CLI: Come get some app!m2(103, 227, 102)!
-29, 4, 67, 91, 150, 92, 227, 102, 103, 158, 1, 204,
#APP: Ooh, I needed that app?m1(103, 227, 102, 13, 135)!
#APP: Ooh, I needed that app?m2(103, 227, 102)!
#APP: Come get some app!m3(103)!
-18, 35, 53, 2, 142, 49, 217,
-17, 73, 177, 119, 196, 130,
-16, 24, 131, 91, 74, 21,
-15, 21, 5, 103, 142, 181,
#CLI: Ooh, I needed that app?m3(103)!
#CLI: We meet again, Doctor Jones!
#CLI: Come get some app!m1(103, 227, 89, 136, 70)!
-30, 70, 79, 227, 212, 19, 103, 89, 136, 138, 13, 138, 109, 186,
#CLI: Come get some app!m2(103, 227, 89)!
-27, 214, 103, 111, 238, 232, 82, 249, 120, 227, 89, 6,
#APP: Ooh, I needed that app?m1(103, 227, 89, 136, 70)!
#APP: Ooh, I needed that app?m2(103, 227, 89)!
#APP: Come get some app!m3(103)!
-20, 170, 127, 51, 246, 0,
-19, 182, 185, 223, 237, 103, 73, 16, 147,
#CLI: Ooh, I needed that app?m3(103)!
#CLI: We meet again, Doctor Jones!
#CLI: Come get some app!m1(103, 227, 148, 182, 153)!
-30, 153, 32, 227, 11, 237, 103, 148, 182, 145, 137, 108, 144, 172,
#CLI: Come get some app!m2(103, 227, 148)!
-29, 151, 69, 87, 229, 177, 227, 148, 103, 247, 10, 119,
#APP: Ooh, I needed that app?m1(103, 227, 148, 182, 153)!
#APP: Ooh, I needed that app?m2(103, 227, 148)!
#APP: Come get some app!m3(103)!
-20, 169, 117, 134, 99, 32,
-19, 157, 23, 39, 55, 103, 76, 196, 155,
#CLI: Ooh, I needed that app?m3(103)!
#CLI: We meet again, Doctor Jones!
#CLI: Come get some app!m1(103, 227, 231, 113, 110)!
-30, 110, 178, 227, 116, 172, 103, 231, 113, 226, 142, 19, 173, 71,
#CLI: Come get some app!m2(103, 227, 231)!
-29, 194, 122, 232, 157, 103, 227, 231, 103, 224, 204, 123,
#APP: Ooh, I needed that app?m1(103, 227, 231, 113, 110)!
#APP: Ooh, I needed that app?m2(103, 227, 231)!
#APP: Come get some app!m3(103)!
-18, 72, 95, 208, 23, 38, 55,
-17, 229, 161, 95, 207, 60,
-16, 197, 133, 193, 194, 200,
-15, 134, 44, 103, 182, 233,
#CLI: Ooh, I needed that app?m3(103)!
#CLI: We meet again, Doctor Jones!
#CLI: Come get some app!m1(103, 227, 112, 10, 20)!
-30, 20, 233, 227, 201, 245, 103, 112, 10, 56, 216, 78, 112, 56,
#CLI: Come get some app!m2(103, 227, 112)!
-29, 223, 229, 7, 196, 37, 227, 112, 103, 93, 208, 145,
#APP: Ooh, I needed that app?m1(103, 227, 112, 10, 20)!
#APP: Ooh, I needed that app?m2(103, 227, 112)!
#APP: Come get some app!m3(103)!
-20, 125, 220, 145, 194, 245,
-19, 104, 60, 233, 110, 103, 68, 10, 146,
#CLI: Ooh, I needed that app?m3(103)!
#CLI: We meet again, Doctor Jones!
#CLI: Come get some app!m1(103, 227, 125, 241, 239)!
-30, 239, 191, 227, 135, 54, 103, 125, 241, 186, 1, 185, 129, 162,
#CLI: Come get some app!m2(103, 227, 125)!
-29, 141, 243, 211, 55, 153, 227, 125, 103, 116, 198, 79,
#APP: Ooh, I needed that app?m1(103, 227, 125, 241, 239)!
#APP: Ooh, I needed that app?m2(103, 227, 125)!
#APP: Come get some app!m3(103)!
-20, 204, 163, 58, 135, 81,
-19, 49, 190, 133, 122, 103, 37, 164, 209,
#CLI: Ooh, I needed that app?m3(103)!
#CLI: We meet again, Doctor Jones!
#CLI: Come get some app!m1(103, 227, 50, 160, 13)!
-30, 13, 39, 227, 248, 133, 103, 50, 160, 40, 250, 74, 217, 54,
#CLI: Come get some app!m2(103, 227, 50)!
-29, 184, 31, 44, 244, 28, 227, 50, 103, 125, 10, 147,
#APP: Ooh, I needed that app?m1(103, 227, 50, 160, 13)!
#APP: Ooh, I needed that app?m2(103, 227, 50)!
#APP: Come get some app!m3(103)!
-20, 64, 123, 205, 77, 215,
-19, 228, 78, 26, 58, 103, 56, 28, 76,
#CLI: Ooh, I needed that app?m3(103)!
#CLI: We meet again, Doctor Jones!
#CLI: Come get some app!m1(103, 227, 60, 172, 234)!
-30, 234, 162, 227, 71, 117, 103, 60, 172, 144, 178, 22, 157, 0,
#CLI: Come get some app!m2(103, 227, 60)!
-27, 197, 103, 45, 43, 117, 206, 161, 159, 227, 60, 219,
#APP: Ooh, I needed that app?m1(103, 227, 60, 172, 234)!
#APP: Ooh, I needed that app?m2(103, 227, 60)!
#APP: Come get some app!m3(103)!
-13, 163, 15, 165, 22, 42,
-19, 30, 202, 79, 155, 103, 228, 148, 120,
#CLI: Ooh, I needed that app?m3(103)!
#CLI: We meet again, Doctor Jones!
#CLI: Come get some app!m1(103, 227, 80, 157, 57)!
-30, 57, 90, 227, 70, 165, 103, 80, 157, 141, 223, 214, 202, 88,
#CLI: Come get some app!m2(103, 227, 80)!
-27, 8, 103, 134, 150, 148, 102, 190, 57, 227, 80, 163,
#APP: Ooh, I needed that app?m1(103, 227, 80, 157, 57)!
#APP: Ooh, I needed that app?m2(103, 227, 80)!
#APP: Come get some app!m3(103)!
-13, 130, 214, 237, 106, 134,
-19, 70, 119, 89, 144, 103, 229, 55, 80,
#CLI: Ooh, I needed that app?m3(103)!
#CLI: We meet again, Doctor Jones!
#CLI: Come get some app!m1(103, 227, 106, 242, 19)!
-30, 19, 81, 227, 237, 153, 103, 106, 242, 198, 253, 83, 210, 107,
#CLI: Come get some app!m2(103, 227, 106)!
-27, 111, 103, 154, 141, 70, 226, 56, 245, 227, 106, 97,
#APP: Ooh, I needed that app?m1(103, 227, 106, 242, 19)!
#APP: Ooh, I needed that app?m2(103, 227, 106)!
#APP: Come get some app!m3(103)!
-20, 69, 8, 110, 182, 189,
-19, 165, 121, 117, 135, 103, 211, 238, 59,
#CLI: Ooh, I needed that app?m3(103)!
#CLI: We meet again, Doctor Jones!
#CLI: Come get some app!m1(103, 227, 199, 184, 183)!
-30, 183, 80, 227, 52, 167, 103, 199, 184, 32, 36, 24, 233, 211,
#CLI: Come get some app!m2(103, 227, 199)!
-29, 31, 154, 127, 127, 160, 227, 199, 103, 134, 50, 128,
#APP: Ooh, I needed that app?m1(103, 227, 199, 184, 183)!
#APP: Ooh, I needed that app?m2(103, 227, 199)!
#APP: Come get some app!m3(103)!
-20, 50, 33, 6, 52, 185,
-19, 47, 1, 8, 20, 103, 58, 172, 167,
#CLI: Ooh, I needed that app?m3(103)!
#CLI: We meet again, Doctor Jones!
#CLI: Come get some app!m1(103, 227, 242, 122, 33)!
-30, 33, 48, 227, 230, 115, 103, 242, 122, 183, 194, 150, 80, 232,
#CLI: Come get some app!m2(103, 227, 242)!
-29, 17, 102, 31, 125, 89, 227, 242, 103, 208, 170, 252,
#APP: Ooh, I needed that app?m1(103, 227, 242, 122, 33)!
#APP: Ooh, I needed that app?m2(103, 227, 242)!
#APP: Come get some app!m3(103)!
-18, 37, 95, 101, 251, 129, 22,
-17, 185, 144, 170, 191, 211,
-11, 22, 213, 142, 198, 63,
-15, 43, 66, 103, 152, 199,
#CLI: Ooh, I needed that app?m3(103)!
#CLI: We meet again, Doctor Jones!
#CLI: Come get some app!m1(103, 227, 64, 199, 70)!
-30, 70, 74, 227, 107, 116, 103, 64, 199, 7, 253, 57, 173, 100,
#CLI: Come get some app!m2(103, 227, 64)!
-29, 89, 114, 54, 19, 183, 227, 64, 103, 168, 51, 178,
#APP: Ooh, I needed that app?m1(103, 227, 64, 199, 70)!
#APP: Ooh, I needed that app?m2(103, 227, 64)!
#APP: Come get some app!m3(103)!
-20, 144, 255, 37, 127, 234,
-19, 97, 4, 67, 142, 103, 121, 126, 91,
#CLI: Ooh, I needed that app?m3(103)!
#CLI: We meet again, Doctor Jones!
#CLI: Come get some app!m1(103, 227, 37, 190, 41)!
-30, 41, 199, 227, 75, 51, 103, 37, 190, 21, 170, 34, 87, 67,
#CLI: Come get some app!m2(103, 227, 37)!
-29, 99, 78, 67, 251, 49, 227, 37, 103, 188, 118, 130,
#APP: Ooh, I needed that app?m1(103, 227, 37, 190, 41)!
#APP: Ooh, I needed that app?m2(103, 227, 37)!
#APP: Come get some app!m3(103)!
-18, 203, 96, 177, 4, 149, 129,
-17, 47, 242, 237, 13, 206,
-11, 221, 88, 40, 9, 70,
-15, 126, 34, 103, 148, 10,
#CLI: Ooh, I needed that app?m3(103)!
#CLI: We meet again, Doctor Jones!
#CLI: Come get some app!m1(103, 227, 88, 69, 4)!
-30, 4, 21, 227, 15, 74, 103, 88, 69, 54, 29, 14, 24, 73,
#CLI: Come get some app!m2(103, 227, 88)!
-29, 162, 173, 108, 214, 135, 227, 88, 103, 150, 116, 137,
#APP: Ooh, I needed that app?m1(103, 227, 88, 69, 4)!
#APP: Ooh, I needed that app?m2(103, 227, 88)!
#APP: Come get some app!m3(103)!
-18, 254, 230, 213, 60, 24, 180,
-17, 239, 221, 48, 193, 157,
-16, 74, 101, 225, 63, 232,
-15, 139, 164, 103, 31, 132,
#CLI: Ooh, I needed that app?m3(103)!
#CLI: We meet again, Doctor Jones!
#CLI: Come get some app!m1(103, 227, 204, 189, 154)!
-30, 154, 170, 227, 36, 208, 103, 204, 189, 228, 197, 210, 210, 238,
#CLI: Come get some app!m2(103, 227, 204)!
-27, 161, 103, 124, 167, 62, 194, 50, 49, 227, 204, 189,
#APP: Ooh, I needed that app?m1(103, 227, 204, 189, 154)!
#APP: Ooh, I needed that app?m2(103, 227, 204)!
#APP: Come get some app!m3(103)!
-20, 133, 20, 247, 116, 207,
-19, 121, 28, 121, 149, 103, 228, 135, 112,
#CLI: Ooh, I needed that app?m3(103)!
#CLI: We meet again, Doctor Jones!
#CLI: Come get some app!m1(103, 227, 218, 132, 243)!
-30, 243, 197, 227, 145, 151, 103, 218, 132, 132, 148, 31, 173, 242,
#CLI: Come get some app!m2(103, 227, 218)!
-29, 50, 202, 183, 83, 211, 227, 218, 103, 226, 26, 150,
#APP: Ooh, I needed that app?m1(103, 227, 218, 132, 243)!
#APP: Ooh, I needed that app?m2(103, 227, 218)!
#APP: Come get some app!m3(103)!
-20, 234, 8, 79, 196, 103,
-19, 198, 244, 60, 174, 103, 197, 223, 71,
#CLI: Ooh, I needed that app?m3(103)!
#CLI: We meet again, Doctor Jones!
#CLI: Come get some app!m1(103, 227, 230, 17, 78)!
-30, 78, 205, 227, 202, 241, 103, 230, 17, 227, 255, 125, 61, 251,
#CLI: Come get some app!m2(103, 227, 230)!
-27, 186, 103, 7, 249, 126, 121, 194, 83, 227, 230, 151,
#APP: Ooh, I needed that app?m1(103, 227, 230, 17, 78)!
#APP: Ooh, I needed that app?m2(103, 227, 230)!
#APP: Come get some app!m3(103)!
-12, 51, 140, 66, 12, 54, 27,
-17, 181, 174, 99, 189, 156,
-11, 173, 238, 74, 37, 188,
-15, 107, 48, 103, 187, 92,
#CLI: Ooh, I needed that app?m3(103)!
#CLI: We meet again, Doctor Jones!
#CLI: Come get some app!m1(103, 227, 149, 184, 35)!
-30, 35, 49, 227, 80, 236, 103, 149, 184, 81, 231, 75, 212, 58,
#CLI: Come get some app!m2(103, 227, 149)!
-29, 66, 133, 159, 59, 125, 227, 149, 103, 59, 125, 213,
#APP: Ooh, I needed that app?m1(103, 227, 149, 184, 35)!
#APP: Ooh, I needed that app?m2(103, 227, 149)!
#APP: Come get some app!m3(103)!
-13, 91, 178, 241, 157, 143,
-19, 136, 13, 97, 235, 103, 228, 104, 146,
#CLI: Ooh, I needed that app?m3(103)!
#CLI: We meet again, Doctor Jones!
#CLI: Come get some app!m1(103, 227, 228, 183, 165)!
-30, 165, 105, 227, 80, 144, 103, 228, 183, 166, 143, 28, 34, 154,
#CLI: Come get some app!m2(103, 227, 228)!
-29, 241, 52, 209, 81, 90, 227, 228, 103, 105, 171, 181,
#APP: Ooh, I needed that app?m1(103, 227, 228, 183, 165)!
#APP: Ooh, I needed that app?m2(103, 227, 228)!
#APP: Come get some app!m3(103)!
-20, 215, 230, 147, 47, 157,
-19, 207, 240, 252, 17, 103, 119, 247, 89,
#CLI: Ooh, I needed that app?m3(103)!
#CLI: We meet again, Doctor Jones!
#CLI: Come get some app!m1(103, 227, 172, 94, 103)!
-30, 103, 68, 227, 88, 162, 103, 172, 94, 184, 95, 121, 59, 102,
#CLI: Come get some app!m2(103, 227, 172)!
-29, 206, 139, 150, 2, 123, 227, 172, 103, 10, 62, 9,
#APP: Ooh, I needed that app?m1(103, 227, 172, 94, 103)!
#APP: Ooh, I needed that app?m2(103, 227, 172)!
#APP: Come get some app!m3(103)!
-20, 40, 62, 44, 40, 25,
-19, 137, 175, 9, 24, 103, 118, 166, 78,
#CLI: Ooh, I needed that app?m3(103)!
#CLI: We meet again, Doctor Jones!
#CLI: Come get some app!m1(103, 227, 163, 36, 65)!
-30, 65, 254, 227, 199, 233, 103, 163, 36, 125, 79, 92, 132, 232,
#CLI: Come get some app!m2(103, 227, 163)!
-29, 132, 5, 73, 213, 194, 227, 163, 103, 151, 78, 19,
#APP: Ooh, I needed that app?m1(103, 227, 163, 36, 65)!
#APP: Ooh, I needed that app?m2(103, 227, 163)!
#APP: Come get some app!m3(103)!
-9, 194, 142, 190, 230, 134, 127,
-17, 253, 178, 226, 223, 26,
-16, 65, 56, 38, 134, 141,
-15, 128, 122, 103, 176, 18,
#CLI: Ooh, I needed that app?m3(103)!
#CLI: We meet again, Doctor Jones!
#CLI: Come get some app!m1(103, 227, 190, 139, 120)!
-30, 120, 150, 227, 116, 252, 103, 190, 139, 43, 84, 112, 234, 196,
#CLI: Come get some app!m2(103, 227, 190)!
-29, 176, 171, 136, 99, 236, 227, 190, 103, 26, 104, 201,
#APP: Ooh, I needed that app?m1(103, 227, 190, 139, 120)!
#APP: Ooh, I needed that app?m2(103, 227, 190)!
#APP: Come get some app!m3(103)!
-13, 141, 69, 106, 63, 20,
-19, 0, 11, 97, 141, 103, 163, 144, 205,
#CLI: Ooh, I needed that app?m3(103)!
#CLI: We meet again, Doctor Jones!
#CLI: Come get some app!m1(103, 227, 39, 5, 153)!
-30, 153, 81, 227, 68, 23, 103, 39, 5, 170, 255, 214, 95, 214,
#CLI: Come get some app!m2(103, 227, 39)!
-29, 61, 100, 8, 23, 225, 227, 39, 103, 15, 68, 241,
#APP: Ooh, I needed that app?m1(103, 227, 39, 5, 153)!
#APP: Ooh, I needed that app?m2(103, 227, 39)!
#APP: Come get some app!m3(103)!
-18, 138, 194, 159, 223, 42, 241,
-17, 227, 217, 124, 215, 117,
-16, 57, 14, 123, 210, 124,
-15, 172, 147, 103, 112, 63,
#CLI: Ooh, I needed that app?m3(103)!
#CLI: We meet again, Doctor Jones!
#CLI: Come get some app!m1(103, 227, 146, 107, 140)!
-30, 140, 98, 227, 195, 252, 103, 146, 107, 70, 117, 52, 199, 142,
#CLI: Come get some app!m2(103, 227, 146)!
-29, 49, 45, 136, 228, 103, 227, 146, 103, 170, 8, 102,
#APP: Ooh, I needed that app?m1(103, 227, 146, 107, 140)!
#APP: Ooh, I needed that app?m2(103, 227, 146)!
#APP: Come get some app!m3(103)!
-13, 24, 239, 52, 166, 188,
-19, 133, 126, 132, 44, 103, 212, 44, 34,
#CLI: Ooh, I needed that app?m3(103)!
#CLI: We meet again, Doctor Jones!
#CLI: Come get some app!m1(103, 227, 68, 192, 182)!
-30, 182, 3, 227, 87, 3, 103, 68, 192, 216, 118, 229, 172, 184,
#CLI: Come get some app!m2(103, 227, 68)!
-29, 44, 86, 71, 251, 160, 227, 68, 103, 67, 170, 180,
#APP: Ooh, I needed that app?m1(103, 227, 68, 192, 182)!
#APP: Ooh, I needed that app?m2(103, 227, 68)!
#APP: Come get some app!m3(103)!
-20, 194, 56, 73, 63, 41,
-19, 188, 214, 203, 17, 103, 83, 107, 153,
#CLI: Ooh, I needed that app?m3(103)!
#CLI: We meet again, Doctor Jones!
#CLI: Come get some app!m1(103, 227, 168, 180, 9)!
-30, 9, 219, 227, 108, 108, 103, 168, 180, 172, 86, 252, 126, 108,
#CLI: Come get some app!m2(103, 227, 168)!
-29, 182, 179, 51, 248, 56, 227, 168, 103, 104, 44, 124,
#APP: Ooh, I needed that app?m1(103, 227, 168, 180, 9)!
#APP: Ooh, I needed that app?m2(103, 227, 168)!
#APP: Come get some app!m3(103)!
-20, 180, 175, 128, 199, 11,
-19, 244, 222, 181, 242, 103, 67, 50, 48,
#CLI: Ooh, I needed that app?m3(103)!
#CLI: We meet again, Doctor Jones!
#CLI: Come get some app!m1(103, 227, 70, 134, 49)!
-30, 49, 18, 227, 91, 196, 103, 70, 134, 125, 238, 192, 160, 6,
#CLI: Come get some app!m2(103, 227, 70)!
-29, 209, 166, 133, 39, 213, 227, 70, 103, 96, 66, 32,
#APP: Ooh, I needed that app?m1(103, 227, 70, 134, 49)!
#APP: Ooh, I needed that app?m2(103, 227, 70)!
#APP: Come get some app!m3(103)!
-13, 8, 109, 214, 78, 162,
-19, 148, 61, 6, 227, 103, 147, 236, 239,
#CLI: Ooh, I needed that app?m3(103)!
#CLI: We meet again, Doctor Jones!
#CLI: Come get some app!m1(103, 227, 100, 237, 121)!
-30, 121, 194, 227, 211, 139, 103, 100, 237, 210, 41, 252, 131, 135,
#CLI: Come get some app!m2(103, 227, 100)!
-27, 246, 103, 66, 59, 62, 70, 162, 162, 227, 100, 230,
#APP: Ooh, I needed that app?m1(103, 227, 100, 237, 121)!
#APP: Ooh, I needed that app?m2(103, 227, 100)!
#APP: Come get some app!m3(103)!
-13, 160, 195, 213, 175, 49,
-19, 216, 163, 17, 213, 103, 165, 209, 219,
#CLI: Ooh, I needed that app?m3(103)!
#CLI: We meet again, Doctor Jones!
#CLI: Come get some app!m1(103, 227, 11, 37, 169)!
-30, 169, 231, 227, 243, 192, 103, 11, 37, 20, 46, 246, 55, 252,
#CLI: Come get some app!m2(103, 227, 11)!
-29, 153, 221, 195, 17, 33, 227, 11, 103, 100, 128, 162,
#APP: Ooh, I needed that app?m1(103, 227, 11, 37, 169)!
#APP: Ooh, I needed that app?m2(103, 227, 11)!
#APP: Come get some app!m3(103)!
-20, 191, 244, 22, 196, 35,
-19, 231, 39, 141, 12, 103, 54, 107, 221,
#CLI: Ooh, I needed that app?m3(103)!
#CLI: We meet again, Doctor Jones!
#CLI: Come get some app!m1(103, 227, 2, 114, 19)!
-30, 19, 208, 227, 21, 161, 103, 2, 114, 135, 115, 40, 151, 162,
#CLI: Come get some app!m2(103, 227, 2)!
-29, 214, 230, 204, 206, 185, 227, 2, 103, 193, 178, 242,
#APP: Ooh, I needed that app?m1(103, 227, 2, 114, 19)!
#APP: Ooh, I needed that app?m2(103, 227, 2)!
#APP: Come get some app!m3(103)!
-18, 18, 224, 151, 95, 57, 45,
-17, 221, 15, 81, 95, 82,
-16, 12, 207, 39, 101, 122,
-15, 222, 196, 103, 49, 118,
#CLI: Ooh, I needed that app?m3(103)!
#CLI: We meet again, Doctor Jones!
#CLI: Come get some app!m1(103, 227, 233, 197, 10)!
-30, 10, 115, 227, 145, 141, 103, 233, 197, 65, 31, 130, 6, 132,
#CLI: Come get some app!m2(103, 227, 233)!
-29, 72, 224, 228, 106, 92, 227, 233, 103, 177, 10, 109,
#APP: Ooh, I needed that app?m1(103, 227, 233, 197, 10)!
#APP: Ooh, I needed that app?m2(103, 227, 233)!
#APP: Come get some app!m3(103)!
-12, 248, 97, 204, 35, 47, 236,
-17, 127, 11, 163, 204, 108,
-11, 11, 8, 174, 188, 42,
-15, 115, 108, 103, 42, 249,
#CLI: Ooh, I needed that app?m3(103)!
#CLI: We meet again, Doctor Jones!
#CLI: Come get some app!m1(103, 227, 30, 179, 91)!
-30, 91, 36, 227, 227, 167, 103, 30, 179, 72, 166, 48, 65, 221,
#CLI: Come get some app!m2(103, 227, 30)!
-29, 193, 42, 154, 118, 28, 227, 30, 103, 228, 23, 88,
#APP: Ooh, I needed that app?m1(103, 227, 30, 179, 91)!
#APP: Ooh, I needed that app?m2(103, 227, 30)!
#APP: Come get some app!m3(103)!
-20, 98, 90, 244, 247, 237,
-19, 54, 120, 63, 110, 103, 159, 31, 178,
#CLI: Ooh, I needed that app?m3(103)!
#CLI: We meet again, Doctor Jones!
#CLI: Come get some app!m1(103, 227, 245, 95, 206)!
-30, 206, 32, 227, 104, 191, 103, 245, 95, 235, 41, 207, 233, 25,
#CLI: Come get some app!m2(103, 227, 245)!
-29, 158, 167, 175, 185, 80, 227, 245, 103, 60, 163, 25,
#APP: Ooh, I needed that app?m1(103, 227, 245, 95, 206)!
#APP: Ooh, I needed that app?m2(103, 227, 245)!
#APP: Come get some app!m3(103)!
-18, 33, 203, 37, 62, 166, 20,
-17, 92, 230, 69, 29, 11,
-11, 66, 30, 112, 86, 41,
-15, 109, 48, 103, 152, 244,
#CLI: Ooh, I needed that app?m3(103)!
#CLI: We meet again, Doctor Jones!
#CLI: Come get some app!m1(103, 227, 77, 43, 125)!
-30, 125, 153, 227, 196, 241, 103, 77, 43, 6, 137, 202, 147, 157,
#CLI: Come get some app!m2(103, 227, 77)!
-29, 75, 253, 202, 197, 164, 227, 77, 103, 51, 85, 177,
#APP: Ooh, I needed that app?m1(103, 227, 77, 43, 125)!
#APP: Ooh, I needed that app?m2(103, 227, 77)!
#APP: Come get some app!m3(103)!
-13, 88, 156, 89, 205, 53,
-19, 64, 172, 211, 63, 103, 74, 147, 248,
#CLI: Ooh, I needed that app?m3(103)!
#CLI: We meet again, Doctor Jones!
#CLI: Come get some app!m1(103, 227, 79, 106, 48)!
-30, 48, 18, 227, 206, 118, 103, 79, 106, 169, 10, 229, 172, 85,
#CLI: Come get some app!m2(103, 227, 79)!
-29, 149, 4, 33, 163, 215, 227, 79, 103, 176, 233, 219,
#APP: Ooh, I needed that app?m1(103, 227, 79, 106, 48)!
#APP: Ooh, I needed that app?m2(103, 227, 79)!
#APP: Come get some app!m3(103)!
-13, 11, 49, 209, 234, 250,
-19, 61, 138, 65, 219, 103, 144, 62, 117,
#CLI: Ooh, I needed that app?m3(103)!
#CLI: We meet again, Doctor Jones!
#CLI: Come get some app!m1(103, 227, 229, 32, 235)!
-30, 235, 155, 227, 221, 74, 103, 229, 32, 52, 86, 25, 213, 201,
#CLI: Come get some app!m2(103, 227, 229)!
-29, 75, 43, 104, 254, 9, 227, 229, 103, 138, 108, 144,
#APP: Ooh, I needed that app?m1(103, 227, 229, 32, 235)!
#APP: Ooh, I needed that app?m2(103, 227, 229)!
#APP: Come get some app!m3(103)!
-18, 33, 116, 189, 55, 34, 163,
-17, 133, 203, 241, 2, 154,
-16, 48, 226, 23, 103, 211,
-15, 124, 104, 103, 196, 27,
#CLI: Ooh, I needed that app?m3(103)!
#CLI: We meet again, Doctor Jones!
#CLI: Come get some app!m1(103, 227, 116, 132, 238)!
-30, 238, 107, 227, 208, 239, 103, 116, 132, 182, 95, 194, 44, 0,
#CLI: Come get some app!m2(103, 227, 116)!
-29, 128, 168, 227, 172, 111, 227, 116, 103, 223, 20, 112,
#APP: Ooh, I needed that app?m1(103, 227, 116, 132, 238)!
#APP: Ooh, I needed that app?m2(103, 227, 116)!
#APP: Come get some app!m3(103)!
-20, 186, 207, 219, 35, 27,
-19, 9, 165, 212, 194, 103, 142, 213, 71,
#CLI: Ooh, I needed that app?m3(103)!
#CLI: We meet again, Doctor Jones!
#CLI: Come get some app!m1(103, 227, 51, 161, 169)!
-30, 169, 70, 227, 83, 223, 103, 51, 161, 221, 138, 226, 223, 231,
#CLI: Come get some app!m2(103, 227, 51)!
-29, 35, 43, 33, 215, 14, 227, 51, 103, 171, 247, 203,
#APP: Ooh, I needed that app?m1(103, 227, 51, 161, 169)!
#APP: Ooh, I needed that app?m2(103, 227, 51)!
#APP: Come get some app!m3(103)!
-20, 182, 249, 217, 233, 55,
-19, 143, 39, 71, 162, 103, 88, 194, 199,
#CLI: Ooh, I needed that app?m3(103)!
#CLI: We meet again, Doctor Jones!
#CLI: Come get some app!m1(103, 227, 83, 73, 97)!
-30, 97, 117, 227, 220, 222, 103, 83, 73, 63, 172, 221, 13, 156,
#CLI: Come get some app!m2(103, 227, 83)!
-29, 61, 191, 181, 199, 136, 227, 83, 103, 54, 241, 100,
#APP: Ooh, I needed that app?m1(103, 227, 83, 73, 97)!
#APP: Ooh, I needed that app?m2(103, 227, 83)!
#APP: Come get some app!m3(103)!
-18, 229, 138, 1, 29, 133, 240,
-17, 77, 83, 200, 47, 240,
-16, 52, 93, 77, 52, 17,
-15, 251, 206, 103, 131, 225,
#CLI: Ooh, I needed that app?m3(103)!
#CLI: We meet again, Doctor Jones!
#CLI: Come get some app!m1(103, 227, 63, 21, 66)!
-30, 66, 151, 227, 217, 118, 103, 63, 21, 239, 92, 103, 8, 87,
#CLI: Come get some app!m2(103, 227, 63)!
-29, 156, 182, 200, 222, 214, 227, 63, 103, 170, 35, 131,
#APP: Ooh, I needed that app?m1(103, 227, 63, 21, 66)!
#APP: Ooh, I needed that app?m2(103, 227, 63)!
#APP: Come get some app!m3(103)!
-20, 198, 84, 1, 195, 117,
-19, 229, 210, 65, 54, 103, 139, 48, 134,
#CLI: Ooh, I needed that app?m3(103)!
#CLI: We meet again, Doctor Jones!
#CLI: Come get some app!m1(103, 227, 208, 229, 150)!
-30, 150, 140, 227, 206, 72, 103, 208, 229, 255, 205, 57, 240, 89,
#CLI: Come get some app!m2(103, 227, 208)!
-29, 110, 71, 165, 124, 173, 227, 208, 103, 119, 170, 107,
#APP: Ooh, I needed that app?m1(103, 227, 208, 229, 150)!
#APP: Ooh, I needed that app?m2(103, 227, 208)!
#APP: Come get some app!m3(103)!
-20, 87, 22, 113, 231, 181,
-19, 251, 152, 44, 26, 103, 157, 230, 131,
#CLI: Ooh, I needed that app?m3(103)!
#CLI: We meet again, Doctor Jones!
#CLI: Come get some app!m1(103, 227, 244, 20, 136)!
-30, 136, 36, 227, 11, 199, 103, 244, 20, 176, 39, 149, 30, 149,
#CLI: Come get some app!m2(103, 227, 244)!
-29, 140, 59, 215, 142, 228, 227, 244, 103, 66, 44, 147,
#APP: Ooh, I needed that app?m1(103, 227, 244, 20, 136)!
#APP: Ooh, I needed that app?m2(103, 227, 244)!
#APP: Come get some app!m3(103)!
-20, 148, 210, 235, 6, 48,
-19, 90, 150, 213, 19, 103, 60, 57, 71,
#CLI: Ooh, I needed that app?m3(103)!
#CLI: We meet again, Doctor Jones!
#CLI: Come get some app!m1(103, 227, 79, 199, 150)!
-30, 150, 70, 227, 65, 13, 103, 79, 199, 240, 77, 155, 16, 99,
#CLI: Come get some app!m2(103, 227, 79)!
-29, 117, 58, 117, 46, 185, 227, 79, 103, 77, 47, 239,
#APP: Ooh, I needed that app?m1(103, 227, 79, 199, 150)!
#APP: Ooh, I needed that app?m2(103, 227, 79)!
#APP: Come get some app!m3(103)!
-18, 236, 179, 124, 114, 245, 11,
-17, 176, 43, 232, 17, 92,
-11, 95, 31, 168, 3, 8,
-15, 81, 109, 103, 111, 240,
#CLI: Ooh, I needed that app?m3(103)!
#CLI: We meet again, Doctor Jones!
#CLI: Come get some app!m1(103, 227, 45, 87, 106)!
-30, 106, 95, 227, 253, 103, 103, 45, 87, 47, 71, 36, 242, 143,
#CLI: Come get some app!m2(103, 227, 45)!
-27, 203, 103, 2, 46, 225, 5, 94, 119, 227, 45, 129,
#APP: Ooh, I needed that app?m1(103, 227, 45, 87, 106)!
#APP: Ooh, I needed that app?m2(103, 227, 45)!
#APP: Come get some app!m3(103)!
-18, 8, 70, 220, 27, 187, 142,
-17, 219, 6, 58, 66, 100,
-11, 14, 216, 237, 121, 98,
-15, 211, 245, 103, 132, 212,
#CLI: Ooh, I needed that app?m3(103)!
#CLI: We meet again, Doctor Jones!
#CLI: Come get some app!m1(103, 227, 13, 220, 209)!
-30, 209, 92, 227, 114, 49, 103, 13, 220, 39, 87, 37, 147, 3,
#CLI: Come get some app!m2(103, 227, 13)!
-29, 26, 9, 201, 59, 41, 227, 13, 103, 31, 44, 216,
#APP: Ooh, I needed that app?m1(103, 227, 13, 220, 209)!
#APP: Ooh, I needed that app?m2(103, 227, 13)!
#APP: Come get some app!m3(103)!
-13, 55, 231, 251, 34, 217,
-19, 154, 151, 116, 3, 103, 28, 226, 135,
#CLI: Ooh, I needed that app?m3(103)!
#CLI: We meet again, Doctor Jones!
#CLI: Come get some app!m1(103, 227, 230, 69, 219)!
-28, 227, 197, 156, 69, 196, 80, 230, 6, 180, 103, 55, 219, 63,
#CLI: Come get some app!m2(103, 227, 230)!
-29, 119, 88, 60, 180, 209, 227, 230, 103, 101, 91, 21,
#APP: Ooh, I needed that app?m1(103, 227, 230, 69, 219)!
#APP: Ooh, I needed that app?m2(103, 227, 230)!
#APP: Come get some app!m3(103)!
-20, 61, 212, 130, 0, 183,
-19, 141, 38, 95, 158, 103, 132, 52, 64,
#CLI: Ooh, I needed that app?m3(103)!
#CLI: We meet again, Doctor Jones!
#CLI: Come get some app!m1(103, 227, 168, 219, 181)!
-30, 181, 12, 227, 98, 105, 103, 168, 219, 176, 166, 164, 185, 8,
#CLI: Come get some app!m2(103, 227, 168)!
-29, 236, 252, 121, 155, 4, 227, 168, 103, 69, 228, 189,
#APP: Ooh, I needed that app?m1(103, 227, 168, 219, 181)!
#APP: Ooh, I needed that app?m2(103, 227, 168)!
#APP: Come get some app!m3(103)!
-13, 151, 96, 131, 63, 120,
-19, 243, 150, 176, 64, 103, 87, 170, 175,
#CLI: Ooh, I needed that app?m3(103)!
#CLI: We meet again, Doctor Jones!
#CLI: Come get some app!m1(103, 227, 206, 245, 95)!
-30, 95, 144, 227, 76, 102, 103, 206, 245, 28, 225, 222, 248, 123,
#CLI: Come get some app!m2(103, 227, 206)!
-29, 239, 64, 43, 11, 154, 227, 206, 103, 70, 53, 28,
#APP: Ooh, I needed that app?m1(103, 227, 206, 245, 95)!
#APP: Ooh, I needed that app?m2(103, 227, 206)!
#APP: Come get some app!m3(103)!
-20, 226, 111, 229, 184, 161,
-19, 95, 56, 227, 127, 103, 252, 52, 134,
#CLI: Ooh, I needed that app?m3(103)!
#CLI: We meet again, Doctor Jones!
#CLI: Come get some app!m1(103, 227, 11, 176, 245)!
-30, 245, 153, 227, 40, 151, 103, 11, 176, 114, 247, 32, 228, 2,
#CLI: Come get some app!m2(103, 227, 11)!
-29, 90, 71, 8, 0, 251, 227, 11, 103, 220, 160, 183,
#APP: Ooh, I needed that app?m1(103, 227, 11, 176, 245)!
#APP: Ooh, I needed that app?m2(103, 227, 11)!
#APP: Come get some app!m3(103)!
-20, 35, 226, 244, 171, 206,
-19, 65, 180, 251, 172, 103, 27, 157, 54,
#CLI: Ooh, I needed that app?m3(103)!
#CLI: We meet again, Doctor Jones!
#CLI: Come get some app!m1(103, 227, 150, 10, 246)!
-30, 246, 98, 227, 113, 218, 103, 150, 10, 88, 6, 99, 219, 159,
#CLI: Come get some app!m2(103, 227, 150)!
-29, 17, 59, 156, 131, 99, 227, 150, 103, 235, 137, 131,
#APP: Ooh, I needed that app?m1(103, 227, 150, 10, 246)!
#APP: Ooh, I needed that app?m2(103, 227, 150)!
#APP: Come get some app!m3(103)!
-13, 66, 218, 51, 50, 32,
-19, 48, 90, 17, 185, 103, 164, 134, 183,
#CLI: Ooh, I needed that app?m3(103)!
#CLI: We meet again, Doctor Jones!
#CLI: Come get some app!m1(103, 227, 228, 174, 67)!
-30, 67, 21, 227, 167, 10, 103, 228, 174, 236, 227, 131, 187, 255,
#CLI: Come get some app!m2(103, 227, 228)!
-29, 203, 180, 173, 111, 50, 227, 228, 103, 171, 243, 2,
#APP: Ooh, I needed that app?m1(103, 227, 228, 174, 67)!
#APP: Ooh, I needed that app?m2(103, 227, 228)!
#APP: Come get some app!m3(103)!
-18, 254, 44, 27, 14, 217, 43,
-17, 210, 187, 30, 194, 123,
-16, 193, 90, 31, 237, 12,
-15, 136, 232, 103, 101, 3,
#CLI: Ooh, I needed that app?m3(103)!
#CLI: We meet again, Doctor Jones!
#CLI: Come get some app!m1(103, 227, 190, 151, 180)!
-30, 180, 223, 227, 16, 200, 103, 190, 151, 148, 230, 70, 24, 248,
#CLI: Come get some app!m2(103, 227, 190)!
-29, 165, 43, 170, 159, 103, 227, 190, 103, 211, 36, 237,
#APP: Ooh, I needed that app?m1(103, 227, 190, 151, 180)!
#APP: Ooh, I needed that app?m2(103, 227, 190)!
#APP: Come get some app!m3(103)!
-20, 163, 148, 182, 112, 199,
-19, 88, 195, 62, 22, 103, 14, 186, 42,
#CLI: Ooh, I needed that app?m3(103)!
#CLI: We meet again, Doctor Jones!
#CLI: Come get some app!m1(103, 227, 198, 112, 208)!
-30, 208, 6, 227, 176, 39, 103, 198, 112, 224, 88, 63, 227, 98,
#CLI: Come get some app!m2(103, 227, 198)!
-29, 207, 164, 230, 146, 69, 227, 198, 103, 225, 119, 53,
#APP: Ooh, I needed that app?m1(103, 227, 198, 112, 208)!
#APP: Ooh, I needed that app?m2(103, 227, 198)!
#APP: Come get some app!m3(103)!
-13, 104, 119, 37, 124, 12,
-19, 180, 122, 123, 109, 103, 116, 23, 7,
#CLI: Ooh, I needed that app?m3(103)!
#CLI: We meet again, Doctor Jones!
#CLI: Come get some app!m1(103, 227, 103, 39, 40)!
-30, 40, 13, 227, 0, 191, 103, 103, 39, 244, 133, 207, 118, 84,
#CLI: Come get some app!m2(103, 227, 103)!
-29, 109, 176, 250, 228, 236, 227, 103, 103, 213, 188, 146,
#APP: Ooh, I needed that app?m1(103, 227, 103, 39, 40)!
#APP: Ooh, I needed that app?m2(103, 227, 103)!
#APP: Come get some app!m3(103)!
-13, 86, 212, 207, 162, 128,
-19, 231, 95, 189, 186, 103, 136, 192, 68,
#CLI: Ooh, I needed that app?m3(103)!
#CLI: We meet again, Doctor Jones!
#CLI: Come get some app!m1(103, 227, 120, 132, 26)!
-30, 26, 147, 227, 171, 214, 103, 120, 132, 174, 229, 62, 98, 55,
#CLI: Come get some app!m2(103, 227, 120)!
-29, 20, 22, 14, 15, 89, 227, 120, 103, 24, 104, 98,
#APP: Ooh, I needed that app?m1(103, 227, 120, 132, 26)!
#APP: Ooh, I needed that app?m2(103, 227, 120)!
#APP: Come get some app!m3(103)!
-13, 192, 232, 20, 6, 140,
-19, 212, 177, 85, 89, 103, 220, 140, 245,
#CLI: Ooh, I needed that app?m3(103)!
#CLI: We meet again, Doctor Jones!
#CLI: Come get some app!m1(103, 227, 11, 176, 34)!
-30, 34, 171, 227, 164, 170, 103, 11, 176, 11, 131, 107, 152, 57,
#CLI: Come get some app!m2(103, 227, 11)!
-29, 233, 202, 105, 250, 195, 227, 11, 103, 94, 99, 202,
#APP: Ooh, I needed that app?m1(103, 227, 11, 176, 34)!
#APP: Ooh, I needed that app?m2(103, 227, 11)!
#APP: Come get some app!m3(103)!
-13, 78, 77, 81, 26, 20,
-19, 127, 153, 145, 12, 103, 18, 254, 14,
#CLI: Ooh, I needed that app?m3(103)!
#CLI: We meet again, Doctor Jones!
#CLI: Come get some app!m1(103, 227, 6, 75, 46)!
-30, 46, 225, 227, 167, 37, 103, 6, 75, 71, 28, 115, 57, 11,
#CLI: Come get some app!m2(103, 227, 6)!
-29, 135, 196, 16, 220, 152, 227, 6, 103, 65, 109, 120,
#CLI: What are you waitin for? Christmas?
#APP: Ooh, I needed that app?m1(103, 227, 6, 75, 46)!
#APP: Ooh, I needed that app?m2(103, 227, 6)!
#APP: Come get some app!m3(103)!
-13, 183, 93, 141, 106, 64,
-19, 246, 80, 150, 121, 103, 216, 210, 122,
