#CLI: Come get some app!m1(44, 181, 113, 206, 15)!
-1, 44, 113, 128, 35, 105, 181, 18, 215, 206, 57, 15, 138, 184,
#CLI: Come get some app!m2(44, 181, 113)!
2, 226, 8, 44, 54, 186, 254, 112, 104, 71, 194, 181, 214, 113,
#APP: Ooh, I needed that app?m1(44, 181, 113, 206, 15)!
#APP: Ooh, I needed that app?m2(44, 181, 113)!
#APP: Come get some app!m3(44)!
14, 151, 219, 32, 88, 104, 57, 78, 208, 48, 176, 27, 96, 116,
9, 47, 183, 152, 16, 182, 2, 127, 90, 211, 44, 90, 205, 150,
#CLI: Ooh, I needed that app?m3(44)!
#CLI: We meet again, Doctor Jones!
#CLI: Come get some app!m1(44, 181, 85, 102, 97)!
4, 99, 1, 85, 62, 97, 11, 102, 181, 112, 101, 172, 44, 164,
#CLI: Come get some app!m2(44, 181, 85)!
1, 25, 88, 85, 114, 24, 114, 105, 29, 34, 126, 181, 49, 44,
#APP: Ooh, I needed that app?m1(44, 181, 85, 102, 97)!
#APP: Ooh, I needed that app?m2(44, 181, 85)!
#APP: Come get some app!m3(44)!
17, 90, 176, 83, 169, 61, 170, 174, 142, 51, 3, 231, 224, 56,
9, 224, 185, 81, 180, 122, 226, 228, 221, 129, 44, 238, 141, 203,
#CLI: Ooh, I needed that app?m3(44)!
#CLI: We meet again, Doctor Jones!
#CLI: Come get some app!m1(44, 181, 193, 56, 100)!
4, 11, 24, 193, 109, 100, 76, 56, 181, 205, 131, 210, 44, 156,
#CLI: Come get some app!m2(44, 181, 193)!
6, 3, 181, 128, 44, 240, 197, 94, 239, 132, 193, 69, 198, 6,
#APP: Ooh, I needed that app?m1(44, 181, 193, 56, 100)!
#APP: Ooh, I needed that app?m2(44, 181, 193)!
#APP: Come get some app!m3(44)!
17, 18, 200, 164, 4, 235, 155, 141, 253, 86, 16, 87, 198, 242,
9, 166, 80, 167, 206, 77, 125, 75, 144, 37, 44, 191, 25, 234,
#CLI: Ooh, I needed that app?m3(44)!
#CLI: We meet again, Doctor Jones!
#CLI: Come get some app!m1(44, 181, 229, 69, 62)!
-1, 44, 229, 60, 59, 195, 181, 31, 139, 69, 103, 62, 170, 181,
#CLI: Come get some app!m2(44, 181, 229)!
2, 163, 88, 44, 85, 176, 14, 175, 172, 149, 169, 181, 18, 229,
#APP: Ooh, I needed that app?m1(44, 181, 229, 69, 62)!
#APP: Ooh, I needed that app?m2(44, 181, 229)!
#APP: Come get some app!m3(44)!
17, 237, 45, 212, 154, 221, 229, 77, 19, 158, 147, 108, 145, 99,
9, 129, 208, 124, 215, 93, 223, 236, 189, 92, 44, 16, 192, 72,
#CLI: Ooh, I needed that app?m3(44)!
#CLI: We meet again, Doctor Jones!
#CLI: Come get some app!m1(44, 181, 191, 161, 60)!
7, 146, 33, 44, 161, 210, 60, 22, 220, 121, 191, 168, 26, 181,
#CLI: Come get some app!m2(44, 181, 191)!
1, 122, 226, 191, 108, 169, 143, 53, 206, 64, 99, 181, 235, 44,
#APP: Ooh, I needed that app?m1(44, 181, 191, 161, 60)!
#APP: Ooh, I needed that app?m2(44, 181, 191)!
#APP: Come get some app!m3(44)!
14, 205, 90, 200, 229, 58, 181, 189, 229, 193, 117, 84, 22, 131,
9, 238, 78, 85, 82, 16, 125, 23, 34, 233, 44, 109, 233, 225,
#CLI: Ooh, I needed that app?m3(44)!
#CLI: We meet again, Doctor Jones!
#CLI: Come get some app!m1(44, 181, 13, 37, 251)!
-1, 44, 13, 243, 36, 152, 181, 29, 58, 37, 222, 251, 57, 84,
#CLI: Come get some app!m2(44, 181, 13)!
6, 34, 181, 106, 44, 134, 59, 144, 240, 18, 13, 240, 48, 223,
#APP: Ooh, I needed that app?m1(44, 181, 13, 37, 251)!
#APP: Ooh, I needed that app?m2(44, 181, 13)!
#APP: Come get some app!m3(44)!
17, 113, 102, 236, 116, 182, 158, 57, 207, 131, 245, 242, 26, 251,
9, 233, 130, 208, 100, 67, 179, 110, 1, 126, 44, 234, 94, 196,
#CLI: Ooh, I needed that app?m3(44)!
#CLI: We meet again, Doctor Jones!
#CLI: Come get some app!m1(44, 181, 129, 117, 63)!
7, 34, 148, 44, 117, 41, 63, 89, 219, 169, 129, 87, 193, 181,
#CLI: Come get some app!m2(44, 181, 129)!
2, 194, 67, 44, 63, 239, 237, 182, 235, 48, 66, 181, 157, 129,
#APP: Ooh, I needed that app?m1(44, 181, 129, 117, 63)!
#APP: Ooh, I needed that app?m2(44, 181, 129)!
#APP: Come get some app!m3(44)!
17, 184, 110, 81, 172, 158, 195, 44, 98, 191, 30, 172, 118, 111,
9, 255, 104, 81, 192, 65, 154, 146, 29, 228, 44, 11, 223, 183,
#CLI: Ooh, I needed that app?m3(44)!
#CLI: We meet again, Doctor Jones!
#CLI: Come get some app!m1(44, 181, 79, 98, 118)!
4, 28, 245, 79, 189, 118, 6, 98, 181, 189, 88, 71, 44, 214,
#CLI: Come get some app!m2(44, 181, 79)!
2, 117, 202, 44, 232, 84, 215, 189, 65, 213, 205, 181, 149, 79,
#APP: Ooh, I needed that app?m1(44, 181, 79, 98, 118)!
#APP: Ooh, I needed that app?m2(44, 181, 79)!
#APP: Come get some app!m3(44)!
17, 251, 110, 243, 187, 113, 190, 79, 213, 88, 72, 72, 29, 72,
9, 48, 156, 209, 83, 59, 142, 24, 81, 216, 44, 232, 202, 11,
#CLI: Ooh, I needed that app?m3(44)!
#CLI: We meet again, Doctor Jones!
#CLI: Come get some app!m1(44, 181, 195, 39, 132)!
7, 205, 34, 44, 39, 183, 132, 104, 90, 41, 195, 93, 116, 181,
#CLI: Come get some app!m2(44, 181, 195)!
2, 91, 166, 44, 178, 136, 245, 219, 64, 31, 46, 181, 213, 195,
#APP: Ooh, I needed that app?m1(44, 181, 195, 39, 132)!
#APP: Ooh, I needed that app?m2(44, 181, 195)!
#APP: Come get some app!m3(44)!
15, 44, 207, 137, 6, 125, 202, 219, 3, 2, 122, 63, 151, 154,
11, 36, 21, 167, 187, 102, 36, 191, 254, 18, 107, 98, 71, 82,
#CLI: Ooh, I needed that app?m3(44)!
#CLI: We meet again, Doctor Jones!
#CLI: Come get some app!m1(44, 181, 171, 164, 184)!
3, 249, 44, 171, 10, 181, 184, 167, 215, 164, 182, 207, 129, 135,
#CLI: Come get some app!m2(44, 181, 171)!
6, 69, 181, 32, 44, 81, 132, 154, 116, 53, 171, 134, 45, 95,
#APP: Ooh, I needed that app?m1(44, 181, 171, 164, 184)!
#APP: Ooh, I needed that app?m2(44, 181, 171)!
#APP: Come get some app!m3(44)!
17, 93, 162, 244, 174, 171, 204, 191, 1, 56, 53, 125, 228, 103,
9, 194, 32, 0, 25, 86, 185, 161, 142, 233, 44, 148, 155, 81,
#CLI: Ooh, I needed that app?m3(44)!
#CLI: We meet again, Doctor Jones!
#CLI: Come get some app!m1(44, 181, 31, 113, 215)!
4, 95, 160, 31, 21, 215, 31, 113, 181, 162, 150, 207, 44, 131,
#CLI: Come get some app!m2(44, 181, 31)!
6, 34, 181, 121, 44, 101, 133, 154, 1, 202, 31, 223, 255, 22,
#APP: Ooh, I needed that app?m1(44, 181, 31, 113, 215)!
#APP: Ooh, I needed that app?m2(44, 181, 31)!
#APP: Come get some app!m3(44)!
17, 133, 247, 177, 11, 182, 182, 58, 200, 216, 11, 123, 109, 108,
9, 1, 151, 28, 99, 203, 60, 207, 49, 160, 44, 164, 245, 9,
#CLI: Ooh, I needed that app?m3(44)!
#CLI: We meet again, Doctor Jones!
#CLI: Come get some app!m1(44, 181, 74, 142, 236)!
-1, 44, 74, 6, 99, 158, 181, 48, 82, 142, 71, 236, 114, 18,
#CLI: Come get some app!m2(44, 181, 74)!
2, 234, 51, 44, 127, 62, 232, 157, 32, 127, 27, 181, 34, 74,
#APP: Ooh, I needed that app?m1(44, 181, 74, 142, 236)!
#APP: Ooh, I needed that app?m2(44, 181, 74)!
#APP: Come get some app!m3(44)!
17, 22, 251, 130, 155, 47, 210, 162, 136, 56, 54, 90, 181, 167,
9, 151, 89, 91, 65, 160, 114, 28, 240, 55, 44, 166, 196, 116,
#CLI: Ooh, I needed that app?m3(44)!
#CLI: We meet again, Doctor Jones!
#CLI: Come get some app!m1(44, 181, 150, 254, 220)!
4, 184, 205, 150, 28, 220, 143, 254, 181, 239, 48, 22, 44, 118,
#CLI: Come get some app!m2(44, 181, 150)!
6, 213, 181, 33, 44, 97, 192, 239, 98, 28, 150, 9, 207, 225,
#APP: Ooh, I needed that app?m1(44, 181, 150, 254, 220)!
#APP: Ooh, I needed that app?m2(44, 181, 150)!
#APP: Come get some app!m3(44)!
14, 136, 92, 147, 139, 26, 245, 139, 117, 60, 116, 68, 44, 95,
9, 237, 54, 224, 247, 137, 182, 156, 50, 212, 44, 239, 173, 116,
#CLI: Ooh, I needed that app?m3(44)!
#CLI: We meet again, Doctor Jones!
#CLI: Come get some app!m1(44, 181, 111, 107, 70)!
-1, 44, 111, 245, 51, 186, 181, 135, 25, 107, 246, 70, 22, 57,
#CLI: Come get some app!m2(44, 181, 111)!
1, 89, 152, 111, 114, 73, 145, 90, 225, 63, 186, 181, 27, 44,
#APP: Ooh, I needed that app?m1(44, 181, 111, 107, 70)!
#APP: Ooh, I needed that app?m2(44, 181, 111)!
#APP: Come get some app!m3(44)!
14, 175, 133, 6, 109, 41, 4, 94, 55, 214, 148, 124, 25, 213,
9, 107, 171, 148, 247, 218, 53, 104, 212, 104, 44, 47, 110, 53,
#CLI: Ooh, I needed that app?m3(44)!
#CLI: We meet again, Doctor Jones!
#CLI: Come get some app!m1(44, 181, 203, 195, 248)!
3, 162, 44, 203, 170, 181, 248, 71, 112, 195, 56, 150, 187, 25,
#CLI: Come get some app!m2(44, 181, 203)!
6, 61, 181, 180, 44, 57, 79, 64, 38, 135, 203, 89, 118, 103,
#APP: Ooh, I needed that app?m1(44, 181, 203, 195, 248)!
#APP: Ooh, I needed that app?m2(44, 181, 203)!
#APP: Come get some app!m3(44)!
17, 116, 56, 161, 126, 237, 6, 62, 87, 187, 135, 199, 162, 85,
9, 82, 23, 143, 42, 144, 31, 223, 143, 244, 44, 144, 155, 120,
#CLI: Ooh, I needed that app?m3(44)!
#CLI: We meet again, Doctor Jones!
#CLI: Come get some app!m1(44, 181, 173, 249, 156)!
3, 81, 44, 173, 185, 181, 156, 110, 31, 249, 196, 135, 237, 119,
#CLI: Come get some app!m2(44, 181, 173)!
2, 57, 205, 44, 97, 251, 172, 61, 211, 23, 215, 181, 118, 173,
#APP: Ooh, I needed that app?m1(44, 181, 173, 249, 156)!
#APP: Ooh, I needed that app?m2(44, 181, 173)!
#APP: Come get some app!m3(44)!
10, 9, 244, 93, 107, 198, 127, 147, 194, 44, 203, 106, 182, 44,
11, 0, 67, 215, 38, 224, 33, 97, 68, 110, 114, 74, 51, 61,
#CLI: Ooh, I needed that app?m3(44)!
#CLI: We meet again, Doctor Jones!
#CLI: Come get some app!m1(44, 181, 109, 73, 27)!
7, 168, 51, 44, 73, 97, 27, 56, 113, 154, 109, 196, 210, 181,
#CLI: Come get some app!m2(44, 181, 109)!
2, 125, 109, 44, 241, 22, 144, 193, 104, 173, 29, 181, 173, 109,
#APP: Ooh, I needed that app?m1(44, 181, 109, 73, 27)!
#APP: Ooh, I needed that app?m2(44, 181, 109)!
#APP: Come get some app!m3(44)!
17, 155, 34, 160, 33, 183, 50, 213, 146, 114, 89, 246, 186, 131,
9, 165, 243, 249, 220, 74, 195, 188, 98, 49, 44, 214, 190, 200,
#CLI: Ooh, I needed that app?m3(44)!
#CLI: We meet again, Doctor Jones!
#CLI: Come get some app!m1(44, 181, 109, 9, 56)!
3, 43, 44, 109, 92, 181, 56, 64, 67, 9, 96, 200, 100, 132,
#CLI: Come get some app!m2(44, 181, 109)!
6, 236, 181, 8, 44, 93, 226, 243, 56, 137, 109, 135, 172, 237,
#APP: Ooh, I needed that app?m1(44, 181, 109, 9, 56)!
#APP: Ooh, I needed that app?m2(44, 181, 109)!
#APP: Come get some app!m3(44)!
10, 65, 45, 51, 10, 171, 31, 86, 254, 161, 94, 113, 227, 44,
11, 177, 236, 153, 79, 45, 220, 21, 229, 152, 82, 195, 34, 57,
#CLI: Ooh, I needed that app?m3(44)!
#CLI: We meet again, Doctor Jones!
#CLI: Come get some app!m1(44, 181, 13, 205, 104)!
3, 81, 44, 13, 188, 181, 104, 11, 35, 205, 99, 149, 97, 143,
#CLI: Come get some app!m2(44, 181, 13)!
1, 190, 240, 13, 186, 29, 249, 86, 203, 131, 25, 181, 117, 44,
#APP: Ooh, I needed that app?m1(44, 181, 13, 205, 104)!
#APP: Ooh, I needed that app?m2(44, 181, 13)!
#APP: Come get some app!m3(44)!
15, 44, 255, 107, 102, 132, 19, 90, 6, 166, 31, 184, 181, 238,
11, 130, 225, 250, 196, 45, 194, 207, 65, 105, 39, 244, 48, 108,
#CLI: Ooh, I needed that app?m3(44)!
#CLI: We meet again, Doctor Jones!
#CLI: Come get some app!m1(44, 181, 6, 5, 46)!
7, 115, 120, 44, 5, 73, 46, 252, 59, 85, 6, 81, 4, 181,
#CLI: Come get some app!m2(44, 181, 6)!
6, 116, 181, 77, 44, 62, 111, 118, 135, 230, 6, 48, 14, 112,
#APP: Ooh, I needed that app?m1(44, 181, 6, 5, 46)!
#APP: Ooh, I needed that app?m2(44, 181, 6)!
#APP: Come get some app!m3(44)!
14, 167, 98, 119, 115, 22, 254, 28, 54, 236, 151, 85, 119, 215,
9, 90, 93, 112, 5, 169, 158, 179, 116, 98, 44, 236, 236, 47,
#CLI: Ooh, I needed that app?m3(44)!
#CLI: We meet again, Doctor Jones!
#CLI: Come get some app!m1(44, 181, 204, 217, 46)!
-1, 44, 204, 140, 22, 17, 181, 133, 206, 217, 106, 46, 156, 233,
#CLI: Come get some app!m2(44, 181, 204)!
6, 120, 181, 126, 44, 219, 82, 19, 25, 187, 204, 181, 87, 185,
#APP: Ooh, I needed that app?m1(44, 181, 204, 217, 46)!
#APP: Ooh, I needed that app?m2(44, 181, 204)!
#APP: Come get some app!m3(44)!
14, 71, 142, 34, 26, 170, 252, 249, 77, 248, 197, 165, 195, 105,
9, 17, 197, 30, 115, 89, 224, 200, 128, 139, 44, 4, 244, 26,
#CLI: Ooh, I needed that app?m3(44)!
#CLI: We meet again, Doctor Jones!
#CLI: Come get some app!m1(44, 181, 90, 210, 145)!
4, 58, 23, 90, 87, 145, 110, 210, 181, 121, 83, 121, 44, 117,
#CLI: Come get some app!m2(44, 181, 90)!
2, 242, 208, 44, 213, 14, 92, 32, 141, 242, 156, 181, 174, 90,
#APP: Ooh, I needed that app?m1(44, 181, 90, 210, 145)!
#APP: Ooh, I needed that app?m2(44, 181, 90)!
#APP: Come get some app!m3(44)!
14, 201, 69, 163, 202, 116, 220, 106, 235, 7, 44, 87, 156, 209,
9, 169, 62, 31, 200, 16, 101, 248, 60, 54, 44, 247, 148, 169,
#CLI: Ooh, I needed that app?m3(44)!
#CLI: We meet again, Doctor Jones!
#CLI: Come get some app!m1(44, 181, 182, 148, 106)!
4, 191, 220, 182, 192, 106, 62, 148, 181, 238, 234, 76, 44, 227,
#CLI: Come get some app!m2(44, 181, 182)!
1, 241, 185, 182, 102, 119, 218, 156, 116, 183, 232, 181, 252, 44,
#APP: Ooh, I needed that app?m1(44, 181, 182, 148, 106)!
#APP: Ooh, I needed that app?m2(44, 181, 182)!
#APP: Come get some app!m3(44)!
17, 129, 223, 174, 142, 124, 223, 221, 23, 138, 159, 238, 4, 3,
9, 75, 23, 110, 29, 219, 31, 185, 117, 66, 44, 14, 183, 92,
#CLI: Ooh, I needed that app?m3(44)!
#CLI: We meet again, Doctor Jones!
#CLI: Come get some app!m1(44, 181, 92, 55, 111)!
7, 118, 40, 44, 55, 234, 111, 79, 151, 117, 92, 242, 117, 181,
#CLI: Come get some app!m2(44, 181, 92)!
6, 139, 181, 118, 44, 152, 157, 83, 100, 167, 92, 74, 21, 235,
#APP: Ooh, I needed that app?m1(44, 181, 92, 55, 111)!
#APP: Ooh, I needed that app?m2(44, 181, 92)!
#APP: Come get some app!m3(44)!
17, 72, 110, 40, 191, 195, 63, 182, 167, 124, 109, 15, 182, 213,
9, 214, 0, 36, 128, 71, 186, 42, 201, 173, 44, 0, 221, 103,
#CLI: Ooh, I needed that app?m3(44)!
#CLI: We meet again, Doctor Jones!
#CLI: Come get some app!m1(44, 181, 12, 191, 193)!
-1, 44, 12, 255, 57, 63, 181, 138, 147, 191, 188, 193, 31, 131,
#CLI: Come get some app!m2(44, 181, 12)!
6, 137, 181, 84, 44, 142, 65, 33, 176, 41, 12, 87, 70, 87,
#APP: Ooh, I needed that app?m1(44, 181, 12, 191, 193)!
#APP: Ooh, I needed that app?m2(44, 181, 12)!
#APP: Come get some app!m3(44)!
17, 181, 165, 50, 255, 52, 231, 135, 235, 143, 208, 140, 254, 85,
9, 48, 132, 110, 77, 63, 170, 104, 16, 1, 44, 219, 247, 82,
#CLI: Ooh, I needed that app?m3(44)!
#CLI: We meet again, Doctor Jones!
#CLI: Come get some app!m1(44, 181, 113, 43, 188)!
3, 225, 44, 113, 168, 181, 188, 145, 71, 43, 237, 82, 115, 19,
#CLI: Come get some app!m2(44, 181, 113)!
6, 137, 181, 147, 44, 63, 8, 82, 75, 67, 113, 182, 212, 159,
#APP: Ooh, I needed that app?m1(44, 181, 113, 43, 188)!
#APP: Ooh, I needed that app?m2(44, 181, 113)!
#APP: Come get some app!m3(44)!
17, 183, 20, 134, 196, 50, 228, 6, 165, 137, 197, 84, 166, 90,
9, 47, 101, 50, 71, 231, 240, 237, 20, 44, 44, 46, 82, 137,
#CLI: Ooh, I needed that app?m3(44)!
#CLI: We meet again, Doctor Jones!
#CLI: Come get some app!m1(44, 181, 134, 160, 237)!
7, 222, 80, 44, 160, 249, 237, 177, 22, 13, 134, 113, 49, 181,
#CLI: Come get some app!m2(44, 181, 134)!
6, 3, 181, 248, 44, 235, 126, 36, 169, 11, 134, 14, 25, 9,
#APP: Ooh, I needed that app?m1(44, 181, 134, 160, 237)!
#APP: Ooh, I needed that app?m2(44, 181, 134)!
#APP: Come get some app!m3(44)!
10, 149, 254, 205, 109, 123, 181, 29, 191, 131, 178, 101, 154, 44,
11, 199, 84, 174, 125, 230, 27, 246, 38, 66, 213, 160, 45, 226,
#CLI: Ooh, I needed that app?m3(44)!
#CLI: We meet again, Doctor Jones!
#CLI: Come get some app!m1(44, 181, 186, 38, 19)!
4, 44, 88, 186, 23, 19, 62, 38, 181, 115, 200, 120, 44, 3,
#CLI: Come get some app!m2(44, 181, 186)!
6, 154, 181, 29, 44, 53, 83, 174, 76, 32, 186, 104, 222, 184,
#APP: Ooh, I needed that app?m1(44, 181, 186, 38, 19)!
#APP: Ooh, I needed that app?m2(44, 181, 186)!
#APP: Come get some app!m3(44)!
17, 234, 38, 21, 68, 201, 11, 136, 175, 66, 165, 108, 131, 166,
9, 28, 227, 201, 42, 67, 159, 49, 120, 82, 44, 58, 179, 72,
#CLI: Ooh, I needed that app?m3(44)!
#CLI: We meet again, Doctor Jones!
#CLI: Come get some app!m1(44, 181, 28, 122, 18)!
-1, 44, 28, 240, 91, 24, 181, 127, 201, 122, 116, 18, 102, 86,
#CLI: Come get some app!m2(44, 181, 28)!
6, 118, 181, 202, 44, 21, 126, 18, 115, 63, 28, 133, 44, 252,
#APP: Ooh, I needed that app?m1(44, 181, 28, 122, 18)!
#APP: Ooh, I needed that app?m2(44, 181, 28)!
#APP: Come get some app!m3(44)!
15, 44, 44, 229, 60, 83, 250, 87, 228, 57, 226, 73, 195, 253,
11, 243, 1, 8, 216, 51, 187, 56, 177, 66, 66, 39, 31, 195,
#CLI: Ooh, I needed that app?m3(44)!
#CLI: We meet again, Doctor Jones!
#CLI: Come get some app!m1(44, 181, 156, 24, 167)!
4, 142, 105, 156, 186, 167, 215, 24, 181, 87, 82, 121, 44, 110,
#CLI: Come get some app!m2(44, 181, 156)!
2, 136, 137, 44, 72, 85, 246, 222, 5, 60, 5, 181, 88, 156,
#APP: Ooh, I needed that app?m1(44, 181, 156, 24, 167)!
#APP: Ooh, I needed that app?m2(44, 181, 156)!
#APP: Come get some app!m3(44)!
17, 179, 123, 12, 197, 205, 30, 76, 216, 100, 145, 151, 238, 20,
9, 193, 98, 114, 161, 66, 132, 124, 230, 210, 44, 248, 25, 209,
#CLI: Ooh, I needed that app?m3(44)!
#CLI: We meet again, Doctor Jones!
#CLI: Come get some app!m1(44, 181, 220, 160, 59)!
7, 155, 139, 44, 160, 95, 59, 177, 174, 117, 220, 163, 213, 181,
#CLI: Come get some app!m2(44, 181, 220)!
1, 164, 11, 220, 14, 58, 25, 20, 142, 209, 22, 181, 114, 44,
#APP: Ooh, I needed that app?m1(44, 181, 220, 160, 59)!
#APP: Ooh, I needed that app?m2(44, 181, 220)!
#APP: Come get some app!m3(44)!
14, 191, 7, 8, 127, 57, 226, 146, 203, 97, 215, 148, 71, 35,
9, 134, 215, 217, 76, 76, 17, 33, 102, 88, 44, 95, 80, 218,
#CLI: Ooh, I needed that app?m3(44)!
#CLI: We meet again, Doctor Jones!
#CLI: Come get some app!m1(44, 181, 177, 91, 47)!
3, 12, 44, 177, 54, 181, 47, 194, 194, 91, 91, 229, 56, 118,
#CLI: Come get some app!m2(44, 181, 177)!
6, 211, 181, 18, 44, 250, 197, 148, 149, 120, 177, 96, 181, 92,
#APP: Ooh, I needed that app?m1(44, 181, 177, 91, 47)!
#APP: Ooh, I needed that app?m2(44, 181, 177)!
#APP: Come get some app!m3(44)!
14, 147, 83, 173, 144, 176, 121, 213, 107, 205, 72, 244, 225, 211,
9, 30, 57, 236, 17, 94, 227, 26, 18, 241, 44, 7, 116, 85,
#CLI: Ooh, I needed that app?m3(44)!
#CLI: We meet again, Doctor Jones!
#CLI: Come get some app!m1(44, 181, 206, 200, 235)!
3, 227, 44, 206, 202, 181, 235, 221, 165, 200, 170, 23, 107, 215,
#CLI: Come get some app!m2(44, 181, 206)!
2, 121, 48, 44, 82, 44, 158, 145, 190, 166, 145, 181, 109, 206,
#APP: Ooh, I needed that app?m1(44, 181, 206, 200, 235)!
#APP: Ooh, I needed that app?m2(44, 181, 206)!
#APP: Come get some app!m3(44)!
17, 139, 37, 24, 47, 115, 152, 136, 78, 145, 237, 116, 142, 68,
9, 230, 120, 53, 195, 197, 84, 251, 109, 114, 44, 194, 0, 140,
#CLI: Ooh, I needed that app?m3(44)!
#CLI: We meet again, Doctor Jones!
#CLI: Come get some app!m1(44, 181, 108, 196, 241)!
3, 25, 44, 108, 36, 181, 241, 226, 207, 196, 104, 4, 126, 88,
#CLI: Come get some app!m2(44, 181, 108)!
6, 173, 181, 184, 44, 235, 163, 132, 9, 95, 108, 215, 206, 4,
#APP: Ooh, I needed that app?m1(44, 181, 108, 196, 241)!
#APP: Ooh, I needed that app?m2(44, 181, 108)!
#APP: Come get some app!m3(44)!
14, 196, 157, 53, 21, 121, 31, 183, 199, 243, 28, 61, 179, 170,
9, 58, 17, 53, 188, 64, 189, 143, 129, 238, 44, 102, 232, 110,
#CLI: Ooh, I needed that app?m3(44)!
#CLI: We meet again, Doctor Jones!
#CLI: Come get some app!m1(44, 181, 249, 255, 54)!
3, 13, 44, 249, 73, 181, 54, 42, 217, 255, 212, 36, 73, 224,
#CLI: Come get some app!m2(44, 181, 249)!
6, 66, 181, 13, 44, 92, 35, 16, 22, 111, 249, 48, 179, 48,
#APP: Ooh, I needed that app?m1(44, 181, 249, 255, 54)!
#APP: Ooh, I needed that app?m2(44, 181, 249)!
#APP: Come get some app!m3(44)!
10, 108, 47, 133, 87, 153, 53, 120, 208, 236, 222, 225, 59, 44,
11, 40, 163, 227, 136, 245, 8, 12, 223, 12, 85, 21, 202, 179,
#CLI: Ooh, I needed that app?m3(44)!
#CLI: We meet again, Doctor Jones!
#CLI: Come get some app!m1(44, 181, 227, 36, 214)!
7, 38, 174, 44, 36, 68, 214, 78, 120, 148, 227, 205, 77, 181,
#CLI: Come get some app!m2(44, 181, 227)!
6, 62, 181, 177, 44, 224, 224, 231, 17, 134, 227, 140, 215, 157,
#APP: Ooh, I needed that app?m1(44, 181, 227, 36, 214)!
#APP: Ooh, I needed that app?m2(44, 181, 227)!
#APP: Come get some app!m3(44)!
14, 177, 56, 89, 46, 227, 82, 98, 135, 63, 191, 77, 59, 53,
9, 223, 244, 198, 103, 135, 30, 245, 105, 169, 44, 127, 59, 75,
#CLI: Ooh, I needed that app?m3(44)!
#CLI: We meet again, Doctor Jones!
#CLI: Come get some app!m1(44, 181, 123, 66, 226)!
4, 236, 87, 123, 37, 226, 137, 66, 181, 36, 124, 242, 44, 35,
#CLI: Come get some app!m2(44, 181, 123)!
6, 9, 181, 39, 44, 62, 131, 73, 164, 0, 123, 239, 31, 146,
#APP: Ooh, I needed that app?m1(44, 181, 123, 66, 226)!
#APP: Ooh, I needed that app?m2(44, 181, 123)!
#APP: Come get some app!m3(44)!
17, 85, 180, 153, 151, 198, 199, 235, 111, 27, 25, 82, 122, 96,
9, 192, 231, 14, 27, 144, 140, 87, 222, 126, 44, 209, 83, 116,
#CLI: Ooh, I needed that app?m3(44)!
#CLI: We meet again, Doctor Jones!
#CLI: Come get some app!m1(44, 181, 219, 188, 72)!
3, 110, 44, 219, 157, 181, 72, 83, 70, 188, 184, 234, 231, 56,
#CLI: Come get some app!m2(44, 181, 219)!
6, 42, 181, 18, 44, 146, 128, 236, 151, 246, 219, 32, 91, 122,
#APP: Ooh, I needed that app?m1(44, 181, 219, 188, 72)!
#APP: Ooh, I needed that app?m2(44, 181, 219)!
#APP: Come get some app!m3(44)!
17, 1, 206, 199, 29, 159, 78, 1, 38, 74, 159, 75, 87, 156,
9, 17, 145, 112, 244, 11, 73, 228, 200, 212, 44, 110, 247, 219,
#CLI: Ooh, I needed that app?m3(44)!
#CLI: We meet again, Doctor Jones!
#CLI: Come get some app!m1(44, 181, 7, 131, 145)!
3, 119, 44, 7, 47, 181, 145, 55, 214, 131, 231, 214, 214, 236,
#CLI: Come get some app!m2(44, 181, 7)!
2, 55, 56, 44, 184, 106, 189, 61, 251, 77, 189, 181, 96, 7,
#APP: Ooh, I needed that app?m1(44, 181, 7, 131, 145)!
#APP: Ooh, I needed that app?m2(44, 181, 7)!
#APP: Come get some app!m3(44)!
17, 102, 161, 36, 217, 79, 35, 156, 111, 77, 56, 138, 3, 24,
9, 194, 197, 119, 184, 233, 223, 48, 106, 225, 44, 249, 236, 250,
#CLI: Ooh, I needed that app?m3(44)!
#CLI: We meet again, Doctor Jones!
#CLI: Come get some app!m1(44, 181, 164, 159, 105)!
4, 181, 102, 164, 85, 105, 32, 159, 181, 51, 50, 213, 44, 54,
#CLI: Come get some app!m2(44, 181, 164)!
2, 110, 99, 44, 93, 9, 17, 56, 10, 183, 121, 181, 130, 164,
#APP: Ooh, I needed that app?m1(44, 181, 164, 159, 105)!
#APP: Ooh, I needed that app?m2(44, 181, 164)!
#APP: Come get some app!m3(44)!
17, 107, 243, 155, 158, 4, 140, 47, 252, 54, 117, 207, 243, 232,
9, 104, 144, 138, 114, 88, 11, 83, 117, 250, 44, 230, 110, 199,
#CLI: Ooh, I needed that app?m3(44)!
#CLI: We meet again, Doctor Jones!
#CLI: Come get some app!m1(44, 181, 78, 14, 210)!
-1, 44, 78, 214, 124, 183, 181, 171, 255, 14, 115, 210, 163, 94,
#CLI: Come get some app!m2(44, 181, 78)!
6, 199, 181, 8, 44, 121, 246, 188, 80, 200, 78, 250, 26, 110,
#APP: Ooh, I needed that app?m1(44, 181, 78, 14, 210)!
#APP: Ooh, I needed that app?m2(44, 181, 78)!
#APP: Come get some app!m3(44)!
17, 14, 214, 211, 160, 225, 228, 160, 86, 132, 234, 118, 10, 31,
9, 117, 73, 230, 200, 90, 57, 210, 155, 109, 44, 52, 229, 85,
#CLI: Ooh, I needed that app?m3(44)!
#CLI: We meet again, Doctor Jones!
#CLI: Come get some app!m1(44, 181, 223, 53, 191)!
-1, 44, 223, 138, 51, 116, 181, 11, 6, 53, 196, 191, 108, 94,
#CLI: Come get some app!m2(44, 181, 223)!
6, 143, 181, 201, 44, 42, 188, 246, 24, 21, 223, 126, 75, 180,
#APP: Ooh, I needed that app?m1(44, 181, 223, 53, 191)!
#APP: Ooh, I needed that app?m2(44, 181, 223)!
#APP: Come get some app!m3(44)!
10, 249, 131, 232, 164, 83, 29, 192, 253, 173, 24, 224, 66, 44,
11, 174, 100, 253, 0, 68, 189, 18, 53, 168, 98, 85, 169, 226,
#CLI: Ooh, I needed that app?m3(44)!
#CLI: We meet again, Doctor Jones!
#CLI: Come get some app!m1(44, 181, 108, 108, 204)!
3, 120, 44, 108, 76, 181, 204, 50, 96, 108, 113, 83, 140, 91,
#CLI: Come get some app!m2(44, 181, 108)!
6, 12, 181, 120, 44, 221, 96, 28, 157, 165, 108, 131, 17, 218,
#APP: Ooh, I needed that app?m1(44, 181, 108, 108, 204)!
#APP: Ooh, I needed that app?m2(44, 181, 108)!
#APP: Come get some app!m3(44)!
8, 52, 189, 206, 63, 193, 25, 22, 218, 10, 187, 106, 51, 201,
9, 13, 155, 192, 231, 9, 84, 246, 66, 234, 44, 209, 161, 220,
#CLI: Ooh, I needed that app?m3(44)!
#CLI: We meet again, Doctor Jones!
#CLI: Come get some app!m1(44, 181, 84, 159, 9)!
3, 97, 44, 84, 23, 181, 9, 183, 22, 159, 16, 221, 220, 130,
#CLI: Come get some app!m2(44, 181, 84)!
6, 4, 181, 227, 44, 101, 151, 236, 106, 153, 84, 26, 183, 12,
#APP: Ooh, I needed that app?m1(44, 181, 84, 159, 9)!
#APP: Ooh, I needed that app?m2(44, 181, 84)!
#APP: Come get some app!m3(44)!
17, 142, 139, 131, 49, 238, 210, 173, 216, 226, 253, 208, 182, 188,
9, 31, 253, 252, 244, 42, 214, 210, 185, 145, 44, 76, 73, 97,
#CLI: Ooh, I needed that app?m3(44)!
#CLI: We meet again, Doctor Jones!
#CLI: Come get some app!m1(44, 181, 100, 40, 27)!
3, 41, 44, 100, 1, 181, 27, 214, 72, 40, 202, 210, 10, 75,
#CLI: Come get some app!m2(44, 181, 100)!
6, 23, 181, 167, 44, 180, 179, 214, 139, 32, 100, 146, 14, 145,
#APP: Ooh, I needed that app?m1(44, 181, 100, 40, 27)!
#APP: Ooh, I needed that app?m2(44, 181, 100)!
#APP: Come get some app!m3(44)!
17, 201, 253, 181, 197, 208, 194, 253, 164, 155, 188, 181, 161, 177,
9, 136, 36, 74, 253, 18, 40, 50, 19, 179, 44, 41, 17, 79,
#CLI: Ooh, I needed that app?m3(44)!
#CLI: We meet again, Doctor Jones!
#CLI: Come get some app!m1(44, 181, 78, 129, 220)!
4, 89, 227, 78, 94, 220, 63, 129, 181, 126, 26, 40, 44, 6,
#CLI: Come get some app!m2(44, 181, 78)!
2, 129, 149, 44, 189, 244, 96, 63, 68, 132, 177, 181, 96, 78,
#APP: Ooh, I needed that app?m1(44, 181, 78, 129, 220)!
#APP: Ooh, I needed that app?m2(44, 181, 78)!
#APP: Come get some app!m3(44)!
10, 211, 22, 210, 215, 103, 147, 194, 32, 10, 138, 240, 122, 44,
11, 248, 0, 229, 228, 235, 214, 165, 221, 19, 10, 233, 91, 36,
#CLI: Ooh, I needed that app?m3(44)!
#CLI: We meet again, Doctor Jones!
#CLI: Come get some app!m1(44, 181, 185, 144, 72)!
4, 227, 215, 185, 19, 72, 203, 144, 181, 10, 23, 55, 44, 39,
#CLI: Come get some app!m2(44, 181, 185)!
6, 198, 181, 88, 44, 74, 39, 83, 24, 214, 185, 158, 235, 90,
#APP: Ooh, I needed that app?m1(44, 181, 185, 144, 72)!
#APP: Ooh, I needed that app?m2(44, 181, 185)!
#APP: Come get some app!m3(44)!
14, 136, 255, 62, 118, 36, 109, 6, 175, 136, 155, 163, 173, 133,
9, 91, 162, 14, 131, 65, 35, 62, 101, 236, 44, 101, 100, 217,
#CLI: Ooh, I needed that app?m3(44)!
#CLI: We meet again, Doctor Jones!
#CLI: Come get some app!m1(44, 181, 88, 135, 117)!
7, 205, 72, 44, 135, 41, 117, 65, 18, 240, 88, 23, 102, 181,
#CLI: Come get some app!m2(44, 181, 88)!
6, 5, 181, 242, 44, 221, 0, 185, 27, 40, 88, 174, 18, 99,
#APP: Ooh, I needed that app?m1(44, 181, 88, 135, 117)!
#APP: Ooh, I needed that app?m2(44, 181, 88)!
#APP: Come get some app!m3(44)!
17, 11, 132, 228, 68, 194, 110, 45, 152, 183, 144, 14, 56, 140,
9, 10, 237, 90, 100, 214, 213, 1, 152, 64, 44, 182, 70, 130,
#CLI: Ooh, I needed that app?m3(44)!
#CLI: We meet again, Doctor Jones!
#CLI: Come get some app!m1(44, 181, 52, 122, 157)!
-1, 44, 52, 72, 36, 109, 181, 44, 57, 122, 200, 157, 112, 126,
#CLI: Come get some app!m2(44, 181, 52)!
2, 233, 127, 44, 230, 116, 165, 112, 94, 4, 2, 181, 205, 52,
#APP: Ooh, I needed that app?m1(44, 181, 52, 122, 157)!
#APP: Ooh, I needed that app?m2(44, 181, 52)!
#APP: Come get some app!m3(44)!
17, 133, 180, 101, 28, 35, 89, 62, 175, 178, 169, 92, 216, 195,
9, 73, 94, 86, 1, 75, 33, 121, 245, 211, 44, 164, 74, 203,
#CLI: Ooh, I needed that app?m3(44)!
#CLI: We meet again, Doctor Jones!
#CLI: Come get some app!m1(44, 181, 44, 252, 239)!
3, 118, 44, 44, 142, 181, 239, 174, 245, 252, 97, 99, 117, 168,
#CLI: Come get some app!m2(44, 181, 44)!
2, 255, 2, 44, 115, 105, 177, 102, 60, 195, 111, 181, 110, 44,
#APP: Ooh, I needed that app?m1(44, 181, 44, 252, 239)!
#APP: Ooh, I needed that app?m2(44, 181, 44)!
#APP: Come get some app!m3(44)!
17, 131, 69, 199, 88, 210, 210, 207, 111, 0, 121, 121, 63, 1,
9, 200, 252, 222, 212, 105, 93, 198, 2, 251, 44, 120, 12, 206,
#CLI: Ooh, I needed that app?m3(44)!
#CLI: We meet again, Doctor Jones!
#CLI: Come get some app!m1(44, 181, 77, 17, 197)!
4, 230, 221, 77, 42, 197, 103, 17, 181, 2, 44, 126, 44, 229,
#CLI: Come get some app!m2(44, 181, 77)!
2, 160, 215, 44, 179, 103, 227, 110, 50, 93, 244, 181, 248, 77,
#APP: Ooh, I needed that app?m1(44, 181, 77, 17, 197)!
#APP: Ooh, I needed that app?m2(44, 181, 77)!
#APP: Come get some app!m3(44)!
14, 222, 35, 24, 114, 16, 59, 125, 139, 222, 5, 253, 240, 126,
9, 5, 98, 58, 180, 246, 201, 9, 78, 90, 44, 222, 212, 140,
#CLI: Ooh, I needed that app?m3(44)!
#CLI: We meet again, Doctor Jones!
#CLI: Come get some app!m1(44, 181, 149, 199, 94)!
-1, 44, 149, 217, 55, 186, 181, 122, 253, 199, 29, 94, 118, 206,
#CLI: Come get some app!m2(44, 181, 149)!
1, 163, 21, 149, 253, 169, 175, 82, 231, 121, 103, 181, 132, 44,
#APP: Ooh, I needed that app?m1(44, 181, 149, 199, 94)!
#APP: Ooh, I needed that app?m2(44, 181, 149)!
#APP: Come get some app!m3(44)!
14, 110, 80, 33, 22, 195, 98, 157, 161, 34, 180, 206, 151, 69,
9, 51, 220, 162, 148, 113, 122, 206, 160, 89, 44, 95, 243, 233,
#CLI: Ooh, I needed that app?m3(44)!
#CLI: We meet again, Doctor Jones!
#CLI: Come get some app!m1(44, 181, 81, 239, 15)!
7, 209, 205, 44, 239, 228, 15, 227, 11, 55, 81, 64, 179, 181,
#CLI: Come get some app!m2(44, 181, 81)!
2, 209, 247, 44, 166, 75, 29, 186, 179, 32, 24, 181, 38, 81,
#APP: Ooh, I needed that app?m1(44, 181, 81, 239, 15)!
#APP: Ooh, I needed that app?m2(44, 181, 81)!
#APP: Come get some app!m3(44)!
14, 236, 2, 56, 13, 83, 124, 218, 214, 188, 87, 117, 10, 227,
9, 249, 10, 91, 192, 45, 148, 166, 74, 160, 44, 128, 221, 128,
#CLI: Ooh, I needed that app?m3(44)!
#CLI: We meet again, Doctor Jones!
#CLI: Come get some app!m1(44, 181, 148, 12, 109)!
7, 163, 138, 44, 12, 31, 109, 7, 39, 220, 148, 232, 13, 181,
#CLI: Come get some app!m2(44, 181, 148)!
2, 167, 81, 44, 30, 100, 33, 221, 189, 75, 206, 181, 161, 148,
#APP: Ooh, I needed that app?m1(44, 181, 148, 12, 109)!
#APP: Ooh, I needed that app?m2(44, 181, 148)!
#APP: Come get some app!m3(44)!
17, 212, 186, 119, 107, 103, 218, 214, 142, 49, 38, 11, 173, 31,
9, 235, 131, 114, 158, 178, 66, 222, 123, 130, 44, 225, 158, 90,
#CLI: Ooh, I needed that app?m3(44)!
#CLI: We meet again, Doctor Jones!
#CLI: Come get some app!m1(44, 181, 128, 126, 173)!
-1, 44, 128, 139, 139, 44, 181, 148, 107, 126, 205, 173, 176, 142,
#CLI: Come get some app!m2(44, 181, 128)!
6, 115, 181, 210, 44, 14, 55, 46, 195, 70, 128, 98, 77, 70,
#APP: Ooh, I needed that app?m1(44, 181, 128, 126, 173)!
#APP: Ooh, I needed that app?m2(44, 181, 128)!
#APP: Come get some app!m3(44)!
17, 57, 216, 44, 197, 86, 72, 193, 62, 0, 225, 50, 69, 119,
9, 143, 162, 193, 13, 148, 170, 117, 182, 196, 44, 135, 165, 111,
#CLI: Ooh, I needed that app?m3(44)!
#CLI: We meet again, Doctor Jones!
#CLI: Come get some app!m1(44, 181, 199, 228, 150)!
4, 219, 18, 199, 110, 150, 253, 228, 181, 44, 54, 163, 44, 78,
#CLI: Come get some app!m2(44, 181, 199)!
1, 81, 25, 199, 38, 245, 90, 70, 223, 50, 172, 181, 239, 44,
#APP: Ooh, I needed that app?m1(44, 181, 199, 228, 150)!
#APP: Ooh, I needed that app?m2(44, 181, 199)!
#APP: Come get some app!m3(44)!
17, 40, 32, 23, 59, 120, 194, 61, 117, 86, 24, 89, 204, 253,
9, 101, 147, 136, 188, 139, 52, 207, 228, 248, 44, 190, 229, 115,
#CLI: Ooh, I needed that app?m3(44)!
#CLI: We meet again, Doctor Jones!
#CLI: Come get some app!m1(44, 181, 120, 40, 143)!
7, 78, 86, 44, 40, 71, 143, 51, 208, 98, 120, 240, 102, 181,
#CLI: Come get some app!m2(44, 181, 120)!
6, 211, 181, 19, 44, 52, 79, 202, 203, 251, 120, 131, 131, 97,
#APP: Ooh, I needed that app?m1(44, 181, 120, 40, 143)!
#APP: Ooh, I needed that app?m2(44, 181, 120)!
#APP: Come get some app!m3(44)!
17, 85, 93, 96, 78, 15, 146, 153, 64, 115, 169, 110, 178, 191,
9, 248, 242, 196, 116, 228, 54, 168, 101, 133, 44, 9, 21, 146,
#CLI: Ooh, I needed that app?m3(44)!
#CLI: We meet again, Doctor Jones!
#CLI: Come get some app!m1(44, 181, 91, 195, 103)!
7, 186, 51, 44, 195, 195, 103, 229, 134, 162, 91, 12, 145, 181,
#CLI: Come get some app!m2(44, 181, 91)!
2, 125, 48, 44, 62, 50, 242, 179, 1, 249, 91, 181, 51, 91,
#APP: Ooh, I needed that app?m1(44, 181, 91, 195, 103)!
#APP: Ooh, I needed that app?m2(44, 181, 91)!
#APP: Come get some app!m3(44)!
10, 232, 115, 75, 157, 229, 60, 78, 181, 29, 41, 246, 240, 44,
11, 253, 137, 88, 183, 92, 107, 114, 206, 24, 178, 109, 172, 108,
#CLI: Ooh, I needed that app?m3(44)!
#CLI: We meet again, Doctor Jones!
#CLI: Come get some app!m1(44, 181, 233, 152, 229)!
4, 23, 92, 233, 81, 229, 65, 152, 181, 87, 190, 85, 44, 193,
#CLI: Come get some app!m2(44, 181, 233)!
6, 95, 181, 151, 44, 229, 168, 36, 110, 242, 233, 40, 4, 91,
#APP: Ooh, I needed that app?m1(44, 181, 233, 152, 229)!
#APP: Ooh, I needed that app?m2(44, 181, 233)!
#APP: Come get some app!m3(44)!
14, 82, 39, 202, 222, 17, 174, 213, 24, 221, 132, 119, 230, 176,
9, 204, 39, 196, 246, 219, 73, 127, 169, 63, 44, 118, 79, 174,
#CLI: Ooh, I needed that app?m3(44)!
#CLI: We meet again, Doctor Jones!
#CLI: Come get some app!m1(44, 181, 26, 125, 87)!
3, 118, 44, 26, 1, 181, 87, 62, 57, 125, 34, 249, 7, 215,
#CLI: Come get some app!m2(44, 181, 26)!
1, 246, 254, 26, 176, 208, 125, 162, 245, 134, 211, 181, 77, 44,
#APP: Ooh, I needed that app?m1(44, 181, 26, 125, 87)!
#APP: Ooh, I needed that app?m2(44, 181, 26)!
#APP: Come get some app!m3(44)!
17, 173, 162, 223, 54, 147, 37, 220, 210, 215, 149, 228, 229, 86,
9, 213, 231, 17, 131, 10, 74, 143, 119, 75, 44, 7, 78, 158,
#CLI: Ooh, I needed that app?m3(44)!
#CLI: We meet again, Doctor Jones!
#CLI: Come get some app!m1(44, 181, 154, 200, 183)!
-1, 44, 154, 148, 210, 3, 181, 99, 143, 200, 3, 183, 59, 18,
#CLI: Come get some app!m2(44, 181, 154)!
2, 147, 66, 44, 116, 33, 31, 232, 165, 84, 144, 181, 46, 154,
#APP: Ooh, I needed that app?m1(44, 181, 154, 200, 183)!
#APP: Ooh, I needed that app?m2(44, 181, 154)!
#APP: Come get some app!m3(44)!
15, 44, 144, 86, 143, 19, 226, 35, 207, 73, 22, 151, 218, 45,
11, 209, 82, 174, 92, 93, 71, 227, 153, 197, 59, 152, 15, 165,
#CLI: Ooh, I needed that app?m3(44)!
#CLI: We meet again, Doctor Jones!
#CLI: Come get some app!m1(44, 181, 152, 135, 254)!
-1, 44, 152, 77, 235, 163, 181, 181, 97, 135, 12, 254, 211, 139,
#CLI: Come get some app!m2(44, 181, 152)!
1, 45, 142, 152, 5, 141, 47, 105, 109, 248, 2, 181, 170, 44,
#APP: Ooh, I needed that app?m1(44, 181, 152, 135, 254)!
#APP: Ooh, I needed that app?m2(44, 181, 152)!
#APP: Come get some app!m3(44)!
17, 85, 251, 120, 76, 205, 177, 180, 11, 183, 208, 253, 85, 146,
9, 57, 41, 180, 220, 59, 106, 66, 181, 230, 44, 46, 184, 145,
#CLI: Ooh, I needed that app?m3(44)!
#CLI: We meet again, Doctor Jones!
#CLI: Come get some app!m1(44, 181, 55, 24, 245)!
4, 50, 239, 55, 231, 245, 149, 24, 181, 69, 171, 171, 44, 109,
#CLI: Come get some app!m2(44, 181, 55)!
6, 51, 181, 99, 44, 242, 183, 250, 152, 43, 55, 226, 17, 34,
#APP: Ooh, I needed that app?m1(44, 181, 55, 24, 245)!
#APP: Ooh, I needed that app?m2(44, 181, 55)!
#APP: Come get some app!m3(44)!
8, 13, 37, 17, 231, 18, 239, 248, 208, 228, 154, 19, 196, 26,
9, 209, 142, 129, 144, 90, 164, 142, 238, 229, 44, 71, 76, 175,
#CLI: Ooh, I needed that app?m3(44)!
#CLI: We meet again, Doctor Jones!
#CLI: Come get some app!m1(44, 181, 69, 35, 36)!
7, 227, 169, 44, 35, 43, 36, 214, 214, 216, 69, 156, 83, 181,
#CLI: Come get some app!m2(44, 181, 69)!
1, 67, 49, 69, 46, 229, 234, 191, 85, 84, 182, 181, 73, 44,
#APP: Ooh, I needed that app?m1(44, 181, 69, 35, 36)!
#APP: Ooh, I needed that app?m2(44, 181, 69)!
#APP: Come get some app!m3(44)!
14, 115, 139, 245, 54, 134, 133, 189, 103, 29, 61, 93, 195, 253,
9, 31, 195, 75, 4, 248, 68, 177, 76, 151, 44, 41, 150, 64,
#CLI: Ooh, I needed that app?m3(44)!
#CLI: We meet again, Doctor Jones!
#CLI: Come get some app!m1(44, 181, 91, 241, 71)!
7, 223, 123, 44, 241, 81, 71, 1, 100, 126, 91, 130, 252, 181,
#CLI: Come get some app!m2(44, 181, 91)!
1, 65, 73, 91, 204, 87, 28, 250, 17, 16, 8, 181, 169, 44,
#APP: Ooh, I needed that app?m1(44, 181, 91, 241, 71)!
#APP: Ooh, I needed that app?m2(44, 181, 91)!
#APP: Come get some app!m3(44)!
14, 35, 145, 101, 95, 58, 24, 110, 48, 107, 119, 116, 185, 127,
9, 153, 139, 16, 108, 224, 42, 76, 50, 215, 44, 29, 165, 43,
#CLI: Ooh, I needed that app?m3(44)!
#CLI: We meet again, Doctor Jones!
#CLI: Come get some app!m1(44, 181, 107, 152, 0)!
-1, 44, 107, 58, 139, 46, 181, 184, 118, 152, 0, 0, 40, 57,
#CLI: Come get some app!m2(44, 181, 107)!
6, 212, 181, 241, 44, 49, 254, 202, 142, 52, 107, 96, 195, 42,
#APP: Ooh, I needed that app?m1(44, 181, 107, 152, 0)!
#APP: Ooh, I needed that app?m2(44, 181, 107)!
#APP: Come get some app!m3(44)!
10, 140, 66, 48, 122, 184, 121, 211, 249, 153, 36, 72, 124, 44,
11, 98, 202, 234, 57, 84, 52, 206, 19, 76, 190, 31, 218, 121,
#CLI: Ooh, I needed that app?m3(44)!
#CLI: We meet again, Doctor Jones!
#CLI: Come get some app!m1(44, 181, 169, 197, 251)!
-1, 44, 169, 22, 74, 88, 181, 105, 186, 197, 14, 251, 141, 9,
#CLI: Come get some app!m2(44, 181, 169)!
6, 211, 181, 182, 44, 243, 46, 223, 161, 48, 169, 244, 188, 121,
#APP: Ooh, I needed that app?m1(44, 181, 169, 197, 251)!
#APP: Ooh, I needed that app?m2(44, 181, 169)!
#APP: Come get some app!m3(44)!
8, 25, 96, 119, 154, 110, 159, 114, 83, 64, 205, 235, 191, 144,
9, 237, 204, 169, 76, 202, 83, 81, 106, 74, 44, 135, 52, 75,
#CLI: Ooh, I needed that app?m3(44)!
#CLI: We meet again, Doctor Jones!
#CLI: Come get some app!m1(44, 181, 101, 212, 71)!
-1, 44, 101, 47, 10, 242, 181, 28, 77, 212, 65, 71, 81, 74,
#CLI: Come get some app!m2(44, 181, 101)!
6, 175, 181, 131, 44, 209, 229, 171, 121, 197, 101, 145, 12, 193,
#APP: Ooh, I needed that app?m1(44, 181, 101, 212, 71)!
#APP: Ooh, I needed that app?m2(44, 181, 101)!
#APP: Come get some app!m3(44)!
14, 201, 15, 123, 81, 40, 26, 198, 241, 99, 7, 151, 167, 46,
9, 141, 103, 248, 132, 109, 132, 248, 4, 132, 44, 102, 189, 80,
#CLI: Ooh, I needed that app?m3(44)!
#CLI: We meet again, Doctor Jones!
#CLI: Come get some app!m1(44, 181, 78, 171, 134)!
3, 158, 44, 78, 19, 181, 134, 150, 185, 171, 117, 196, 106, 111,
#CLI: Come get some app!m2(44, 181, 78)!
1, 242, 97, 78, 99, 107, 186, 144, 224, 168, 167, 181, 248, 44,
#APP: Ooh, I needed that app?m1(44, 181, 78, 171, 134)!
#APP: Ooh, I needed that app?m2(44, 181, 78)!
#APP: Come get some app!m3(44)!
17, 25, 229, 88, 235, 4, 255, 245, 56, 220, 189, 188, 82, 8,
9, 224, 73, 249, 195, 222, 3, 6, 41, 120, 44, 21, 222, 226,
#CLI: Ooh, I needed that app?m3(44)!
#CLI: We meet again, Doctor Jones!
#CLI: Come get some app!m1(44, 181, 125, 187, 11)!
4, 69, 236, 125, 47, 11, 63, 187, 181, 88, 149, 232, 44, 124,
#CLI: Come get some app!m2(44, 181, 125)!
1, 134, 145, 125, 106, 139, 38, 112, 197, 246, 196, 181, 175, 44,
#APP: Ooh, I needed that app?m1(44, 181, 125, 187, 11)!
#APP: Ooh, I needed that app?m2(44, 181, 125)!
#APP: Come get some app!m3(44)!
14, 28, 65, 46, 207, 151, 38, 151, 43, 197, 5, 236, 71, 64,
9, 141, 243, 172, 84, 102, 216, 144, 100, 242, 44, 189, 28, 98,
#CLI: Ooh, I needed that app?m3(44)!
#CLI: We meet again, Doctor Jones!
#CLI: Come get some app!m1(44, 181, 179, 25, 191)!
7, 76, 192, 44, 25, 232, 191, 144, 80, 158, 179, 129, 254, 181,
#CLI: Come get some app!m2(44, 181, 179)!
1, 12, 115, 179, 107, 76, 65, 240, 72, 23, 45, 181, 79, 44,
#APP: Ooh, I needed that app?m1(44, 181, 179, 25, 191)!
#APP: Ooh, I needed that app?m2(44, 181, 179)!
#APP: Come get some app!m3(44)!
17, 187, 82, 34, 67, 114, 237, 110, 58, 237, 240, 29, 111, 50,
9, 182, 134, 166, 249, 250, 80, 181, 90, 139, 44, 54, 158, 252,
#CLI: Ooh, I needed that app?m3(44)!
#CLI: We meet again, Doctor Jones!
#CLI: Come get some app!m1(44, 181, 95, 133, 94)!
4, 165, 33, 95, 45, 94, 110, 133, 181, 33, 125, 213, 44, 188,
#CLI: Come get some app!m2(44, 181, 95)!
2, 187, 158, 44, 146, 0, 196, 215, 150, 28, 67, 181, 112, 95,
#APP: Ooh, I needed that app?m1(44, 181, 95, 133, 94)!
#APP: Ooh, I needed that app?m2(44, 181, 95)!
#APP: Come get some app!m3(44)!
14, 234, 41, 169, 166, 242, 23, 242, 244, 31, 53, 94, 188, 12,
9, 167, 61, 239, 226, 144, 206, 246, 240, 223, 44, 254, 117, 39,
#CLI: Ooh, I needed that app?m3(44)!
#CLI: We meet again, Doctor Jones!
#CLI: Come get some app!m1(44, 181, 100, 228, 187)!
3, 215, 44, 100, 245, 181, 187, 178, 251, 228, 66, 15, 182, 87,
#CLI: Come get some app!m2(44, 181, 100)!
2, 21, 22, 44, 247, 7, 74, 146, 20, 40, 177, 181, 249, 100,
#APP: Ooh, I needed that app?m1(44, 181, 100, 228, 187)!
#APP: Ooh, I needed that app?m2(44, 181, 100)!
#APP: Come get some app!m3(44)!
8, 104, 136, 71, 182, 206, 48, 79, 33, 132, 188, 77, 144, 187,
9, 205, 81, 44, 44, 171, 20, 203, 215, 112, 44, 32, 243, 230,
#CLI: Ooh, I needed that app?m3(44)!
#CLI: We meet again, Doctor Jones!
#CLI: Come get some app!m1(44, 181, 253, 16, 83)!
3, 21, 44, 253, 156, 181, 83, 82, 7, 16, 61, 219, 218, 244,
#CLI: Come get some app!m2(44, 181, 253)!
6, 114, 181, 188, 44, 119, 141, 205, 124, 49, 253, 24, 58, 142,
#APP: Ooh, I needed that app?m1(44, 181, 253, 16, 83)!
#APP: Ooh, I needed that app?m2(44, 181, 253)!
#APP: Come get some app!m3(44)!
14, 2, 23, 3, 196, 69, 22, 181, 137, 113, 21, 253, 206, 13,
9, 254, 66, 117, 83, 135, 30, 192, 111, 13, 44, 119, 66, 157,
#CLI: Ooh, I needed that app?m3(44)!
#CLI: We meet again, Doctor Jones!
#CLI: Come get some app!m1(44, 181, 101, 250, 227)!
3, 210, 44, 101, 55, 181, 227, 7, 105, 250, 32, 145, 166, 87,
#CLI: Come get some app!m2(44, 181, 101)!
1, 35, 215, 101, 182, 67, 89, 54, 108, 122, 42, 181, 172, 44,
#APP: Ooh, I needed that app?m1(44, 181, 101, 250, 227)!
#APP: Ooh, I needed that app?m2(44, 181, 101)!
#APP: Come get some app!m3(44)!
17, 81, 83, 21, 240, 176, 136, 20, 88, 158, 160, 41, 202, 6,
9, 136, 251, 81, 64, 142, 129, 78, 145, 253, 44, 34, 21, 182,
#CLI: Ooh, I needed that app?m3(44)!
#CLI: We meet again, Doctor Jones!
#CLI: Come get some app!m1(44, 181, 52, 66, 86)!
3, 108, 44, 52, 231, 181, 86, 68, 50, 66, 179, 159, 208, 113,
#CLI: Come get some app!m2(44, 181, 52)!
1, 129, 96, 52, 98, 128, 107, 0, 143, 178, 44, 181, 146, 44,
#APP: Ooh, I needed that app?m1(44, 181, 52, 66, 86)!
#APP: Ooh, I needed that app?m2(44, 181, 52)!
#APP: Come get some app!m3(44)!
14, 174, 137, 138, 33, 254, 117, 8, 164, 142, 95, 40, 118, 216,
9, 125, 241, 182, 149, 199, 6, 230, 14, 167, 44, 244, 15, 26,
#CLI: Ooh, I needed that app?m3(44)!
#CLI: We meet again, Doctor Jones!
#CLI: Come get some app!m1(44, 181, 245, 227, 233)!
4, 85, 151, 245, 111, 233, 209, 227, 181, 23, 28, 227, 44, 252,
#CLI: Come get some app!m2(44, 181, 245)!
2, 16, 19, 44, 119, 41, 237, 64, 46, 243, 211, 181, 206, 245,
#APP: Ooh, I needed that app?m1(44, 181, 245, 227, 233)!
#APP: Ooh, I needed that app?m2(44, 181, 245)!
#APP: Come get some app!m3(44)!
14, 150, 127, 42, 226, 43, 126, 156, 106, 50, 228, 105, 125, 216,
9, 36, 40, 154, 201, 42, 125, 152, 233, 190, 44, 107, 234, 118,
#CLI: Ooh, I needed that app?m3(44)!
#CLI: We meet again, Doctor Jones!
#CLI: Come get some app!m1(44, 181, 85, 67, 79)!
3, 176, 44, 85, 70, 181, 79, 190, 156, 67, 137, 124, 243, 195,
#CLI: Come get some app!m2(44, 181, 85)!
1, 210, 55, 85, 244, 175, 27, 125, 221, 72, 31, 181, 119, 44,
#APP: Ooh, I needed that app?m1(44, 181, 85, 67, 79)!
#APP: Ooh, I needed that app?m2(44, 181, 85)!
#APP: Come get some app!m3(44)!
10, 57, 55, 146, 243, 61, 66, 72, 111, 227, 38, 144, 7, 44,
11, 133, 176, 21, 51, 62, 10, 18, 87, 96, 32, 76, 231, 162,
#CLI: Ooh, I needed that app?m3(44)!
#CLI: We meet again, Doctor Jones!
#CLI: Come get some app!m1(44, 181, 89, 208, 211)!
-1, 44, 89, 91, 125, 79, 181, 41, 147, 208, 177, 211, 221, 107,
#CLI: Come get some app!m2(44, 181, 89)!
2, 6, 228, 44, 97, 28, 133, 215, 233, 30, 201, 181, 199, 89,
#APP: Ooh, I needed that app?m1(44, 181, 89, 208, 211)!
#APP: Ooh, I needed that app?m2(44, 181, 89)!
#APP: Come get some app!m3(44)!
12, 217, 128, 130, 51, 152, 213, 168, 160, 107, 85, 170, 58, 174,
13, 50, 135, 214, 51, 126, 186, 173, 177, 40, 140, 162, 44, 153,
#CLI: Ooh, I needed that app?m3(44)!
#CLI: We meet again, Doctor Jones!
#CLI: Come get some app!m1(44, 181, 186, 247, 30)!
4, 243, 5, 186, 83, 30, 100, 247, 181, 161, 205, 64, 44, 125,
#CLI: Come get some app!m2(44, 181, 186)!
2, 171, 153, 44, 85, 16, 21, 159, 89, 216, 96, 181, 201, 186,
#APP: Ooh, I needed that app?m1(44, 181, 186, 247, 30)!
#APP: Ooh, I needed that app?m2(44, 181, 186)!
#APP: Come get some app!m3(44)!
10, 10, 224, 219, 238, 163, 53, 69, 236, 127, 226, 84, 68, 44,
11, 95, 127, 211, 208, 224, 8, 252, 155, 203, 0, 29, 207, 177,
#CLI: Ooh, I needed that app?m3(44)!
#CLI: We meet again, Doctor Jones!
#CLI: Come get some app!m1(44, 181, 253, 62, 120)!
-1, 44, 253, 142, 155, 224, 181, 34, 164, 62, 244, 120, 88, 231,
#CLI: Come get some app!m2(44, 181, 253)!
6, 144, 181, 101, 44, 20, 34, 249, 169, 92, 253, 223, 51, 68,
#APP: Ooh, I needed that app?m1(44, 181, 253, 62, 120)!
#APP: Ooh, I needed that app?m2(44, 181, 253)!
#APP: Come get some app!m3(44)!
17, 85, 164, 18, 188, 137, 181, 229, 197, 212, 12, 150, 196, 127,
9, 98, 150, 175, 191, 146, 239, 4, 7, 63, 44, 38, 15, 64,
#CLI: Ooh, I needed that app?m3(44)!
#CLI: We meet again, Doctor Jones!
#CLI: Come get some app!m1(44, 181, 85, 69, 223)!
4, 135, 247, 85, 117, 223, 33, 69, 181, 63, 200, 129, 44, 48,
#CLI: Come get some app!m2(44, 181, 85)!
6, 24, 181, 247, 44, 5, 34, 55, 90, 218, 85, 64, 123, 46,
#APP: Ooh, I needed that app?m1(44, 181, 85, 69, 223)!
#APP: Ooh, I needed that app?m2(44, 181, 85)!
#APP: Come get some app!m3(44)!
17, 210, 250, 177, 86, 249, 237, 220, 15, 176, 245, 203, 81, 143,
9, 168, 108, 67, 227, 72, 40, 201, 166, 136, 44, 243, 28, 51,
#CLI: Ooh, I needed that app?m3(44)!
#CLI: We meet again, Doctor Jones!
#CLI: Come get some app!m1(44, 181, 137, 110, 20)!
-1, 44, 137, 4, 177, 5, 181, 32, 17, 110, 169, 20, 16, 7,
#CLI: Come get some app!m2(44, 181, 137)!
2, 200, 49, 44, 186, 190, 78, 120, 99, 109, 212, 181, 8, 137,
#APP: Ooh, I needed that app?m1(44, 181, 137, 110, 20)!
#APP: Ooh, I needed that app?m2(44, 181, 137)!
#APP: Come get some app!m3(44)!
14, 225, 165, 99, 90, 176, 196, 12, 148, 70, 190, 95, 243, 40,
9, 47, 131, 132, 240, 124, 218, 71, 158, 10, 44, 44, 40, 25,
#CLI: Ooh, I needed that app?m3(44)!
#CLI: We meet again, Doctor Jones!
#CLI: Come get some app!m1(44, 181, 71, 198, 216)!
-1, 44, 71, 46, 147, 228, 181, 160, 199, 198, 125, 216, 230, 150,
#CLI: Come get some app!m2(44, 181, 71)!
6, 81, 181, 120, 44, 61, 8, 107, 69, 189, 71, 72, 54, 146,
#APP: Ooh, I needed that app?m1(44, 181, 71, 198, 216)!
#APP: Ooh, I needed that app?m2(44, 181, 71)!
#APP: Come get some app!m3(44)!
17, 231, 166, 136, 202, 137, 72, 155, 231, 123, 43, 244, 73, 52,
9, 97, 28, 158, 107, 56, 141, 206, 6, 200, 44, 185, 246, 43,
#CLI: Ooh, I needed that app?m3(44)!
#CLI: We meet again, Doctor Jones!
#CLI: Come get some app!m1(44, 181, 236, 19, 222)!
3, 199, 44, 236, 144, 181, 222, 94, 103, 19, 7, 54, 110, 148,
#CLI: Come get some app!m2(44, 181, 236)!
2, 124, 53, 44, 134, 62, 3, 240, 67, 78, 178, 181, 3, 236,
#APP: Ooh, I needed that app?m1(44, 181, 236, 19, 222)!
#APP: Ooh, I needed that app?m2(44, 181, 236)!
#APP: Come get some app!m3(44)!
14, 40, 186, 167, 130, 143, 220, 36, 122, 24, 181, 78, 50, 245,
9, 65, 207, 182, 35, 218, 250, 10, 111, 38, 44, 16, 50, 200,
#CLI: Ooh, I needed that app?m3(44)!
#CLI: We meet again, Doctor Jones!
#CLI: Come get some app!m1(44, 181, 141, 246, 123)!
-1, 44, 141, 220, 4, 66, 181, 168, 25, 246, 137, 123, 246, 31,
#CLI: Come get some app!m2(44, 181, 141)!
1, 189, 225, 141, 161, 244, 74, 51, 70, 230, 93, 181, 205, 44,
#APP: Ooh, I needed that app?m1(44, 181, 141, 246, 123)!
#APP: Ooh, I needed that app?m2(44, 181, 141)!
#APP: Come get some app!m3(44)!
10, 193, 162, 66, 172, 4, 216, 142, 8, 237, 122, 35, 120, 44,
11, 42, 99, 108, 199, 253, 147, 75, 11, 229, 122, 217, 102, 151,
#CLI: Ooh, I needed that app?m3(44)!
#CLI: We meet again, Doctor Jones!
#CLI: Come get some app!m1(44, 181, 104, 193, 132)!
3, 64, 44, 104, 103, 181, 132, 238, 238, 193, 152, 182, 201, 193,
#CLI: Come get some app!m2(44, 181, 104)!
2, 147, 188, 44, 38, 1, 193, 251, 71, 178, 4, 181, 212, 104,
#APP: Ooh, I needed that app?m1(44, 181, 104, 193, 132)!
#APP: Ooh, I needed that app?m2(44, 181, 104)!
#APP: Come get some app!m3(44)!
10, 151, 3, 13, 143, 233, 229, 30, 175, 107, 93, 43, 170, 44,
11, 128, 185, 208, 239, 24, 94, 66, 101, 245, 53, 83, 74, 185,
#CLI: Ooh, I needed that app?m3(44)!
#CLI: We meet again, Doctor Jones!
#CLI: Come get some app!m1(44, 181, 126, 180, 214)!
4, 164, 69, 126, 94, 214, 34, 180, 181, 16, 247, 60, 44, 52,
#CLI: Come get some app!m2(44, 181, 126)!
6, 117, 181, 181, 44, 249, 47, 73, 97, 189, 126, 192, 110, 91,
#APP: Ooh, I needed that app?m1(44, 181, 126, 180, 214)!
#APP: Ooh, I needed that app?m2(44, 181, 126)!
#APP: Come get some app!m3(44)!
8, 96, 24, 10, 202, 198, 19, 69, 245, 63, 195, 118, 47, 32,
9, 222, 126, 111, 255, 66, 46, 89, 68, 157, 44, 177, 215, 99,
#CLI: Ooh, I needed that app?m3(44)!
#CLI: We meet again, Doctor Jones!
#CLI: Come get some app!m1(44, 181, 187, 90, 135)!
3, 92, 44, 187, 104, 181, 135, 36, 130, 90, 61, 15, 118, 123,
#CLI: Come get some app!m2(44, 181, 187)!
6, 128, 181, 12, 44, 128, 207, 93, 2, 203, 187, 179, 111, 126,
#APP: Ooh, I needed that app?m1(44, 181, 187, 90, 135)!
#APP: Ooh, I needed that app?m2(44, 181, 187)!
#APP: Come get some app!m3(44)!
15, 44, 244, 134, 51, 180, 226, 43, 95, 73, 231, 141, 145, 151,
11, 220, 120, 142, 193, 144, 2, 106, 84, 159, 135, 114, 142, 133,
#CLI: Ooh, I needed that app?m3(44)!
#CLI: We meet again, Doctor Jones!
#CLI: Come get some app!m1(44, 181, 193, 185, 130)!
3, 194, 44, 193, 94, 181, 130, 147, 189, 185, 206, 207, 72, 231,
#CLI: Come get some app!m2(44, 181, 193)!
2, 77, 232, 44, 40, 50, 234, 238, 155, 15, 5, 181, 107, 193,
#APP: Ooh, I needed that app?m1(44, 181, 193, 185, 130)!
#APP: Ooh, I needed that app?m2(44, 181, 193)!
#APP: Come get some app!m3(44)!
10, 126, 212, 222, 187, 4, 124, 238, 218, 63, 5, 225, 12, 44,
11, 55, 48, 106, 140, 122, 153, 141, 179, 44, 187, 169, 220, 173,
#CLI: Ooh, I needed that app?m3(44)!
#CLI: We meet again, Doctor Jones!
#CLI: Come get some app!m1(44, 181, 67, 74, 5)!
4, 30, 225, 67, 204, 5, 102, 74, 181, 39, 238, 198, 44, 204,
#CLI: Come get some app!m2(44, 181, 67)!
6, 102, 181, 163, 44, 190, 227, 226, 105, 228, 67, 96, 229, 83,
#APP: Ooh, I needed that app?m1(44, 181, 67, 74, 5)!
#APP: Ooh, I needed that app?m2(44, 181, 67)!
#APP: Come get some app!m3(44)!
10, 34, 101, 89, 143, 48, 250, 148, 147, 134, 103, 123, 205, 44,
11, 219, 89, 24, 88, 16, 46, 242, 129, 238, 113, 78, 179, 239,
#CLI: Ooh, I needed that app?m3(44)!
#CLI: We meet again, Doctor Jones!
#CLI: Come get some app!m1(44, 181, 99, 141, 230)!
7, 231, 177, 44, 141, 28, 230, 167, 60, 131, 99, 73, 52, 181,
#CLI: Come get some app!m2(44, 181, 99)!
6, 59, 181, 227, 44, 214, 181, 111, 75, 119, 99, 49, 213, 16,
#APP: Ooh, I needed that app?m1(44, 181, 99, 141, 230)!
#APP: Ooh, I needed that app?m2(44, 181, 99)!
#APP: Come get some app!m3(44)!
17, 197, 66, 88, 138, 52, 152, 50, 231, 215, 182, 182, 14, 35,
9, 179, 25, 21, 71, 152, 248, 154, 29, 2, 44, 25, 105, 229,
#CLI: Ooh, I needed that app?m3(44)!
#CLI: We meet again, Doctor Jones!
#CLI: Come get some app!m1(44, 181, 224, 79, 106)!
3, 234, 44, 224, 14, 181, 106, 73, 4, 79, 38, 120, 222, 171,
#CLI: Come get some app!m2(44, 181, 224)!
2, 124, 230, 44, 66, 240, 110, 171, 133, 236, 19, 181, 164, 224,
#APP: Ooh, I needed that app?m1(44, 181, 224, 79, 106)!
#APP: Ooh, I needed that app?m2(44, 181, 224)!
#APP: Come get some app!m3(44)!
14, 248, 234, 87, 93, 8, 20, 41, 153, 171, 205, 205, 180, 218,
9, 101, 174, 36, 57, 189, 216, 21, 82, 255, 44, 121, 83, 185,
#CLI: Ooh, I needed that app?m3(44)!
#CLI: We meet again, Doctor Jones!
#CLI: Come get some app!m1(44, 181, 241, 192, 97)!
7, 130, 244, 44, 192, 238, 97, 77, 209, 62, 241, 191, 219, 181,
#CLI: Come get some app!m2(44, 181, 241)!
6, 42, 181, 53, 44, 128, 130, 23, 167, 130, 241, 209, 215, 10,
#APP: Ooh, I needed that app?m1(44, 181, 241, 192, 97)!
#APP: Ooh, I needed that app?m2(44, 181, 241)!
#APP: Come get some app!m3(44)!
10, 251, 249, 118, 139, 102, 181, 27, 90, 91, 255, 133, 8, 44,
11, 36, 202, 25, 0, 65, 141, 228, 194, 206, 119, 189, 218, 125,
#CLI: Ooh, I needed that app?m3(44)!
#CLI: We meet again, Doctor Jones!
#CLI: Come get some app!m1(44, 181, 20, 121, 218)!
4, 241, 209, 20, 231, 218, 80, 121, 181, 243, 168, 79, 44, 22,
#CLI: Come get some app!m2(44, 181, 20)!
2, 17, 190, 44, 141, 76, 125, 145, 124, 38, 58, 181, 64, 20,
#APP: Ooh, I needed that app?m1(44, 181, 20, 121, 218)!
#APP: Ooh, I needed that app?m2(44, 181, 20)!
#APP: Come get some app!m3(44)!
17, 170, 218, 225, 206, 220, 48, 150, 149, 48, 106, 242, 137, 58,
9, 101, 171, 200, 85, 250, 70, 71, 131, 80, 44, 177, 74, 108,
#CLI: Ooh, I needed that app?m3(44)!
#CLI: We meet again, Doctor Jones!
#CLI: Come get some app!m1(44, 181, 37, 61, 92)!
4, 174, 238, 37, 214, 92, 81, 61, 181, 227, 255, 24, 44, 46,
#CLI: Come get some app!m2(44, 181, 37)!
6, 14, 181, 23, 44, 53, 125, 238, 210, 80, 37, 227, 53, 136,
#APP: Ooh, I needed that app?m1(44, 181, 37, 61, 92)!
#APP: Ooh, I needed that app?m2(44, 181, 37)!
#APP: Come get some app!m3(44)!
8, 52, 188, 152, 142, 149, 193, 159, 252, 198, 185, 191, 7, 0,
9, 242, 156, 204, 218, 132, 196, 47, 145, 144, 44, 21, 99, 116,
#CLI: Ooh, I needed that app?m3(44)!
#CLI: We meet again, Doctor Jones!
#CLI: Come get some app!m1(44, 181, 114, 163, 207)!
7, 22, 49, 44, 163, 231, 207, 243, 161, 246, 114, 39, 152, 181,
#CLI: Come get some app!m2(44, 181, 114)!
2, 243, 60, 44, 167, 247, 135, 174, 105, 94, 143, 181, 139, 114,
#APP: Ooh, I needed that app?m1(44, 181, 114, 163, 207)!
#APP: Ooh, I needed that app?m2(44, 181, 114)!
#APP: Come get some app!m3(44)!
10, 37, 234, 44, 196, 243, 79, 42, 37, 56, 87, 224, 110, 44,
11, 15, 5, 227, 109, 139, 110, 171, 67, 140, 156, 31, 124, 182,
#CLI: Ooh, I needed that app?m3(44)!
#CLI: We meet again, Doctor Jones!
#CLI: Come get some app!m1(44, 181, 125, 18, 245)!
4, 192, 101, 125, 122, 245, 56, 18, 181, 99, 236, 61, 44, 189,
#CLI: Come get some app!m2(44, 181, 125)!
2, 100, 47, 44, 53, 90, 147, 213, 20, 16, 141, 181, 227, 125,
#APP: Ooh, I needed that app?m1(44, 181, 125, 18, 245)!
#APP: Ooh, I needed that app?m2(44, 181, 125)!
#APP: Come get some app!m3(44)!
14, 72, 164, 80, 111, 181, 184, 79, 143, 155, 239, 251, 33, 94,
9, 156, 111, 243, 43, 251, 102, 98, 108, 11, 44, 71, 226, 225,
#CLI: Ooh, I needed that app?m3(44)!
#CLI: We meet again, Doctor Jones!
#CLI: Come get some app!m1(44, 181, 190, 135, 211)!
-1, 44, 190, 73, 94, 19, 181, 112, 114, 135, 224, 211, 95, 137,
#CLI: Come get some app!m2(44, 181, 190)!
1, 225, 174, 190, 108, 55, 29, 130, 92, 31, 134, 181, 41, 44,
#APP: Ooh, I needed that app?m1(44, 181, 190, 135, 211)!
#APP: Ooh, I needed that app?m2(44, 181, 190)!
#APP: Come get some app!m3(44)!
14, 159, 67, 118, 178, 48, 154, 105, 161, 46, 230, 65, 243, 28,
9, 114, 1, 17, 233, 153, 197, 246, 230, 64, 44, 191, 87, 122,
#CLI: Ooh, I needed that app?m3(44)!
#CLI: We meet again, Doctor Jones!
#CLI: Come get some app!m1(44, 181, 161, 192, 98)!
-1, 44, 161, 157, 168, 96, 181, 196, 53, 192, 236, 98, 26, 165,
#CLI: Come get some app!m2(44, 181, 161)!
6, 107, 181, 143, 44, 187, 182, 21, 128, 102, 161, 40, 124, 235,
#CLI: What are you waitin for? Christmas?
#APP: Ooh, I needed that app?m1(44, 181, 161, 192, 98)!
#APP: Ooh, I needed that app?m2(44, 181, 161)!
#APP: Come get some app!m3(44)!
17, 114, 242, 179, 47, 182, 235, 11, 85, 38, 5, 192, 82, 56,
9, 199, 64, 106, 91, 145, 137, 208, 84, 206, 44, 217, 230, 122,
