@BreakoutGameNodeJS@update,
!10,
!11,120,0,
ts:416,lives:0,score:349,level:1,bx:8874,by:8658,padx:9035
#usedMem:15168320
@BasicIAControllerJS@position,x,x,x,y,y,y,
!47,0,0,0,
!46,0,92,0,13,0,
@BreakoutGameNodeJS@setColor,r,r,g,g,b,b,
!39,120,0,147,0,40,0,
!38,53,0,
@BreakoutGameNodeJS@fillRect,x,x,y,y,width,width,height,height,
!6,122,0,208,0,
!7,128,0,25,0,4,0,
@BreakoutGameNodeJS@setColor,r,r,g,g,b,b,
!17,255,0,
!16,255,0,255,0,119,0,
@BreakoutGameNodeJS@fillRect,x,x,y,y,width,width,height,height,
!7,8,0,142,0,76,0,
!6,30,0,59,0,
@BreakoutGameNodeJS@setColor,r,r,g,g,b,b,
!39,174,0,97,0,94,0,
!38,107,0,
@BreakoutGameNodeJS@fillRect,x,x,y,y,width,width,height,height,
!6,31,0,131,0,
!7,9,0,140,0,50,0,
@BreakoutGameNodeJS@setBGColor,r,r,g,g,b,b,
!13,107,0,174,0,
!12,42,0,94,0,
@BreakoutGameNodeJS@setColor,r,r,g,g,b,b,
!38,158,0,
!39,130,0,17,0,209,0,
@BreakoutGameNodeJS@drawInteger,x,x,y,y,v,v,v,digits,digits,scale,scale,
!2,216,0,23,0,40,0,
!3,5,0,6,0,1,93,0,
@BreakoutGameNodeJS@drawThingML,x,x,y,y,
!23,87,0,
!22,156,0,26,0,
@BreakoutGameNodeJS@update,
!33,139,0,
!32,
ts:28,lives:0,score:349,level:1,bx:8874,by:8658,padx:9035
#usedMem:15645888
>sent 87959 bytes.
>done in 28976ms!
ts:1,lives:0,score:349,level:1,bx:8874,by:8658,padx:9035
#usedMem:15661168
